  1        1   (0)      1 :  0.3798 0.0511 0.5691 
  2        2   (1)      1 :  0.2309 0.2319 0.5372 
  3        3   (1)      1 :  0.2620 0.1886 0.5494 
  4        4   (1)      1 :  0.5197 0.0861 0.3943 
  5        5   (2)      1 :  0.0422 0.9261 0.0317 
  6        6   (1)      1 :  0.3801 0.4341 0.1859 
  7        7   (1)      1 :  0.3089 0.3750 0.3160 
  8        8   (0)      1 :  0.4555 0.0574 0.4871 
  9        9   (1)      1 :  0.2315 0.3719 0.3966 
 10       10   (1)      1 :  0.1859 0.5699 0.2442 
 11       11   (0)      1 :  0.3977 0.2626 0.3398 
 12       12   (0)      1 :  0.5076 0.2976 0.1947 
 13       13   (1)      1 :  0.3934 0.1077 0.4988 
 14       14   (1)      1 :  0.3581 0.5650 0.0769 
 15       15   (2)      1 :  0.3411 0.5569 0.1020 
 16       16   (1)      1 :  0.3471 0.2779 0.3750 
 17       17   (1)      1 :  0.6896 0.2394 0.0710 
 18       18   (2)      1 :  0.2548 0.0866 0.6586 
 19       19   (1)      1 :  0.3975 0.1751 0.4274 
 20       20   (1)      1 :  0.5472 0.3569 0.0959 
 21       21   (1)      1 :  0.3215 0.3841 0.2943 
 22       22   (1)      1 :  0.1866 0.1858 0.6276 
 23       23   (1)      1 :  0.2851 0.3880 0.3269 
 24       24   (1)      1 :  0.1086 0.0529 0.8385 
 25       25   (1)      1 :  0.4301 0.3664 0.2034 
 26       26   (1)      1 :  0.2461 0.2694 0.4845 
 27       27   (1)      1 :  0.6860 0.1577 0.1563 
 28       28   (1)      1 :  0.0722 0.0819 0.8459 
 29       29   (1)      1 :  0.3826 0.1873 0.4301 
 30       30   (1)      1 :  0.1636 0.7044 0.1321 
 31       31   (1)      1 :  0.4478 0.1264 0.4258 
 32       32   (1)      1 :  0.3112 0.2761 0.4127 
 33       33   (1)      1 :  0.2240 0.2573 0.5187 
 34       34   (1)      1 :  0.2305 0.6423 0.1273 
 35       35   (0)      1 :  0.2343 0.2284 0.5373 
 36       36   (1)      1 :  0.3571 0.3899 0.2530 
 37       37   (1)      1 :  0.2301 0.2475 0.5224 
 38       38   (1)      1 :  0.0899 0.5660 0.3441 
 39       39   (1)      1 :  0.4091 0.3718 0.2191 
 40       40   (0)      1 :  0.4857 0.4086 0.1057 
 41       41   (1)      1 :  0.6705 0.1107 0.2187 
 42       42   (1)      1 :  0.1152 0.8283 0.0565 
 43       43   (1)      1 :  0.3986 0.1513 0.4501 
 44       44   (7)      1 :  0.4316 0.1728 0.3956 
 45       45   (2)      1 :  0.1705 0.4503 0.3792 
 46       46   (1)      1 :  0.3133 0.1749 0.5118 
 47       47   (0)      1 :  0.1274 0.1829 0.6897 
 48       48   (1)      1 :  0.4982 0.1406 0.3612 
 49       49   (0)      1 :  0.3586 0.1196 0.5218 
 50       50   (1)      1 :  0.8000 0.0882 0.1117 
 51       51   (2)      1 :  0.1256 0.7503 0.1240 
 52       52   (1)      1 :  0.0686 0.8527 0.0787 
 53       53   (2)      1 :  0.1726 0.0989 0.7285 
 54       54   (1)      1 :  0.2034 0.1829 0.6137 
 55       55   (3)      1 :  0.5678 0.2594 0.1728 
 56       56   (1)      1 :  0.1958 0.2214 0.5828 
 57       57   (0)      1 :  0.1979 0.0749 0.7272 
 58       58   (1)      1 :  0.1312 0.7601 0.1087 
 59       59   (0)      1 :  0.2781 0.0864 0.6355 
 60       60   (2)      1 :  0.4349 0.3154 0.2497 
 61       61   (1)      1 :  0.2459 0.1714 0.5827 
 62       62   (1)      1 :  0.5187 0.1445 0.3368 
 63       63   (0)      1 :  0.1738 0.3382 0.4880 
 64       64   (3)      1 :  0.6051 0.1779 0.2170 
 65       65   (1)      1 :  0.4887 0.1799 0.3314 
 66       66   (4)      1 :  0.4035 0.4719 0.1246 
 67       67   (0)      1 :  0.3270 0.1192 0.5538 
 68       68   (2)      1 :  0.2090 0.1539 0.6372 
 69       69   (2)      1 :  0.1000 0.3749 0.5251 
 70       70   (1)      1 :  0.3337 0.1185 0.5478 
 71       71   (0)      1 :  0.5020 0.1198 0.3781 
 72       72   (5)      1 :  0.5494 0.0808 0.3698 
 73       73   (1)      1 :  0.1309 0.4168 0.4523 
 74       74   (1)      1 :  0.8084 0.0925 0.0991 
 75       75   (1)      1 :  0.2595 0.2451 0.4954 
 76       76   (1)      1 :  0.1478 0.1290 0.7232 
 77       77   (1)      1 :  0.0550 0.9042 0.0408 
 78       78   (1)      1 :  0.4980 0.1375 0.3646 
 79       79   (2)      1 :  0.2758 0.1808 0.5434 
 80       80   (2)      1 :  0.1171 0.7445 0.1384 
 81       81   (2)      1 :  0.2238 0.5701 0.2060 
 82       82   (1)      1 :  0.1932 0.0633 0.7435 
 83       83   (0)      1 :  0.2558 0.1502 0.5940 
 84       84   (1)      1 :  0.3714 0.4111 0.2175 
 85       85   (6)      1 :  0.4231 0.1102 0.4668 
 86       86   (1)      1 :  0.7176 0.2075 0.0749 
 87       87   (2)      1 :  0.3049 0.1222 0.5729 
 88       88   (0)      2 :  0.0822 0.8610 0.0568 
 89       89   (1)      2 :  0.6030 0.1919 0.2050 
 90       90   (1)      2 :  0.0616 0.8795 0.0589 
 91       91   (2)      2 :  0.4509 0.0475 0.5017 
 92       92   (1)      2 :  0.1756 0.1370 0.6874 
 93       93   (1)      2 :  0.1230 0.0509 0.8261 
 94       94   (1)      2 :  0.4991 0.3761 0.1248 
 95       95   (0)      2 :  0.4396 0.4093 0.1510 
 96       96   (2)      2 :  0.4949 0.2296 0.2755 
 97       97   (1)      2 :  0.0713 0.2518 0.6769 
 98       98   (0)      2 :  0.5542 0.1344 0.3114 
 99       99   (0)      2 :  0.1628 0.2255 0.6117 
100      100   (1)      2 :  0.4508 0.1449 0.4044 
101      101   (1)      2 :  0.1391 0.5851 0.2758 
102      102   (1)      2 :  0.6644 0.1970 0.1386 
103      103   (2)      2 :  0.2293 0.3720 0.3987 
104      104   (1)      2 :  0.1730 0.1013 0.7258 
105      105   (1)      2 :  0.1301 0.3266 0.5433 
106      106   (1)      2 :  0.0386 0.8924 0.0691 
107      107   (2)      2 :  0.4926 0.2465 0.2610 
108      108   (0)      2 :  0.2887 0.1614 0.5499 
109      109   (1)      2 :  0.4697 0.4239 0.1064 
110      110   (1)      2 :  0.1409 0.3247 0.5344 
111      111   (1)      2 :  0.1511 0.1817 0.6672 
112      112   (2)      2 :  0.6088 0.2405 0.1507 
113      113   (1)      2 :  0.2406 0.6370 0.1224 
114      114   (3)      2 :  0.4032 0.1749 0.4220 
115      115   (2)      2 :  0.1773 0.1518 0.6708 
116      116   (0)      2 :  0.4692 0.2661 0.2647 
117      117   (1)      2 :  0.3804 0.4198 0.1999 
118      118   (1)      2 :  0.4775 0.0981 0.4245 
119      119   (3)      2 :  0.5835 0.1842 0.2323 
120      120   (1)      2 :  0.1490 0.0453 0.8057 
121      121   (0)      2 :  0.6659 0.1694 0.1647 
122      122   (1)      2 :  0.3609 0.1760 0.4631 
123      123   (1)      2 :  0.4113 0.0713 0.5174 
124      124   (0)      2 :  0.5048 0.2824 0.2128 
125      125   (1)      2 :  0.1672 0.2197 0.6131 
126      126   (1)      2 :  0.1655 0.7121 0.1224 
127      127   (1)      2 :  0.6167 0.1731 0.2102 
128      128   (1)      2 :  0.1027 0.1028 0.7945 
129      129   (1)      2 :  0.2432 0.4282 0.3285 
130      130   (1)      2 :  0.7313 0.1565 0.1121 
131      131   (1)      2 :  0.2578 0.2371 0.5050 
132      132   (1)      2 :  0.1720 0.1382 0.6899 
133      133   (1)      2 :  0.5339 0.1104 0.3557 
134      134   (1)      2 :  0.5041 0.2232 0.2728 
135      135   (1)      2 :  0.0698 0.0594 0.8708 
136      136   (3)      2 :  0.5738 0.1144 0.3118 
137      137   (1)      2 :  0.4887 0.3709 0.1404 
138      138   (1)      2 :  0.1821 0.7483 0.0696 
139      139   (2)      2 :  0.5941 0.0900 0.3159 
140      140   (3)      2 :  0.5414 0.2542 0.2044 
141      141   (0)      2 :  0.1892 0.5135 0.2972 
142      142   (1)      2 :  0.2330 0.4557 0.3113 
143      143   (0)      2 :  0.1237 0.1675 0.7088 
144      144   (1)      2 :  0.6116 0.0592 0.3292 
145      145   (1)      2 :  0.7283 0.0974 0.1743 
146      146   (2)      2 :  0.1932 0.1534 0.6534 
147      147   (1)      2 :  0.5264 0.1695 0.3041 
148      148   (1)      2 :  0.5051 0.0647 0.4302 
149      149   (2)      2 :  0.2444 0.2009 0.5548 
150      150   (2)      2 :  0.1858 0.1578 0.6564 
151      151   (1)      2 :  0.3438 0.2537 0.4024 
152      152   (0)      2 :  0.4841 0.1765 0.3394 
153      153   (1)      2 :  0.0816 0.1029 0.8155 
154      154   (2)      2 :  0.6593 0.1936 0.1471 
155      155   (1)      2 :  0.4023 0.2124 0.3852 
156      156   (1)      2 :  0.4157 0.2646 0.3198 
157      157   (0)      2 :  0.3215 0.1946 0.4838 
158      158   (2)      2 :  0.5184 0.0748 0.4068 
159      159   (1)      2 :  0.7394 0.1385 0.1221 
160      160   (0)      2 :  0.3654 0.1692 0.4654 
161      161   (1)      2 :  0.2549 0.1096 0.6354 
162      162   (1)      2 :  0.3684 0.2051 0.4265 
163      163   (1)      2 :  0.1739 0.1325 0.6936 
164      164   (1)      2 :  0.7216 0.0830 0.1954 
165      165   (0)      2 :  0.4815 0.0692 0.4494 
166      166   (0)      2 :  0.6595 0.1657 0.1748 
167      167   (2)      2 :  0.3346 0.2336 0.4319 
168      168   (0)      2 :  0.5611 0.1896 0.2493 
169      169   (1)      2 :  0.0514 0.9122 0.0364 
170      170   (1)      2 :  0.1162 0.1500 0.7338 
171      171   (1)      2 :  0.6860 0.0999 0.2141 
172      172   (0)      2 :  0.1307 0.5103 0.3590 
173      173   (1)      2 :  0.0532 0.8975 0.0493 
174      174   (0)      2 :  0.5486 0.1369 0.3145 
175      175   (1)      2 :  0.6243 0.0980 0.2777 
176      176   (1)      2 :  0.1991 0.1382 0.6627 
177      177   (1)      2 :  0.1339 0.0422 0.8239 
178      178   (0)      2 :  0.8028 0.1240 0.0732 
179      179   (1)      2 :  0.2254 0.0685 0.7061 
180      180   (1)      2 :  0.0742 0.8153 0.1105 
181      181   (1)      2 :  0.6060 0.1478 0.2462 
182      182   (1)      2 :  0.4272 0.3620 0.2108 
183      183   (1)      2 :  0.5392 0.1196 0.3412 
184      184   (1)      2 :  0.1913 0.6332 0.1756 
185      185   (2)      2 :  0.7103 0.0463 0.2434 
186      186   (1)      2 :  0.1470 0.2206 0.6324 
187      187   (0)      2 :  0.7423 0.0879 0.1698 
188      188   (1)      2 :  0.4737 0.1705 0.3558 
189      189   (0)      2 :  0.1895 0.3044 0.5061 
190      190   (0)      2 :  0.1718 0.1443 0.6839 
191      191   (2)      2 :  0.1652 0.1051 0.7297 
192      192   (1)      2 :  0.8040 0.1162 0.0798 
193      193   (1)      2 :  0.4317 0.2896 0.2787 
194      194   (0)      2 :  0.7868 0.0605 0.1527 
195      195   (1)      2 :  0.1242 0.8142 0.0616 
196      196   (1)      2 :  0.7432 0.1144 0.1424 
197      197   (1)      2 :  0.2248 0.1638 0.6114 
198      198   (1)      2 :  0.1067 0.8001 0.0932 
199      199   (0)      2 :  0.6672 0.1030 0.2299 
200      200   (0)      2 :  0.1723 0.1455 0.6822 
201      201   (1)      2 :  0.6605 0.0861 0.2534 
202      202   (0)      2 :  0.1621 0.0411 0.7968 
203      203   (0)      2 :  0.4177 0.1280 0.4544 
204      204   (1)      2 :  0.5195 0.1525 0.3280 
205      205   (1)      2 :  0.4598 0.2510 0.2892 
206      206   (1)      2 :  0.0793 0.8382 0.0825 
207      207   (1)      2 :  0.4489 0.3736 0.1775 
208      208   (1)      2 :  0.6677 0.1238 0.2085 
209      209   (0)      2 :  0.1284 0.6162 0.2554 
210      210   (1)      2 :  0.0640 0.8952 0.0408 
211      211   (0)      2 :  0.3950 0.3438 0.2612 
212      212   (1)      2 :  0.1453 0.3600 0.4947 
213      213   (1)      2 :  0.4397 0.1092 0.4511 
214      214   (1)      2 :  0.6157 0.1790 0.2054 
215      215   (1)      2 :  0.6526 0.1011 0.2463 
216      216   (1)      2 :  0.1000 0.8403 0.0597 
217      217   (1)      2 :  0.2891 0.5092 0.2017 
218      218   (1)      2 :  0.1845 0.0944 0.7211 
219      219   (1)      2 :  0.6372 0.2683 0.0945 
220      220   (1)      2 :  0.5314 0.0487 0.4199 
221      221   (0)      2 :  0.2762 0.4790 0.2448 
222      222   (1)      2 :  0.4161 0.1196 0.4643 
223      223   (0)      2 :  0.5578 0.1785 0.2637 
224      224   (1)      2 :  0.7703 0.0756 0.1541 
225      225   (1)      2 :  0.0449 0.9144 0.0407 
226      226   (0)      2 :  0.4917 0.3747 0.1336 
227      227   (1)      2 :  0.0510 0.8646 0.0844 
228      228   (1)      2 :  0.7801 0.1182 0.1017 
229      229   (2)      2 :  0.3765 0.1093 0.5141 
230      230   (1)      2 :  0.2049 0.3795 0.4156 
231      231   (1)      2 :  0.6523 0.2070 0.1408 
232      232   (2)      2 :  0.4170 0.1416 0.4414 
233      233   (1)      2 :  0.5322 0.2540 0.2137 
234      234   (1)      2 :  0.0501 0.8909 0.0590 
235      235   (0)      2 :  0.2084 0.6145 0.1771 
236      236   (1)      2 :  0.4449 0.0926 0.4624 
237      237   (1)      2 :  0.4477 0.2186 0.3336 
238      238   (0)      2 :  0.5599 0.2914 0.1487 
239      239   (1)      2 :  0.5813 0.2540 0.1647 
240      240   (1)      2 :  0.5485 0.1503 0.3012 
241      241   (0)      2 :  0.1924 0.2156 0.5920 
242      242   (1)      2 :  0.4407 0.0778 0.4815 
243      243   (1)      2 :  0.2718 0.1322 0.5960 
244      244   (1)      2 :  0.2726 0.1630 0.5644 
245      245   (0)      2 :  0.0365 0.9246 0.0389 
246      246   (1)      2 :  0.1426 0.3127 0.5447 
247      247   (0)      2 :  0.1712 0.5869 0.2419 
248      248   (1)      2 :  0.1664 0.6262 0.2074 
249      249   (1)      2 :  0.6023 0.2047 0.1931 
250      250   (0)      2 :  0.3536 0.2692 0.3772 
251      251   (1)      2 :  0.4931 0.2003 0.3067 
252      252   (0)      2 :  0.0880 0.1010 0.8110 
253      253   (0)      2 :  0.5466 0.2190 0.2344 
254      254   (1)      2 :  0.2513 0.1669 0.5818 
255      255   (1)      2 :  0.1663 0.0927 0.7409 
256      256   (1)      2 :  0.1552 0.4402 0.4046 
257      257   (0)      2 :  0.5072 0.2398 0.2530 
258      258   (1)      1 :  0.3000 0.3720 0.3280 
259      259   (2)      1 :  0.2194 0.6135 0.1671 
260      260   (1)      1 :  0.5993 0.0931 0.3076 
261      261   (0)      1 :  0.6946 0.1697 0.1357 
262      262   (1)      1 :  0.3737 0.2919 0.3343 
263      263   (0)      1 :  0.2286 0.1085 0.6629 
264      264   (1)      1 :  0.5285 0.2149 0.2566 
265      265   (1)      1 :  0.6064 0.1380 0.2557 
266      266   (1)      1 :  0.7683 0.0621 0.1696 
267      267   (1)      1 :  0.3994 0.3412 0.2594 
268      268   (2)      1 :  0.1748 0.2790 0.5462 
269      269   (1)      1 :  0.3679 0.3754 0.2568 
270      270   (1)      1 :  0.2210 0.1093 0.6698 
271      271   (1)      1 :  0.2618 0.5385 0.1997 
272      272   (0)      1 :  0.4888 0.3896 0.1217 
273      273   (0)      1 :  0.3987 0.1286 0.4727 
274      274   (1)      1 :  0.1107 0.8122 0.0771 
275      275   (1)      1 :  0.2972 0.2901 0.4126 
276      276   (1)      1 :  0.6143 0.1909 0.1948 
277      277   (1)      1 :  0.6055 0.2356 0.1590 
278      278   (1)      1 :  0.3913 0.4739 0.1349 
279      279   (0)      1 :  0.5046 0.3625 0.1329 
280      280   (1)      1 :  0.2494 0.2738 0.4768 
281      281   (1)      1 :  0.6181 0.1659 0.2160 
282      282   (1)      1 :  0.3134 0.3444 0.3423 
283      283   (1)      1 :  0.6381 0.1718 0.1901 
284      284   (0)      1 :  0.5184 0.0942 0.3874 
285      285   (1)      1 :  0.3790 0.1342 0.4868 
286      286   (1)      1 :  0.6014 0.0769 0.3217 
287      287   (1)      1 :  0.0332 0.9387 0.0281 
288      288   (1)      1 :  0.1202 0.7883 0.0915 
289      289   (1)      1 :  0.5527 0.2785 0.1688 
290      290   (1)      1 :  0.0436 0.9092 0.0472 
291      291   (1)      1 :  0.1433 0.5132 0.3435 
292      292   (1)      1 :  0.4174 0.3930 0.1896 
293      293   (1)      1 :  0.1610 0.1074 0.7316 
294      294   (1)      1 :  0.5007 0.3719 0.1275 
295      295   (0)      1 :  0.4845 0.0835 0.4320 
296      296   (0)      1 :  0.6832 0.1072 0.2096 
297      297   (1)      1 :  0.1093 0.8251 0.0656 
298      298   (0)      1 :  0.8045 0.0805 0.1149 
299      299   (1)      1 :  0.1965 0.3822 0.4213 
300      300   (1)      1 :  0.6021 0.1373 0.2606 
301      301   (0)      1 :  0.0700 0.8781 0.0519 
302      302   (1)      1 :  0.3306 0.5562 0.1131 
303      303   (1)      1 :  0.5300 0.3059 0.1641 
304      304   (1)      1 :  0.4304 0.3403 0.2293 
305      305   (1)      1 :  0.5623 0.1144 0.3233 
306      306   (1)      1 :  0.2226 0.7262 0.0512 
307      307   (2)      1 :  0.4374 0.0785 0.4841 
308      308   (0)      1 :  0.5594 0.2746 0.1660 
309      309   (2)      1 :  0.0495 0.8942 0.0563 
310      310   (0)      1 :  0.2919 0.5486 0.1595 
311      311   (0)      1 :  0.2539 0.6195 0.1266 
312      312   (0)      1 :  0.2198 0.1190 0.6612 
313      313   (1)      1 :  0.5844 0.0670 0.3487 
314      314   (0)      1 :  0.1635 0.1332 0.7033 
315      315   (1)      1 :  0.4310 0.2092 0.3598 
316      316   (1)      1 :  0.6343 0.1135 0.2522 
317      317   (1)      1 :  0.2715 0.1409 0.5876 
318      318   (1)      1 :  0.2414 0.0946 0.6640 
319      319   (1)      1 :  0.4828 0.0647 0.4525 
320      320   (0)      1 :  0.6755 0.0506 0.2739 
321      321   (1)      1 :  0.7081 0.0942 0.1978 
322      322   (0)      1 :  0.3496 0.4871 0.1632 
323      323   (1)      1 :  0.8218 0.0893 0.0889 
324      324   (1)      1 :  0.5332 0.0935 0.3733 
325      325   (1)      1 :  0.2753 0.5579 0.1668 
326      326   (1)      1 :  0.6844 0.1659 0.1497 
327      327   (1)      1 :  0.5846 0.1238 0.2916 
328      328   (1)      2 :  0.2748 0.1179 0.6073 
329      329   (0)      2 :  0.5547 0.2153 0.2300 
330      330   (0)      2 :  0.7411 0.1752 0.0837 
331      331   (1)      2 :  0.1695 0.6840 0.1465 
332      332   (1)      2 :  0.1054 0.7591 0.1355 
333      333   (1)      2 :  0.0892 0.8387 0.0721 
334      334   (1)      2 :  0.3244 0.3369 0.3386 
335      335   (0)      2 :  0.2594 0.0793 0.6613 
336      336   (1)      2 :  0.0693 0.8737 0.0570 
337      337   (1)      2 :  0.7143 0.1237 0.1620 
338      338   (1)      2 :  0.0931 0.8607 0.0462 
339      339   (1)      2 :  0.6467 0.1716 0.1817 
340      340   (0)      2 :  0.2231 0.2709 0.5059 
341      341   (1)      2 :  0.4041 0.0610 0.5349 
342      342   (2)      2 :  0.3022 0.5126 0.1852 
343      343   (2)      2 :  0.1613 0.4286 0.4101 
344      344   (3)      2 :  0.1745 0.5820 0.2435 
345      345   (2)      2 :  0.1157 0.7259 0.1584 
346      346   (4)      2 :  0.8142 0.0829 0.1029 
347      347   (3)      2 :  0.7170 0.1466 0.1363 
348      348   (1)      2 :  0.4173 0.3685 0.2142 
349      349   (1)      2 :  0.7049 0.1201 0.1750 
350      350   (1)      2 :  0.7143 0.1492 0.1365 
351      351   (0)      2 :  0.1640 0.7552 0.0808 
352      352   (4)      2 :  0.2293 0.5736 0.1971 
353      353   (2)      2 :  0.2651 0.3675 0.3673 
354      354   (1)      2 :  0.5129 0.2612 0.2258 
355      355   (2)      2 :  0.5799 0.1300 0.2901 
356      356   (1)      2 :  0.3154 0.1037 0.5809 
357      357   (2)      2 :  0.0694 0.6962 0.2344 
358      358   (2)      2 :  0.3564 0.0656 0.5780 
359      359   (3)      2 :  0.4935 0.2353 0.2712 
360      360   (0)      2 :  0.2529 0.1481 0.5990 
361      361   (1)      2 :  0.7506 0.0624 0.1870 
362      362   (1)      2 :  0.4387 0.3636 0.1977 
363      363   (2)      2 :  0.2602 0.3821 0.3576 
364      364   (3)      2 :  0.7371 0.0671 0.1958 
365      365   (4)      2 :  0.7446 0.1223 0.1332 
366      366   (4)      2 :  0.3228 0.1190 0.5582 
367      367   (3)      2 :  0.1120 0.8114 0.0766 
368      368   (3)      2 :  0.3367 0.4976 0.1657 
369      369   (2)      2 :  0.2233 0.2081 0.5685 
370      370   (3)      2 :  0.4971 0.1809 0.3220 
371      371   (1)      2 :  0.4684 0.1250 0.4066 
372      372   (3)      2 :  0.4815 0.2336 0.2849 
373      373   (5)      2 :  0.1691 0.2140 0.6170 
374      374   (5)      2 :  0.1477 0.0650 0.7873 
375      375   (3)      2 :  0.5998 0.2504 0.1498 
376      376   (3)      2 :  0.0701 0.8807 0.0492 
377      377   (4)      2 :  0.1424 0.3340 0.5237 
378      378   (0)      2 :  0.4261 0.2094 0.3645 
379      379   (5)      2 :  0.3733 0.2811 0.3455 
380      380   (4)      2 :  0.2061 0.3244 0.4695 
381      381   (1)      2 :  0.5219 0.1526 0.3255 
382      382   (1)      2 :  0.4413 0.1233 0.4354 
383      383   (3)      2 :  0.2371 0.5850 0.1779 
384      384   (2)      2 :  0.5749 0.3420 0.0831 
385      385   (4)      2 :  0.7519 0.1469 0.1011 
386      386   (2)      2 :  0.4410 0.4674 0.0916 
387      387   (1)      2 :  0.2114 0.4092 0.3795 
388      388   (6)      2 :  0.2137 0.1690 0.6173 
389      389   (1)      2 :  0.4933 0.3187 0.1880 
390      390   (1)      2 :  0.6043 0.1815 0.2141 
391      391   (3)      2 :  0.0642 0.8406 0.0952 
392      392   (2)      2 :  0.4874 0.1017 0.4109 
393      393   (4)      2 :  0.0982 0.1760 0.7259 
394      394   (3)      2 :  0.1509 0.7761 0.0730 
395      395   (7)      2 :  0.1301 0.3498 0.5201 
396      396   (4)      2 :  0.1399 0.5787 0.2814 
397      397   (1)      2 :  0.5581 0.1675 0.2744 
398      398   (3)      2 :  0.3032 0.3643 0.3326 
399      399   (2)      2 :  0.1915 0.4460 0.3624 
400      400   (0)      2 :  0.5717 0.1647 0.2636 
401      401   (6)      2 :  0.1257 0.1616 0.7127 
402      402   (5)      2 :  0.1141 0.3517 0.5342 
403      403   (1)      2 :  0.3129 0.2926 0.3945 
404      404   (2)      2 :  0.5954 0.2901 0.1145 
405      405   (3)      2 :  0.6645 0.1140 0.2215 
406      406   (2)      2 :  0.7392 0.1206 0.1401 
407      407   (2)      2 :  0.2656 0.2910 0.4434 
408      408   (2)      2 :  0.2928 0.2703 0.4369 
409      409   (1)      2 :  0.3730 0.1193 0.5077 
410      410   (1)      2 :  0.6821 0.1023 0.2156 
411      411   (1)      2 :  0.4777 0.1488 0.3735 
412      412   (0)      2 :  0.8119 0.0667 0.1214 
413      413   (1)      2 :  0.7814 0.1158 0.1028 
414      414   (2)      2 :  0.7696 0.0832 0.1472 
415      415   (2)      2 :  0.3229 0.0708 0.6063 
416      416   (3)      2 :  0.6051 0.2123 0.1826 
417      417   (1)      2 :  0.3676 0.1540 0.4784 
418      418   (0)      2 :  0.1021 0.1023 0.7955 
419      419   (1)      2 :  0.2900 0.0901 0.6199 
420      420   (0)      2 :  0.7672 0.1024 0.1304 
421      421   (1)      2 :  0.6926 0.1528 0.1547 
422      422   (6)      2 :  0.3582 0.1828 0.4589 
423      423   (2)      2 :  0.5491 0.1593 0.2916 
424      424   (1)      2 :  0.2360 0.3799 0.3841 
425      425   (1)      2 :  0.3518 0.4569 0.1913 
426      426   (3)      2 :  0.5046 0.1151 0.3803 
427      427   (2)      2 :  0.2542 0.6778 0.0680 
428      428   (6)      2 :  0.7588 0.0709 0.1703 
429      429   (1)      2 :  0.5556 0.3564 0.0880 
430      430   (1)      2 :  0.2907 0.2992 0.4100 
431      431   (0)      2 :  0.6694 0.1748 0.1557 
432      432   (2)      2 :  0.0979 0.7913 0.1107 
433      433   (2)      2 :  0.1422 0.1839 0.6739 
434      434   (2)      2 :  0.4736 0.3145 0.2119 
435      435   (8)      2 :  0.5537 0.1865 0.2598 
436      436   (2)      2 :  0.5754 0.1084 0.3162 
437      437   (4)      2 :  0.4455 0.1064 0.4481 
438      438   (1)      2 :  0.0852 0.1604 0.7544 
439      439   (2)      2 :  0.2180 0.5971 0.1848 
440      440   (0)      2 :  0.0752 0.2486 0.6761 
441      441   (1)      2 :  0.7759 0.0984 0.1257 
442      442   (6)      2 :  0.3478 0.2868 0.3653 
443      443   (1)      2 :  0.8321 0.0622 0.1057 
444      444   (6)      2 :  0.3208 0.1262 0.5530 
445      445   (2)      2 :  0.3093 0.1977 0.4929 
446      446   (3)      2 :  0.1311 0.3996 0.4694 
447      447   (2)      2 :  0.5048 0.2449 0.2504 
448      448   (3)      2 :  0.5696 0.1943 0.2362 
449      449   (1)      2 :  0.7473 0.1018 0.1509 
450      450   (4)      2 :  0.2081 0.3614 0.4304 
451      451   (3)      2 :  0.6342 0.1432 0.2227 
452      452   (1)      2 :  0.7155 0.1820 0.1025 
453      453   (1)      2 :  0.8142 0.0780 0.1078 
454      454   (4)      2 :  0.2810 0.1536 0.5654 
455      455   (4)      2 :  0.1840 0.5565 0.2595 
456      456   (5)      2 :  0.4835 0.2969 0.2196 
457      457   (3)      2 :  0.1930 0.0855 0.7214 
458      458   (1)      2 :  0.4963 0.1564 0.3473 
459      459   (1)      2 :  0.0851 0.8600 0.0549 
460      460   (2)      2 :  0.6688 0.1409 0.1903 
461      461   (1)      2 :  0.0784 0.7654 0.1562 
462      462   (1)      2 :  0.4176 0.0555 0.5269 
463      463   (4)      2 :  0.6067 0.1618 0.2315 
464      464   (6)      2 :  0.4950 0.0797 0.4253 
465      465   (3)      2 :  0.2042 0.1020 0.6937 
466      466   (3)      2 :  0.3882 0.1996 0.4121 
467      467   (2)      2 :  0.4502 0.2580 0.2918 
468      468   (2)      2 :  0.6672 0.0596 0.2731 
469      469   (1)      2 :  0.0509 0.9047 0.0444 
470      470   (0)      2 :  0.1612 0.3652 0.4735 
471      471   (2)      2 :  0.4040 0.2628 0.3333 
472      472   (2)      2 :  0.8878 0.0309 0.0813 
473      473   (1)      2 :  0.5618 0.2226 0.2156 
474      474   (3)      2 :  0.5559 0.1939 0.2502 
475      475   (1)      2 :  0.2294 0.2302 0.5404 
476      476   (2)      2 :  0.5944 0.1311 0.2745 
477      477   (0)      2 :  0.2332 0.2275 0.5393 
478      478   (1)      2 :  0.5549 0.2216 0.2236 
479      479   (1)      2 :  0.4244 0.1484 0.4272 
480      480   (1)      2 :  0.4979 0.2569 0.2451 
481      481   (1)      2 :  0.6513 0.1274 0.2213 
482      482   (1)      2 :  0.2101 0.1160 0.6738 
483      483   (0)      2 :  0.4561 0.1123 0.4316 
484      484   (0)      2 :  0.6232 0.2033 0.1734 
485      485   (0)      2 :  0.2294 0.0894 0.6812 
486      486   (0)      2 :  0.4617 0.1530 0.3852 
487      487   (1)      2 :  0.1212 0.1021 0.7767 
488      488   (1)      2 :  0.2712 0.1922 0.5366 
489      489   (1)      2 :  0.6747 0.1548 0.1705 
490      490   (0)      2 :  0.8286 0.0622 0.1093 
491      491   (0)      2 :  0.2222 0.1562 0.6216 
492      492   (5)      2 :  0.0701 0.7827 0.1472 
493      493   (1)      2 :  0.1781 0.4211 0.4007 
494      494   (3)      2 :  0.5102 0.1311 0.3587 
495      495   (1)      2 :  0.2515 0.2370 0.5116 
496      496   (1)      2 :  0.5340 0.3174 0.1486 
497      497   (1)      2 :  0.3890 0.0620 0.5490 
498      498   (1)      2 :  0.3597 0.1926 0.4477 
499      499   (1)      2 :  0.4344 0.1194 0.4463 
500      500   (1)      2 :  0.6825 0.2164 0.1011 
501      501   (2)      2 :  0.2068 0.0783 0.7149 
502      502   (1)      2 :  0.1217 0.3543 0.5240 
503      503   (2)      2 :  0.3359 0.2554 0.4088 
504      504   (2)      2 :  0.2158 0.1832 0.6010 
505      505   (2)      2 :  0.5498 0.2115 0.2387 
506      506   (3)      2 :  0.4943 0.1983 0.3074 
507      507   (1)      2 :  0.5809 0.2588 0.1603 
508      508   (7)      2 :  0.5366 0.1274 0.3360 
509      509   (1)      2 :  0.2530 0.3068 0.4401 
510      510   (1)      2 :  0.0393 0.9201 0.0406 
511      511   (2)      2 :  0.1827 0.2793 0.5380 
512      512   (1)      2 :  0.2251 0.0845 0.6904 
513      513   (3)      2 :  0.6801 0.1030 0.2169 
514      514   (1)      2 :  0.0977 0.0786 0.8237 
515      515   (5)      2 :  0.6503 0.1078 0.2419 
516      516   (3)      2 :  0.0932 0.4123 0.4945 
517      517   (1)      2 :  0.3401 0.0674 0.5924 
518      518   (1)      2 :  0.2019 0.5996 0.1985 
519      519   (0)      2 :  0.2532 0.2498 0.4969 
520      520   (0)      2 :  0.4988 0.1273 0.3739 
521      521   (2)      2 :  0.3769 0.2690 0.3541 
522      522   (2)      2 :  0.2574 0.5172 0.2254 
523      523   (1)      2 :  0.1519 0.4314 0.4166 
524      524   (3)      2 :  0.4194 0.3043 0.2762 
525      525   (1)      2 :  0.3197 0.1584 0.5219 
526      526   (7)      2 :  0.7648 0.0598 0.1754 
527      527   (4)      2 :  0.6127 0.2216 0.1657 
528      528   (1)      2 :  0.5967 0.0761 0.3272 
529      529   (2)      2 :  0.7572 0.0989 0.1439 
530      530   (1)      2 :  0.1902 0.1756 0.6342 
531      531   (2)      2 :  0.6597 0.1040 0.2363 
532      532   (2)      2 :  0.6145 0.0646 0.3209 
533      533   (5)      2 :  0.0556 0.8613 0.0831 
534      534   (2)      2 :  0.3874 0.2597 0.3529 
535      535   (3)      2 :  0.3061 0.1676 0.5263 
536      536   (0)      2 :  0.4905 0.2831 0.2264 
537      537   (3)      2 :  0.3016 0.4298 0.2685 
538      538   (1)      2 :  0.4866 0.1120 0.4014 
539      539   (1)      2 :  0.3285 0.1575 0.5140 
540      540   (1)      2 :  0.6090 0.1439 0.2471 
541      541   (5)      2 :  0.3938 0.0467 0.5595 
542      542   (4)      2 :  0.3945 0.2759 0.3297 
543      543   (2)      2 :  0.3015 0.0569 0.6416 
544      544   (2)      2 :  0.2148 0.1720 0.6132 
545      545   (2)      2 :  0.2319 0.4642 0.3038 
546      546   (1)      2 :  0.3335 0.1300 0.5365 
547      547   (1)      2 :  0.3082 0.1702 0.5215 
548      548   (1)      2 :  0.1295 0.7822 0.0883 
549      549   (1)      2 :  0.2383 0.4433 0.3184 
550      550   (2)      2 :  0.3585 0.4397 0.2018 
551      551   (4)      2 :  0.5683 0.2840 0.1477 
552      552   (6)      2 :  0.8280 0.1068 0.0652 
553      553   (3)      2 :  0.0924 0.0855 0.8221 
554      554   (1)      2 :  0.2731 0.0617 0.6652 
555      555   (4)      2 :  0.2798 0.0975 0.6227 
556      556   (2)      2 :  0.3947 0.2194 0.3859 
557      557   (0)      2 :  0.5247 0.1175 0.3578 
558      558   (2)      2 :  0.2793 0.1576 0.5631 
559      559   (3)      2 :  0.3465 0.4534 0.2001 
560      560   (6)      2 :  0.2849 0.0951 0.6200 
561      561   (1)      2 :  0.5745 0.3217 0.1038 
562      562   (2)      2 :  0.1768 0.1452 0.6780 
563      563   (2)      2 :  0.1981 0.4429 0.3590 
564      564   (1)      2 :  0.2715 0.5016 0.2269 
565      565   (1)      2 :  0.7288 0.1549 0.1163 
566      566   (1)      2 :  0.6572 0.0848 0.2580 
567      567   (1)      2 :  0.7563 0.1097 0.1340 
568      568   (1)      2 :  0.6800 0.0833 0.2367 
569      569   (3)      2 :  0.5993 0.1247 0.2760 
570      570   (1)      2 :  0.1855 0.4039 0.4106 
571      571   (2)      2 :  0.1929 0.6293 0.1778 
572      572   (5)      2 :  0.1057 0.2751 0.6192 
573      573   (5)      2 :  0.3411 0.3349 0.3240 
574      574   (1)      2 :  0.5312 0.3391 0.1297 
575      575   (2)      2 :  0.4243 0.0987 0.4770 
576      576   (0)      2 :  0.1805 0.0636 0.7559 
577      577   (1)      2 :  0.3621 0.4459 0.1921 
578      578   (1)      2 :  0.8528 0.0757 0.0715 
579      579   (2)      2 :  0.2291 0.1861 0.5848 
580      580   (1)      2 :  0.3110 0.0555 0.6335 
581      581   (1)      2 :  0.1388 0.2515 0.6097 
582      582   (0)      2 :  0.6361 0.2151 0.1488 
583      583   (1)      2 :  0.3306 0.1647 0.5048 
584      584   (2)      2 :  0.2710 0.4449 0.2841 
585      585   (1)      2 :  0.5534 0.3802 0.0664 
586      586   (0)      2 :  0.1794 0.6583 0.1623 
587      587   (1)      2 :  0.4664 0.1021 0.4315 
588      588   (0)      2 :  0.2020 0.5992 0.1988 
589      589   (2)      2 :  0.0892 0.0971 0.8137 
590      590   (2)      2 :  0.2530 0.3090 0.4380 
591      591   (1)      2 :  0.2327 0.5214 0.2459 
592      592   (1)      2 :  0.3832 0.1375 0.4794 
593      593   (1)      2 :  0.5174 0.3704 0.1122 
594      594   (3)      2 :  0.6024 0.1180 0.2796 
595      595   (1)      2 :  0.4918 0.2358 0.2725 
596      596   (1)      2 :  0.5249 0.2315 0.2436 
597      597   (1)      2 :  0.6598 0.2097 0.1305 
598      598   (1)      2 :  0.1893 0.6663 0.1444 
599      599   (1)      2 :  0.2368 0.1869 0.5762 
600      600   (2)      2 :  0.2406 0.1207 0.6387 
601      601   (7)      2 :  0.1973 0.0524 0.7503 
602      602   (3)      2 :  0.6292 0.2175 0.1533 
603      603   (1)      2 :  0.3528 0.1392 0.5080 
604      604   (1)      2 :  0.4335 0.1471 0.4194 
605      605   (1)      2 :  0.3178 0.1016 0.5806 
606      606   (1)      2 :  0.3347 0.5505 0.1148 
607      607   (1)      2 :  0.4876 0.1454 0.3671 
608      608   (1)      2 :  0.2839 0.1379 0.5782 
609      609   (1)      2 :  0.0856 0.1254 0.7890 
610      610   (1)      2 :  0.2618 0.3205 0.4178 
611      611   (1)      2 :  0.3248 0.1576 0.5176 
612      612   (1)      2 :  0.5199 0.2715 0.2086 
613      613   (2)      2 :  0.1414 0.6489 0.2097 
614      614   (1)      2 :  0.0842 0.3783 0.5375 
615      615   (1)      2 :  0.6511 0.1132 0.2357 
616      616   (1)      2 :  0.6824 0.1096 0.2080 
617      617   (1)      2 :  0.3459 0.0912 0.5629 
618      618   (0)      2 :  0.5838 0.2973 0.1189 
619      619   (1)      2 :  0.6639 0.2223 0.1138 
620      620   (1)      2 :  0.3184 0.4131 0.2685 
621      621   (1)      2 :  0.2236 0.3352 0.4412 
622      622   (1)      2 :  0.4157 0.0459 0.5384 
623      623   (1)      2 :  0.3736 0.4469 0.1796 
624      624   (0)      2 :  0.4449 0.2047 0.3503 
625      625   (0)      2 :  0.7974 0.1214 0.0812 
626      626   (1)      2 :  0.6160 0.0718 0.3122 
627      627   (1)      2 :  0.7060 0.0876 0.2064 
628      628   (1)      2 :  0.2929 0.5841 0.1231 
629      629   (1)      2 :  0.0649 0.8951 0.0400 
630      630   (2)      2 :  0.6830 0.2061 0.1109 
631      631   (5)      2 :  0.1229 0.4176 0.4594 
632      632   (2)      2 :  0.5306 0.1818 0.2876 
633      633   (1)      2 :  0.5039 0.4180 0.0781 
634      634   (4)      2 :  0.4043 0.0609 0.5348 
635      635   (1)      2 :  0.8846 0.0554 0.0600 
636      636   (0)      2 :  0.5576 0.1737 0.2687 
637      637   (1)      2 :  0.0954 0.0884 0.8162 
638      638   (0)      2 :  0.6227 0.2768 0.1005 
639      639   (0)      2 :  0.2218 0.1516 0.6266 
640      640   (1)      2 :  0.4275 0.2710 0.3016 
641      641   (1)      2 :  0.4169 0.2265 0.3566 
642      642   (1)      2 :  0.2302 0.5144 0.2554 
643      643   (1)      2 :  0.8649 0.0469 0.0882 
644      644   (1)      2 :  0.7912 0.0826 0.1262 
645      645   (0)      2 :  0.4412 0.3705 0.1883 
646      646   (1)      3 :  0.5074 0.1707 0.3219 
647      647   (1)      2 :  0.5600 0.2198 0.2201 
648      648   (0)      3 :  0.6701 0.0615 0.2684 
649      649   (1)      3 :  0.8909 0.0498 0.0593 
650      650   (1)      3 :  0.7247 0.1780 0.0972 
651      651   (1)      2 :  0.5228 0.1241 0.3531 
652      652   (0)      3 :  0.6253 0.1314 0.2433 
653      653   (2)      4 :  0.2608 0.1079 0.6313 
654      654   (0)      2 :  0.7359 0.0848 0.1792 
655      655   (1)      4 :  0.1817 0.2885 0.5298 
656      656   (1)      4 :  0.1124 0.0980 0.7896 
657      657   (1)      4 :  0.0639 0.0553 0.8808 
658      658   (0)      4 :  0.0581 0.1122 0.8297 
659      659   (0)      4 :  0.0823 0.0688 0.8489 
660      660   (3)      3 :  0.6268 0.2821 0.0911 
661      661   (1)      2 :  0.4589 0.1983 0.3427 
662      662   (1)      3 :  0.6083 0.1574 0.2343 
663      663   (1)      3 :  0.7495 0.1081 0.1424 
664      664   (1)      3 :  0.4853 0.1972 0.3175 
665      665   (1)      3 :  0.6648 0.2449 0.0903 
666      666   (0)      2 :  0.1368 0.6802 0.1830 
667      667   (1)      3 :  0.7706 0.1290 0.1004 
668      668   (1)      4 :  0.1733 0.4296 0.3971 
669      669   (0)      4 :  0.0726 0.0887 0.8387 
670      670   (1)      4 :  0.1273 0.0592 0.8135 
671      671   (1)      4 :  0.2332 0.1424 0.6244 
672      672   (1)      4 :  0.1423 0.1025 0.7553 
673      673   (0)      4 :  0.2960 0.1137 0.5903 
674      674   (2)      3 :  0.6308 0.0919 0.2773 
675      675   (5)      3 :  0.5756 0.1614 0.2630 
676      676   (0)      3 :  0.4673 0.0627 0.4700 
677      677   (3)      3 :  0.5185 0.3405 0.1410 
678      678   (0)      3 :  0.6183 0.1500 0.2317 
679      679   (2)      2 :  0.3638 0.3929 0.2432 
680      680   (0)      3 :  0.4189 0.3289 0.2521 
681      681   (2)      4 :  0.1248 0.2257 0.6495 
682      682   (0)      2 :  0.1665 0.2259 0.6076 
683      683   (2)      4 :  0.2631 0.0940 0.6429 
684      684   (1)      4 :  0.0612 0.2241 0.7147 
685      685   (1)      4 :  0.0736 0.0916 0.8348 
686      686   (0)      4 :  0.0642 0.0607 0.8751 
687      687   (1)      3 :  0.6081 0.1706 0.2213 
688      688   (2)      3 :  0.7271 0.0787 0.1942 
689      689   (1)      3 :  0.5372 0.1651 0.2977 
690      690   (1)      3 :  0.7148 0.1568 0.1284 
691      691   (1)      2 :  0.1705 0.1743 0.6551 
692      692   (0)      3 :  0.5863 0.1599 0.2538 
693      693   (0)      2 :  0.4644 0.1825 0.3531 
694      694   (1)      4 :  0.3740 0.1155 0.5105 
695      695   (0)      4 :  0.1292 0.0370 0.8337 
696      696   (1)      4 :  0.1151 0.2740 0.6109 
697      697   (0)      4 :  0.0681 0.1024 0.8295 
698      698   (1)      4 :  0.1193 0.1121 0.7686 
699      699   (6)      3 :  0.4586 0.2127 0.3287 
700      700   (1)      2 :  0.3017 0.5095 0.1888 
701      701   (3)      3 :  0.5559 0.1352 0.3089 
702      702   (1)      3 :  0.6655 0.0975 0.2370 
703      703   (3)      3 :  0.6858 0.2011 0.1131 
704      704   (1)      3 :  0.7384 0.1313 0.1303 
705      705   (1)      2 :  0.5897 0.2678 0.1425 
706      706   (0)      3 :  0.7356 0.1141 0.1503 
707      707   (1)      2 :  0.1294 0.8204 0.0502 
708      708   (2)      4 :  0.0795 0.0447 0.8758 
709      709   (1)      2 :  0.0646 0.8111 0.1243 
710      710   (1)      4 :  0.2061 0.1173 0.6766 
711      711   (2)      4 :  0.1298 0.1217 0.7485 
712      712   (1)      4 :  0.1031 0.1679 0.7290 
713      713   (0)      4 :  0.0726 0.0557 0.8717 
714      714   (1)      3 :  0.2099 0.1988 0.5912 
715      715   (1)      2 :  0.5079 0.0875 0.4046 
716      716   (3)      3 :  0.7927 0.0922 0.1151 
717      717   (0)      3 :  0.5147 0.1751 0.3102 
718      718   (4)      3 :  0.7638 0.0983 0.1379 
719      719   (1)      3 :  0.4583 0.2171 0.3246 
720      720   (1)      2 :  0.4746 0.2756 0.2498 
721      721   (1)      2 :  0.4169 0.2330 0.3501 
722      722   (1)      4 :  0.1467 0.1766 0.6768 
723      723   (0)      4 :  0.0700 0.1363 0.7937 
724      724   (0)      4 :  0.0957 0.0284 0.8759 
725      725   (2)      4 :  0.0807 0.0573 0.8620 
726      726   (1)      4 :  0.0663 0.0518 0.8819 
727      727   (2)      2 :  0.6866 0.0809 0.2325 
728      728   (3)      3 :  0.7499 0.1123 0.1378 
729      729   (1)      3 :  0.6056 0.1887 0.2056 
730      730   (2)      3 :  0.3882 0.1773 0.4345 
731      731   (1)      3 :  0.6503 0.1974 0.1523 
732      732   (1)      4 :  0.1407 0.3021 0.5572 
733      733   (1)      4 :  0.1004 0.0899 0.8097 
734      734   (1)      4 :  0.0871 0.0591 0.8538 
735      735   (2)      4 :  0.1177 0.0939 0.7883 
736      736   (1)      4 :  0.0718 0.0330 0.8952 
737      737   (0)      2 :  0.1175 0.5551 0.3274 
738      738   (0)      3 :  0.7688 0.0981 0.1331 
739      739   (1)      3 :  0.4833 0.0959 0.4207 
740      740   (1)      3 :  0.5862 0.1559 0.2579 
741      741   (1)      2 :  0.3442 0.3221 0.3336 
742      742   (1)      2 :  0.6490 0.1051 0.2459 
743      743   (0)      4 :  0.1815 0.0961 0.7224 
744      744   (0)      4 :  0.0670 0.1019 0.8311 
745      745   (0)      4 :  0.0674 0.0295 0.9031 
746      746   (0)      4 :  0.2527 0.0537 0.6936 
747      747   (1)      4 :  0.0911 0.0677 0.8412 
748      748   (1)      2 :  0.1997 0.6407 0.1597 
749      749   (1)      2 :  0.2756 0.5760 0.1484 
750      750   (0)      2 :  0.1236 0.1488 0.7276 
751      751   (1)      2 :  0.0579 0.8485 0.0936 
752      752   (1)      2 :  0.1476 0.1016 0.7508 
753      753   (1)      2 :  0.6542 0.2208 0.1250 
754      754   (0)      2 :  0.1614 0.1874 0.6512 
755      755   (1)      2 :  0.6729 0.2357 0.0913 
756      756   (0)      2 :  0.0591 0.8690 0.0719 
757      757   (1)      2 :  0.0736 0.7056 0.2208 
758      758   (2)      2 :  0.0984 0.8430 0.0586 
759      759   (0)      2 :  0.7258 0.1511 0.1231 
760      760   (1)      2 :  0.5229 0.1711 0.3059 
761      761   (2)      2 :  0.5305 0.1069 0.3626 
762      762   (0)      2 :  0.6287 0.2231 0.1481 
763      763   (1)      2 :  0.1782 0.5459 0.2759 
764      764   (1)      2 :  0.2135 0.5192 0.2673 
765      765   (1)      2 :  0.3416 0.2736 0.3848 
766      766   (3)      2 :  0.1231 0.5438 0.3331 
767      767   (1)      2 :  0.6678 0.0994 0.2329 
768      768   (1)      2 :  0.0548 0.8839 0.0613 
769      769   (1)      2 :  0.7982 0.1075 0.0943 
770      770   (1)      2 :  0.8286 0.1237 0.0477 
771      771   (0)      2 :  0.4253 0.3040 0.2708 
772      772   (0)      2 :  0.5016 0.2139 0.2845 
773      773   (1)      2 :  0.1780 0.2022 0.6199 
774      774   (1)      2 :  0.4283 0.3316 0.2401 
775      775   (1)      2 :  0.3923 0.3724 0.2353 
776      776   (0)      2 :  0.7417 0.0550 0.2033 
777      777   (1)      2 :  0.2063 0.0861 0.7076 
778      778   (1)      2 :  0.2766 0.1281 0.5953 
779      779   (6)      2 :  0.0657 0.8843 0.0500 
780      780   (2)      2 :  0.5469 0.1175 0.3356 
781      781   (1)      2 :  0.3816 0.2566 0.3618 
782      782   (1)      2 :  0.1275 0.0760 0.7965 
783      783   (1)      2 :  0.5713 0.2818 0.1469 
784      784   (1)      2 :  0.3075 0.5122 0.1803 
785      785   (1)      2 :  0.1248 0.5477 0.3275 
786      786   (2)      2 :  0.7833 0.0928 0.1239 
787      787   (0)      2 :  0.6814 0.2448 0.0738 
788      788   (1)      2 :  0.5961 0.0848 0.3191 
789      789   (1)      2 :  0.2010 0.1237 0.6752 
790      790   (1)      2 :  0.3526 0.5560 0.0914 
791      791   (1)      2 :  0.0501 0.9106 0.0393 
792      792   (2)      2 :  0.7321 0.0732 0.1947 
793      793   (1)      2 :  0.1191 0.0819 0.7990 
794      794   (0)      2 :  0.0836 0.0944 0.8220 
795      795   (1)      2 :  0.0668 0.8415 0.0917 
796      796   (0)      2 :  0.4436 0.1960 0.3604 
797      797   (0)      2 :  0.4378 0.2972 0.2650 
798      798   (0)      2 :  0.1261 0.2312 0.6427 
799      799   (1)      2 :  0.1018 0.6340 0.2642 
800      800   (1)      2 :  0.3194 0.5945 0.0861 
801      801   (1)      2 :  0.0999 0.8309 0.0692 
802      802   (1)      2 :  0.1705 0.1196 0.7098 
803      803   (2)      2 :  0.0945 0.0753 0.8302 
804      804   (1)      2 :  0.6845 0.0867 0.2288 
805      805   (1)      2 :  0.7204 0.1727 0.1069 
806      806   (0)      2 :  0.7183 0.1503 0.1313 
807      807   (1)      2 :  0.3430 0.4891 0.1679 
808      808   (1)      2 :  0.1052 0.8181 0.0767 
809      809   (2)      2 :  0.5162 0.4163 0.0675 
810      810   (1)      2 :  0.0616 0.8575 0.0809 
811      811   (1)      2 :  0.0583 0.8865 0.0552 
812      812   (0)      2 :  0.4700 0.2230 0.3071 
813      813   (1)      2 :  0.0812 0.7912 0.1276 
814      814   (1)      2 :  0.0479 0.8575 0.0946 
815      815   (0)      2 :  0.4230 0.1636 0.4134 
816      816   (0)      2 :  0.1181 0.3292 0.5527 
817      817   (1)      2 :  0.5234 0.2758 0.2008 
818      818   (2)      2 :  0.0691 0.8131 0.1179 
819      819   (1)      2 :  0.0591 0.3989 0.5420 
820      820   (0)      2 :  0.4178 0.3506 0.2316 
821      821   (1)      2 :  0.0535 0.8998 0.0467 
822      822   (2)      2 :  0.5363 0.3260 0.1377 
823      823   (1)      2 :  0.2813 0.6079 0.1108 
824      824   (1)      2 :  0.1281 0.7631 0.1088 
825      825   (1)      2 :  0.7168 0.0378 0.2454 
826      826   (1)      2 :  0.1007 0.8275 0.0718 
827      827   (0)      2 :  0.2572 0.2690 0.4737 
828      828   (1)      2 :  0.4687 0.1010 0.4304 
829      829   (1)      2 :  0.1491 0.5805 0.2704 
830      830   (1)      2 :  0.7477 0.1032 0.1491 
831      831   (1)      2 :  0.0638 0.7868 0.1494 
832      832   (1)      2 :  0.5455 0.1261 0.3284 
833      833   (1)      2 :  0.6365 0.0766 0.2869 
834      834   (0)      2 :  0.5237 0.1574 0.3189 
835      835   (1)      2 :  0.1666 0.4931 0.3403 
836      836   (0)      2 :  0.0955 0.6745 0.2300 
837      837   (1)      2 :  0.3667 0.3681 0.2653 
838      838   (1)      2 :  0.0813 0.1042 0.8145 
839      839   (1)      2 :  0.5906 0.0903 0.3191 
840      840   (0)      2 :  0.5632 0.2673 0.1695 
841      841   (5)      2 :  0.1825 0.6209 0.1965 
842      842   (1)      2 :  0.0737 0.8677 0.0586 
843      843   (2)      2 :  0.0584 0.8910 0.0506 
844      844   (1)      2 :  0.1872 0.5684 0.2443 
845      845   (1)      2 :  0.5417 0.2042 0.2541 
846      846   (0)      2 :  0.3762 0.2066 0.4171 
847      847   (0)      2 :  0.5560 0.1212 0.3228 
848      848   (1)      2 :  0.0679 0.8947 0.0374 
849      849   (1)      2 :  0.3435 0.1086 0.5479 
850      850   (1)      2 :  0.5142 0.1582 0.3276 
851      851   (1)      2 :  0.5151 0.2079 0.2770 
852      852   (1)      2 :  0.1637 0.4994 0.3370 
853      853   (1)      2 :  0.1064 0.6201 0.2735 
854      854   (0)      2 :  0.1451 0.5749 0.2800 
855      855   (1)      2 :  0.6635 0.1550 0.1815 
856      856   (5)      2 :  0.4109 0.2675 0.3216 
857      857   (1)      2 :  0.7398 0.0968 0.1633 
858      858   (0)      2 :  0.1970 0.1405 0.6625 
859      859   (0)      2 :  0.1104 0.7859 0.1037 
860      860   (1)      2 :  0.0523 0.9075 0.0402 
861      861   (1)      2 :  0.0647 0.8618 0.0735 
862      862   (1)      2 :  0.1540 0.2086 0.6374 
863      863   (0)      2 :  0.0485 0.8599 0.0916 
864      864   (4)      2 :  0.1225 0.7486 0.1289 
865      865   (1)      2 :  0.0572 0.1191 0.8237 
866      866   (1)      2 :  0.5889 0.3374 0.0737 
867      867   (1)      2 :  0.2421 0.1040 0.6539 
868      868   (0)      2 :  0.5653 0.1289 0.3058 
869      869   (1)      2 :  0.2520 0.1327 0.6153 
870      870   (1)      2 :  0.0951 0.7923 0.1126 
871      871   (1)      2 :  0.0837 0.1892 0.7271 
872      872   (1)      2 :  0.1408 0.2420 0.6172 
873      873   (1)      2 :  0.0649 0.8829 0.0522 
874      874   (1)      2 :  0.6902 0.1615 0.1483 
875      875   (1)      2 :  0.1435 0.2531 0.6034 
876      876   (1)      2 :  0.1515 0.1921 0.6564 
877      877   (1)      2 :  0.3324 0.5352 0.1324 
878      878   (0)      2 :  0.3381 0.3605 0.3014 
879      879   (2)      2 :  0.0445 0.9154 0.0401 
880      880   (1)      2 :  0.2542 0.3903 0.3554 
881      881   (2)      2 :  0.1165 0.7712 0.1122 
882      882   (1)      2 :  0.5505 0.1678 0.2817 
