1        1   (0)      1  : 0.3477 0.0245 0.3892 0.2386
2        2   (1)      1  : 0.2952 0.1244 0.3661 0.2143
3        3   (1)      1  : 0.4053 0.0875 0.2989 0.2084
4        4   (1)      1  : 0.4955 0.0370 0.1960 0.2715
5        5   (2)      1  : 0.0215 0.9370 0.0175 0.0240
6        6   (1)      1  : 0.4535 0.2855 0.0820 0.1790
7        7   (1)      1  : 0.2125 0.2615 0.2165 0.3095
8        8   (0)      1  : 0.2175 0.0270 0.2450 0.5105
9        9   (1)      1  : 0.3345 0.2420 0.2535 0.1700
10       10   (1)      1  : 0.1235 0.5360 0.1605 0.1800
11       11   (0)      1  : 0.4058 0.1509 0.2294 0.2139
12       12   (0)      1  : 0.4790 0.1615 0.0910 0.2685
13       13   (1)      1  : 0.1994 0.0500 0.2689 0.4817
14       14   (1)      1  : 0.2130 0.5025 0.0405 0.2440
15       15   (2)      1  : 0.1825 0.4850 0.0525 0.2800
16       16   (1)      1  : 0.2565 0.1530 0.2140 0.3765
17       17   (1)      1  : 0.3700 0.1415 0.0340 0.4545
18       18   (2)      1  : 0.2030 0.0380 0.4065 0.3525
19       19   (1)      1  : 0.2395 0.0840 0.2080 0.4685
20       20   (1)      1  : 0.3385 0.2510 0.0445 0.3660
21       21   (1)      1  : 0.2201 0.2756 0.1571 0.3472
22       22   (1)      1  : 0.2140 0.1015 0.4715 0.2130
23       23   (1)      1  : 0.3700 0.2400 0.1545 0.2355
24       24   (1)      1  : 0.0700 0.0270 0.8430 0.0600
25       25   (1)      1  : 0.2375 0.2675 0.1185 0.3765
26       26   (1)      1  : 0.2630 0.1675 0.3825 0.1870
27       27   (1)      1  : 0.4605 0.0775 0.0765 0.3855
28       28   (1)      1  : 0.0425 0.0355 0.8821 0.0400
29       29   (1)      1  : 0.3393 0.0880 0.2279 0.3448
30       30   (1)      1  : 0.1201 0.6948 0.0835 0.1016
31       31   (1)      1  : 0.3315 0.0575 0.2485 0.3625
32       32   (1)      1  : 0.1900 0.1570 0.2875 0.3655
33       33   (1)      1  : 0.2050 0.1775 0.4325 0.1850
34       34   (1)      1  : 0.1125 0.5880 0.0740 0.2255
35       35   (0)      1  : 0.1850 0.1350 0.3495 0.3305
36       36   (1)      1  : 0.4195 0.2470 0.1110 0.2225
37       37   (1)      1  : 0.1761 0.1471 0.5358 0.1411
38       38   (1)      1  : 0.0565 0.5257 0.3563 0.0615
39       39   (1)      1  : 0.2520 0.2215 0.0910 0.4355
40       40   (0)      1  : 0.3410 0.3180 0.0600 0.2810
41       41   (1)      1  : 0.3945 0.0505 0.1330 0.4220
42       42   (1)      1  : 0.0820 0.8165 0.0305 0.0710
43       43   (1)      1  : 0.3555 0.0645 0.2670 0.3130
44       44   (7)      1  : 0.5457 0.0670 0.1474 0.2399
45       45   (2)      1  : 0.1519 0.3833 0.3553 0.1094
46       46   (1)      1  : 0.2354 0.0870 0.4443 0.2334
47       47   (0)      1  : 0.0925 0.0950 0.7401 0.0725
48       48   (1)      1  : 0.3640 0.0660 0.1930 0.3770
49       49   (0)      1  : 0.3001 0.0575 0.4137 0.2286
50       50   (1)      1  : 0.2669 0.0370 0.0420 0.6542
51       51   (2)      1  : 0.0959 0.7371 0.0780 0.0890
52       52   (1)      1  : 0.0400 0.8685 0.0520 0.0395
53       53   (2)      1  : 0.1195 0.0475 0.7225 0.1105
54       54   (1)      1  : 0.1601 0.0981 0.5943 0.1476
55       55   (3)      1  : 0.2659 0.1494 0.1035 0.4813
56       56   (1)      1  : 0.1491 0.1231 0.5893 0.1386
57       57   (0)      1  : 0.1515 0.0365 0.6695 0.1425
58       58   (1)      1  : 0.1036 0.7389 0.0690 0.0885
59       59   (0)      1  : 0.1579 0.0400 0.5717 0.2304
60       60   (2)      1  : 0.4200 0.1680 0.1190 0.2930
61       61   (1)      1  : 0.1640 0.0910 0.5215 0.2235
62       62   (1)      1  : 0.4645 0.0655 0.1435 0.3265
63       63   (0)      1  : 0.1646 0.2651 0.4447 0.1256
64       64   (3)      1  : 0.4423 0.0960 0.1514 0.3103
65       65   (1)      1  : 0.2646 0.0940 0.1731 0.4682
66       66   (4)      1  : 0.2059 0.3528 0.0600 0.3813
67       67   (0)      1  : 0.2156 0.0540 0.4437 0.2866
68       68   (2)      1  : 0.1955 0.0765 0.5835 0.1445
69       69   (2)      1  : 0.0715 0.2829 0.5487 0.0969
70       70   (1)      1  : 0.3030 0.0555 0.3430 0.2985
71       71   (0)      1  : 0.3010 0.0550 0.1365 0.5075
72       72   (5)      1  : 0.4075 0.0360 0.2000 0.3565
73       73   (1)      1  : 0.1105 0.3440 0.4060 0.1395
74       74   (1)      1  : 0.6600 0.0485 0.0550 0.2365
75       75   (1)      1  : 0.1574 0.1604 0.3898 0.2923
76       76   (1)      1  : 0.1126 0.0611 0.7377 0.0886
77       77   (1)      1  : 0.0305 0.9180 0.0230 0.0285
78       78   (1)      1  : 0.3402 0.0605 0.1736 0.4257
79       79   (2)      1  : 0.2376 0.0835 0.2812 0.3977
80       80   (2)      1  : 0.0780 0.7511 0.1015 0.0695
81       81   (2)      1  : 0.2153 0.4815 0.1324 0.1708
82       82   (1)      1  : 0.1949 0.0285 0.6462 0.1304
83       83   (0)      1  : 0.1875 0.0675 0.4560 0.2890
84       84   (1)      1  : 0.3812 0.2491 0.0890 0.2806
85       85   (6)      1  : 0.3160 0.0510 0.2345 0.3985
86       86   (1)      1  : 0.4450 0.1080 0.0410 0.4060
87       87   (2)      1  : 0.3694 0.0536 0.3959 0.1812
88       88   (0)      2  : 0.0470 0.8625 0.0320 0.0585
89       89   (1)      2  : 0.3555 0.1010 0.1100 0.4335
90       90   (1)      2  : 0.0420 0.8910 0.0325 0.0345
91       91   (2)      2  : 0.3212 0.0215 0.3692 0.2881
92       92   (1)      2  : 0.1179 0.0685 0.6786 0.1349
93       93   (1)      2  : 0.0765 0.0270 0.8285 0.0680
94       94   (1)      2  : 0.3470 0.2545 0.0585 0.3400
95       95   (0)      2  : 0.3480 0.2685 0.0555 0.3280
96       96   (2)      2  : 0.2930 0.1295 0.1290 0.4485
97       97   (1)      2  : 0.0465 0.1540 0.7560 0.0435
98       98   (0)      2  : 0.3900 0.0630 0.1570 0.3900
99       99   (0)      2  : 0.1311 0.1431 0.5363 0.1896
100      100   (1)      2  : 0.3952 0.0610 0.1501 0.3937
101      101   (1)      2  : 0.1119 0.5537 0.2154 0.1189
102      102   (1)      2  : 0.3410 0.0990 0.0625 0.4975
103      103   (2)      2  : 0.2384 0.2549 0.2774 0.2294
104      104   (1)      2  : 0.1339 0.0539 0.6484 0.1638
105      105   (1)      2  : 0.1219 0.2414 0.5657 0.0710
106      106   (1)      2  : 0.0230 0.9105 0.0420 0.0245
107      107   (2)      2  : 0.2950 0.1400 0.1520 0.4130
108      108   (0)      2  : 0.2471 0.0865 0.3867 0.2797
109      109   (1)      2  : 0.3867 0.2846 0.0450 0.2836
110      110   (1)      2  : 0.1005 0.2359 0.5432 0.1204
111      111   (1)      2  : 0.1326 0.0961 0.5788 0.1926
112      112   (2)      2  : 0.3875 0.1405 0.0710 0.4010
113      113   (1)      2  : 0.1706 0.5853 0.0690 0.1751
114      114   (3)      2  : 0.3127 0.0700 0.1521 0.4652
115      115   (2)      2  : 0.2927 0.0864 0.5025 0.1184
116      116   (0)      2  : 0.3555 0.1510 0.1225 0.3710
117      117   (1)      2  : 0.3102 0.2927 0.0924 0.3047
118      118   (1)      2  : 0.2603 0.0460 0.2823 0.4114
119      119   (3)      2  : 0.3670 0.0900 0.0850 0.4580
120      120   (1)      2  : 0.0675 0.0215 0.8366 0.0745
121      121   (0)      2  : 0.4555 0.0680 0.0620 0.4145
122      122   (1)      2  : 0.2918 0.0880 0.2903 0.3299
123      123   (1)      2  : 0.3108 0.0315 0.3063 0.3514
124      124   (0)      2  : 0.5235 0.1510 0.0675 0.2580
125      125   (1)      2  : 0.1474 0.1324 0.5687 0.1514
126      126   (1)      2  : 0.1420 0.6885 0.0695 0.1000
127      127   (1)      2  : 0.2850 0.0880 0.0915 0.5355
128      128   (1)      2  : 0.0790 0.0465 0.7971 0.0775
129      129   (1)      2  : 0.1635 0.3360 0.2030 0.2975
130      130   (1)      2  : 0.5665 0.0855 0.0445 0.3035
131      131   (1)      2  : 0.3060 0.1250 0.2900 0.2790
132      132   (1)      2  : 0.1791 0.0695 0.5883 0.1631
133      133   (1)      2  : 0.4647 0.0440 0.1246 0.3667
134      134   (1)      2  : 0.3023 0.1064 0.1219 0.4693
135      135   (1)      2  : 0.0355 0.0275 0.9060 0.0310
136      136   (3)      2  : 0.3610 0.0535 0.1555 0.4300
137      137   (1)      2  : 0.3660 0.2765 0.0695 0.2880
138      138   (1)      2  : 0.1479 0.7111 0.0340 0.1070
139      139   (2)      2  : 0.4203 0.0355 0.1114 0.4328
140      140   (3)      2  : 0.2564 0.1504 0.1085 0.4847
141      141   (0)      2  : 0.1499 0.4401 0.1903 0.2198
142      142   (1)      2  : 0.1571 0.3677 0.2661 0.2091
143      143   (0)      2  : 0.1260 0.0890 0.7015 0.0835
144      144   (1)      2  : 0.4048 0.0225 0.0890 0.4838
145      145   (1)      2  : 0.6157 0.0415 0.0645 0.2784
146      146   (2)      2  : 0.1194 0.0900 0.6537 0.1369
147      147   (1)      2  : 0.3447 0.0670 0.1746 0.4137
148      148   (1)      2  : 0.3572 0.0290 0.2716 0.3422
149      149   (2)      2  : 0.1909 0.1054 0.4458 0.2579
150      150   (2)      2  : 0.1401 0.0815 0.5808 0.1976
151      151   (1)      2  : 0.1980 0.1375 0.2340 0.4305
152      152   (0)      2  : 0.5535 0.0830 0.1625 0.2010
153      153   (1)      2  : 0.0405 0.0430 0.8614 0.0550
154      154   (2)      2  : 0.5088 0.0855 0.0655 0.3402
155      155   (1)      2  : 0.2848 0.1264 0.2889 0.2999
156      156   (1)      2  : 0.2436 0.1621 0.2196 0.3747
157      157   (0)      2  : 0.3528 0.0975 0.3128 0.2369
158      158   (2)      2  : 0.3400 0.0310 0.2285 0.4005
159      159   (1)      2  : 0.4442 0.0590 0.0550 0.4417
160      160   (0)      2  : 0.2191 0.0815 0.3532 0.3462
161      161   (1)      2  : 0.1936 0.0555 0.4917 0.2591
162      162   (1)      2  : 0.2854 0.1004 0.2963 0.3178
163      163   (1)      2  : 0.1455 0.0585 0.6515 0.1445
164      164   (1)      2  : 0.4297 0.0370 0.0925 0.4407
165      165   (0)      2  : 0.4073 0.0305 0.2504 0.3118
166      166   (0)      2  : 0.5362 0.0725 0.0840 0.3074
167      167   (2)      2  : 0.2580 0.1395 0.3500 0.2525
168      168   (0)      2  : 0.3657 0.0995 0.1206 0.4142
169      169   (1)      2  : 0.0315 0.9176 0.0195 0.0315
170      170   (1)      2  : 0.1074 0.0785 0.7256 0.0885
171      171   (1)      2  : 0.4293 0.0485 0.1264 0.3958
172      172   (0)      2  : 0.0855 0.4377 0.3442 0.1326
173      173   (1)      2  : 0.0310 0.9065 0.0320 0.0305
174      174   (0)      2  : 0.5400 0.0520 0.1430 0.2650
175      175   (1)      2  : 0.4530 0.0480 0.1250 0.3740
176      176   (1)      2  : 0.1051 0.0590 0.6463 0.1896
177      177   (1)      2  : 0.0880 0.0205 0.8256 0.0660
178      178   (0)      2  : 0.5195 0.0585 0.0360 0.3860
179      179   (1)      2  : 0.1954 0.0320 0.5512 0.2214
180      180   (1)      2  : 0.0490 0.8235 0.0775 0.0500
181      181   (1)      2  : 0.4352 0.0610 0.1136 0.3902
182      182   (1)      2  : 0.2374 0.2139 0.0900 0.4588
183      183   (1)      2  : 0.3697 0.0515 0.1171 0.4617
184      184   (1)      2  : 0.1200 0.5855 0.1360 0.1585
185      185   (2)      2  : 0.3543 0.0205 0.1264 0.4988
186      186   (1)      2  : 0.1346 0.1381 0.5993 0.1281
187      187   (0)      2  : 0.6538 0.0390 0.0755 0.2316
188      188   (1)      2  : 0.3743 0.0910 0.1959 0.3388
189      189   (0)      2  : 0.1680 0.1995 0.3975 0.2350
190      190   (0)      2  : 0.1105 0.0700 0.7110 0.1085
191      191   (2)      2  : 0.1751 0.0520 0.6698 0.1031
192      192   (1)      2  : 0.3447 0.0530 0.0370 0.5653
193      193   (1)      2  : 0.3213 0.1634 0.1779 0.3373
194      194   (0)      2  : 0.3218 0.0270 0.0665 0.5847
195      195   (1)      2  : 0.0785 0.8046 0.0340 0.0830
196      196   (1)      2  : 0.6443 0.0430 0.0430 0.2696
197      197   (1)      2  : 0.1716 0.0880 0.5198 0.2206
198      198   (1)      2  : 0.0725 0.7910 0.0620 0.0745
199      199   (0)      2  : 0.3985 0.0470 0.1090 0.4455
200      200   (0)      2  : 0.1111 0.0705 0.7139 0.1046
201      201   (1)      2  : 0.4718 0.0380 0.1174 0.3728
202      202   (0)      2  : 0.0845 0.0205 0.8081 0.0870
203      203   (0)      2  : 0.4103 0.0535 0.1939 0.3423
204      204   (1)      2  : 0.2779 0.0835 0.1949 0.4438
205      205   (1)      2  : 0.5022 0.1351 0.1236 0.2391
206      206   (1)      2  : 0.0555 0.8455 0.0470 0.0520
207      207   (1)      2  : 0.3805 0.2885 0.1090 0.2220
208      208   (1)      2  : 0.3657 0.0580 0.0880 0.4883
209      209   (0)      2  : 0.1089 0.5832 0.1974 0.1104
210      210   (1)      2  : 0.0350 0.9090 0.0225 0.0335
211      211   (0)      2  : 0.3135 0.2085 0.1425 0.3355
212      212   (1)      2  : 0.1321 0.2656 0.4537 0.1486
213      213   (1)      2  : 0.4677 0.0400 0.1454 0.3468
214      214   (1)      2  : 0.6428 0.0700 0.0765 0.2106
215      215   (1)      2  : 0.2655 0.0420 0.1070 0.5855
216      216   (1)      2  : 0.0724 0.8402 0.0345 0.0529
217      217   (1)      2  : 0.2350 0.4320 0.1140 0.2190
218      218   (1)      2  : 0.2044 0.0480 0.6307 0.1169
219      219   (1)      2  : 0.3360 0.1480 0.0455 0.4705
220      220   (1)      2  : 0.3962 0.0190 0.2051 0.3797
221      221   (0)      2  : 0.4400 0.2965 0.0880 0.1755
222      222   (1)      2  : 0.2820 0.0570 0.3135 0.3475
223      223   (0)      2  : 0.4895 0.0900 0.1215 0.2990
224      224   (1)      2  : 0.3850 0.0380 0.1010 0.4760
225      225   (1)      2  : 0.0250 0.9265 0.0235 0.0250
226      226   (0)      2  : 0.3395 0.2650 0.0635 0.3320
227      227   (1)      2  : 0.0335 0.8791 0.0505 0.0370
228      228   (1)      2  : 0.4688 0.0640 0.0510 0.4163
229      229   (2)      2  : 0.4678 0.0465 0.2049 0.2809
230      230   (1)      2  : 0.3053 0.2539 0.2664 0.1744
231      231   (1)      2  : 0.5215 0.0900 0.0675 0.3210
232      232   (2)      2  : 0.3917 0.0665 0.2356 0.3062
233      233   (1)      2  : 0.4280 0.1355 0.1205 0.3160
234      234   (1)      2  : 0.0345 0.9010 0.0320 0.0325
235      235   (0)      2  : 0.1245 0.5785 0.1295 0.1675
236      236   (1)      2  : 0.3175 0.0415 0.3420 0.2990
237      237   (1)      2  : 0.2975 0.1215 0.2145 0.3665
238      238   (0)      2  : 0.4850 0.1650 0.0710 0.2790
239      239   (1)      2  : 0.2285 0.1240 0.0780 0.5695
240      240   (1)      2  : 0.5373 0.0630 0.1101 0.2897
241      241   (0)      2  : 0.1294 0.1144 0.5754 0.1808
242      242   (1)      2  : 0.1745 0.0295 0.2445 0.5515
243      243   (1)      2  : 0.2231 0.0740 0.4933 0.2096
244      244   (1)      2  : 0.3087 0.0875 0.3807 0.2231
245      245   (0)      2  : 0.0240 0.9335 0.0220 0.0205
246      246   (1)      2  : 0.0880 0.2266 0.5838 0.1016
247      247   (0)      2  : 0.1592 0.5425 0.1722 0.1261
248      248   (1)      2  : 0.1549 0.5892 0.1119 0.1439
249      249   (1)      2  : 0.5515 0.1015 0.0870 0.2600
250      250   (0)      2  : 0.2514 0.1604 0.1974 0.3908
251      251   (1)      2  : 0.5078 0.0870 0.1129 0.2923
252      252   (0)      2  : 0.0710 0.0535 0.8120 0.0635
253      253   (0)      2  : 0.2591 0.1076 0.0925 0.5408
254      254   (1)      2  : 0.2104 0.0885 0.5178 0.1834
255      255   (1)      2  : 0.2330 0.0435 0.6040 0.1195
256      256   (1)      2  : 0.1360 0.3790 0.3870 0.0980
257      257   (0)      2  : 0.4870 0.1195 0.1145 0.2790
258      258   (1)      1  : 0.2340 0.2890 0.2225 0.2545
259      259   (2)      1  : 0.1425 0.5395 0.1270 0.1910
260      260   (1)      1  : 0.2471 0.0375 0.1406 0.5748
261      261   (0)      1  : 0.4543 0.0875 0.0685 0.3897
262      262   (1)      1  : 0.2685 0.1830 0.2250 0.3235
263      263   (0)      1  : 0.1986 0.0550 0.5643 0.1821
264      264   (1)      1  : 0.4640 0.1040 0.1195 0.3125
265      265   (1)      1  : 0.4915 0.0700 0.1560 0.2825
266      266   (1)      1  : 0.6440 0.0260 0.0800 0.2500
267      267   (1)      1  : 0.2693 0.2197 0.1627 0.3483
268      268   (2)      1  : 0.1595 0.1895 0.5010 0.1500
269      269   (1)      1  : 0.2176 0.2251 0.1026 0.4547
270      270   (1)      1  : 0.2696 0.0520 0.5628 0.1156
271      271   (1)      1  : 0.2189 0.4333 0.1189 0.2289
272      272   (0)      1  : 0.3297 0.2461 0.0565 0.3677
273      273   (0)      1  : 0.2261 0.0620 0.2211 0.4907
274      274   (1)      1  : 0.0905 0.7940 0.0445 0.0710
275      275   (1)      1  : 0.2175 0.1730 0.2790 0.3305
276      276   (1)      1  : 0.2935 0.0885 0.0985 0.5195
277      277   (1)      1  : 0.3630 0.1225 0.0650 0.4495
278      278   (1)      1  : 0.3238 0.3683 0.0745 0.2334
279      279   (0)      1  : 0.2130 0.2340 0.0620 0.4910
280      280   (1)      1  : 0.2936 0.1696 0.4152 0.1216
281      281   (1)      1  : 0.3843 0.0745 0.0955 0.4458
282      282   (1)      1  : 0.2671 0.2641 0.1881 0.2806
283      283   (1)      1  : 0.3582 0.0815 0.0995 0.4607
284      284   (0)      1  : 0.3913 0.0410 0.2169 0.3508
285      285   (1)      1  : 0.2275 0.0730 0.3670 0.3325
286      286   (1)      1  : 0.3643 0.0375 0.2119 0.3863
287      287   (1)      1  : 0.0165 0.9510 0.0135 0.0190
288      288   (1)      1  : 0.0820 0.7735 0.0615 0.0830
289      289   (1)      1  : 0.2430 0.1565 0.0750 0.5255
290      290   (1)      1  : 0.0260 0.9220 0.0270 0.0250
291      291   (1)      1  : 0.1401 0.4497 0.2776 0.1326
292      292   (1)      1  : 0.2921 0.2941 0.0930 0.3207
293      293   (1)      1  : 0.1254 0.0530 0.6936 0.1279
294      294   (1)      1  : 0.3440 0.2580 0.0715 0.3265
295      295   (0)      1  : 0.3135 0.0405 0.2390 0.4070
296      296   (0)      1  : 0.3112 0.0529 0.1508 0.4850
297      297   (1)      1  : 0.0770 0.8051 0.0350 0.0830
298      298   (0)      1  : 0.5193 0.0355 0.0640 0.3812
299      299   (1)      1  : 0.1705 0.2885 0.3550 0.1860
300      300   (1)      1  : 0.4485 0.0635 0.1370 0.3510
301      301   (0)      1  : 0.0440 0.8799 0.0335 0.0425
302      302   (1)      1  : 0.2465 0.4825 0.0710 0.2000
303      303   (1)      1  : 0.2245 0.2005 0.0795 0.4955
304      304   (1)      1  : 0.2300 0.2065 0.1175 0.4460
305      305   (1)      1  : 0.3680 0.0490 0.1380 0.4450
306      306   (1)      1  : 0.1755 0.6835 0.0280 0.1130
307      307   (2)      1  : 0.3902 0.0320 0.3257 0.2521
308      308   (0)      1  : 0.4136 0.1528 0.0804 0.3531
309      309   (2)      1  : 0.0300 0.9055 0.0350 0.0295
310      310   (0)      1  : 0.2085 0.5000 0.1025 0.1890
311      311   (0)      1  : 0.1235 0.5585 0.0680 0.2500
312      312   (0)      1  : 0.1549 0.0580 0.6282 0.1589
313      313   (1)      1  : 0.4930 0.0300 0.1845 0.2925
314      314   (0)      1  : 0.1181 0.0670 0.6723 0.1426
315      315   (1)      1  : 0.4155 0.0935 0.1600 0.3310
316      316   (1)      1  : 0.5123 0.0530 0.1081 0.3267
317      317   (1)      1  : 0.1655 0.0715 0.4155 0.3475
318      318   (1)      1  : 0.2145 0.0500 0.5230 0.2125
319      319   (1)      1  : 0.2660 0.0285 0.1975 0.5080
320      320   (0)      1  : 0.5100 0.0230 0.1115 0.3555
321      321   (1)      1  : 0.4390 0.0435 0.1100 0.4075
322      322   (0)      1  : 0.2199 0.3818 0.0920 0.3063
323      323   (1)      1  : 0.4910 0.0400 0.0465 0.4225
324      324   (1)      1  : 0.4575 0.0450 0.2320 0.2655
325      325   (1)      1  : 0.2565 0.4765 0.0710 0.1960
326      326   (1)      1  : 0.5383 0.0820 0.0710 0.3086
327      327   (1)      1  : 0.4520 0.0569 0.2103 0.2807
328      328   (1)      2  : 0.1525 0.0610 0.6455 0.1410
329      329   (0)      2  : 0.4650 0.1025 0.1030 0.3295
330      330   (0)      2  : 0.6003 0.0960 0.0425 0.2611
331      331   (1)      2  : 0.1206 0.6673 0.0955 0.1166
332      332   (1)      2  : 0.0695 0.7510 0.0825 0.0970
333      333   (1)      2  : 0.0510 0.8450 0.0395 0.0645
334      334   (1)      2  : 0.2865 0.2450 0.2590 0.2095
335      335   (0)      2  : 0.2150 0.0330 0.5355 0.2165
336      336   (1)      2  : 0.0480 0.8731 0.0300 0.0490
337      337   (1)      2  : 0.2874 0.0610 0.0650 0.5867
338      338   (1)      2  : 0.0575 0.8590 0.0265 0.0570
339      339   (1)      2  : 0.3983 0.0750 0.0645 0.4623
340      340   (0)      2  : 0.1374 0.1669 0.5197 0.1759
341      341   (1)      2  : 0.2336 0.0265 0.3197 0.4202
342      342   (2)      2  : 0.2020 0.4445 0.1110 0.2425
343      343   (2)      2  : 0.1580 0.3680 0.3210 0.1530
344      344   (3)      2  : 0.1219 0.5022 0.1694 0.2064
345      345   (2)      2  : 0.1140 0.6905 0.1040 0.0915
346      346   (4)      2  : 0.7150 0.0345 0.0385 0.2120
347      347   (3)      2  : 0.3112 0.0640 0.0620 0.5628
348      348   (1)      2  : 0.3495 0.2470 0.1115 0.2920
349      349   (1)      2  : 0.4127 0.0500 0.0720 0.4652
350      350   (1)      2  : 0.4513 0.0620 0.0530 0.4338
351      351   (0)      2  : 0.0900 0.7389 0.0425 0.1286
352      352   (4)      2  : 0.2290 0.4710 0.1075 0.1925
353      353   (2)      2  : 0.3195 0.2445 0.2330 0.2030
354      354   (1)      2  : 0.3865 0.1175 0.0805 0.4155
355      355   (2)      2  : 0.5088 0.0490 0.0996 0.3427
356      356   (1)      2  : 0.2405 0.0560 0.4830 0.2205
357      357   (2)      2  : 0.0509 0.6778 0.2118 0.0594
358      358   (2)      2  : 0.1850 0.0290 0.4695 0.3165
359      359   (3)      2  : 0.2275 0.1175 0.1295 0.5255
360      360   (0)      2  : 0.2134 0.0705 0.4997 0.2164
361      361   (1)      2  : 0.5985 0.0295 0.0945 0.2775
362      362   (1)      2  : 0.3735 0.2300 0.1070 0.2895
363      363   (2)      2  : 0.2085 0.3020 0.2725 0.2170
364      364   (3)      2  : 0.3345 0.0320 0.0790 0.5545
365      365   (4)      2  : 0.4518 0.0530 0.0550 0.4403
366      366   (4)      2  : 0.2371 0.0580 0.4492 0.2556
367      367   (3)      2  : 0.0995 0.7905 0.0420 0.0680
368      368   (3)      2  : 0.2294 0.3978 0.0910 0.2819
369      369   (2)      2  : 0.2728 0.1079 0.4218 0.1974
370      370   (3)      2  : 0.4855 0.0885 0.1215 0.3045
371      371   (1)      2  : 0.3510 0.0535 0.2085 0.3870
372      372   (3)      2  : 0.2735 0.1395 0.1710 0.4160
373      373   (5)      2  : 0.1335 0.1260 0.6055 0.1350
374      374   (5)      2  : 0.0780 0.0290 0.7851 0.1079
375      375   (3)      2  : 0.5020 0.1330 0.0760 0.2890
376      376   (3)      2  : 0.0375 0.8939 0.0290 0.0395
377      377   (4)      2  : 0.1170 0.2505 0.5255 0.1070
378      378   (0)      2  : 0.2627 0.1159 0.2418 0.3796
379      379   (5)      2  : 0.2561 0.1546 0.2196 0.3697
380      380   (4)      2  : 0.2414 0.1929 0.2879 0.2779
381      381   (1)      2  : 0.2726 0.0720 0.1786 0.4767
382      382   (1)      2  : 0.2968 0.0535 0.1974 0.4523
383      383   (3)      2  : 0.2195 0.4845 0.0975 0.1985
384      384   (2)      2  : 0.3510 0.2505 0.0410 0.3575
385      385   (4)      2  : 0.5510 0.0730 0.0380 0.3380
386      386   (2)      2  : 0.2275 0.3865 0.0500 0.3360
387      387   (1)      2  : 0.1529 0.3378 0.3158 0.1934
388      388   (6)      2  : 0.1725 0.0890 0.4795 0.2590
389      389   (1)      2  : 0.3555 0.1750 0.0840 0.3855
390      390   (1)      2  : 0.3370 0.0995 0.1135 0.4500
391      391   (3)      2  : 0.0440 0.8484 0.0665 0.0410
392      392   (2)      2  : 0.3500 0.0510 0.3065 0.2925
393      393   (4)      2  : 0.0805 0.0975 0.7541 0.0680
394      394   (3)      2  : 0.0985 0.7710 0.0375 0.0930
395      395   (7)      2  : 0.1239 0.2669 0.5013 0.1079
396      396   (4)      2  : 0.1061 0.5458 0.2471 0.1011
397      397   (1)      2  : 0.3710 0.0815 0.1695 0.3780
398      398   (3)      2  : 0.3297 0.2586 0.1901 0.2216
399      399   (2)      2  : 0.1766 0.3832 0.2931 0.1471
400      400   (0)      2  : 0.4925 0.0800 0.1325 0.2950
401      401   (6)      2  : 0.1065 0.0850 0.7140 0.0945
402      402   (5)      2  : 0.1435 0.2545 0.5000 0.1020
403      403   (1)      2  : 0.2365 0.1880 0.2855 0.2900
404      404   (2)      2  : 0.3503 0.2034 0.0640 0.3823
405      405   (3)      2  : 0.4683 0.0510 0.1204 0.3603
406      406   (2)      2  : 0.4738 0.0535 0.0640 0.4088
407      407   (2)      2  : 0.1889 0.1869 0.3548 0.2694
408      408   (2)      2  : 0.2445 0.1540 0.3980 0.2035
409      409   (1)      2  : 0.4135 0.0495 0.3370 0.2000
410      410   (1)      2  : 0.5930 0.0405 0.0915 0.2750
411      411   (1)      2  : 0.4980 0.0580 0.1115 0.3325
412      412   (0)      2  : 0.3525 0.0315 0.0645 0.5515
413      413   (1)      2  : 0.6063 0.0565 0.0535 0.2837
414      414   (2)      2  : 0.3226 0.0380 0.0720 0.5673
415      415   (2)      2  : 0.4953 0.0280 0.2424 0.2344
416      416   (3)      2  : 0.4400 0.1000 0.0805 0.3795
417      417   (1)      2  : 0.2459 0.0710 0.4283 0.2549
418      418   (0)      2  : 0.1005 0.0465 0.7766 0.0765
419      419   (1)      2  : 0.2890 0.0370 0.4040 0.2700
420      420   (0)      2  : 0.5825 0.0475 0.0465 0.3235
421      421   (1)      2  : 0.4427 0.0730 0.0860 0.3982
422      422   (6)      2  : 0.3915 0.0740 0.1890 0.3455
423      423   (2)      2  : 0.5547 0.0750 0.1384 0.2319
424      424   (1)      2  : 0.2730 0.2750 0.2655 0.1865
425      425   (1)      2  : 0.3362 0.3342 0.0814 0.2483
426      426   (3)      2  : 0.3903 0.0505 0.2464 0.3128
427      427   (2)      2  : 0.1211 0.6263 0.0290 0.2236
428      428   (6)      2  : 0.6203 0.0275 0.0540 0.2981
429      429   (1)      2  : 0.3195 0.2315 0.0390 0.4100
430      430   (1)      2  : 0.2844 0.1954 0.2519 0.2684
431      431   (0)      2  : 0.4765 0.0795 0.0715 0.3725
432      432   (2)      2  : 0.0595 0.7981 0.0705 0.0720
433      433   (2)      2  : 0.1071 0.1081 0.6568 0.1281
434      434   (2)      2  : 0.3460 0.1685 0.0835 0.4020
435      435   (8)      2  : 0.4192 0.1101 0.1901 0.2806
436      436   (2)      2  : 0.5067 0.0455 0.1726 0.2751
437      437   (4)      2  : 0.3614 0.0501 0.2893 0.2993
438      438   (1)      2  : 0.0775 0.0900 0.7824 0.0500
439      439   (2)      2  : 0.1476 0.5508 0.1096 0.1921
440      440   (0)      2  : 0.0515 0.1435 0.7520 0.0530
441      441   (1)      2  : 0.2755 0.0435 0.0600 0.6210
442      442   (6)      2  : 0.2559 0.1739 0.2429 0.3273
443      443   (1)      2  : 0.3870 0.0295 0.0480 0.5355
444      444   (6)      2  : 0.3427 0.0635 0.4237 0.1701
445      445   (2)      2  : 0.3687 0.1061 0.3046 0.2206
446      446   (3)      2  : 0.1580 0.3270 0.3890 0.1260
447      447   (2)      2  : 0.3413 0.1409 0.1494 0.3683
448      448   (3)      2  : 0.2625 0.0855 0.1000 0.5520
449      449   (1)      2  : 0.3425 0.0450 0.1075 0.5050
450      450   (4)      2  : 0.3363 0.2364 0.2909 0.1364
451      451   (3)      2  : 0.3280 0.0625 0.1125 0.4970
452      452   (1)      2  : 0.2946 0.0900 0.0500 0.5653
453      453   (1)      2  : 0.4128 0.0350 0.0410 0.5112
454      454   (4)      2  : 0.1786 0.0790 0.4947 0.2476
455      455   (4)      2  : 0.1261 0.4822 0.2086 0.1831
456      456   (5)      2  : 0.4552 0.1716 0.1166 0.2566
457      457   (3)      2  : 0.2195 0.0450 0.5370 0.1985
458      458   (1)      2  : 0.4227 0.0755 0.2341 0.2677
459      459   (1)      2  : 0.0545 0.8705 0.0315 0.0435
460      460   (2)      2  : 0.4387 0.0590 0.0750 0.4272
461      461   (1)      2  : 0.0595 0.7560 0.1010 0.0835
462      462   (1)      2  : 0.2795 0.0275 0.3365 0.3565
463      463   (4)      2  : 0.3457 0.0850 0.1106 0.4587
464      464   (6)      2  : 0.4238 0.0410 0.3014 0.2339
465      465   (3)      2  : 0.2150 0.0505 0.6115 0.1230
466      466   (3)      2  : 0.2540 0.1150 0.3455 0.2855
467      467   (2)      2  : 0.2932 0.1166 0.1005 0.4897
468      468   (2)      2  : 0.5867 0.0285 0.1379 0.2469
469      469   (1)      2  : 0.0325 0.9130 0.0235 0.0310
470      470   (0)      2  : 0.0845 0.2716 0.4952 0.1486
471      471   (2)      2  : 0.4785 0.1095 0.1355 0.2765
472      472   (2)      2  : 0.7070 0.0145 0.0385 0.2400
473      473   (1)      2  : 0.4692 0.1181 0.1121 0.3007
474      474   (3)      2  : 0.5655 0.0895 0.1050 0.2400
475      475   (1)      2  : 0.1421 0.1306 0.4532 0.2741
476      476   (2)      2  : 0.3543 0.0590 0.1249 0.4618
477      477   (0)      2  : 0.2764 0.1369 0.3958 0.1909
478      478   (1)      2  : 0.3922 0.1201 0.1151 0.3727
479      479   (1)      2  : 0.3990 0.0705 0.2520 0.2785
480      480   (1)      2  : 0.3722 0.1356 0.0940 0.3982
481      481   (1)      2  : 0.4442 0.0600 0.1031 0.3927
482      482   (1)      2  : 0.1933 0.0544 0.5819 0.1703
483      483   (0)      2  : 0.3473 0.0530 0.2344 0.3653
484      484   (0)      2  : 0.2875 0.0875 0.0745 0.5505
485      485   (0)      2  : 0.1990 0.0445 0.5460 0.2105
486      486   (0)      2  : 0.3950 0.0745 0.2280 0.3025
487      487   (1)      2  : 0.0755 0.0450 0.7455 0.1340
488      488   (1)      2  : 0.2694 0.1029 0.3938 0.2339
489      489   (1)      2  : 0.3105 0.0715 0.0720 0.5460
490      490   (0)      2  : 0.6118 0.0310 0.0530 0.3041
491      491   (0)      2  : 0.1595 0.0795 0.6060 0.1550
492      492   (5)      2  : 0.0435 0.7855 0.1190 0.0520
493      493   (1)      2  : 0.1501 0.3062 0.2936 0.2501
494      494   (3)      2  : 0.3745 0.0610 0.2015 0.3630
495      495   (1)      2  : 0.3315 0.1370 0.2735 0.2580
496      496   (1)      2  : 0.4955 0.1495 0.0535 0.3015
497      497   (1)      2  : 0.3640 0.0260 0.3060 0.3040
498      498   (1)      2  : 0.2370 0.0970 0.3665 0.2995
499      499   (1)      2  : 0.3442 0.0585 0.2886 0.3087
500      500   (1)      2  : 0.4630 0.1271 0.0460 0.3639
501      501   (2)      2  : 0.2921 0.0400 0.5153 0.1526
502      502   (1)      2  : 0.0970 0.2599 0.5082 0.1349
503      503   (2)      2  : 0.2535 0.1445 0.2835 0.3185
504      504   (2)      2  : 0.1541 0.0900 0.5833 0.1726
505      505   (2)      2  : 0.4473 0.1144 0.1314 0.3068
506      506   (3)      2  : 0.4975 0.0870 0.1385 0.2770
507      507   (1)      2  : 0.5225 0.1360 0.0585 0.2830
508      508   (7)      2  : 0.5073 0.0515 0.1301 0.3111
509      509   (1)      2  : 0.2019 0.2094 0.3463 0.2424
510      510   (1)      2  : 0.0215 0.9340 0.0235 0.0210
511      511   (2)      2  : 0.1410 0.1710 0.5760 0.1120
512      512   (1)      2  : 0.2136 0.0395 0.5668 0.1801
513      513   (3)      2  : 0.4882 0.0510 0.0740 0.3867
514      514   (1)      2  : 0.0540 0.0330 0.8640 0.0490
515      515   (5)      2  : 0.4975 0.0495 0.1115 0.3415
516      516   (3)      2  : 0.0730 0.3470 0.5040 0.0760
517      517   (1)      2  : 0.2049 0.0320 0.4278 0.3353
518      518   (1)      2  : 0.1010 0.5505 0.1810 0.1675
519      519   (0)      2  : 0.3260 0.1415 0.3160 0.2165
520      520   (0)      2  : 0.2400 0.0545 0.1975 0.5080
521      521   (2)      2  : 0.3945 0.1265 0.1710 0.3080
522      522   (2)      2  : 0.2832 0.4216 0.1324 0.1628
523      523   (1)      2  : 0.1209 0.3313 0.3588 0.1889
524      524   (3)      2  : 0.4263 0.1589 0.1459 0.2689
525      525   (1)      2  : 0.1679 0.0710 0.3338 0.4273
526      526   (7)      2  : 0.5377 0.0270 0.0865 0.3488
527      527   (4)      2  : 0.3865 0.1345 0.1005 0.3785
528      528   (1)      2  : 0.3180 0.0370 0.2570 0.3880
529      529   (2)      2  : 0.5790 0.0440 0.0695 0.3075
530      530   (1)      2  : 0.2516 0.0870 0.5243 0.1371
531      531   (2)      2  : 0.3728 0.0495 0.1239 0.4538
532      532   (2)      2  : 0.5262 0.0270 0.1449 0.3019
533      533   (5)      2  : 0.0295 0.8870 0.0435 0.0400
534      534   (2)      2  : 0.3838 0.1454 0.2064 0.2644
535      535   (3)      2  : 0.2425 0.0805 0.4125 0.2645
536      536   (0)      2  : 0.4273 0.1494 0.0930 0.3304
537      537   (3)      2  : 0.1945 0.2995 0.1335 0.3725
538      538   (1)      2  : 0.4118 0.0515 0.2389 0.2979
539      539   (1)      2  : 0.2380 0.0760 0.4075 0.2785
540      540   (1)      2  : 0.4270 0.0725 0.1405 0.3600
541      541   (5)      2  : 0.2089 0.0205 0.4028 0.3678
542      542   (4)      2  : 0.2691 0.1406 0.1416 0.4487
543      543   (2)      2  : 0.3415 0.0290 0.4450 0.1845
544      544   (2)      2  : 0.3048 0.0800 0.3978 0.2174
545      545   (2)      2  : 0.1661 0.3467 0.2206 0.2666
546      546   (1)      2  : 0.3160 0.0645 0.3725 0.2470
547      547   (1)      2  : 0.2950 0.0880 0.3540 0.2630
548      548   (1)      2  : 0.1006 0.7644 0.0445 0.0905
549      549   (1)      2  : 0.1576 0.3422 0.2096 0.2907
550      550   (2)      2  : 0.3095 0.3005 0.0985 0.2915
551      551   (4)      2  : 0.3143 0.1774 0.0775 0.4308
552      552   (6)      2  : 0.3832 0.0495 0.0280 0.5393
553      553   (3)      2  : 0.0660 0.0395 0.8330 0.0615
554      554   (1)      2  : 0.1680 0.0275 0.5700 0.2345
555      555   (4)      2  : 0.2255 0.0420 0.4470 0.2855
556      556   (2)      2  : 0.3360 0.1165 0.2525 0.2950
557      557   (0)      2  : 0.3545 0.0530 0.2085 0.3840
558      558   (2)      2  : 0.2400 0.0945 0.4065 0.2590
559      559   (3)      2  : 0.1885 0.3375 0.1015 0.3725
560      560   (6)      2  : 0.1730 0.0425 0.5430 0.2415
561      561   (1)      2  : 0.3513 0.2039 0.0440 0.4008
562      562   (2)      2  : 0.1675 0.0735 0.6375 0.1215
563      563   (2)      2  : 0.1110 0.3465 0.2775 0.2650
564      564   (1)      2  : 0.3050 0.4035 0.1345 0.1570
565      565   (1)      2  : 0.5040 0.0735 0.0445 0.3780
566      566   (1)      2  : 0.4938 0.0365 0.1539 0.3158
567      567   (1)      2  : 0.3092 0.0520 0.0640 0.5748
568      568   (1)      2  : 0.2624 0.0340 0.0885 0.6152
569      569   (3)      2  : 0.4075 0.0535 0.1425 0.3965
570      570   (1)      2  : 0.1610 0.3090 0.3155 0.2145
571      571   (2)      2  : 0.1495 0.6020 0.1165 0.1320
572      572   (5)      2  : 0.1005 0.1935 0.5795 0.1265
573      573   (5)      2  : 0.1810 0.2045 0.1795 0.4350
574      574   (1)      2  : 0.2879 0.2029 0.0715 0.4378
575      575   (2)      2  : 0.2863 0.0435 0.3273 0.3428
576      576   (0)      2  : 0.1300 0.0255 0.6755 0.1690
577      577   (1)      2  : 0.2151 0.3297 0.1091 0.3462
578      578   (1)      2  : 0.2900 0.0340 0.0290 0.6470
579      579   (2)      2  : 0.1754 0.0950 0.4283 0.3013
580      580   (1)      2  : 0.2371 0.0270 0.4172 0.3187
581      581   (1)      2  : 0.1126 0.1531 0.5858 0.1486
582      582   (0)      2  : 0.5523 0.1071 0.0580 0.2826
583      583   (1)      2  : 0.2101 0.0840 0.3317 0.3742
584      584   (2)      2  : 0.1454 0.3538 0.2394 0.2614
585      585   (1)      2  : 0.3108 0.2759 0.0375 0.3758
586      586   (0)      2  : 0.1311 0.6143 0.1136 0.1411
587      587   (1)      2  : 0.4236 0.0470 0.2378 0.2917
588      588   (0)      2  : 0.1349 0.4843 0.1344 0.2464
589      589   (2)      2  : 0.0695 0.0435 0.8244 0.0625
590      590   (2)      2  : 0.3500 0.1795 0.2500 0.2205
591      591   (1)      2  : 0.1780 0.4560 0.1760 0.1900
592      592   (1)      2  : 0.3162 0.0615 0.2801 0.3422
593      593   (1)      2  : 0.3842 0.3017 0.0625 0.2516
594      594   (3)      2  : 0.4880 0.0539 0.1359 0.3222
595      595   (1)      2  : 0.2730 0.1170 0.1290 0.4810
596      596   (1)      2  : 0.5240 0.1085 0.0970 0.2705
597      597   (1)      2  : 0.5255 0.1080 0.0685 0.2980
598      598   (1)      2  : 0.1254 0.6142 0.0950 0.1654
599      599   (1)      2  : 0.1874 0.1054 0.4338 0.2734
600      600   (2)      2  : 0.2021 0.0570 0.5227 0.2181
601      601   (7)      2  : 0.0891 0.0210 0.7548 0.1351
602      602   (3)      2  : 0.5780 0.0975 0.0570 0.2675
603      603   (1)      2  : 0.2887 0.0630 0.3972 0.2511
604      604   (1)      2  : 0.2480 0.0655 0.2520 0.4345
605      605   (1)      2  : 0.2180 0.0480 0.5635 0.1705
606      606   (1)      2  : 0.2246 0.4617 0.0625 0.2511
607      607   (1)      2  : 0.4700 0.0785 0.1905 0.2610
608      608   (1)      2  : 0.2978 0.0630 0.4033 0.2359
609      609   (1)      2  : 0.0480 0.0660 0.8130 0.0730
610      610   (1)      2  : 0.2389 0.2214 0.3503 0.1894
611      611   (1)      2  : 0.3910 0.0735 0.2660 0.2695
612      612   (1)      2  : 0.3360 0.1555 0.1090 0.3994
613      613   (2)      2  : 0.1150 0.6060 0.1650 0.1140
614      614   (1)      2  : 0.0696 0.3003 0.5626 0.0676
615      615   (1)      2  : 0.5210 0.0475 0.0910 0.3405
616      616   (1)      2  : 0.5810 0.0480 0.0680 0.3030
617      617   (1)      2  : 0.3535 0.0380 0.3670 0.2415
618      618   (0)      2  : 0.3773 0.1754 0.0520 0.3953
619      619   (1)      2  : 0.3385 0.1290 0.0645 0.4680
620      620   (1)      2  : 0.3400 0.3115 0.1440 0.2045
621      621   (1)      2  : 0.2435 0.2235 0.3510 0.1820
622      622   (1)      2  : 0.3802 0.0200 0.2837 0.3161
623      623   (1)      2  : 0.2224 0.3213 0.0740 0.3823
624      624   (0)      2  : 0.2140 0.1055 0.2265 0.4540
625      625   (0)      2  : 0.3885 0.0500 0.0385 0.5230
626      626   (1)      2  : 0.5740 0.0265 0.1215 0.2780
627      627   (1)      2  : 0.3688 0.0415 0.0910 0.4987
628      628   (1)      2  : 0.1910 0.5495 0.0720 0.1875
629      629   (1)      2  : 0.0415 0.8995 0.0210 0.0380
630      630   (2)      2  : 0.2760 0.1000 0.0450 0.5790
631      631   (5)      2  : 0.0994 0.3253 0.4358 0.1394
632      632   (2)      2  : 0.5092 0.0840 0.1366 0.2702
633      633   (1)      2  : 0.2945 0.3360 0.0420 0.3275
634      634   (4)      2  : 0.2530 0.0265 0.3540 0.3665
635      635   (1)      2  : 0.3337 0.0245 0.0280 0.6138
636      636   (0)      2  : 0.3480 0.0810 0.1340 0.4370
637      637   (1)      2  : 0.0580 0.0440 0.8315 0.0665
638      638   (0)      2  : 0.3225 0.1585 0.0485 0.4705
639      639   (0)      2  : 0.1520 0.0795 0.4770 0.2915
640      640   (1)      2  : 0.5255 0.1420 0.1055 0.2270
641      641   (1)      2  : 0.3069 0.1334 0.2099 0.3498
642      642   (1)      2  : 0.2252 0.3939 0.1567 0.2242
643      643   (1)      2  : 0.3695 0.0220 0.0420 0.5665
644      644   (1)      2  : 0.5112 0.0410 0.0575 0.3902
645      645   (0)      2  : 0.3265 0.2735 0.0985 0.3015
646      646   (1)      3  : 0.4467 0.0810 0.1941 0.2782
647      647   (1)      2  : 0.2895 0.1110 0.1230 0.4765
648      648   (0)      3  : 0.4875 0.0290 0.1470 0.3365
649      649   (1)      3  : 0.3273 0.0225 0.0320 0.6182
650      650   (1)      3  : 0.3090 0.1015 0.0455 0.5440
651      651   (1)      2  : 0.2945 0.0565 0.2255 0.4235
652      652   (0)      3  : 0.2915 0.0580 0.1275 0.5230
653      653   (2)      4  : 0.1515 0.0510 0.5130 0.2845
654      654   (0)      2  : 0.3008 0.0350 0.0886 0.5756
655      655   (1)      4  : 0.1835 0.1885 0.4945 0.1335
656      656   (1)      4  : 0.0970 0.0565 0.7655 0.0810
657      657   (1)      4  : 0.0395 0.0230 0.9065 0.0310
658      658   (0)      4  : 0.0360 0.0525 0.8790 0.0325
659      659   (0)      4  : 0.0450 0.0305 0.8741 0.0505
660      660   (3)      3  : 0.5762 0.1534 0.0345 0.2359
661      661   (1)      2  : 0.3430 0.0925 0.2245 0.3400
662      662   (1)      3  : 0.3145 0.0665 0.0980 0.5210
663      663   (1)      3  : 0.2295 0.0480 0.0585 0.6640
664      664   (1)      3  : 0.5643 0.0850 0.1046 0.2461
665      665   (1)      3  : 0.4317 0.1341 0.0375 0.3967
666      666   (0)      2  : 0.1030 0.6480 0.1385 0.1105
667      667   (1)      3  : 0.2424 0.0550 0.0470 0.6557
668      668   (1)      4  : 0.1816 0.3417 0.2911 0.1856
669      669   (0)      4  : 0.0395 0.0415 0.8756 0.0435
670      670   (1)      4  : 0.0785 0.0270 0.7841 0.1104
671      671   (1)      4  : 0.1324 0.0640 0.6192 0.1844
672      672   (1)      4  : 0.0970 0.0470 0.7556 0.1005
673      673   (0)      4  : 0.2125 0.0515 0.5390 0.1970
674      674   (2)      3  : 0.4082 0.0435 0.1391 0.4092
675      675   (5)      3  : 0.5548 0.0775 0.1146 0.2531
676      676   (0)      3  : 0.2835 0.0255 0.2330 0.4580
677      677   (3)      3  : 0.4495 0.2215 0.0690 0.2600
678      678   (0)      3  : 0.4630 0.0720 0.1200 0.3450
679      679   (2)      2  : 0.3247 0.2921 0.1601 0.2231
680      680   (0)      3  : 0.3141 0.1966 0.1401 0.3492
681      681   (2)      4  : 0.0755 0.1401 0.6558 0.1286
682      682   (0)      2  : 0.1730 0.1515 0.5555 0.1200
683      683   (2)      4  : 0.1851 0.0450 0.5158 0.2541
684      684   (1)      4  : 0.0335 0.1319 0.7946 0.0400
685      685   (1)      4  : 0.0425 0.0470 0.8634 0.0470
686      686   (0)      4  : 0.0345 0.0285 0.9025 0.0345
687      687   (1)      3  : 0.5927 0.0730 0.0945 0.2399
688      688   (2)      3  : 0.2842 0.0325 0.0705 0.6128
689      689   (1)      3  : 0.5295 0.0675 0.1140 0.2890
690      690   (1)      3  : 0.5907 0.0720 0.0600 0.2774
691      691   (1)      2  : 0.1246 0.0996 0.6553 0.1206
692      692   (0)      3  : 0.3035 0.0735 0.0985 0.5245
693      693   (0)      2  : 0.5198 0.0830 0.1449 0.2524
694      694   (1)      4  : 0.2581 0.0550 0.3202 0.3667
695      695   (0)      4  : 0.0900 0.0175 0.8120 0.0805
696      696   (1)      4  : 0.1469 0.1714 0.5937 0.0880
697      697   (0)      4  : 0.0490 0.0505 0.8630 0.0375
698      698   (1)      4  : 0.0750 0.0545 0.8045 0.0660
699      699   (6)      3  : 0.4860 0.1070 0.1555 0.2515
700      700   (1)      2  : 0.2176 0.3587 0.1136 0.3102
701      701   (3)      3  : 0.3725 0.0580 0.1575 0.4120
702      702   (1)      3  : 0.5333 0.0425 0.1066 0.3176
703      703   (3)      3  : 0.3460 0.1280 0.0620 0.4640
704      704   (1)      3  : 0.3222 0.0565 0.0510 0.5703
705      705   (1)      2  : 0.2963 0.1439 0.0525 0.5073
706      706   (0)      3  : 0.3408 0.0630 0.0625 0.5337
707      707   (1)      2  : 0.0815 0.8276 0.0320 0.0590
708      708   (2)      4  : 0.0415 0.0190 0.8880 0.0515
709      709   (1)      2  : 0.0500 0.8175 0.0865 0.0460
710      710   (1)      4  : 0.1360 0.0540 0.6050 0.2050
711      711   (2)      4  : 0.0830 0.0645 0.7441 0.1084
712      712   (1)      4  : 0.0825 0.0920 0.7486 0.0770
713      713   (0)      4  : 0.0385 0.0245 0.8995 0.0375
714      714   (1)      3  : 0.2089 0.1039 0.4818 0.2054
715      715   (1)      2  : 0.2110 0.0380 0.2125 0.5385
716      716   (3)      3  : 0.5902 0.0425 0.0530 0.3144
717      717   (0)      3  : 0.3745 0.0880 0.1645 0.3730
718      718   (4)      3  : 0.3195 0.0490 0.0565 0.5750
719      719   (1)      3  : 0.4276 0.1044 0.1838 0.2842
720      720   (1)      2  : 0.3520 0.1665 0.1460 0.3355
721      721   (1)      2  : 0.3565 0.1245 0.2425 0.2765
722      722   (1)      4  : 0.1204 0.1025 0.6772 0.1000
723      723   (0)      4  : 0.0415 0.0635 0.8501 0.0450
724      724   (0)      4  : 0.0515 0.0135 0.8754 0.0595
725      725   (2)      4  : 0.0529 0.0270 0.8686 0.0514
726      726   (1)      4  : 0.0330 0.0245 0.9035 0.0390
727      727   (2)      2  : 0.1776 0.0340 0.0830 0.7054
728      728   (3)      3  : 0.6513 0.0480 0.0495 0.2511
729      729   (1)      3  : 0.3500 0.1020 0.1330 0.4150
730      730   (2)      3  : 0.3872 0.0905 0.3327 0.1896
731      731   (1)      3  : 0.3392 0.0989 0.0714 0.4905
732      732   (1)      4  : 0.1065 0.1980 0.5735 0.1220
733      733   (1)      4  : 0.0565 0.0445 0.8180 0.0810
734      734   (1)      4  : 0.0565 0.0260 0.8755 0.0420
735      735   (2)      4  : 0.0545 0.0400 0.8104 0.0950
736      736   (1)      4  : 0.0415 0.0160 0.9001 0.0425
737      737   (0)      2  : 0.1190 0.5195 0.2630 0.0985
738      738   (0)      3  : 0.5203 0.0420 0.0630 0.3747
739      739   (1)      3  : 0.3710 0.0445 0.2400 0.3445
740      740   (1)      3  : 0.3872 0.0855 0.1436 0.3837
741      741   (1)      2  : 0.2690 0.1845 0.2985 0.2480
742      742   (1)      2  : 0.4705 0.0475 0.1370 0.3450
743      743   (0)      4  : 0.1820 0.0425 0.6375 0.1380
744      744   (0)      4  : 0.0505 0.0480 0.8610 0.0405
745      745   (0)      4  : 0.0375 0.0140 0.9105 0.0380
746      746   (0)      4  : 0.1360 0.0245 0.5725 0.2670
747      747   (1)      4  : 0.0485 0.0285 0.8641 0.0590
748      748   (1)      2  : 0.1334 0.6172 0.1010 0.1484
749      749   (1)      2  : 0.1796 0.4977 0.0915 0.2311
750      750   (0)      2  : 0.0745 0.0760 0.7350 0.1145
751      751   (1)      2  : 0.0410 0.8671 0.0600 0.0320
752      752   (1)      2  : 0.1240 0.0540 0.6905 0.1315
753      753   (1)      2  : 0.3325 0.1105 0.0600 0.4970
754      754   (0)      2  : 0.1795 0.1100 0.5300 0.1805
755      755   (1)      2  : 0.4945 0.1390 0.0525 0.3140
756      756   (0)      2  : 0.0350 0.8861 0.0420 0.0370
757      757   (1)      2  : 0.0575 0.7130 0.1725 0.0570
758      758   (2)      2  : 0.0630 0.8395 0.0295 0.0680
759      759   (0)      2  : 0.4290 0.0755 0.0645 0.4310
760      760   (1)      2  : 0.3598 0.0865 0.1614 0.3923
761      761   (2)      2  : 0.3737 0.0510 0.2661 0.3092
762      762   (0)      2  : 0.4188 0.1169 0.0690 0.3953
763      763   (1)      2  : 0.1506 0.5043 0.1991 0.1461
764      764   (1)      2  : 0.1464 0.4291 0.2443 0.1803
765      765   (1)      2  : 0.2900 0.1590 0.2725 0.2785
766      766   (3)      2  : 0.0905 0.5045 0.2775 0.1275
767      767   (1)      2  : 0.2947 0.0460 0.1146 0.5448
768      768   (1)      2  : 0.0320 0.8995 0.0305 0.0380
769      769   (1)      2  : 0.3522 0.0490 0.0430 0.5558
770      770   (1)      2  : 0.1680 0.0510 0.0215 0.7595
771      771   (0)      2  : 0.4825 0.1490 0.1165 0.2520
772      772   (0)      2  : 0.4038 0.0975 0.1389 0.3598
773      773   (1)      2  : 0.1030 0.1071 0.6218 0.1681
774      774   (1)      2  : 0.2845 0.2065 0.1315 0.3775
775      775   (1)      2  : 0.4058 0.2549 0.1059 0.2334
776      776   (0)      2  : 0.5813 0.0230 0.0915 0.3042
777      777   (1)      2  : 0.1541 0.0445 0.6073 0.1941
778      778   (1)      2  : 0.2970 0.0560 0.3270 0.3200
779      779   (6)      2  : 0.0400 0.8934 0.0285 0.0380
780      780   (2)      2  : 0.5886 0.0480 0.1231 0.2402
781      781   (1)      2  : 0.2340 0.1425 0.2125 0.4110
782      782   (1)      2  : 0.0865 0.0335 0.7685 0.1115
783      783   (1)      2  : 0.3026 0.1471 0.0795 0.4707
784      784   (1)      2  : 0.2325 0.4320 0.1285 0.2070
785      785   (1)      2  : 0.1359 0.5087 0.2404 0.1150
786      786   (2)      2  : 0.3605 0.0390 0.0540 0.5465
787      787   (0)      2  : 0.5482 0.1244 0.0395 0.2879
788      788   (1)      2  : 0.3317 0.0345 0.1866 0.4472
789      789   (1)      2  : 0.1399 0.0565 0.6192 0.1844
790      790   (1)      2  : 0.2469 0.4573 0.0435 0.2524
791      791   (1)      2  : 0.0320 0.9179 0.0225 0.0275
792      792   (2)      2  : 0.3113 0.0300 0.1029 0.5557
793      793   (1)      2  : 0.0830 0.0375 0.8065 0.0730
794      794   (0)      2  : 0.0615 0.0505 0.8240 0.0640
795      795   (1)      2  : 0.0530 0.8399 0.0580 0.0490
796      796   (0)      2  : 0.2296 0.0910 0.2046 0.4747
797      797   (0)      2  : 0.4577 0.1721 0.1376 0.2326
798      798   (0)      2  : 0.0935 0.1159 0.6917 0.0990
799      799   (1)      2  : 0.1045 0.6010 0.2165 0.0780
800      800   (1)      2  : 0.2770 0.5365 0.0410 0.1455
801      801   (1)      2  : 0.0620 0.8345 0.0420 0.0615
802      802   (1)      2  : 0.2196 0.0515 0.6018 0.1271
803      803   (2)      2  : 0.0680 0.0330 0.8334 0.0655
804      804   (1)      2  : 0.5590 0.0395 0.1115 0.2900
805      805   (1)      2  : 0.3265 0.0830 0.0435 0.5470
806      806   (0)      2  : 0.4158 0.0650 0.0640 0.4553
807      807   (1)      2  : 0.2085 0.3935 0.1150 0.2830
808      808   (1)      2  : 0.0690 0.8199 0.0430 0.0680
809      809   (2)      2  : 0.2761 0.3292 0.0345 0.3602
810      810   (1)      2  : 0.0415 0.8654 0.0495 0.0435
811      811   (1)      2  : 0.0350 0.9040 0.0310 0.0300
812      812   (0)      2  : 0.2910 0.1145 0.1375 0.4570
813      813   (1)      2  : 0.0625 0.8045 0.0800 0.0530
814      814   (1)      2  : 0.0290 0.8796 0.0599 0.0315
815      815   (0)      2  : 0.3437 0.0805 0.2451 0.3307
816      816   (0)      2  : 0.0844 0.2238 0.6259 0.0659
817      817   (1)      2  : 0.4575 0.1515 0.0835 0.3075
818      818   (2)      2  : 0.0495 0.8290 0.0775 0.0440
819      819   (1)      2  : 0.0400 0.3263 0.5877 0.0460
820      820   (0)      2  : 0.4292 0.2036 0.0800 0.2872
821      821   (1)      2  : 0.0340 0.9025 0.0275 0.0360
822      822   (2)      2  : 0.4348 0.1939 0.0665 0.3049
823      823   (1)      2  : 0.1775 0.5820 0.0645 0.1760
824      824   (1)      2  : 0.0849 0.7667 0.0764 0.0719
825      825   (1)      2  : 0.4567 0.0175 0.0885 0.4372
826      826   (1)      2  : 0.0785 0.8154 0.0360 0.0700
827      827   (0)      2  : 0.2325 0.1575 0.3315 0.2785
828      828   (1)      2  : 0.3635 0.0435 0.2145 0.3785
829      829   (1)      2  : 0.1725 0.5350 0.1760 0.1165
830      830   (1)      2  : 0.3873 0.0465 0.0660 0.5003
831      831   (1)      2  : 0.0415 0.8020 0.1190 0.0375
832      832   (1)      2  : 0.4533 0.0650 0.1954 0.2864
833      833   (1)      2  : 0.3257 0.0310 0.1329 0.5105
834      834   (0)      2  : 0.3440 0.0775 0.1555 0.4230
835      835   (1)      2  : 0.1867 0.4269 0.2683 0.1181
836      836   (0)      2  : 0.0775 0.6570 0.1765 0.0890
837      837   (1)      2  : 0.2684 0.2589 0.1614 0.3113
838      838   (1)      2  : 0.0530 0.0510 0.8380 0.0580
839      839   (1)      2  : 0.3362 0.0420 0.1601 0.4617
840      840   (0)      2  : 0.3490 0.1405 0.0805 0.4300
841      841   (5)      2  : 0.1540 0.5530 0.1295 0.1635
842      842   (1)      2  : 0.0460 0.8779 0.0285 0.0475
843      843   (2)      2  : 0.0350 0.9035 0.0285 0.0330
844      844   (1)      2  : 0.2000 0.4925 0.1465 0.1610
845      845   (1)      2  : 0.3285 0.1055 0.1535 0.4125
846      846   (0)      2  : 0.2181 0.1076 0.2561 0.4182
847      847   (0)      2  : 0.6025 0.0435 0.1050 0.2490
848      848   (1)      2  : 0.0365 0.9060 0.0215 0.0360
849      849   (1)      2  : 0.2039 0.0500 0.5212 0.2249
850      850   (1)      2  : 0.3430 0.0760 0.1560 0.4250
851      851   (1)      2  : 0.3437 0.1050 0.1666 0.3847
852      852   (1)      2  : 0.1500 0.4385 0.2890 0.1225
853      853   (1)      2  : 0.0710 0.6075 0.2155 0.1060
854      854   (0)      2  : 0.1286 0.5478 0.2186 0.1051
855      855   (1)      2  : 0.3270 0.0765 0.0900 0.5065
856      856   (5)      2  : 0.3543 0.1524 0.1524 0.3408
857      857   (1)      2  : 0.5752 0.0425 0.0620 0.3203
858      858   (0)      2  : 0.1301 0.0835 0.5838 0.2026
859      859   (0)      2  : 0.0880 0.7744 0.0615 0.0760
860      860   (1)      2  : 0.0335 0.9125 0.0225 0.0315
861      861   (1)      2  : 0.0420 0.8689 0.0450 0.0440
862      862   (1)      2  : 0.1305 0.1150 0.6345 0.1200
863      863   (0)      2  : 0.0360 0.8719 0.0545 0.0375
864      864   (4)      2  : 0.0875 0.7345 0.0900 0.0880
865      865   (1)      2  : 0.0420 0.0560 0.8646 0.0375
866      866   (1)      2  : 0.2740 0.2010 0.0370 0.4880
867      867   (1)      2  : 0.1330 0.0530 0.5975 0.2165
868      868   (0)      2  : 0.3818 0.0595 0.1364 0.4223
869      869   (1)      2  : 0.1765 0.0645 0.5780 0.1810
870      870   (1)      2  : 0.0625 0.7935 0.0830 0.0610
871      871   (1)      2  : 0.0415 0.1080 0.8050 0.0455
872      872   (1)      2  : 0.1640 0.1550 0.5515 0.1295
873      873   (1)      2  : 0.0435 0.8870 0.0315 0.0380
874      874   (1)      2  : 0.3692 0.0735 0.0710 0.4862
875      875   (1)      2  : 0.1374 0.1623 0.5320 0.1683
876      876   (1)      2  : 0.1691 0.1086 0.6143 0.1081
877      877   (1)      2  : 0.2806 0.4602 0.0650 0.1941
878      878   (0)      2  : 0.3632 0.2451 0.1381 0.2536
879      879   (2)      2  : 0.0265 0.9300 0.0210 0.0225
880      880   (1)      2  : 0.1994 0.2904 0.3043 0.2059
881      881   (2)      2  : 0.0850 0.7590 0.0690 0.0870
882      882   (1)      2  : 0.4373 0.0835 0.1864 0.2929
