  1        1   (0)      1 :  0.2641 0.7359 
  2        2   (1)      1 :  0.4938 0.5062 
  3        3   (1)      1 :  0.4554 0.5446 
  4        4   (1)      1 :  0.3565 0.6435 
  5        5   (2)      1 :  0.8609 0.1391 
  6        6   (1)      1 :  0.5881 0.4119 
  7        7   (1)      1 :  0.5619 0.4381 
  8        8   (0)      1 :  0.2871 0.7129 
  9        9   (1)      1 :  0.5418 0.4582 
 10       10   (1)      1 :  0.6257 0.3743 
 11       11   (0)      1 :  0.5031 0.4969 
 12       12   (0)      1 :  0.5255 0.4745 
 13       13   (1)      1 :  0.3763 0.6237 
 14       14   (1)      1 :  0.6606 0.3394 
 15       15   (2)      1 :  0.6474 0.3526 
 16       16   (1)      1 :  0.5216 0.4784 
 17       17   (1)      1 :  0.5073 0.4927 
 18       18   (2)      1 :  0.3430 0.6570 
 19       19   (1)      1 :  0.4287 0.5713 
 20       20   (1)      1 :  0.5605 0.4395 
 21       21   (1)      1 :  0.5386 0.4614 
 22       22   (1)      1 :  0.4489 0.5511 
 23       23   (1)      1 :  0.5625 0.4375 
 24       24   (1)      1 :  0.2710 0.7290 
 25       25   (1)      1 :  0.5546 0.4454 
 26       26   (1)      1 :  0.5029 0.4971 
 27       27   (1)      1 :  0.4731 0.5269 
 28       28   (1)      1 :  0.3628 0.6372 
 29       29   (1)      1 :  0.4531 0.5469 
 30       30   (1)      1 :  0.7048 0.2952 
 31       31   (1)      1 :  0.4043 0.5957 
 32       32   (1)      1 :  0.5018 0.4982 
 33       33   (1)      1 :  0.4933 0.5067 
 34       34   (1)      1 :  0.6776 0.3224 
 35       35   (0)      1 :  0.4523 0.5477 
 36       36   (1)      1 :  0.5490 0.4510 
 37       37   (1)      1 :  0.5017 0.4983 
 38       38   (1)      1 :  0.6498 0.3502 
 39       39   (1)      1 :  0.5465 0.4535 
 40       40   (0)      1 :  0.6110 0.3890 
 41       41   (1)      1 :  0.4066 0.5934 
 42       42   (1)      1 :  0.7904 0.2096 
 43       43   (1)      1 :  0.4127 0.5873 
 44       44   (7)      1 :  0.4468 0.5532 
 45       45   (2)      1 :  0.5849 0.4151 
 46       46   (1)      1 :  0.4387 0.5613 
 47       47   (0)      1 :  0.4638 0.5362 
 48       48   (1)      1 :  0.3941 0.6059 
 49       49   (0)      1 :  0.3739 0.6261 
 50       50   (1)      1 :  0.3728 0.6272 
 51       51   (2)      1 :  0.7387 0.2613 
 52       52   (1)      1 :  0.7995 0.2005 
 53       53   (2)      1 :  0.3622 0.6378 
 54       54   (1)      1 :  0.4460 0.5540 
 55       55   (3)      1 :  0.5128 0.4872 
 56       56   (1)      1 :  0.4891 0.5109 
 57       57   (0)      1 :  0.3231 0.6769 
 58       58   (1)      1 :  0.7292 0.2708 
 59       59   (0)      1 :  0.3411 0.6589 
 60       60   (2)      1 :  0.5310 0.4690 
 61       61   (1)      1 :  0.4238 0.5762 
 62       62   (1)      1 :  0.4063 0.5937 
 63       63   (0)      1 :  0.5102 0.4898 
 64       64   (3)      1 :  0.4497 0.5503 
 65       65   (1)      1 :  0.4386 0.5614 
 66       66   (4)      1 :  0.6251 0.3749 
 67       67   (0)      1 :  0.3540 0.6460 
 68       68   (2)      1 :  0.4136 0.5864 
 69       69   (2)      1 :  0.5734 0.4266 
 70       70   (1)      1 :  0.3945 0.6055 
 71       71   (0)      1 :  0.3814 0.6186 
 72       72   (5)      1 :  0.3402 0.6598 
 73       73   (1)      1 :  0.5669 0.4331 
 74       74   (1)      1 :  0.4041 0.5959 
 75       75   (1)      1 :  0.4769 0.5231 
 76       76   (1)      1 :  0.3939 0.6061 
 77       77   (1)      1 :  0.8350 0.1650 
 78       78   (1)      1 :  0.4027 0.5973 
 79       79   (2)      1 :  0.4233 0.5767 
 80       80   (2)      1 :  0.7329 0.2671 
 81       81   (2)      1 :  0.6464 0.3536 
 82       82   (1)      1 :  0.3049 0.6951 
 83       83   (0)      1 :  0.4279 0.5721 
 84       84   (1)      1 :  0.5850 0.4150 
 85       85   (6)      1 :  0.3660 0.6340 
 86       86   (1)      1 :  0.5231 0.4769 
 87       87   (2)      1 :  0.3961 0.6039 
 88       88   (0)      2 :  0.7941 0.2059 
 89       89   (1)      2 :  0.4602 0.5398 
 90       90   (1)      2 :  0.8261 0.1739 
 91       91   (2)      2 :  0.2639 0.7361 
 92       92   (1)      2 :  0.3695 0.6305 
 93       93   (1)      2 :  0.2577 0.7423 
 94       94   (1)      2 :  0.5773 0.4227 
 95       95   (0)      2 :  0.5768 0.4232 
 96       96   (2)      2 :  0.4826 0.5174 
 97       97   (1)      2 :  0.5075 0.4925 
 98       98   (0)      2 :  0.3849 0.6151 
 99       99   (0)      2 :  0.4691 0.5309 
100      100   (1)      2 :  0.4203 0.5797 
101      101   (1)      2 :  0.6381 0.3619 
102      102   (1)      2 :  0.4947 0.5053 
103      103   (2)      2 :  0.5595 0.4405 
104      104   (1)      2 :  0.3695 0.6305 
105      105   (1)      2 :  0.5550 0.4450 
106      106   (1)      2 :  0.8325 0.1675 
107      107   (2)      2 :  0.4782 0.5218 
108      108   (0)      2 :  0.4262 0.5738 
109      109   (1)      2 :  0.6141 0.3859 
110      110   (1)      2 :  0.5320 0.4680 
111      111   (1)      2 :  0.4522 0.5478 
112      112   (2)      2 :  0.4979 0.5021 
113      113   (1)      2 :  0.6836 0.3164 
114      114   (3)      2 :  0.4232 0.5768 
115      115   (2)      2 :  0.4261 0.5739 
116      116   (0)      2 :  0.5107 0.4893 
117      117   (1)      2 :  0.5633 0.4367 
118      118   (1)      2 :  0.3361 0.6639 
119      119   (3)      2 :  0.4579 0.5421 
120      120   (1)      2 :  0.2505 0.7495 
121      121   (0)      2 :  0.4703 0.5297 
122      122   (1)      2 :  0.4284 0.5716 
123      123   (1)      2 :  0.3163 0.6837 
124      124   (0)      2 :  0.5180 0.4820 
125      125   (1)      2 :  0.4839 0.5161 
126      126   (1)      2 :  0.6880 0.3120 
127      127   (1)      2 :  0.4598 0.5402 
128      128   (1)      2 :  0.3873 0.6127 
129      129   (1)      2 :  0.5342 0.4658 
130      130   (1)      2 :  0.4669 0.5331 
131      131   (1)      2 :  0.4612 0.5388 
132      132   (1)      2 :  0.4097 0.5903 
133      133   (1)      2 :  0.3798 0.6202 
134      134   (1)      2 :  0.4659 0.5341 
135      135   (1)      2 :  0.3206 0.6794 
136      136   (3)      2 :  0.3819 0.6181 
137      137   (1)      2 :  0.5712 0.4288 
138      138   (1)      2 :  0.7367 0.2633 
139      139   (2)      2 :  0.3539 0.6461 
140      140   (3)      2 :  0.4827 0.5173 
141      141   (0)      2 :  0.6134 0.3866 
142      142   (1)      2 :  0.5973 0.4027 
143      143   (0)      2 :  0.4368 0.5632 
144      144   (1)      2 :  0.3044 0.6956 
145      145   (1)      2 :  0.3725 0.6275 
146      146   (2)      2 :  0.4184 0.5816 
147      147   (1)      2 :  0.4481 0.5519 
148      148   (1)      2 :  0.3112 0.6888 
149      149   (2)      2 :  0.4575 0.5425 
150      150   (2)      2 :  0.4228 0.5772 
151      151   (1)      2 :  0.4904 0.5096 
152      152   (0)      2 :  0.4587 0.5413 
153      153   (1)      2 :  0.3943 0.6057 
154      154   (2)      2 :  0.4708 0.5292 
155      155   (1)      2 :  0.4442 0.5558 
156      156   (1)      2 :  0.4965 0.5035 
157      157   (0)      2 :  0.4551 0.5449 
158      158   (2)      2 :  0.3150 0.6850 
159      159   (1)      2 :  0.4498 0.5502 
160      160   (0)      2 :  0.4421 0.5579 
161      161   (1)      2 :  0.3883 0.6117 
162      162   (1)      2 :  0.4757 0.5243 
163      163   (1)      2 :  0.4133 0.5867 
164      164   (1)      2 :  0.3585 0.6415 
165      165   (0)      2 :  0.3130 0.6870 
166      166   (0)      2 :  0.4657 0.5343 
167      167   (2)      2 :  0.4924 0.5076 
168      168   (0)      2 :  0.4320 0.5680 
169      169   (1)      2 :  0.8466 0.1534 
170      170   (1)      2 :  0.4157 0.5843 
171      171   (1)      2 :  0.3866 0.6134 
172      172   (0)      2 :  0.6313 0.3687 
173      173   (1)      2 :  0.8299 0.1701 
174      174   (0)      2 :  0.4318 0.5682 
175      175   (1)      2 :  0.3738 0.6262 
176      176   (1)      2 :  0.4172 0.5828 
177      177   (1)      2 :  0.2496 0.7504 
178      178   (0)      2 :  0.4459 0.5541 
179      179   (1)      2 :  0.3098 0.6902 
180      180   (1)      2 :  0.7739 0.2261 
181      181   (1)      2 :  0.4339 0.5661 
182      182   (1)      2 :  0.5401 0.4599 
183      183   (1)      2 :  0.3864 0.6136 
184      184   (1)      2 :  0.6523 0.3477 
185      185   (2)      2 :  0.2668 0.7332 
186      186   (1)      2 :  0.4389 0.5611 
187      187   (0)      2 :  0.3834 0.6166 
188      188   (1)      2 :  0.4200 0.5800 
189      189   (0)      2 :  0.4995 0.5005 
190      190   (0)      2 :  0.4148 0.5852 
191      191   (2)      2 :  0.3699 0.6301 
192      192   (1)      2 :  0.4116 0.5884 
193      193   (1)      2 :  0.5381 0.4619 
194      194   (0)      2 :  0.3038 0.6962 
195      195   (1)      2 :  0.7709 0.2291 
196      196   (1)      2 :  0.4256 0.5744 
197      197   (1)      2 :  0.4306 0.5694 
198      198   (1)      2 :  0.7616 0.2384 
199      199   (0)      2 :  0.3949 0.6051 
200      200   (0)      2 :  0.4162 0.5838 
201      201   (1)      2 :  0.3683 0.6317 
202      202   (0)      2 :  0.2285 0.7715 
203      203   (0)      2 :  0.3793 0.6207 
204      204   (1)      2 :  0.4148 0.5852 
205      205   (1)      2 :  0.4888 0.5112 
206      206   (1)      2 :  0.7852 0.2148 
207      207   (1)      2 :  0.5687 0.4313 
208      208   (1)      2 :  0.4043 0.5957 
209      209   (0)      2 :  0.6787 0.3213 
210      210   (1)      2 :  0.8323 0.1677 
211      211   (0)      2 :  0.5205 0.4795 
212      212   (1)      2 :  0.5378 0.4622 
213      213   (1)      2 :  0.3840 0.6160 
214      214   (1)      2 :  0.4626 0.5374 
215      215   (1)      2 :  0.3712 0.6288 
216      216   (1)      2 :  0.7838 0.2162 
217      217   (1)      2 :  0.6080 0.3920 
218      218   (1)      2 :  0.3725 0.6275 
219      219   (1)      2 :  0.5337 0.4663 
220      220   (1)      2 :  0.2715 0.7285 
221      221   (0)      2 :  0.6028 0.3972 
222      222   (1)      2 :  0.3954 0.6046 
223      223   (0)      2 :  0.4442 0.5558 
224      224   (1)      2 :  0.3423 0.6577 
225      225   (1)      2 :  0.8527 0.1473 
226      226   (0)      2 :  0.5581 0.4419 
227      227   (1)      2 :  0.8129 0.1871 
228      228   (1)      2 :  0.4437 0.5563 
229      229   (2)      2 :  0.3574 0.6426 
230      230   (1)      2 :  0.5604 0.4396 
231      231   (1)      2 :  0.5033 0.4967 
232      232   (2)      2 :  0.4147 0.5853 
233      233   (1)      2 :  0.5117 0.4883 
234      234   (1)      2 :  0.8254 0.1746 
235      235   (0)      2 :  0.6550 0.3450 
236      236   (1)      2 :  0.3749 0.6251 
237      237   (1)      2 :  0.4518 0.5482 
238      238   (0)      2 :  0.5350 0.4650 
239      239   (1)      2 :  0.4658 0.5342 
240      240   (1)      2 :  0.4281 0.5719 
241      241   (0)      2 :  0.4856 0.5144 
242      242   (1)      2 :  0.3187 0.6813 
243      243   (1)      2 :  0.4048 0.5952 
244      244   (1)      2 :  0.4134 0.5866 
245      245   (0)      2 :  0.8568 0.1432 
246      246   (1)      2 :  0.5319 0.4681 
247      247   (0)      2 :  0.6372 0.3628 
248      248   (1)      2 :  0.6656 0.3344 
249      249   (1)      2 :  0.4713 0.5287 
250      250   (0)      2 :  0.4968 0.5032 
251      251   (1)      2 :  0.4748 0.5252 
252      252   (0)      2 :  0.4053 0.5947 
253      253   (0)      2 :  0.4683 0.5317 
254      254   (1)      2 :  0.4378 0.5622 
255      255   (1)      2 :  0.3674 0.6326 
256      256   (1)      2 :  0.5918 0.4082 
257      257   (0)      2 :  0.4907 0.5093 
258      258   (1)      1 :  0.5373 0.4627 
259      259   (2)      1 :  0.6798 0.3202 
260      260   (1)      1 :  0.3371 0.6629 
261      261   (0)      1 :  0.4656 0.5344 
262      262   (1)      1 :  0.4977 0.5023 
263      263   (0)      1 :  0.3749 0.6251 
264      264   (1)      1 :  0.4812 0.5188 
265      265   (1)      1 :  0.4139 0.5861 
266      266   (1)      1 :  0.3305 0.6695 
267      267   (1)      1 :  0.5213 0.4787 
268      268   (2)      1 :  0.5084 0.4916 
269      269   (1)      1 :  0.5311 0.4689 
270      270   (1)      1 :  0.3873 0.6127 
271      271   (1)      1 :  0.6293 0.3707 
272      272   (0)      1 :  0.6067 0.3933 
273      273   (0)      1 :  0.3726 0.6274 
274      274   (1)      1 :  0.7835 0.2165 
275      275   (1)      1 :  0.5173 0.4827 
276      276   (1)      1 :  0.4851 0.5149 
277      277   (1)      1 :  0.5064 0.4936 
278      278   (1)      1 :  0.6165 0.3835 
279      279   (0)      1 :  0.5602 0.4398 
280      280   (1)      1 :  0.4978 0.5022 
281      281   (1)      1 :  0.4551 0.5449 
282      282   (1)      1 :  0.5203 0.4797 
283      283   (1)      1 :  0.4723 0.5277 
284      284   (0)      1 :  0.3636 0.6364 
285      285   (1)      1 :  0.3886 0.6114 
286      286   (1)      1 :  0.3443 0.6557 
287      287   (1)      1 :  0.8787 0.1213 
288      288   (1)      1 :  0.7466 0.2534 
289      289   (1)      1 :  0.5061 0.4939 
290      290   (1)      1 :  0.8461 0.1539 
291      291   (1)      1 :  0.6202 0.3798 
292      292   (1)      1 :  0.5667 0.4333 
293      293   (1)      1 :  0.3787 0.6213 
294      294   (1)      1 :  0.5760 0.4240 
295      295   (0)      1 :  0.3442 0.6558 
296      296   (0)      1 :  0.3787 0.6213 
297      297   (1)      1 :  0.7778 0.2222 
298      298   (0)      1 :  0.3709 0.6291 
299      299   (1)      1 :  0.5384 0.4616 
300      300   (1)      1 :  0.4264 0.5736 
301      301   (0)      1 :  0.8081 0.1919 
302      302   (1)      1 :  0.6539 0.3461 
303      303   (1)      1 :  0.5371 0.4629 
304      304   (1)      1 :  0.5524 0.4476 
305      305   (1)      1 :  0.4029 0.5971 
306      306   (1)      1 :  0.7629 0.2371 
307      307   (2)      1 :  0.3279 0.6721 
308      308   (0)      1 :  0.5240 0.4760 
309      309   (2)      1 :  0.8221 0.1779 
310      310   (0)      1 :  0.6296 0.3704 
311      311   (0)      1 :  0.6745 0.3255 
312      312   (0)      1 :  0.3993 0.6007 
313      313   (1)      1 :  0.3188 0.6812 
314      314   (0)      1 :  0.4017 0.5983 
315      315   (1)      1 :  0.4722 0.5278 
316      316   (1)      1 :  0.3902 0.6098 
317      317   (1)      1 :  0.3924 0.6076 
318      318   (1)      1 :  0.3541 0.6459 
319      319   (1)      1 :  0.2975 0.7025 
320      320   (0)      1 :  0.2755 0.7245 
321      321   (1)      1 :  0.3813 0.6187 
322      322   (0)      1 :  0.6109 0.3891 
323      323   (1)      1 :  0.4082 0.5918 
324      324   (1)      1 :  0.3563 0.6437 
325      325   (1)      1 :  0.6379 0.3621 
326      326   (1)      1 :  0.4492 0.5508 
327      327   (1)      1 :  0.4035 0.5965 
328      328   (1)      2 :  0.3939 0.6061 
329      329   (0)      2 :  0.4860 0.5140 
330      330   (0)      2 :  0.5018 0.4982 
331      331   (1)      2 :  0.6881 0.3119 
332      332   (1)      2 :  0.7259 0.2741 
333      333   (1)      2 :  0.7777 0.2223 
334      334   (1)      2 :  0.5318 0.4682 
335      335   (0)      2 :  0.3266 0.6734 
336      336   (1)      2 :  0.7954 0.2046 
337      337   (1)      2 :  0.4084 0.5916 
338      338   (1)      2 :  0.8038 0.1962 
339      339   (1)      2 :  0.4680 0.5320 
340      340   (0)      2 :  0.5088 0.4912 
341      341   (1)      2 :  0.2930 0.7070 
342      342   (2)      2 :  0.6091 0.3909 
343      343   (2)      2 :  0.5645 0.4355 
344      344   (3)      2 :  0.6301 0.3699 
345      345   (2)      2 :  0.7189 0.2811 
346      346   (4)      2 :  0.3838 0.6162 
347      347   (3)      2 :  0.4465 0.5535 
348      348   (1)      2 :  0.5616 0.4384 
349      349   (1)      2 :  0.4235 0.5765 
350      350   (1)      2 :  0.4533 0.5467 
351      351   (0)      2 :  0.7158 0.2842 
352      352   (4)      2 :  0.6538 0.3462 
353      353   (2)      2 :  0.5398 0.4602 
354      354   (1)      2 :  0.5030 0.4970 
355      355   (2)      2 :  0.4015 0.5985 
356      356   (1)      2 :  0.3504 0.6496 
357      357   (2)      2 :  0.7124 0.2876 
358      358   (2)      2 :  0.3142 0.6858 
359      359   (3)      2 :  0.4771 0.5229 
360      360   (0)      2 :  0.4111 0.5889 
361      361   (1)      2 :  0.3378 0.6622 
362      362   (1)      2 :  0.5402 0.4598 
363      363   (2)      2 :  0.5372 0.4628 
364      364   (3)      2 :  0.3169 0.6831 
365      365   (4)      2 :  0.4167 0.5833 
366      366   (4)      2 :  0.3815 0.6185 
367      367   (3)      2 :  0.7643 0.2357 
368      368   (3)      2 :  0.6253 0.3747 
369      369   (2)      2 :  0.4774 0.5226 
370      370   (3)      2 :  0.4316 0.5684 
371      371   (1)      2 :  0.3945 0.6055 
372      372   (3)      2 :  0.4835 0.5165 
373      373   (5)      2 :  0.4630 0.5370 
374      374   (5)      2 :  0.3079 0.6921 
375      375   (3)      2 :  0.5157 0.4843 
376      376   (3)      2 :  0.8257 0.1743 
377      377   (4)      2 :  0.5559 0.4441 
378      378   (0)      2 :  0.4568 0.5432 
379      379   (5)      2 :  0.5090 0.4910 
380      380   (4)      2 :  0.5075 0.4925 
381      381   (1)      2 :  0.4372 0.5628 
382      382   (1)      2 :  0.3988 0.6012 
383      383   (3)      2 :  0.6644 0.3356 
384      384   (2)      2 :  0.5616 0.4384 
385      385   (4)      2 :  0.4781 0.5219 
386      386   (2)      2 :  0.6175 0.3825 
387      387   (1)      2 :  0.5679 0.4321 
388      388   (6)      2 :  0.4210 0.5790 
389      389   (1)      2 :  0.5212 0.4788 
390      390   (1)      2 :  0.4765 0.5235 
391      391   (3)      2 :  0.7842 0.2158 
392      392   (2)      2 :  0.3562 0.6438 
393      393   (4)      2 :  0.4589 0.5411 
394      394   (3)      2 :  0.7444 0.2556 
395      395   (7)      2 :  0.5475 0.4525 
396      396   (4)      2 :  0.6495 0.3505 
397      397   (1)      2 :  0.4434 0.5566 
398      398   (3)      2 :  0.5322 0.4678 
399      399   (2)      2 :  0.5695 0.4305 
400      400   (0)      2 :  0.4418 0.5582 
401      401   (6)      2 :  0.4422 0.5578 
402      402   (5)      2 :  0.5500 0.4500 
403      403   (1)      2 :  0.4966 0.5034 
404      404   (2)      2 :  0.5444 0.4556 
405      405   (3)      2 :  0.3900 0.6100 
406      406   (2)      2 :  0.4159 0.5841 
407      407   (2)      2 :  0.5036 0.4964 
408      408   (2)      2 :  0.5149 0.4851 
409      409   (1)      2 :  0.3836 0.6164 
410      410   (1)      2 :  0.3797 0.6203 
411      411   (1)      2 :  0.4164 0.5836 
412      412   (0)      2 :  0.3507 0.6493 
413      413   (1)      2 :  0.4484 0.5516 
414      414   (2)      2 :  0.3693 0.6307 
415      415   (2)      2 :  0.3088 0.6912 
416      416   (3)      2 :  0.4877 0.5123 
417      417   (1)      2 :  0.4197 0.5803 
418      418   (0)      2 :  0.3775 0.6225 
419      419   (1)      2 :  0.3454 0.6546 
420      420   (0)      2 :  0.4007 0.5993 
421      421   (1)      2 :  0.4572 0.5428 
422      422   (6)      2 :  0.4405 0.5595 
423      423   (2)      2 :  0.4091 0.5909 
424      424   (1)      2 :  0.5581 0.4419 
425      425   (1)      2 :  0.5905 0.4095 
426      426   (3)      2 :  0.3958 0.6042 
427      427   (2)      2 :  0.7090 0.2910 
428      428   (6)      2 :  0.3424 0.6576 
429      429   (1)      2 :  0.5876 0.4124 
430      430   (1)      2 :  0.5026 0.4974 
431      431   (0)      2 :  0.4760 0.5240 
432      432   (2)      2 :  0.7336 0.2664 
433      433   (2)      2 :  0.4287 0.5713 
434      434   (2)      2 :  0.5480 0.4520 
435      435   (8)      2 :  0.4700 0.5300 
436      436   (2)      2 :  0.3858 0.6142 
437      437   (4)      2 :  0.3908 0.6092 
438      438   (1)      2 :  0.4483 0.5517 
439      439   (2)      2 :  0.6312 0.3688 
440      440   (0)      2 :  0.5052 0.4948 
441      441   (1)      2 :  0.3863 0.6137 
442      442   (6)      2 :  0.4918 0.5082 
443      443   (1)      2 :  0.3508 0.6492 
444      444   (6)      2 :  0.3871 0.6129 
445      445   (2)      2 :  0.4387 0.5613 
446      446   (3)      2 :  0.5697 0.4303 
447      447   (2)      2 :  0.4863 0.5137 
448      448   (3)      2 :  0.4742 0.5258 
449      449   (1)      2 :  0.3942 0.6058 
450      450   (4)      2 :  0.5326 0.4674 
451      451   (3)      2 :  0.4112 0.5888 
452      452   (1)      2 :  0.5008 0.4992 
453      453   (1)      2 :  0.3591 0.6409 
454      454   (4)      2 :  0.4205 0.5795 
455      455   (4)      2 :  0.6436 0.3564 
456      456   (5)      2 :  0.5347 0.4653 
457      457   (3)      2 :  0.3466 0.6534 
458      458   (1)      2 :  0.4422 0.5578 
459      459   (1)      2 :  0.7901 0.2099 
460      460   (2)      2 :  0.4452 0.5548 
461      461   (1)      2 :  0.7367 0.2633 
462      462   (1)      2 :  0.2828 0.7172 
463      463   (4)      2 :  0.4378 0.5622 
464      464   (6)      2 :  0.3498 0.6502 
465      465   (3)      2 :  0.3791 0.6209 
466      466   (3)      2 :  0.4507 0.5493 
467      467   (2)      2 :  0.4840 0.5160 
468      468   (2)      2 :  0.3194 0.6806 
469      469   (1)      2 :  0.8402 0.1598 
470      470   (0)      2 :  0.5433 0.4567 
471      471   (2)      2 :  0.5051 0.4949 
472      472   (2)      2 :  0.2204 0.7796 
473      473   (1)      2 :  0.4836 0.5164 
474      474   (3)      2 :  0.4767 0.5233 
475      475   (1)      2 :  0.4759 0.5241 
476      476   (2)      2 :  0.4050 0.5950 
477      477   (0)      2 :  0.4824 0.5176 
478      478   (1)      2 :  0.4825 0.5175 
479      479   (1)      2 :  0.4071 0.5929 
480      480   (1)      2 :  0.4922 0.5078 
481      481   (1)      2 :  0.4065 0.5935 
482      482   (1)      2 :  0.3674 0.6326 
483      483   (0)      2 :  0.3485 0.6515 
484      484   (0)      2 :  0.4865 0.5135 
485      485   (0)      2 :  0.3448 0.6552 
486      486   (0)      2 :  0.4215 0.5785 
487      487   (1)      2 :  0.3709 0.6291 
488      488   (1)      2 :  0.4500 0.5500 
489      489   (1)      2 :  0.4409 0.5591 
490      490   (0)      2 :  0.3409 0.6591 
491      491   (0)      2 :  0.4255 0.5745 
492      492   (5)      2 :  0.7545 0.2455 
493      493   (1)      2 :  0.5726 0.4274 
494      494   (3)      2 :  0.4215 0.5785 
495      495   (1)      2 :  0.4631 0.5369 
496      496   (1)      2 :  0.5619 0.4381 
497      497   (1)      2 :  0.2716 0.7284 
498      498   (1)      2 :  0.4508 0.5492 
499      499   (1)      2 :  0.3804 0.6196 
500      500   (1)      2 :  0.5256 0.4744 
501      501   (2)      2 :  0.3106 0.6894 
502      502   (1)      2 :  0.5329 0.4671 
503      503   (2)      2 :  0.4814 0.5186 
504      504   (2)      2 :  0.4389 0.5611 
505      505   (2)      2 :  0.4793 0.5207 
506      506   (3)      2 :  0.4726 0.5274 
507      507   (1)      2 :  0.5143 0.4857 
508      508   (7)      2 :  0.4044 0.5956 
509      509   (1)      2 :  0.4946 0.5054 
510      510   (1)      2 :  0.8602 0.1398 
511      511   (2)      2 :  0.5059 0.4941 
512      512   (1)      2 :  0.3376 0.6624 
513      513   (3)      2 :  0.3931 0.6069 
514      514   (1)      2 :  0.3466 0.6534 
515      515   (5)      2 :  0.3884 0.6116 
516      516   (3)      2 :  0.5779 0.4221 
517      517   (1)      2 :  0.3124 0.6876 
518      518   (1)      2 :  0.6480 0.3520 
519      519   (0)      2 :  0.4886 0.5114 
520      520   (0)      2 :  0.3962 0.6038 
521      521   (2)      2 :  0.4804 0.5196 
522      522   (2)      2 :  0.6129 0.3871 
523      523   (1)      2 :  0.5605 0.4395 
524      524   (3)      2 :  0.5246 0.4754 
525      525   (1)      2 :  0.4135 0.5865 
526      526   (7)      2 :  0.2946 0.7054 
527      527   (4)      2 :  0.5018 0.4982 
528      528   (1)      2 :  0.3191 0.6809 
529      529   (2)      2 :  0.4047 0.5953 
530      530   (1)      2 :  0.4497 0.5503 
531      531   (2)      2 :  0.3888 0.6112 
532      532   (2)      2 :  0.3251 0.6749 
533      533   (5)      2 :  0.7939 0.2061 
534      534   (2)      2 :  0.4924 0.5076 
535      535   (3)      2 :  0.4420 0.5580 
536      536   (0)      2 :  0.5234 0.4766 
537      537   (3)      2 :  0.5821 0.4179 
538      538   (1)      2 :  0.3902 0.6098 
539      539   (1)      2 :  0.4124 0.5876 
540      540   (1)      2 :  0.4148 0.5852 
541      541   (5)      2 :  0.2499 0.7501 
542      542   (4)      2 :  0.4846 0.5154 
543      543   (2)      2 :  0.2876 0.7124 
544      544   (2)      2 :  0.4502 0.5498 
545      545   (2)      2 :  0.6015 0.3985 
546      546   (1)      2 :  0.4158 0.5842 
547      547   (1)      2 :  0.4322 0.5678 
548      548   (1)      2 :  0.7449 0.2551 
549      549   (1)      2 :  0.5702 0.4298 
550      550   (2)      2 :  0.5949 0.4051 
551      551   (4)      2 :  0.5086 0.4914 
552      552   (6)      2 :  0.4456 0.5544 
553      553   (3)      2 :  0.3711 0.6289 
554      554   (1)      2 :  0.2863 0.7137 
555      555   (4)      2 :  0.3513 0.6487 
556      556   (2)      2 :  0.4703 0.5297 
557      557   (0)      2 :  0.3772 0.6228 
558      558   (2)      2 :  0.4161 0.5839 
559      559   (3)      2 :  0.5776 0.4224 
560      560   (6)      2 :  0.3554 0.6446 
561      561   (1)      2 :  0.5469 0.4531 
562      562   (2)      2 :  0.4070 0.5930 
563      563   (2)      2 :  0.5637 0.4363 
564      564   (1)      2 :  0.6349 0.3651 
565      565   (1)      2 :  0.4557 0.5443 
566      566   (1)      2 :  0.3535 0.6465 
567      567   (1)      2 :  0.4059 0.5941 
568      568   (1)      2 :  0.3535 0.6465 
569      569   (3)      2 :  0.4083 0.5917 
570      570   (1)      2 :  0.5842 0.4158 
571      571   (2)      2 :  0.6669 0.3331 
572      572   (5)      2 :  0.4972 0.5028 
573      573   (5)      2 :  0.5322 0.4678 
574      574   (1)      2 :  0.5694 0.4306 
575      575   (2)      2 :  0.3527 0.6473 
576      576   (0)      2 :  0.3033 0.6967 
577      577   (1)      2 :  0.5818 0.4182 
578      578   (1)      2 :  0.3607 0.6393 
579      579   (2)      2 :  0.4398 0.5602 
580      580   (1)      2 :  0.2742 0.7258 
581      581   (1)      2 :  0.4876 0.5124 
582      582   (0)      2 :  0.4774 0.5226 
583      583   (1)      2 :  0.4171 0.5829 
584      584   (2)      2 :  0.5786 0.4214 
585      585   (1)      2 :  0.6178 0.3822 
586      586   (0)      2 :  0.6747 0.3253 
587      587   (1)      2 :  0.3754 0.6246 
588      588   (0)      2 :  0.6506 0.3494 
589      589   (2)      2 :  0.4002 0.5998 
590      590   (2)      2 :  0.5092 0.4908 
591      591   (1)      2 :  0.6235 0.3765 
592      592   (1)      2 :  0.3839 0.6161 
593      593   (1)      2 :  0.5601 0.4399 
594      594   (3)      2 :  0.4052 0.5948 
595      595   (1)      2 :  0.4794 0.5206 
596      596   (1)      2 :  0.4896 0.5104 
597      597   (1)      2 :  0.4820 0.5180 
598      598   (1)      2 :  0.6955 0.3045 
599      599   (1)      2 :  0.4430 0.5570 
600      600   (2)      2 :  0.3826 0.6174 
601      601   (7)      2 :  0.2723 0.7277 
602      602   (3)      2 :  0.5088 0.4912 
603      603   (1)      2 :  0.4234 0.5766 
604      604   (1)      2 :  0.4219 0.5781 
605      605   (1)      2 :  0.3718 0.6282 
606      606   (1)      2 :  0.6440 0.3560 
607      607   (1)      2 :  0.4007 0.5993 
608      608   (1)      2 :  0.4021 0.5979 
609      609   (1)      2 :  0.4124 0.5876 
610      610   (1)      2 :  0.5226 0.4774 
611      611   (1)      2 :  0.4315 0.5685 
612      612   (1)      2 :  0.4860 0.5140 
613      613   (2)      2 :  0.6838 0.3162 
614      614   (1)      2 :  0.5555 0.4445 
615      615   (1)      2 :  0.4034 0.5966 
616      616   (1)      2 :  0.4147 0.5853 
617      617   (1)      2 :  0.3572 0.6428 
618      618   (0)      2 :  0.5416 0.4584 
619      619   (1)      2 :  0.5104 0.4896 
620      620   (1)      2 :  0.5561 0.4439 
621      621   (1)      2 :  0.5404 0.4596 
622      622   (1)      2 :  0.2616 0.7384 
623      623   (1)      2 :  0.5704 0.4296 
624      624   (0)      2 :  0.4486 0.5514 
625      625   (0)      2 :  0.4233 0.5767 
626      626   (1)      2 :  0.3354 0.6646 
627      627   (1)      2 :  0.3557 0.6443 
628      628   (1)      2 :  0.6465 0.3535 
629      629   (1)      2 :  0.8292 0.1708 
630      630   (2)      2 :  0.5048 0.4952 
631      631   (5)      2 :  0.5622 0.4378 
632      632   (2)      2 :  0.4484 0.5516 
633      633   (1)      2 :  0.5775 0.4225 
634      634   (4)      2 :  0.2950 0.7050 
635      635   (1)      2 :  0.3279 0.6721 
636      636   (0)      2 :  0.4484 0.5516 
637      637   (1)      2 :  0.3529 0.6471 
638      638   (0)      2 :  0.5427 0.4573 
639      639   (0)      2 :  0.4314 0.5686 
640      640   (1)      2 :  0.5019 0.4981 
641      641   (1)      2 :  0.4713 0.5287 
642      642   (1)      2 :  0.6141 0.3859 
643      643   (1)      2 :  0.2928 0.7072 
644      644   (1)      2 :  0.3737 0.6263 
645      645   (0)      2 :  0.5468 0.4532 
646      646   (1)      3 :  0.4516 0.5484 
647      647   (1)      2 :  0.4828 0.5172 
648      648   (0)      3 :  0.3228 0.6772 
649      649   (1)      3 :  0.2999 0.7001 
650      650   (1)      3 :  0.4652 0.5348 
651      651   (1)      2 :  0.4217 0.5783 
652      652   (0)      3 :  0.4108 0.5892 
653      653   (2)      4 :  0.3619 0.6381 
654      654   (0)      2 :  0.3754 0.6246 
655      655   (1)      4 :  0.5207 0.4793 
656      656   (1)      4 :  0.3641 0.6359 
657      657   (1)      4 :  0.3079 0.6921 
658      658   (0)      4 :  0.4321 0.5679 
659      659   (0)      4 :  0.3440 0.6560 
660      660   (3)      3 :  0.5676 0.4324 
661      661   (1)      2 :  0.4685 0.5315 
662      662   (1)      3 :  0.4401 0.5599 
663      663   (1)      3 :  0.3896 0.6104 
664      664   (1)      3 :  0.4598 0.5402 
665      665   (1)      3 :  0.5542 0.4458 
666      666   (0)      2 :  0.7130 0.2870 
667      667   (1)      3 :  0.4116 0.5884 
668      668   (1)      4 :  0.5856 0.4144 
669      669   (0)      4 :  0.3652 0.6348 
670      670   (1)      4 :  0.3047 0.6953 
671      671   (1)      4 :  0.4152 0.5848 
672      672   (1)      4 :  0.3914 0.6086 
673      673   (0)      4 :  0.3761 0.6239 
674      674   (2)      3 :  0.3677 0.6323 
675      675   (5)      3 :  0.4389 0.5611 
676      676   (0)      3 :  0.2703 0.7297 
677      677   (3)      3 :  0.5478 0.4522 
678      678   (0)      3 :  0.4456 0.5544 
679      679   (2)      2 :  0.5560 0.4440 
680      680   (0)      3 :  0.5298 0.4702 
681      681   (2)      4 :  0.4834 0.5166 
682      682   (0)      2 :  0.4776 0.5224 
683      683   (2)      4 :  0.3331 0.6669 
684      684   (1)      4 :  0.5253 0.4747 
685      685   (1)      4 :  0.3758 0.6242 
686      686   (0)      4 :  0.3243 0.6757 
687      687   (1)      3 :  0.4715 0.5285 
688      688   (2)      3 :  0.3441 0.6559 
689      689   (1)      3 :  0.4522 0.5478 
690      690   (1)      3 :  0.4538 0.5462 
691      691   (1)      2 :  0.4495 0.5505 
692      692   (0)      3 :  0.4340 0.5660 
693      693   (0)      2 :  0.4426 0.5574 
694      694   (1)      4 :  0.3670 0.6330 
695      695   (0)      4 :  0.2021 0.7979 
696      696   (1)      4 :  0.5078 0.4922 
697      697   (0)      4 :  0.3971 0.6029 
698      698   (1)      4 :  0.3860 0.6140 
699      699   (6)      3 :  0.4776 0.5224 
700      700   (1)      2 :  0.6359 0.3641 
701      701   (3)      3 :  0.4098 0.5902 
702      702   (1)      3 :  0.3792 0.6208 
703      703   (3)      3 :  0.4717 0.5283 
704      704   (1)      3 :  0.4202 0.5798 
705      705   (1)      2 :  0.5220 0.4780 
706      706   (0)      3 :  0.4028 0.5972 
707      707   (1)      2 :  0.7923 0.2077 
708      708   (2)      4 :  0.2562 0.7438 
709      709   (1)      2 :  0.7663 0.2337 
710      710   (1)      4 :  0.3857 0.6143 
711      711   (2)      4 :  0.3910 0.6090 
712      712   (1)      4 :  0.4386 0.5614 
713      713   (0)      4 :  0.3102 0.6898 
714      714   (1)      3 :  0.4663 0.5337 
715      715   (1)      2 :  0.3524 0.6476 
716      716   (3)      3 :  0.4061 0.5939 
717      717   (0)      3 :  0.4433 0.5567 
718      718   (4)      3 :  0.3795 0.6205 
719      719   (1)      3 :  0.4716 0.5284 
720      720   (1)      2 :  0.5067 0.4933 
721      721   (1)      2 :  0.4785 0.5215 
722      722   (1)      4 :  0.4635 0.5365 
723      723   (0)      4 :  0.4392 0.5608 
724      724   (0)      4 :  0.1666 0.8334 
725      725   (2)      4 :  0.3013 0.6987 
726      726   (1)      4 :  0.2956 0.7044 
727      727   (2)      2 :  0.3349 0.6651 
728      728   (3)      3 :  0.4235 0.5765 
729      729   (1)      3 :  0.4483 0.5517 
730      730   (2)      3 :  0.4281 0.5719 
731      731   (1)      3 :  0.4893 0.5107 
732      732   (1)      4 :  0.5336 0.4664 
733      733   (1)      4 :  0.3857 0.6143 
734      734   (1)      4 :  0.3025 0.6975 
735      735   (2)      4 :  0.3670 0.6330 
736      736   (1)      4 :  0.2115 0.7885 
737      737   (0)      2 :  0.6453 0.3547 
738      738   (0)      3 :  0.3949 0.6051 
739      739   (1)      3 :  0.3549 0.6451 
740      740   (1)      3 :  0.4306 0.5694 
741      741   (1)      2 :  0.5363 0.4637 
742      742   (1)      2 :  0.3842 0.6158 
743      743   (0)      4 :  0.3594 0.6406 
744      744   (0)      4 :  0.4241 0.5759 
745      745   (0)      4 :  0.1907 0.8093 
746      746   (0)      4 :  0.2692 0.7308 
747      747   (1)      4 :  0.3221 0.6779 
748      748   (1)      2 :  0.6770 0.3230 
749      749   (1)      2 :  0.6380 0.3620 
750      750   (0)      2 :  0.4528 0.5472 
751      751   (1)      2 :  0.7984 0.2016 
752      752   (1)      2 :  0.3708 0.6292 
753      753   (1)      2 :  0.5071 0.4929 
754      754   (0)      2 :  0.4426 0.5574 
755      755   (1)      2 :  0.5327 0.4673 
756      756   (0)      2 :  0.8142 0.1858 
757      757   (1)      2 :  0.7269 0.2731 
758      758   (2)      2 :  0.7902 0.2098 
759      759   (0)      2 :  0.4483 0.5517 
760      760   (1)      2 :  0.4418 0.5582 
761      761   (2)      2 :  0.3808 0.6192 
762      762   (0)      2 :  0.4755 0.5245 
763      763   (1)      2 :  0.6167 0.3833 
764      764   (1)      2 :  0.6339 0.3661 
765      765   (1)      2 :  0.5109 0.4891 
766      766   (3)      2 :  0.6265 0.3735 
767      767   (1)      2 :  0.3746 0.6254 
768      768   (1)      2 :  0.8120 0.1880 
769      769   (1)      2 :  0.4141 0.5859 
770      770   (1)      2 :  0.4300 0.5700 
771      771   (0)      2 :  0.5344 0.4656 
772      772   (0)      2 :  0.4608 0.5392 
773      773   (1)      2 :  0.4613 0.5387 
774      774   (1)      2 :  0.5335 0.4665 
775      775   (1)      2 :  0.5225 0.4775 
776      776   (0)      2 :  0.3071 0.6929 
777      777   (1)      2 :  0.3419 0.6581 
778      778   (1)      2 :  0.3936 0.6064 
779      779   (6)      2 :  0.8269 0.1731 
780      780   (2)      2 :  0.4166 0.5834 
781      781   (1)      2 :  0.4766 0.5234 
782      782   (1)      2 :  0.3279 0.6721 
783      783   (1)      2 :  0.5200 0.4800 
784      784   (1)      2 :  0.6347 0.3653 
785      785   (1)      2 :  0.6404 0.3596 
786      786   (2)      2 :  0.3686 0.6314 
787      787   (0)      2 :  0.5627 0.4373 
788      788   (1)      2 :  0.3336 0.6664 
789      789   (1)      2 :  0.3992 0.6008 
790      790   (1)      2 :  0.6596 0.3404 
791      791   (1)      2 :  0.8492 0.1508 
792      792   (2)      2 :  0.3431 0.6569 
793      793   (1)      2 :  0.3467 0.6533 
794      794   (0)      2 :  0.3831 0.6169 
795      795   (1)      2 :  0.7818 0.2182 
796      796   (0)      2 :  0.4572 0.5428 
797      797   (0)      2 :  0.5285 0.4715 
798      798   (0)      2 :  0.5067 0.4933 
799      799   (1)      2 :  0.6857 0.3143 
800      800   (1)      2 :  0.6784 0.3216 
801      801   (1)      2 :  0.7797 0.2203 
802      802   (1)      2 :  0.4019 0.5981 
803      803   (2)      2 :  0.3420 0.6580 
804      804   (1)      2 :  0.3663 0.6337 
805      805   (1)      2 :  0.4765 0.5235 
806      806   (0)      2 :  0.4598 0.5402 
807      807   (1)      2 :  0.6070 0.3930 
808      808   (1)      2 :  0.7660 0.2340 
809      809   (2)      2 :  0.6038 0.3962 
810      810   (1)      2 :  0.7899 0.2101 
811      811   (1)      2 :  0.8260 0.1740 
812      812   (0)      2 :  0.4636 0.5364 
813      813   (1)      2 :  0.7424 0.2576 
814      814   (1)      2 :  0.8036 0.1964 
815      815   (0)      2 :  0.4388 0.5612 
816      816   (0)      2 :  0.5309 0.4691 
817      817   (1)      2 :  0.5107 0.4893 
818      818   (2)      2 :  0.7678 0.2322 
819      819   (1)      2 :  0.5811 0.4189 
820      820   (0)      2 :  0.5614 0.4386 
821      821   (1)      2 :  0.8271 0.1729 
822      822   (2)      2 :  0.5407 0.4593 
823      823   (1)      2 :  0.6734 0.3266 
824      824   (1)      2 :  0.7393 0.2607 
825      825   (1)      2 :  0.2208 0.7792 
826      826   (1)      2 :  0.7795 0.2205 
827      827   (0)      2 :  0.4989 0.5011 
828      828   (1)      2 :  0.3736 0.6264 
829      829   (1)      2 :  0.6492 0.3508 
830      830   (1)      2 :  0.3917 0.6083 
831      831   (1)      2 :  0.7653 0.2347 
832      832   (1)      2 :  0.4096 0.5904 
833      833   (1)      2 :  0.3428 0.6572 
834      834   (0)      2 :  0.4185 0.5815 
835      835   (1)      2 :  0.5993 0.4007 
836      836   (0)      2 :  0.6889 0.3111 
837      837   (1)      2 :  0.5467 0.4533 
838      838   (1)      2 :  0.3983 0.6017 
839      839   (1)      2 :  0.3542 0.6458 
840      840   (0)      2 :  0.4942 0.5058 
841      841   (5)      2 :  0.6587 0.3413 
842      842   (1)      2 :  0.8103 0.1897 
843      843   (2)      2 :  0.8404 0.1596 
844      844   (1)      2 :  0.6461 0.3539 
845      845   (1)      2 :  0.4859 0.5141 
846      846   (0)      2 :  0.4579 0.5421 
847      847   (0)      2 :  0.4062 0.5938 
848      848   (1)      2 :  0.8274 0.1726 
849      849   (1)      2 :  0.3899 0.6101 
850      850   (1)      2 :  0.4230 0.5770 
851      851   (1)      2 :  0.4587 0.5413 
852      852   (1)      2 :  0.6289 0.3711 
853      853   (1)      2 :  0.6721 0.3279 
854      854   (0)      2 :  0.6421 0.3579 
855      855   (1)      2 :  0.4278 0.5722 
856      856   (5)      2 :  0.4866 0.5134 
857      857   (1)      2 :  0.3973 0.6027 
858      858   (0)      2 :  0.3998 0.6002 
859      859   (0)      2 :  0.7555 0.2445 
860      860   (1)      2 :  0.8474 0.1526 
861      861   (1)      2 :  0.8094 0.1906 
862      862   (1)      2 :  0.4774 0.5226 
863      863   (0)      2 :  0.7939 0.2061 
864      864   (4)      2 :  0.7070 0.2930 
865      865   (1)      2 :  0.4481 0.5519 
866      866   (1)      2 :  0.5826 0.4174 
867      867   (1)      2 :  0.3679 0.6321 
868      868   (0)      2 :  0.4100 0.5900 
869      869   (1)      2 :  0.4067 0.5933 
870      870   (1)      2 :  0.7657 0.2343 
871      871   (1)      2 :  0.4866 0.5134 
872      872   (1)      2 :  0.4986 0.5014 
873      873   (1)      2 :  0.8226 0.1774 
874      874   (1)      2 :  0.4440 0.5560 
875      875   (1)      2 :  0.4898 0.5102 
876      876   (1)      2 :  0.4710 0.5290 
877      877   (1)      2 :  0.6401 0.3599 
878      878   (0)      2 :  0.5346 0.4654 
879      879   (2)      2 :  0.8565 0.1435 
880      880   (1)      2 :  0.5526 0.4474 
881      881   (2)      2 :  0.7306 0.2694 
882      882   (1)      2 :  0.4537 0.5463 
