1        1   (0)      1  : 0.1140 0.0140 0.2880 0.2430 0.1380 0.2030
2        2   (1)      1  : 0.0539 0.0609 0.1019 0.1978 0.2747 0.3107
3        3   (1)      1  : 0.0300 0.0490 0.1450 0.3760 0.2820 0.1180
4        4   (1)      1  : 0.1820 0.0220 0.0660 0.1830 0.3070 0.2400
5        5   (2)      1  : 0.0130 0.9289 0.0140 0.0150 0.0180 0.0110
6        6   (1)      1  : 0.0660 0.2010 0.0380 0.3760 0.1840 0.1350
7        7   (1)      1  : 0.3107 0.1768 0.1998 0.1728 0.0749 0.0649
8        8   (0)      1  : 0.1421 0.0100 0.0671 0.1221 0.3744 0.2843
9        9   (1)      1  : 0.0350 0.1522 0.1221 0.3483 0.1011 0.2412
10       10   (1)      1  : 0.0821 0.4535 0.0811 0.0841 0.1231 0.1762
11       11   (0)      1  : 0.1680 0.1030 0.1450 0.3290 0.0820 0.1730
12       12   (0)      1  : 0.0970 0.1010 0.0420 0.5530 0.0530 0.1540
13       13   (1)      1  : 0.4054 0.0210 0.1051 0.0591 0.2703 0.1391
14       14   (1)      1  : 0.3163 0.4024 0.0170 0.0811 0.0440 0.1391
15       15   (2)      1  : 0.3964 0.3954 0.0270 0.0631 0.0450 0.0731
16       16   (1)      1  : 0.2040 0.0780 0.1180 0.1710 0.0730 0.3560
17       17   (1)      1  : 0.1510 0.0760 0.0140 0.1180 0.4380 0.2030
18       18   (2)      1  : 0.2000 0.0240 0.2630 0.0990 0.2900 0.1240
19       19   (1)      1  : 0.4224 0.0440 0.1151 0.0561 0.2883 0.0741
20       20   (1)      1  : 0.1868 0.1758 0.0140 0.1948 0.0500 0.3786
21       21   (1)      1  : 0.1071 0.1602 0.0651 0.0741 0.2933 0.3003
22       22   (1)      1  : 0.0910 0.0540 0.4430 0.1490 0.1610 0.1020
23       23   (1)      1  : 0.0490 0.1319 0.1029 0.2108 0.3047 0.2008
24       24   (1)      1  : 0.0210 0.0150 0.8028 0.0470 0.0591 0.0551
25       25   (1)      1  : 0.3140 0.1930 0.0860 0.1140 0.2320 0.0610
26       26   (1)      1  : 0.0430 0.0930 0.1900 0.0810 0.5340 0.0590
27       27   (1)      1  : 0.6076 0.0400 0.0450 0.1822 0.0661 0.0591
28       28   (1)      1  : 0.0190 0.0180 0.8430 0.0410 0.0200 0.0590
29       29   (1)      1  : 0.1180 0.0490 0.1100 0.3280 0.1060 0.2890
30       30   (1)      1  : 0.0470 0.5994 0.0729 0.0749 0.1508 0.0549
31       31   (1)      1  : 0.1620 0.0290 0.1300 0.2390 0.2420 0.1980
32       32   (1)      1  : 0.1289 0.0749 0.0809 0.0969 0.1678 0.4505
33       33   (1)      1  : 0.0891 0.1101 0.2222 0.1892 0.1461 0.2432
34       34   (1)      1  : 0.2448 0.5385 0.0350 0.0420 0.0709 0.0689
35       35   (0)      1  : 0.1140 0.0790 0.1220 0.1390 0.2070 0.3390
36       36   (1)      1  : 0.0780 0.1430 0.0530 0.1690 0.3550 0.2020
37       37   (1)      1  : 0.1240 0.0770 0.5620 0.0790 0.0950 0.0630
38       38   (1)      1  : 0.0410 0.4890 0.2930 0.0590 0.0670 0.0510
39       39   (1)      1  : 0.0771 0.0951 0.0410 0.0971 0.6256 0.0641
40       40   (0)      1  : 0.1620 0.2650 0.0320 0.3600 0.1190 0.0620
41       41   (1)      1  : 0.4414 0.0270 0.1441 0.2212 0.0821 0.0841
42       42   (1)      1  : 0.0410 0.8002 0.0250 0.0500 0.0629 0.0210
43       43   (1)      1  : 0.0450 0.0350 0.1200 0.4660 0.2020 0.1320
44       44   (7)      1  : 0.0410 0.0400 0.0730 0.4090 0.2250 0.2120
45       45   (2)      1  : 0.0631 0.3043 0.2352 0.1361 0.0701 0.1912
46       46   (1)      1  : 0.0761 0.0511 0.3864 0.1021 0.2342 0.1502
47       47   (0)      1  : 0.0480 0.0579 0.7363 0.0519 0.0470 0.0589
48       48   (1)      1  : 0.0821 0.0440 0.1021 0.3914 0.2513 0.1291
49       49   (0)      1  : 0.1269 0.0330 0.1538 0.1608 0.2258 0.2997
50       50   (1)      1  : 0.5360 0.0200 0.0230 0.1380 0.1230 0.1600
51       51   (2)      1  : 0.0910 0.6820 0.0600 0.0500 0.0520 0.0650
52       52   (1)      1  : 0.0350 0.8280 0.0410 0.0260 0.0440 0.0260
53       53   (2)      1  : 0.0370 0.0280 0.6757 0.1141 0.0711 0.0741
54       54   (1)      1  : 0.0729 0.0579 0.3716 0.1209 0.1508 0.2258
55       55   (3)      1  : 0.1670 0.0820 0.0660 0.1440 0.4640 0.0770
56       56   (1)      1  : 0.1470 0.0660 0.5280 0.0550 0.0810 0.1230
57       57   (0)      1  : 0.0799 0.0200 0.4995 0.0729 0.1728 0.1548
58       58   (1)      1  : 0.0640 0.7120 0.0320 0.0600 0.0590 0.0730
59       59   (0)      1  : 0.0720 0.0230 0.6100 0.1340 0.0760 0.0850
60       60   (2)      1  : 0.3400 0.0940 0.0820 0.2630 0.1000 0.1210
61       61   (1)      1  : 0.1300 0.0450 0.3900 0.0800 0.0750 0.2800
62       62   (1)      1  : 0.0569 0.0350 0.0809 0.5045 0.2088 0.1139
63       63   (0)      1  : 0.0670 0.1790 0.1950 0.1080 0.0590 0.3920
64       64   (3)      1  : 0.1550 0.0530 0.0730 0.3330 0.1710 0.2150
65       65   (1)      1  : 0.2890 0.0600 0.0730 0.0960 0.2550 0.2270
66       66   (4)      1  : 0.4560 0.2110 0.0390 0.0600 0.1740 0.0600
67       67   (0)      1  : 0.3273 0.0310 0.2573 0.0581 0.1031 0.2232
68       68   (2)      1  : 0.0550 0.0370 0.4410 0.1770 0.1810 0.1090
69       69   (2)      1  : 0.0620 0.1580 0.6100 0.0460 0.0510 0.0730
70       70   (1)      1  : 0.0609 0.0290 0.1449 0.2098 0.4296 0.1259
71       71   (0)      1  : 0.2340 0.0300 0.0730 0.1690 0.1980 0.2960
72       72   (5)      1  : 0.1230 0.0200 0.1270 0.4100 0.0990 0.2210
73       73   (1)      1  : 0.0330 0.2080 0.1570 0.1140 0.1910 0.2970
74       74   (1)      1  : 0.1732 0.0370 0.0290 0.4935 0.1932 0.0741
75       75   (1)      1  : 0.1890 0.0940 0.1900 0.0530 0.2620 0.2120
76       76   (1)      1  : 0.0560 0.0370 0.5510 0.0800 0.1520 0.1240
77       77   (1)      1  : 0.0160 0.9081 0.0180 0.0240 0.0150 0.0190
78       78   (1)      1  : 0.1060 0.0340 0.0750 0.2300 0.2660 0.2890
79       79   (2)      1  : 0.0720 0.0360 0.0780 0.1340 0.2490 0.4310
80       80   (2)      1  : 0.0760 0.7230 0.0500 0.0620 0.0340 0.0550
81       81   (2)      1  : 0.1021 0.3924 0.0981 0.1692 0.0721 0.1662
82       82   (1)      1  : 0.0601 0.0190 0.4154 0.1802 0.1181 0.2072
83       83   (0)      1  : 0.1720 0.0400 0.2270 0.1310 0.2480 0.1820
84       84   (1)      1  : 0.1570 0.1680 0.0620 0.1960 0.2890 0.1280
85       85   (6)      1  : 0.1880 0.0270 0.0740 0.1110 0.3400 0.2600
86       86   (1)      1  : 0.5220 0.0640 0.0210 0.2300 0.0960 0.0670
87       87   (2)      1  : 0.0820 0.0300 0.2860 0.2260 0.1440 0.2320
88       88   (0)      2  : 0.0430 0.8130 0.0280 0.0280 0.0600 0.0280
89       89   (1)      2  : 0.1100 0.0400 0.0620 0.1590 0.5820 0.0470
90       90   (1)      2  : 0.0250 0.8730 0.0170 0.0300 0.0260 0.0290
91       91   (2)      2  : 0.2020 0.0140 0.2510 0.2020 0.1620 0.1690
92       92   (1)      2  : 0.0631 0.0330 0.3784 0.0771 0.1552 0.2933
93       93   (1)      2  : 0.0470 0.0120 0.6480 0.0450 0.1810 0.0670
94       94   (1)      2  : 0.1499 0.1548 0.0310 0.2288 0.2787 0.1568
95       95   (0)      2  : 0.0790 0.1610 0.0210 0.2410 0.3730 0.1250
96       96   (2)      2  : 0.4260 0.0740 0.0540 0.0780 0.1190 0.2490
97       97   (1)      2  : 0.0200 0.1059 0.7373 0.0400 0.0480 0.0490
98       98   (0)      2  : 0.2120 0.0380 0.0960 0.1820 0.1400 0.3320
99       99   (0)      2  : 0.1091 0.0701 0.2863 0.1071 0.0490 0.3784
100      100   (1)      2  : 0.0529 0.0290 0.0410 0.0689 0.7672 0.0410
101      101   (1)      2  : 0.0500 0.4805 0.1219 0.0669 0.1908 0.0899
102      102   (1)      2  : 0.3253 0.0551 0.0340 0.1361 0.2593 0.1902
103      103   (2)      2  : 0.0940 0.1630 0.1610 0.1780 0.2720 0.1320
104      104   (1)      2  : 0.0810 0.0290 0.5160 0.0860 0.1850 0.1030
105      105   (1)      2  : 0.0550 0.1690 0.4760 0.1160 0.0240 0.1600
106      106   (1)      2  : 0.0130 0.9070 0.0280 0.0200 0.0160 0.0160
107      107   (2)      2  : 0.5320 0.0680 0.1320 0.1020 0.0640 0.1020
108      108   (0)      2  : 0.1572 0.0470 0.1842 0.1371 0.1241 0.3504
109      109   (1)      2  : 0.3850 0.2080 0.0290 0.1740 0.1550 0.0490
110      110   (1)      2  : 0.0450 0.1440 0.4080 0.1510 0.0940 0.1580
111      111   (1)      2  : 0.0849 0.0440 0.3137 0.1009 0.0829 0.3736
112      112   (2)      2  : 0.2550 0.0870 0.0370 0.2410 0.1760 0.2040
113      113   (1)      2  : 0.1590 0.4940 0.0370 0.0900 0.1550 0.0650
114      114   (3)      2  : 0.0869 0.0360 0.0789 0.1918 0.4815 0.1249
115      115   (2)      2  : 0.0200 0.0350 0.1690 0.4200 0.0910 0.2650
116      116   (0)      2  : 0.0521 0.0641 0.0490 0.0971 0.6847 0.0531
117      117   (1)      2  : 0.1051 0.1632 0.0320 0.1151 0.1752 0.4094
118      118   (1)      2  : 0.1708 0.0240 0.0899 0.0699 0.4825 0.1628
119      119   (3)      2  : 0.3910 0.0600 0.0420 0.1460 0.1110 0.2500
120      120   (1)      2  : 0.0400 0.0120 0.8222 0.0310 0.0519 0.0430
121      121   (0)      2  : 0.2200 0.0480 0.0310 0.2480 0.3150 0.1380
122      122   (1)      2  : 0.1592 0.0460 0.1011 0.1391 0.3483 0.2062
123      123   (1)      2  : 0.2917 0.0200 0.1349 0.1219 0.1848 0.2468
124      124   (0)      2  : 0.0680 0.0920 0.0360 0.5590 0.1400 0.1050
125      125   (1)      2  : 0.0410 0.0739 0.5694 0.1538 0.0859 0.0759
126      126   (1)      2  : 0.0561 0.6216 0.0260 0.0791 0.0581 0.1592
127      127   (1)      2  : 0.7350 0.0440 0.0560 0.0480 0.0410 0.0760
128      128   (1)      2  : 0.0641 0.0350 0.5556 0.0521 0.0861 0.2072
129      129   (1)      2  : 0.0561 0.2082 0.0460 0.0611 0.4024 0.2262
130      130   (1)      2  : 0.0460 0.0490 0.0230 0.5874 0.2498 0.0450
131      131   (1)      2  : 0.0570 0.0630 0.1030 0.1910 0.3140 0.2720
132      132   (1)      2  : 0.1050 0.0530 0.5130 0.1420 0.0900 0.0970
133      133   (1)      2  : 0.0700 0.0250 0.0600 0.2330 0.3300 0.2820
134      134   (1)      2  : 0.4400 0.0520 0.0560 0.0950 0.0670 0.2900
135      135   (1)      2  : 0.0250 0.0170 0.8659 0.0280 0.0210 0.0430
136      136   (3)      2  : 0.1210 0.0350 0.1020 0.1200 0.4930 0.1290
137      137   (1)      2  : 0.2870 0.2070 0.0450 0.2930 0.0630 0.1050
138      138   (1)      2  : 0.0560 0.6470 0.0270 0.0750 0.1550 0.0400
139      139   (2)      2  : 0.0691 0.0170 0.0470 0.3774 0.3113 0.1782
140      140   (3)      2  : 0.3470 0.0890 0.0460 0.1200 0.2980 0.1000
141      141   (0)      2  : 0.1632 0.3373 0.1431 0.1091 0.1572 0.0901
142      142   (1)      2  : 0.1610 0.2990 0.2560 0.1220 0.0980 0.0640
143      143   (0)      2  : 0.0320 0.0520 0.4410 0.1660 0.0820 0.2270
144      144   (1)      2  : 0.1061 0.0140 0.0621 0.3453 0.4034 0.0691
145      145   (1)      2  : 0.1200 0.0260 0.0270 0.4100 0.1530 0.2640
146      146   (2)      2  : 0.0749 0.0400 0.3487 0.0929 0.1099 0.3337
147      147   (1)      2  : 0.5120 0.0340 0.0670 0.0720 0.0810 0.2340
148      148   (1)      2  : 0.3230 0.0170 0.2430 0.2320 0.0790 0.1060
149      149   (2)      2  : 0.1340 0.0480 0.2030 0.0910 0.1000 0.4240
150      150   (2)      2  : 0.1260 0.0470 0.3980 0.0710 0.1730 0.1850
151      151   (1)      2  : 0.2026 0.0918 0.1906 0.1068 0.3373 0.0709
152      152   (0)      2  : 0.1652 0.0470 0.0541 0.2442 0.0731 0.4164
153      153   (1)      2  : 0.0420 0.0220 0.8390 0.0320 0.0200 0.0450
154      154   (2)      2  : 0.2550 0.0410 0.0320 0.3750 0.1040 0.1930
155      155   (1)      2  : 0.1738 0.0769 0.1079 0.1978 0.1578 0.2857
156      156   (1)      2  : 0.3043 0.1111 0.1572 0.2112 0.0701 0.1461
157      157   (0)      2  : 0.0890 0.0540 0.1840 0.3020 0.2070 0.1640
158      158   (2)      2  : 0.1822 0.0170 0.0711 0.0821 0.4765 0.1712
159      159   (1)      2  : 0.3526 0.0400 0.0410 0.2577 0.1898 0.1189
160      160   (0)      2  : 0.3147 0.0490 0.1568 0.1738 0.0549 0.2507
161      161   (1)      2  : 0.1120 0.0320 0.4090 0.1810 0.2150 0.0510
162      162   (1)      2  : 0.3020 0.0550 0.2020 0.1780 0.1350 0.1280
163      163   (1)      2  : 0.0711 0.0421 0.6954 0.0872 0.0531 0.0511
164      164   (1)      2  : 0.2773 0.0190 0.0390 0.1391 0.2713 0.2543
165      165   (0)      2  : 0.1160 0.0170 0.0960 0.2850 0.0790 0.4070
166      166   (0)      2  : 0.1350 0.0440 0.0540 0.5270 0.0900 0.1500
167      167   (2)      2  : 0.1470 0.0810 0.5110 0.1450 0.0790 0.0370
168      168   (0)      2  : 0.1070 0.0570 0.0470 0.0650 0.6520 0.0720
169      169   (1)      2  : 0.0270 0.9131 0.0120 0.0170 0.0160 0.0150
170      170   (1)      2  : 0.0769 0.0509 0.4815 0.1349 0.0799 0.1758
171      171   (1)      2  : 0.1840 0.0270 0.0950 0.2600 0.1640 0.2700
172      172   (0)      2  : 0.0881 0.3514 0.3514 0.0400 0.1101 0.0591
173      173   (1)      2  : 0.0200 0.8840 0.0180 0.0260 0.0210 0.0310
174      174   (0)      2  : 0.0509 0.0240 0.0609 0.6194 0.1279 0.1169
175      175   (1)      2  : 0.1220 0.0210 0.0470 0.0830 0.6270 0.1000
176      176   (1)      2  : 0.1291 0.0340 0.4995 0.0340 0.0681 0.2352
177      177   (1)      2  : 0.0571 0.0090 0.7197 0.0841 0.0390 0.0911
178      178   (0)      2  : 0.5580 0.0360 0.0330 0.2420 0.0950 0.0360
179      179   (1)      2  : 0.0969 0.0170 0.4346 0.1648 0.1309 0.1558
180      180   (1)      2  : 0.0290 0.7852 0.0649 0.0360 0.0509 0.0340
181      181   (1)      2  : 0.2018 0.0270 0.0819 0.4146 0.1239 0.1508
182      182   (1)      2  : 0.1370 0.1150 0.0380 0.1120 0.2960 0.3020
183      183   (1)      2  : 0.2690 0.0280 0.0580 0.2810 0.1110 0.2530
184      184   (1)      2  : 0.1180 0.4290 0.0300 0.0240 0.0860 0.3130
185      185   (2)      2  : 0.0300 0.0090 0.0170 0.0400 0.8801 0.0240
186      186   (1)      2  : 0.0420 0.0799 0.2797 0.0899 0.2577 0.2507
187      187   (0)      2  : 0.0509 0.0200 0.0360 0.6893 0.0689 0.1349
188      188   (1)      2  : 0.0881 0.0521 0.0771 0.1582 0.3894 0.2352
189      189   (0)      2  : 0.0901 0.1141 0.3343 0.1111 0.2222 0.1281
190      190   (0)      2  : 0.0830 0.0350 0.6470 0.0730 0.0710 0.0910
191      191   (2)      2  : 0.0450 0.0310 0.4300 0.2370 0.0940 0.1630
192      192   (1)      2  : 0.7160 0.0250 0.0170 0.0400 0.0640 0.1380
193      193   (1)      2  : 0.2170 0.0980 0.1410 0.1830 0.2780 0.0830
194      194   (0)      2  : 0.7918 0.0120 0.0310 0.0320 0.0521 0.0811
195      195   (1)      2  : 0.0460 0.7810 0.0160 0.0510 0.0480 0.0580
196      196   (1)      2  : 0.0350 0.0270 0.0290 0.7900 0.0760 0.0430
197      197   (1)      2  : 0.1101 0.0440 0.3834 0.1431 0.0801 0.2392
198      198   (1)      2  : 0.0761 0.7407 0.0420 0.0400 0.0501 0.0511
199      199   (0)      2  : 0.1642 0.0230 0.0611 0.2112 0.4184 0.1221
200      200   (0)      2  : 0.0360 0.0360 0.7077 0.0480 0.1331 0.0390
201      201   (1)      2  : 0.3273 0.0190 0.0470 0.3143 0.0801 0.2122
202      202   (0)      2  : 0.0830 0.0100 0.7110 0.0370 0.0610 0.0980
203      203   (0)      2  : 0.0950 0.0300 0.0610 0.3190 0.0510 0.4440
204      204   (1)      2  : 0.1808 0.0460 0.1029 0.2408 0.0889 0.3407
205      205   (1)      2  : 0.0519 0.0759 0.0879 0.5594 0.0909 0.1339
206      206   (1)      2  : 0.0300 0.7800 0.0310 0.0360 0.0650 0.0580
207      207   (1)      2  : 0.1700 0.2120 0.0910 0.2990 0.1730 0.0550
208      208   (1)      2  : 0.3453 0.0300 0.0450 0.1832 0.1912 0.2052
209      209   (0)      2  : 0.0530 0.4790 0.1110 0.0630 0.1570 0.1370
210      210   (1)      2  : 0.0120 0.9120 0.0120 0.0290 0.0180 0.0170
211      211   (0)      2  : 0.1522 0.1201 0.0611 0.1121 0.4725 0.0821
212      212   (1)      2  : 0.1658 0.1708 0.4186 0.1119 0.0430 0.0899
213      213   (1)      2  : 0.0470 0.0230 0.0631 0.6206 0.1191 0.1271
214      214   (1)      2  : 0.1210 0.0390 0.0340 0.5010 0.0700 0.2350
215      215   (1)      2  : 0.7340 0.0240 0.0480 0.0450 0.0820 0.0670
216      216   (1)      2  : 0.0360 0.8088 0.0190 0.0581 0.0390 0.0390
217      217   (1)      2  : 0.2550 0.3510 0.0570 0.1440 0.0670 0.1260
218      218   (1)      2  : 0.0589 0.0210 0.2527 0.1998 0.0719 0.3956
219      219   (1)      2  : 0.4920 0.0900 0.0360 0.2390 0.0810 0.0620
220      220   (1)      2  : 0.1862 0.0110 0.1001 0.1882 0.3994 0.1151
221      221   (0)      2  : 0.0250 0.2240 0.0360 0.4260 0.1290 0.1600
222      222   (1)      2  : 0.1568 0.0250 0.2587 0.2448 0.1169 0.1978
223      223   (0)      2  : 0.2877 0.0440 0.0679 0.3586 0.1089 0.1329
224      224   (1)      2  : 0.5295 0.0240 0.0549 0.1429 0.1878 0.0609
225      225   (1)      2  : 0.0170 0.9130 0.0160 0.0160 0.0210 0.0170
226      226   (0)      2  : 0.0841 0.1712 0.0320 0.1071 0.5265 0.0791
227      227   (1)      2  : 0.0150 0.8781 0.0290 0.0280 0.0170 0.0330
228      228   (1)      2  : 0.2282 0.0390 0.0320 0.5275 0.1191 0.0541
229      229   (2)      2  : 0.0310 0.0180 0.0270 0.1040 0.1280 0.6920
230      230   (1)      2  : 0.0761 0.1612 0.1171 0.2342 0.0861 0.3253
231      231   (1)      2  : 0.1530 0.0570 0.0440 0.4290 0.2030 0.1140
232      232   (2)      2  : 0.0731 0.0310 0.1221 0.2402 0.4505 0.0831
233      233   (1)      2  : 0.2547 0.0819 0.1209 0.3227 0.1019 0.1179
234      234   (1)      2  : 0.0180 0.8860 0.0170 0.0220 0.0350 0.0220
235      235   (0)      2  : 0.2630 0.4610 0.0690 0.0420 0.0610 0.1040
236      236   (1)      2  : 0.4615 0.0240 0.2613 0.1101 0.0561 0.0871
237      237   (1)      2  : 0.2953 0.0671 0.1141 0.1582 0.1792 0.1862
238      238   (0)      2  : 0.3800 0.1190 0.0500 0.2400 0.0710 0.1400
239      239   (1)      2  : 0.5445 0.0571 0.0521 0.0490 0.2002 0.0971
240      240   (1)      2  : 0.0900 0.0410 0.0470 0.2310 0.4220 0.1690
241      241   (0)      2  : 0.0980 0.0720 0.6110 0.0960 0.0720 0.0510
242      242   (1)      2  : 0.6627 0.0150 0.1441 0.0490 0.0521 0.0771
243      243   (1)      2  : 0.1240 0.0410 0.1760 0.2560 0.1100 0.2930
244      244   (1)      2  : 0.0650 0.0370 0.1300 0.2120 0.0650 0.4910
245      245   (0)      2  : 0.0110 0.9249 0.0180 0.0100 0.0220 0.0140
246      246   (1)      2  : 0.0610 0.1290 0.6190 0.0640 0.0480 0.0790
247      247   (0)      2  : 0.0480 0.4094 0.0430 0.1121 0.0410 0.3463
248      248   (1)      2  : 0.0390 0.4655 0.0531 0.0841 0.2372 0.1211
249      249   (1)      2  : 0.0610 0.0440 0.0370 0.4190 0.3200 0.1190
250      250   (0)      2  : 0.2052 0.0921 0.0811 0.1792 0.1722 0.2703
251      251   (1)      2  : 0.1210 0.0500 0.0770 0.3900 0.1050 0.2570
252      252   (0)      2  : 0.0270 0.0300 0.7768 0.0711 0.0450 0.0501
253      253   (0)      2  : 0.2500 0.0490 0.0350 0.1070 0.4240 0.1350
254      254   (1)      2  : 0.0320 0.0390 0.0640 0.0640 0.0620 0.7390
255      255   (1)      2  : 0.0380 0.0230 0.4440 0.2360 0.1360 0.1230
256      256   (1)      2  : 0.0560 0.2620 0.3810 0.1540 0.0610 0.0860
257      257   (0)      2  : 0.0410 0.0490 0.0559 0.4815 0.2557 0.1169
258      258   (1)      1  : 0.1632 0.1752 0.0991 0.1772 0.2302 0.1552
259      259   (2)      1  : 0.1870 0.4060 0.1100 0.0610 0.1750 0.0610
260      260   (1)      1  : 0.5495 0.0200 0.0571 0.0631 0.1271 0.1832
261      261   (0)      1  : 0.1279 0.0340 0.0240 0.1658 0.4006 0.2478
262      262   (1)      1  : 0.1870 0.0940 0.1740 0.1490 0.2200 0.1760
263      263   (0)      1  : 0.0971 0.0250 0.3654 0.2102 0.0340 0.2683
264      264   (1)      1  : 0.1668 0.0509 0.0649 0.4276 0.0989 0.1908
265      265   (1)      1  : 0.1379 0.0410 0.0440 0.1189 0.1089 0.5495
266      266   (1)      1  : 0.0710 0.0180 0.0440 0.5910 0.1790 0.0970
267      267   (1)      1  : 0.1181 0.1321 0.0651 0.1401 0.2843 0.2603
268      268   (2)      1  : 0.0951 0.1101 0.3203 0.1562 0.1702 0.1481
269      269   (1)      1  : 0.1650 0.1330 0.0620 0.1430 0.3740 0.1230
270      270   (1)      1  : 0.0390 0.0330 0.3786 0.2537 0.1548 0.1409
271      271   (1)      1  : 0.1490 0.3040 0.0530 0.1100 0.2620 0.1220
272      272   (0)      1  : 0.1049 0.1588 0.0320 0.4356 0.0929 0.1758
273      273   (0)      1  : 0.2140 0.0290 0.0650 0.0970 0.1820 0.4130
274      274   (1)      1  : 0.0360 0.7350 0.0290 0.0450 0.1330 0.0220
275      275   (1)      1  : 0.2452 0.1081 0.3333 0.1401 0.1081 0.0651
276      276   (1)      1  : 0.3180 0.0490 0.0650 0.1590 0.1700 0.2390
277      277   (1)      1  : 0.2150 0.0710 0.0310 0.2090 0.2470 0.2270
278      278   (1)      1  : 0.2030 0.3000 0.0560 0.2110 0.1440 0.0860
279      279   (0)      1  : 0.5964 0.1518 0.0400 0.0529 0.0869 0.0719
280      280   (1)      1  : 0.0490 0.1080 0.2320 0.1370 0.3970 0.0770
281      281   (1)      1  : 0.1300 0.0390 0.0440 0.0800 0.5240 0.1830
282      282   (1)      1  : 0.0859 0.1618 0.1209 0.1409 0.3726 0.1179
283      283   (1)      1  : 0.3233 0.0440 0.0511 0.1672 0.1912 0.2232
284      284   (0)      1  : 0.0771 0.0220 0.0861 0.4895 0.0571 0.2683
285      285   (1)      1  : 0.2653 0.0430 0.2623 0.1221 0.0961 0.2112
286      286   (1)      1  : 0.2500 0.0250 0.0890 0.1880 0.1270 0.3210
287      287   (1)      1  : 0.0120 0.9481 0.0080 0.0090 0.0150 0.0080
288      288   (1)      1  : 0.0721 0.7244 0.0351 0.0301 0.0681 0.0701
289      289   (1)      1  : 0.4340 0.1040 0.0540 0.1020 0.1980 0.1080
290      290   (1)      1  : 0.0170 0.9111 0.0210 0.0160 0.0190 0.0160
291      291   (1)      1  : 0.0579 0.4086 0.1489 0.1528 0.0659 0.1658
292      292   (1)      1  : 0.1331 0.2192 0.0701 0.0931 0.4204 0.0641
293      293   (1)      1  : 0.0490 0.0270 0.7290 0.0590 0.0800 0.0560
294      294   (1)      1  : 0.4500 0.1670 0.0310 0.1750 0.0890 0.0880
295      295   (0)      1  : 0.1230 0.0180 0.0450 0.1590 0.0830 0.5720
296      296   (0)      1  : 0.4166 0.0270 0.1109 0.1938 0.1189 0.1329
297      297   (1)      1  : 0.0541 0.7558 0.0250 0.0591 0.0591 0.0470
298      298   (0)      1  : 0.5345 0.0200 0.0350 0.2208 0.0929 0.0969
299      299   (1)      1  : 0.2108 0.1778 0.1439 0.0729 0.0509 0.3437
300      300   (1)      1  : 0.1750 0.0310 0.0800 0.0780 0.5700 0.0660
301      301   (0)      1  : 0.0230 0.8480 0.0150 0.0380 0.0400 0.0360
302      302   (1)      1  : 0.2817 0.4276 0.0430 0.1269 0.0649 0.0559
303      303   (1)      1  : 0.2230 0.1110 0.0510 0.1180 0.4430 0.0540
304      304   (1)      1  : 0.4915 0.1181 0.0811 0.0771 0.1642 0.0681
305      305   (1)      1  : 0.3430 0.0240 0.0660 0.1830 0.1620 0.2220
306      306   (1)      1  : 0.0710 0.5600 0.0180 0.2040 0.0900 0.0570
307      307   (2)      1  : 0.1508 0.0220 0.1309 0.1598 0.3367 0.1998
308      308   (0)      1  : 0.1870 0.0970 0.0610 0.3310 0.2410 0.0830
309      309   (2)      1  : 0.0260 0.8820 0.0230 0.0260 0.0170 0.0260
310      310   (0)      1  : 0.1169 0.4166 0.0589 0.1159 0.2268 0.0649
311      311   (0)      1  : 0.3003 0.4705 0.0450 0.0671 0.0741 0.0430
312      312   (0)      1  : 0.1648 0.0310 0.5265 0.0679 0.0859 0.1239
313      313   (1)      1  : 0.3040 0.0170 0.1180 0.2800 0.1360 0.1450
314      314   (0)      1  : 0.0811 0.0380 0.3844 0.0791 0.0971 0.3203
315      315   (1)      1  : 0.0909 0.0470 0.0789 0.3816 0.2058 0.1958
316      316   (1)      1  : 0.1340 0.0250 0.0440 0.2070 0.1140 0.4760
317      317   (1)      1  : 0.1089 0.0320 0.2597 0.0589 0.4545 0.0859
318      318   (1)      1  : 0.0820 0.0240 0.2550 0.1830 0.1790 0.2770
319      319   (1)      1  : 0.2920 0.0160 0.1000 0.2230 0.1020 0.2670
320      320   (0)      1  : 0.2610 0.0120 0.0590 0.3660 0.0750 0.2270
321      321   (1)      1  : 0.2590 0.0200 0.0480 0.1790 0.4310 0.0630
322      322   (0)      1  : 0.1079 0.2498 0.0639 0.1429 0.3497 0.0859
323      323   (1)      1  : 0.4270 0.0230 0.0260 0.3870 0.0810 0.0560
324      324   (1)      1  : 0.0630 0.0190 0.0780 0.5510 0.0720 0.2170
325      325   (1)      1  : 0.0609 0.3796 0.0430 0.1628 0.2557 0.0979
326      326   (1)      1  : 0.1658 0.0470 0.0310 0.2448 0.2188 0.2927
327      327   (1)      1  : 0.1369 0.0280 0.0809 0.4166 0.0380 0.2997
328      328   (1)      2  : 0.0901 0.0330 0.5656 0.1361 0.0561 0.1191
329      329   (0)      2  : 0.1200 0.0540 0.0610 0.3680 0.2240 0.1730
330      330   (0)      2  : 0.1081 0.0551 0.0260 0.5546 0.2192 0.0370
331      331   (1)      2  : 0.1259 0.6204 0.0759 0.0639 0.0450 0.0689
332      332   (1)      2  : 0.0630 0.6810 0.0520 0.0610 0.0690 0.0740
333      333   (1)      2  : 0.0501 0.7868 0.0210 0.0230 0.0801 0.0390
334      334   (1)      2  : 0.0380 0.1470 0.1040 0.2700 0.1240 0.3170
335      335   (0)      2  : 0.1480 0.0220 0.4070 0.1560 0.1880 0.0790
336      336   (1)      2  : 0.0310 0.8541 0.0190 0.0320 0.0310 0.0330
337      337   (1)      2  : 0.3970 0.0350 0.0420 0.2130 0.2180 0.0950
338      338   (1)      2  : 0.0540 0.8140 0.0180 0.0340 0.0450 0.0350
339      339   (1)      2  : 0.1310 0.0450 0.0390 0.3410 0.2170 0.2270
340      340   (0)      2  : 0.1161 0.1341 0.4985 0.1021 0.0741 0.0751
341      341   (1)      2  : 0.2170 0.0120 0.1090 0.0880 0.0360 0.5380
342      342   (2)      2  : 0.1972 0.3313 0.1131 0.1081 0.1952 0.0551
343      343   (2)      2  : 0.0549 0.2957 0.1858 0.1538 0.1409 0.1688
344      344   (3)      2  : 0.1170 0.4030 0.0920 0.0740 0.2120 0.1020
345      345   (2)      2  : 0.0661 0.6016 0.1011 0.1191 0.0801 0.0320
346      346   (4)      2  : 0.0350 0.0180 0.0200 0.6060 0.1660 0.1550
347      347   (3)      2  : 0.5320 0.0420 0.0370 0.1210 0.1710 0.0970
348      348   (1)      2  : 0.0639 0.1349 0.0619 0.1149 0.5814 0.0430
349      349   (1)      2  : 0.4350 0.0330 0.0520 0.1290 0.2600 0.0910
350      350   (1)      2  : 0.6867 0.0350 0.0300 0.1141 0.0861 0.0480
351      351   (0)      2  : 0.1280 0.6840 0.0170 0.0330 0.0720 0.0660
352      352   (4)      2  : 0.1828 0.3576 0.0569 0.1768 0.0490 0.1768
353      353   (2)      2  : 0.0671 0.1161 0.0641 0.2993 0.0961 0.3574
354      354   (1)      2  : 0.0570 0.0700 0.0340 0.5010 0.1680 0.1700
355      355   (2)      2  : 0.0621 0.0340 0.0450 0.4454 0.2352 0.1782
356      356   (1)      2  : 0.1121 0.0320 0.2492 0.1672 0.0961 0.3433
357      357   (2)      2  : 0.0280 0.6016 0.2462 0.0450 0.0380 0.0410
358      358   (2)      2  : 0.1380 0.0140 0.3980 0.2260 0.1080 0.1160
359      359   (3)      2  : 0.3170 0.0640 0.1040 0.1080 0.3300 0.0770
360      360   (0)      2  : 0.0571 0.0300 0.2853 0.1271 0.3483 0.1522
361      361   (1)      2  : 0.1049 0.0170 0.0340 0.6464 0.0689 0.1289
362      362   (1)      2  : 0.0909 0.1479 0.0450 0.2737 0.0899 0.3526
363      363   (2)      2  : 0.0689 0.1439 0.1179 0.1618 0.1249 0.3826
364      364   (3)      2  : 0.5506 0.0150 0.0511 0.0851 0.2022 0.0961
365      365   (4)      2  : 0.2118 0.0330 0.0280 0.2897 0.2418 0.1958
366      366   (4)      2  : 0.1420 0.0260 0.1440 0.1650 0.1280 0.3950
367      367   (3)      2  : 0.0340 0.7307 0.0190 0.0721 0.0571 0.0871
368      368   (3)      2  : 0.2200 0.3380 0.0810 0.1280 0.1480 0.0850
369      369   (2)      2  : 0.0460 0.0559 0.1938 0.0939 0.4905 0.1199
370      370   (3)      2  : 0.0879 0.0360 0.0549 0.2697 0.3766 0.1748
371      371   (1)      2  : 0.1380 0.0280 0.0700 0.1520 0.1930 0.4190
372      372   (3)      2  : 0.2923 0.0771 0.0951 0.2032 0.2292 0.1031
373      373   (5)      2  : 0.0570 0.0550 0.6430 0.0900 0.0740 0.0810
374      374   (5)      2  : 0.0660 0.0130 0.7440 0.0390 0.0800 0.0580
375      375   (3)      2  : 0.1310 0.0870 0.0420 0.2380 0.3850 0.1170
376      376   (3)      2  : 0.0360 0.8550 0.0280 0.0350 0.0280 0.0180
377      377   (4)      2  : 0.0580 0.1950 0.3210 0.1140 0.1580 0.1540
378      378   (0)      2  : 0.3714 0.0721 0.2052 0.0881 0.1241 0.1391
379      379   (5)      2  : 0.3157 0.0749 0.1778 0.2448 0.0649 0.1219
380      380   (4)      2  : 0.0691 0.0911 0.1311 0.2322 0.2703 0.2062
381      381   (1)      2  : 0.2120 0.0340 0.1300 0.1180 0.4190 0.0870
382      382   (1)      2  : 0.2850 0.0340 0.1210 0.2580 0.1390 0.1630
383      383   (3)      2  : 0.0670 0.4200 0.0470 0.1390 0.2250 0.1020
384      384   (2)      2  : 0.5810 0.1490 0.0230 0.1220 0.0350 0.0900
385      385   (4)      2  : 0.1922 0.0390 0.0260 0.5616 0.0911 0.0901
386      386   (2)      2  : 0.4825 0.2813 0.0290 0.0861 0.0891 0.0320
387      387   (1)      2  : 0.1580 0.2510 0.3020 0.0930 0.1170 0.0790
388      388   (6)      2  : 0.0891 0.0460 0.2332 0.0781 0.4114 0.1421
389      389   (1)      2  : 0.3110 0.1110 0.0380 0.2560 0.1110 0.1730
390      390   (1)      2  : 0.4640 0.0600 0.0840 0.1940 0.1360 0.0620
391      391   (3)      2  : 0.0260 0.8348 0.0470 0.0240 0.0390 0.0290
392      392   (2)      2  : 0.1260 0.0280 0.1490 0.2390 0.2840 0.1740
393      393   (4)      2  : 0.0310 0.0571 0.6787 0.0741 0.0541 0.1051
394      394   (3)      2  : 0.0851 0.7548 0.0220 0.0480 0.0521 0.0380
395      395   (7)      2  : 0.0560 0.1640 0.3570 0.0900 0.1920 0.1410
396      396   (4)      2  : 0.0680 0.5420 0.1700 0.0870 0.0470 0.0860
397      397   (1)      2  : 0.1730 0.0430 0.0790 0.2130 0.2500 0.2420
398      398   (3)      2  : 0.1010 0.1560 0.0870 0.3390 0.1530 0.1640
399      399   (2)      2  : 0.0539 0.2557 0.1289 0.1149 0.2478 0.1988
400      400   (0)      2  : 0.2170 0.0460 0.0800 0.4610 0.1110 0.0850
401      401   (6)      2  : 0.0380 0.0521 0.5345 0.1141 0.0821 0.1792
402      402   (5)      2  : 0.0340 0.1680 0.3660 0.1300 0.1570 0.1450
403      403   (1)      2  : 0.0840 0.1050 0.2160 0.1360 0.4180 0.0410
404      404   (2)      2  : 0.2272 0.1111 0.0340 0.1832 0.3814 0.0631
405      405   (3)      2  : 0.4394 0.0310 0.0581 0.1061 0.1732 0.1922
406      406   (2)      2  : 0.3027 0.0300 0.0310 0.2148 0.3457 0.0759
407      407   (2)      2  : 0.3493 0.1011 0.2963 0.0821 0.0571 0.1141
408      408   (2)      2  : 0.2440 0.0940 0.3630 0.1010 0.0830 0.1150
409      409   (1)      2  : 0.0900 0.0280 0.2170 0.2770 0.2130 0.1750
410      410   (1)      2  : 0.1039 0.0220 0.0360 0.3816 0.0619 0.3946
411      411   (1)      2  : 0.0250 0.0260 0.0330 0.3090 0.1110 0.4960
412      412   (0)      2  : 0.5750 0.0160 0.0400 0.1370 0.1800 0.0520
413      413   (1)      2  : 0.0920 0.0300 0.0250 0.6230 0.1300 0.1000
414      414   (2)      2  : 0.4476 0.0240 0.0500 0.1339 0.2368 0.1079
415      415   (2)      2  : 0.0380 0.0170 0.0730 0.2760 0.2060 0.3900
416      416   (3)      2  : 0.1670 0.0530 0.0460 0.2930 0.3470 0.0940
417      417   (1)      2  : 0.1350 0.0320 0.4390 0.2520 0.0620 0.0800
418      418   (0)      2  : 0.0250 0.0350 0.4454 0.1021 0.0611 0.3313
419      419   (1)      2  : 0.0711 0.0200 0.1441 0.1812 0.1902 0.3934
420      420   (0)      2  : 0.0490 0.0260 0.0300 0.6360 0.1800 0.0790
421      421   (1)      2  : 0.3776 0.0470 0.0490 0.2068 0.1568 0.1628
422      422   (6)      2  : 0.0330 0.0260 0.0350 0.0580 0.7270 0.1210
423      423   (2)      2  : 0.0380 0.0440 0.0440 0.3720 0.0910 0.4110
424      424   (1)      2  : 0.0500 0.1900 0.1340 0.3920 0.0630 0.1710
425      425   (1)      2  : 0.1130 0.2280 0.0450 0.2310 0.1610 0.2220
426      426   (3)      2  : 0.1231 0.0340 0.1662 0.3634 0.1862 0.1271
427      427   (2)      2  : 0.2200 0.5540 0.0170 0.0490 0.1050 0.0550
428      428   (6)      2  : 0.0789 0.0150 0.0330 0.7782 0.0529 0.0420
429      429   (1)      2  : 0.2597 0.1738 0.0260 0.2627 0.2098 0.0679
430      430   (1)      2  : 0.0510 0.0990 0.0690 0.0480 0.5790 0.1540
431      431   (0)      2  : 0.1430 0.0380 0.0520 0.6090 0.1020 0.0560
432      432   (2)      2  : 0.0551 0.7487 0.0490 0.0450 0.0470 0.0551
433      433   (2)      2  : 0.0650 0.0490 0.4950 0.0600 0.1810 0.1500
434      434   (2)      2  : 0.0890 0.0890 0.0440 0.3410 0.1310 0.3060
435      435   (8)      2  : 0.2038 0.0569 0.1299 0.3776 0.1019 0.1299
436      436   (2)      2  : 0.1090 0.0320 0.0830 0.3830 0.2280 0.1650
437      437   (4)      2  : 0.1250 0.0260 0.2150 0.2660 0.2430 0.1250
438      438   (1)      2  : 0.0200 0.0600 0.7400 0.0590 0.0640 0.0570
439      439   (2)      2  : 0.1090 0.4570 0.0390 0.0640 0.2310 0.1000
440      440   (0)      2  : 0.0250 0.0950 0.7070 0.0420 0.0470 0.0840
441      441   (1)      2  : 0.7240 0.0200 0.0320 0.0420 0.1250 0.0570
442      442   (6)      2  : 0.1980 0.0730 0.1110 0.0660 0.4740 0.0780
443      443   (1)      2  : 0.6280 0.0150 0.0420 0.1220 0.1170 0.0760
444      444   (6)      2  : 0.0850 0.0360 0.3600 0.3120 0.1180 0.0890
445      445   (2)      2  : 0.1131 0.0551 0.1662 0.2513 0.2282 0.1862
446      446   (3)      2  : 0.0350 0.1760 0.1160 0.0940 0.0360 0.5430
447      447   (2)      2  : 0.2440 0.0790 0.0690 0.0880 0.3360 0.1840
448      448   (3)      2  : 0.2547 0.0430 0.0360 0.1049 0.2488 0.3127
449      449   (1)      2  : 0.4565 0.0250 0.1089 0.1279 0.2118 0.0699
450      450   (4)      2  : 0.0430 0.1642 0.1371 0.4244 0.0541 0.1772
451      451   (3)      2  : 0.2663 0.0270 0.0370 0.1281 0.1351 0.4064
452      452   (1)      2  : 0.4725 0.0729 0.0340 0.2038 0.1758 0.0410
453      453   (1)      2  : 0.4116 0.0200 0.0290 0.3497 0.0689 0.1209
454      454   (4)      2  : 0.2242 0.0440 0.3914 0.0931 0.1161 0.1311
455      455   (4)      2  : 0.1650 0.3860 0.1110 0.0860 0.0470 0.2050
456      456   (5)      2  : 0.0630 0.1180 0.0550 0.4530 0.1070 0.2040
457      457   (3)      2  : 0.0350 0.0210 0.2252 0.1321 0.2062 0.3804
458      458   (1)      2  : 0.1420 0.0460 0.1120 0.3580 0.0690 0.2730
459      459   (1)      2  : 0.0340 0.8579 0.0170 0.0300 0.0340 0.0270
460      460   (2)      2  : 0.2270 0.0310 0.0470 0.4520 0.0750 0.1680
461      461   (1)      2  : 0.0450 0.6930 0.0590 0.0340 0.0730 0.0960
462      462   (1)      2  : 0.1400 0.0120 0.2080 0.1380 0.4350 0.0670
463      463   (4)      2  : 0.3017 0.0420 0.0430 0.1009 0.1858 0.3267
464      464   (6)      2  : 0.1009 0.0220 0.1369 0.2837 0.3067 0.1499
465      465   (3)      2  : 0.0531 0.0310 0.3393 0.2312 0.0571 0.2883
466      466   (3)      2  : 0.2370 0.0680 0.3000 0.1600 0.1130 0.1220
467      467   (2)      2  : 0.0500 0.0500 0.0370 0.1229 0.6843 0.0559
468      468   (2)      2  : 0.1249 0.0160 0.0809 0.4186 0.1489 0.2108
469      469   (1)      2  : 0.0160 0.9131 0.0140 0.0210 0.0150 0.0210
470      470   (0)      2  : 0.1170 0.1770 0.4840 0.0580 0.0650 0.0990
471      471   (2)      2  : 0.0420 0.0601 0.0360 0.3123 0.1451 0.4044
472      472   (2)      2  : 0.1140 0.0070 0.0190 0.6390 0.1090 0.1120
473      473   (1)      2  : 0.2120 0.0640 0.0860 0.2700 0.2820 0.0860
474      474   (3)      2  : 0.0971 0.0440 0.0460 0.5756 0.1141 0.1231
475      475   (1)      2  : 0.0920 0.0770 0.4190 0.1190 0.1670 0.1260
476      476   (2)      2  : 0.2540 0.0280 0.0730 0.2120 0.3150 0.1180
477      477   (0)      2  : 0.0440 0.0560 0.1220 0.0830 0.4010 0.2940
478      478   (1)      2  : 0.2830 0.0540 0.0730 0.3230 0.0910 0.1760
479      479   (1)      2  : 0.0749 0.0360 0.1369 0.2358 0.4166 0.0999
480      480   (1)      2  : 0.0980 0.0530 0.0270 0.2230 0.0840 0.5150
481      481   (1)      2  : 0.1950 0.0290 0.0340 0.1460 0.1730 0.4230
482      482   (1)      2  : 0.0691 0.0270 0.3433 0.1271 0.2833 0.1502
483      483   (0)      2  : 0.2062 0.0260 0.0741 0.0951 0.1301 0.4685
484      484   (0)      2  : 0.6184 0.0529 0.0410 0.0380 0.1528 0.0969
485      485   (0)      2  : 0.0860 0.0190 0.1030 0.0830 0.2260 0.4830
486      486   (0)      2  : 0.1700 0.0330 0.1020 0.2900 0.0760 0.3290
487      487   (1)      2  : 0.0520 0.0240 0.5480 0.0440 0.2560 0.0760
488      488   (1)      2  : 0.0880 0.0630 0.3100 0.2470 0.1420 0.1500
489      489   (1)      2  : 0.6036 0.0320 0.0330 0.0821 0.1642 0.0851
490      490   (0)      2  : 0.3407 0.0200 0.0230 0.2677 0.1009 0.2478
491      491   (0)      2  : 0.1100 0.0480 0.3310 0.0770 0.0900 0.3440
492      492   (5)      2  : 0.0300 0.7560 0.0740 0.0360 0.0490 0.0550
493      493   (1)      2  : 0.0720 0.1790 0.1800 0.0690 0.4240 0.0760
494      494   (3)      2  : 0.0620 0.0240 0.0590 0.4970 0.0540 0.3040
495      495   (1)      2  : 0.0611 0.0671 0.1131 0.2292 0.1962 0.3333
496      496   (1)      2  : 0.0680 0.0850 0.0320 0.5530 0.0740 0.1880
497      497   (1)      2  : 0.0699 0.0150 0.1678 0.2867 0.2378 0.2228
498      498   (1)      2  : 0.4150 0.0460 0.1470 0.0750 0.1290 0.1880
499      499   (1)      2  : 0.1050 0.0270 0.0730 0.1070 0.0640 0.6240
500      500   (1)      2  : 0.1340 0.0890 0.0280 0.3660 0.2180 0.1650
501      501   (2)      2  : 0.0310 0.0240 0.1481 0.1512 0.1461 0.4995
502      502   (1)      2  : 0.0880 0.1760 0.4480 0.0470 0.0900 0.1510
503      503   (2)      2  : 0.3000 0.0910 0.2630 0.1290 0.1240 0.0930
504      504   (2)      2  : 0.0821 0.0501 0.4074 0.1191 0.2472 0.0941
505      505   (2)      2  : 0.1612 0.0511 0.0671 0.4565 0.0260 0.2382
506      506   (3)      2  : 0.0630 0.0470 0.0780 0.5840 0.0570 0.1710
507      507   (1)      2  : 0.0919 0.0719 0.0400 0.3167 0.4116 0.0679
508      508   (7)      2  : 0.0810 0.0280 0.0830 0.4800 0.1810 0.1470
509      509   (1)      2  : 0.0470 0.1060 0.0620 0.0950 0.1270 0.5630
510      510   (1)      2  : 0.0180 0.9290 0.0110 0.0120 0.0160 0.0140
511      511   (2)      2  : 0.0620 0.1020 0.5850 0.0990 0.0590 0.0930
512      512   (1)      2  : 0.0970 0.0210 0.3380 0.1960 0.0670 0.2810
513      513   (3)      2  : 0.0460 0.0180 0.0220 0.1469 0.6214 0.1459
514      514   (1)      2  : 0.0460 0.0210 0.7740 0.0440 0.0230 0.0920
515      515   (5)      2  : 0.1321 0.0280 0.0601 0.2452 0.4625 0.0721
516      516   (3)      2  : 0.0350 0.2200 0.2640 0.0960 0.0640 0.3210
517      517   (1)      2  : 0.2800 0.0160 0.4190 0.0900 0.0940 0.1010
518      518   (1)      2  : 0.1051 0.4434 0.1772 0.0651 0.1101 0.0991
519      519   (0)      2  : 0.0531 0.0801 0.3193 0.3343 0.1371 0.0761
520      520   (0)      2  : 0.5986 0.0240 0.1471 0.0490 0.1351 0.0460
521      521   (2)      2  : 0.0750 0.0590 0.0740 0.2320 0.4540 0.1060
522      522   (2)      2  : 0.0460 0.2710 0.0370 0.2470 0.0630 0.3360
523      523   (1)      2  : 0.1429 0.2158 0.2298 0.1049 0.1518 0.1548
524      524   (3)      2  : 0.1299 0.1079 0.0939 0.3816 0.0739 0.2128
525      525   (1)      2  : 0.1590 0.0370 0.1570 0.0590 0.5220 0.0660
526      526   (7)      2  : 0.2970 0.0150 0.0420 0.3150 0.1760 0.1550
527      527   (4)      2  : 0.2740 0.0710 0.0690 0.3380 0.0870 0.1610
528      528   (1)      2  : 0.1401 0.0150 0.0861 0.0951 0.1301 0.5335
529      529   (2)      2  : 0.2570 0.0310 0.0380 0.3190 0.1690 0.1860
530      530   (1)      2  : 0.0430 0.0450 0.3570 0.1880 0.2600 0.1070
531      531   (2)      2  : 0.5636 0.0200 0.0521 0.1842 0.1031 0.0771
532      532   (2)      2  : 0.1020 0.0160 0.0730 0.2790 0.4340 0.0960
533      533   (5)      2  : 0.0210 0.8520 0.0420 0.0230 0.0420 0.0200
534      534   (2)      2  : 0.1111 0.0771 0.0691 0.3804 0.0541 0.3083
535      535   (3)      2  : 0.1518 0.0519 0.4446 0.1518 0.1199 0.0799
536      536   (0)      2  : 0.1910 0.0870 0.0290 0.2830 0.2200 0.1900
537      537   (3)      2  : 0.2710 0.1920 0.0590 0.1570 0.1080 0.2130
538      538   (1)      2  : 0.0670 0.0190 0.0770 0.2420 0.3720 0.2230
539      539   (1)      2  : 0.1020 0.0400 0.1980 0.2670 0.1090 0.2840
540      540   (1)      2  : 0.1888 0.0420 0.0719 0.1588 0.3067 0.2318
541      541   (5)      2  : 0.1290 0.0090 0.1530 0.2650 0.0690 0.3750
542      542   (4)      2  : 0.2492 0.0841 0.0511 0.1522 0.1962 0.2673
543      543   (2)      2  : 0.0519 0.0140 0.0878 0.1357 0.1088 0.6018
544      544   (2)      2  : 0.0290 0.0360 0.2550 0.1530 0.3900 0.1370
545      545   (2)      2  : 0.1910 0.2350 0.2300 0.0850 0.1800 0.0790
546      546   (1)      2  : 0.1470 0.0320 0.1810 0.1370 0.0840 0.4190
547      547   (1)      2  : 0.1290 0.0500 0.2560 0.2320 0.1900 0.1430
548      548   (1)      2  : 0.0810 0.6890 0.0500 0.0840 0.0470 0.0490
549      549   (1)      2  : 0.2750 0.1970 0.0820 0.0350 0.0970 0.3140
550      550   (2)      2  : 0.2138 0.2308 0.0609 0.1958 0.1219 0.1768
551      551   (4)      2  : 0.3300 0.1000 0.0460 0.1540 0.1160 0.2540
552      552   (6)      2  : 0.5030 0.0250 0.0130 0.1500 0.2250 0.0840
553      553   (3)      2  : 0.0220 0.0200 0.8010 0.0530 0.0610 0.0430
554      554   (1)      2  : 0.0850 0.0180 0.5950 0.0770 0.1950 0.0300
555      555   (4)      2  : 0.2567 0.0240 0.3776 0.1279 0.1359 0.0779
556      556   (2)      2  : 0.2222 0.0541 0.1862 0.1712 0.2162 0.1502
557      557   (0)      2  : 0.0781 0.0220 0.0470 0.1241 0.6286 0.1001
558      558   (2)      2  : 0.0650 0.0380 0.0790 0.1040 0.2660 0.4480
559      559   (3)      2  : 0.3160 0.2170 0.0480 0.0850 0.1170 0.2170
560      560   (6)      2  : 0.1171 0.0290 0.1081 0.0490 0.1141 0.5826
561      561   (1)      2  : 0.2630 0.1400 0.0220 0.1690 0.3010 0.1050
562      562   (2)      2  : 0.0519 0.0470 0.3786 0.1019 0.2188 0.2018
563      563   (2)      2  : 0.2560 0.2710 0.1120 0.0460 0.1320 0.1830
564      564   (1)      2  : 0.0900 0.2860 0.1040 0.2600 0.1050 0.1550
565      565   (1)      2  : 0.1479 0.0420 0.0180 0.2418 0.4595 0.0909
566      566   (1)      2  : 0.1020 0.0200 0.1150 0.3680 0.3400 0.0550
567      567   (1)      2  : 0.7253 0.0270 0.0370 0.1179 0.0519 0.0410
568      568   (1)      2  : 0.5910 0.0170 0.0760 0.0840 0.1290 0.1030
569      569   (3)      2  : 0.3443 0.0310 0.0941 0.2803 0.0931 0.1572
570      570   (1)      2  : 0.0910 0.2130 0.2970 0.2230 0.0780 0.0980
571      571   (2)      2  : 0.0450 0.5185 0.0501 0.0420 0.2973 0.0470
572      572   (5)      2  : 0.0360 0.1000 0.2610 0.0730 0.3690 0.1610
573      573   (5)      2  : 0.6880 0.0970 0.0740 0.0450 0.0350 0.0610
574      574   (1)      2  : 0.6710 0.1070 0.0370 0.0690 0.0560 0.0600
575      575   (2)      2  : 0.2160 0.0210 0.3530 0.1290 0.1280 0.1530
576      576   (0)      2  : 0.1598 0.0160 0.4945 0.0569 0.0869 0.1858
577      577   (1)      2  : 0.3450 0.1890 0.0390 0.0680 0.1140 0.2450
578      578   (1)      2  : 0.8460 0.0150 0.0120 0.0320 0.0530 0.0420
579      579   (2)      2  : 0.0581 0.0390 0.0751 0.0591 0.3463 0.4224
580      580   (1)      2  : 0.1370 0.0140 0.0750 0.0900 0.2270 0.4570
581      581   (1)      2  : 0.0621 0.0831 0.3654 0.0821 0.1101 0.2973
582      582   (0)      2  : 0.0710 0.0590 0.0250 0.4640 0.2390 0.1420
583      583   (1)      2  : 0.1538 0.0380 0.0869 0.0579 0.1369 0.5265
584      584   (2)      2  : 0.3844 0.2412 0.1812 0.0400 0.0591 0.0941
585      585   (1)      2  : 0.6160 0.1790 0.0250 0.1150 0.0330 0.0320
586      586   (0)      2  : 0.1750 0.5340 0.0830 0.0570 0.0600 0.0910
587      587   (1)      2  : 0.0500 0.0220 0.1180 0.4790 0.0890 0.2420
588      588   (0)      2  : 0.1668 0.3966 0.1019 0.0549 0.1908 0.0889
589      589   (2)      2  : 0.0310 0.0240 0.8010 0.0570 0.0280 0.0590
590      590   (2)      2  : 0.0589 0.1029 0.0789 0.1359 0.4316 0.1918
591      591   (1)      2  : 0.2152 0.3614 0.1522 0.0851 0.1061 0.0801
592      592   (1)      2  : 0.1518 0.0260 0.1109 0.1598 0.2198 0.3317
593      593   (1)      2  : 0.1660 0.2210 0.0520 0.2820 0.2090 0.0700
594      594   (3)      2  : 0.1421 0.0270 0.0541 0.2342 0.1982 0.3443
595      595   (1)      2  : 0.5345 0.0719 0.0340 0.0490 0.0420 0.2687
596      596   (1)      2  : 0.0661 0.0591 0.0611 0.4605 0.1512 0.2022
597      597   (1)      2  : 0.3190 0.0700 0.0440 0.3420 0.0780 0.1470
598      598   (1)      2  : 0.1259 0.5405 0.0609 0.1009 0.1209 0.0509
599      599   (1)      2  : 0.1760 0.0580 0.2840 0.1110 0.0580 0.3130
600      600   (2)      2  : 0.0549 0.0290 0.0849 0.0929 0.1139 0.6244
601      601   (7)      2  : 0.0860 0.0120 0.4500 0.0370 0.2150 0.2000
602      602   (3)      2  : 0.0549 0.0549 0.0310 0.7303 0.0649 0.0639
603      603   (1)      2  : 0.1880 0.0350 0.3100 0.2120 0.0940 0.1610
604      604   (1)      2  : 0.4955 0.0330 0.2188 0.0959 0.0659 0.0909
605      605   (1)      2  : 0.1089 0.0270 0.3457 0.1558 0.0679 0.2947
606      606   (1)      2  : 0.4190 0.3670 0.0300 0.0860 0.0480 0.0500
607      607   (1)      2  : 0.0459 0.0289 0.0559 0.4701 0.0359 0.3633
608      608   (1)      2  : 0.1070 0.0340 0.1440 0.3340 0.0730 0.3080
609      609   (1)      2  : 0.0280 0.0290 0.8450 0.0240 0.0400 0.0340
610      610   (1)      2  : 0.0460 0.1199 0.1039 0.2068 0.0899 0.4336
611      611   (1)      2  : 0.0709 0.0430 0.0949 0.2498 0.0979 0.4436
612      612   (1)      2  : 0.5430 0.0860 0.0650 0.1450 0.0630 0.0980
613      613   (2)      2  : 0.0902 0.5341 0.0691 0.0822 0.0822 0.1423
614      614   (1)      2  : 0.0480 0.1840 0.4070 0.0680 0.1770 0.1160
615      615   (1)      2  : 0.2583 0.0240 0.0531 0.2973 0.2573 0.1101
616      616   (1)      2  : 0.0790 0.0230 0.0490 0.6480 0.1150 0.0860
617      617   (1)      2  : 0.0800 0.0200 0.2060 0.3660 0.1390 0.1890
618      618   (0)      2  : 0.3574 0.1031 0.0280 0.2092 0.1682 0.1341
619      619   (1)      2  : 0.6310 0.0620 0.0460 0.1000 0.1200 0.0410
620      620   (1)      2  : 0.2032 0.2202 0.0721 0.1982 0.0521 0.2543
621      621   (1)      2  : 0.0999 0.1369 0.2597 0.2028 0.0929 0.2078
622      622   (1)      2  : 0.0380 0.0090 0.1270 0.2130 0.5620 0.0510
623      623   (1)      2  : 0.4590 0.2140 0.0330 0.0520 0.1260 0.1160
624      624   (0)      2  : 0.2190 0.0560 0.0970 0.0890 0.4300 0.1090
625      625   (0)      2  : 0.7430 0.0200 0.0150 0.0920 0.0380 0.0920
626      626   (1)      2  : 0.0620 0.0140 0.0770 0.6760 0.1010 0.0700
627      627   (1)      2  : 0.1499 0.0200 0.0519 0.3257 0.3586 0.0939
628      628   (1)      2  : 0.1159 0.4825 0.0350 0.1469 0.0939 0.1259
629      629   (1)      2  : 0.0250 0.8861 0.0130 0.0340 0.0190 0.0230
630      630   (2)      2  : 0.7860 0.0530 0.0280 0.0360 0.0390 0.0580
631      631   (5)      2  : 0.1389 0.2378 0.4266 0.0480 0.0649 0.0839
632      632   (2)      2  : 0.1850 0.0440 0.1190 0.2890 0.1390 0.2240
633      633   (1)      2  : 0.2537 0.2677 0.0200 0.1888 0.1319 0.1379
634      634   (4)      2  : 0.3960 0.0170 0.2370 0.1480 0.0970 0.1050
635      635   (1)      2  : 0.7140 0.0120 0.0140 0.0800 0.0810 0.0990
636      636   (0)      2  : 0.4236 0.0420 0.0719 0.1678 0.1229 0.1718
637      637   (1)      2  : 0.0390 0.0210 0.8258 0.0230 0.0501 0.0410
638      638   (0)      2  : 0.5005 0.0991 0.0380 0.1812 0.0891 0.0921
639      639   (0)      2  : 0.1353 0.0451 0.2355 0.0621 0.2685 0.2535
640      640   (1)      2  : 0.0370 0.0720 0.0310 0.4470 0.0270 0.3860
641      641   (1)      2  : 0.2402 0.0831 0.1411 0.1782 0.0891 0.2683
642      642   (1)      2  : 0.1311 0.2783 0.0841 0.1912 0.1361 0.1792
643      643   (1)      2  : 0.5780 0.0120 0.0260 0.0760 0.2390 0.0690
644      644   (1)      2  : 0.3876 0.0220 0.0290 0.2198 0.1359 0.2058
645      645   (0)      2  : 0.3107 0.1928 0.0450 0.1249 0.1279 0.1988
646      646   (1)      3  : 0.0819 0.0430 0.0999 0.3656 0.3526 0.0569
647      647   (1)      2  : 0.5380 0.0630 0.0810 0.0910 0.1050 0.1220
648      648   (0)      3  : 0.1720 0.0160 0.0550 0.5380 0.0920 0.1270
649      649   (1)      3  : 0.7240 0.0110 0.0150 0.0750 0.0700 0.1050
650      650   (1)      3  : 0.5760 0.0730 0.0240 0.0970 0.1310 0.0990
651      651   (1)      2  : 0.3624 0.0290 0.1552 0.0841 0.2052 0.1642
652      652   (0)      3  : 0.4270 0.0280 0.0550 0.0770 0.2190 0.1940
653      653   (2)      4  : 0.2737 0.0360 0.4106 0.0749 0.1289 0.0759
654      654   (0)      2  : 0.7710 0.0190 0.0730 0.0520 0.0520 0.0330
655      655   (1)      4  : 0.0729 0.1069 0.3157 0.1469 0.0859 0.2717
656      656   (1)      4  : 0.0320 0.0230 0.6887 0.0801 0.0851 0.0911
657      657   (1)      4  : 0.0180 0.0160 0.8661 0.0260 0.0400 0.0340
658      658   (0)      4  : 0.0210 0.0360 0.8621 0.0210 0.0240 0.0360
659      659   (0)      4  : 0.0270 0.0130 0.8900 0.0260 0.0190 0.0250
660      660   (3)      3  : 0.1440 0.0970 0.0170 0.3630 0.3080 0.0710
661      661   (1)      2  : 0.2930 0.0460 0.1710 0.2780 0.1140 0.0980
662      662   (1)      3  : 0.1690 0.0340 0.0490 0.1030 0.5240 0.1210
663      663   (1)      3  : 0.5485 0.0320 0.0460 0.1111 0.1892 0.0731
664      664   (1)      3  : 0.0470 0.0400 0.0500 0.3330 0.3650 0.1650
665      665   (1)      3  : 0.5990 0.0680 0.0280 0.1790 0.0700 0.0560
666      666   (0)      2  : 0.0611 0.5636 0.1131 0.0571 0.1592 0.0460
667      667   (1)      3  : 0.8052 0.0340 0.0260 0.0430 0.0350 0.0569
668      668   (1)      4  : 0.0940 0.2400 0.2750 0.1370 0.1140 0.1400
669      669   (0)      4  : 0.0230 0.0180 0.8849 0.0180 0.0180 0.0380
670      670   (1)      4  : 0.0220 0.0110 0.7117 0.0901 0.1021 0.0631
671      671   (1)      4  : 0.1610 0.0360 0.5730 0.0460 0.0870 0.0970
672      672   (1)      4  : 0.0460 0.0300 0.5910 0.0670 0.0740 0.1920
673      673   (0)      4  : 0.1000 0.0290 0.3740 0.1950 0.1010 0.2010
674      674   (2)      3  : 0.2310 0.0220 0.0870 0.1450 0.3260 0.1890
675      675   (5)      3  : 0.2192 0.0410 0.0581 0.3233 0.1181 0.2402
676      676   (0)      3  : 0.2637 0.0150 0.1099 0.0939 0.1079 0.4096
677      677   (3)      3  : 0.2707 0.1538 0.0370 0.2268 0.1508 0.1608
678      678   (0)      3  : 0.1940 0.0380 0.0800 0.1790 0.4540 0.0550
679      679   (2)      2  : 0.1968 0.1798 0.0839 0.2607 0.0709 0.2078
680      680   (0)      3  : 0.0840 0.1080 0.0560 0.1180 0.5560 0.0780
681      681   (2)      4  : 0.0800 0.0930 0.4400 0.0520 0.1070 0.2280
682      682   (0)      2  : 0.0619 0.0909 0.4855 0.1718 0.0879 0.1019
683      683   (2)      4  : 0.0770 0.0240 0.2770 0.0560 0.4810 0.0850
684      684   (1)      4  : 0.0200 0.0550 0.8620 0.0130 0.0200 0.0300
685      685   (1)      4  : 0.0330 0.0250 0.7562 0.0290 0.0719 0.0849
686      686   (0)      4  : 0.0250 0.0160 0.8681 0.0240 0.0300 0.0370
687      687   (1)      3  : 0.0690 0.0370 0.0710 0.5720 0.1050 0.1460
688      688   (2)      3  : 0.4525 0.0160 0.0370 0.1449 0.0989 0.2507
689      689   (1)      3  : 0.0460 0.0360 0.0590 0.3050 0.4450 0.1090
690      690   (1)      3  : 0.1090 0.0330 0.0210 0.3280 0.1140 0.3950
691      691   (1)      2  : 0.0890 0.0560 0.4880 0.0840 0.0820 0.2010
692      692   (0)      3  : 0.2312 0.0330 0.0621 0.1572 0.4515 0.0651
693      693   (0)      2  : 0.0420 0.0460 0.0609 0.1339 0.6104 0.1069
694      694   (1)      4  : 0.0559 0.0230 0.0609 0.0769 0.3766 0.4066
695      695   (0)      4  : 0.0270 0.0100 0.0531 0.0260 0.0230 0.8609
696      696   (1)      4  : 0.0240 0.1170 0.4060 0.1920 0.1170 0.1440
697      697   (0)      4  : 0.0230 0.0250 0.8500 0.0280 0.0370 0.0370
698      698   (1)      4  : 0.0320 0.0310 0.7512 0.0340 0.1029 0.0490
699      699   (6)      3  : 0.1061 0.0601 0.0761 0.3243 0.1712 0.2623
700      700   (1)      2  : 0.2470 0.2280 0.1100 0.1680 0.1460 0.1010
701      701   (3)      3  : 0.2580 0.0370 0.1110 0.2590 0.1420 0.1930
702      702   (1)      3  : 0.2950 0.0250 0.0700 0.2460 0.1380 0.2260
703      703   (3)      3  : 0.4374 0.0821 0.0420 0.2282 0.1081 0.1021
704      704   (1)      3  : 0.5390 0.0330 0.0380 0.1600 0.1210 0.1090
705      705   (1)      2  : 0.3634 0.0971 0.0250 0.1231 0.2583 0.1331
706      706   (0)      3  : 0.4545 0.0330 0.0360 0.1171 0.2482 0.1111
707      707   (1)      2  : 0.0679 0.8032 0.0270 0.0480 0.0250 0.0290
708      708   (2)      4  : 0.0350 0.0130 0.8450 0.0230 0.0370 0.0470
709      709   (1)      2  : 0.0200 0.7600 0.0540 0.0710 0.0450 0.0500
710      710   (1)      4  : 0.1400 0.0290 0.3960 0.1530 0.1300 0.1520
711      711   (2)      4  : 0.0240 0.0310 0.7307 0.0591 0.1121 0.0430
712      712   (1)      4  : 0.0390 0.0490 0.7447 0.0480 0.0551 0.0641
713      713   (0)      4  : 0.0220 0.0140 0.8839 0.0200 0.0250 0.0350
714      714   (1)      3  : 0.0670 0.0580 0.1950 0.2030 0.1400 0.3370
715      715   (1)      2  : 0.5215 0.0200 0.2042 0.0781 0.1231 0.0531
716      716   (3)      3  : 0.0800 0.0230 0.0260 0.5640 0.2370 0.0700
717      717   (0)      3  : 0.2980 0.0440 0.1180 0.1210 0.3360 0.0830
718      718   (4)      3  : 0.1090 0.0330 0.0290 0.2510 0.3230 0.2550
719      719   (1)      3  : 0.1890 0.0660 0.1150 0.2060 0.2440 0.1800
720      720   (1)      2  : 0.1009 0.0849 0.0350 0.1459 0.0809 0.5524
721      721   (1)      2  : 0.1880 0.0870 0.2000 0.3240 0.0900 0.1110
722      722   (1)      4  : 0.0520 0.0460 0.4920 0.0360 0.2960 0.0780
723      723   (0)      4  : 0.0400 0.0360 0.7982 0.0250 0.0310 0.0699
724      724   (0)      4  : 0.0140 0.0070 0.0450 0.0190 0.0130 0.9019
725      725   (2)      4  : 0.0330 0.0170 0.8318 0.0270 0.0480 0.0430
726      726   (1)      4  : 0.0170 0.0100 0.8610 0.0310 0.0230 0.0580
727      727   (2)      2  : 0.6166 0.0160 0.0460 0.0400 0.2212 0.0601
728      728   (3)      3  : 0.0681 0.0250 0.0270 0.5776 0.1231 0.1792
729      729   (1)      3  : 0.2953 0.0681 0.0691 0.1281 0.2402 0.1992
730      730   (2)      3  : 0.0661 0.0531 0.1532 0.1932 0.3203 0.2142
731      731   (1)      3  : 0.8030 0.0430 0.0200 0.0500 0.0370 0.0470
732      732   (1)      4  : 0.1010 0.1210 0.5040 0.1010 0.0420 0.1310
733      733   (1)      4  : 0.0830 0.0240 0.8170 0.0240 0.0220 0.0300
734      734   (1)      4  : 0.0310 0.0160 0.8260 0.0360 0.0290 0.0620
735      735   (2)      4  : 0.1070 0.0200 0.7630 0.0250 0.0370 0.0480
736      736   (1)      4  : 0.0170 0.0100 0.0879 0.0200 0.0360 0.8292
737      737   (0)      2  : 0.0559 0.4206 0.1698 0.1099 0.1039 0.1399
738      738   (0)      3  : 0.2008 0.0250 0.0450 0.5974 0.0500 0.0819
739      739   (1)      3  : 0.0720 0.0280 0.0990 0.2790 0.3740 0.1480
740      740   (1)      3  : 0.1021 0.0350 0.0671 0.1612 0.4935 0.1411
741      741   (1)      2  : 0.2140 0.1270 0.2390 0.0850 0.0720 0.2630
742      742   (1)      2  : 0.2950 0.0230 0.0790 0.2110 0.1300 0.2620
743      743   (0)      4  : 0.0700 0.0240 0.3240 0.1260 0.0950 0.3610
744      744   (0)      4  : 0.0170 0.0260 0.8779 0.0320 0.0190 0.0280
745      745   (0)      4  : 0.0140 0.0070 0.0559 0.0130 0.0180 0.8921
746      746   (0)      4  : 0.2537 0.0110 0.4675 0.0509 0.0959 0.1209
747      747   (1)      4  : 0.0369 0.0190 0.8263 0.0359 0.0279 0.0539
748      748   (1)      2  : 0.1301 0.5526 0.0591 0.1041 0.0380 0.1161
749      749   (1)      2  : 0.3546 0.3736 0.0819 0.0749 0.0689 0.0460
750      750   (0)      2  : 0.0650 0.0500 0.5170 0.0450 0.1060 0.2170
751      751   (1)      2  : 0.0200 0.8250 0.0550 0.0510 0.0240 0.0250
752      752   (1)      2  : 0.0240 0.0270 0.1360 0.0560 0.4090 0.3480
753      753   (1)      2  : 0.6126 0.0611 0.0450 0.0991 0.0891 0.0931
754      754   (0)      2  : 0.0530 0.0480 0.3260 0.1320 0.2980 0.1430
755      755   (1)      2  : 0.3080 0.0870 0.0240 0.3600 0.0880 0.1330
756      756   (0)      2  : 0.0250 0.8720 0.0300 0.0240 0.0270 0.0220
757      757   (1)      2  : 0.0250 0.6847 0.1041 0.0400 0.0410 0.1051
758      758   (2)      2  : 0.0561 0.8058 0.0210 0.0501 0.0320 0.0350
759      759   (0)      2  : 0.5085 0.0619 0.0519 0.1528 0.1668 0.0579
760      760   (1)      2  : 0.1872 0.0460 0.1111 0.3984 0.1271 0.1301
761      761   (2)      2  : 0.2040 0.0260 0.1840 0.2350 0.2470 0.1040
762      762   (0)      2  : 0.3506 0.0789 0.0340 0.1908 0.1279 0.2178
763      763   (1)      2  : 0.0520 0.4320 0.1120 0.1350 0.1270 0.1420
764      764   (1)      2  : 0.0690 0.3180 0.1440 0.1300 0.2020 0.1370
765      765   (1)      2  : 0.1350 0.0930 0.1880 0.1780 0.1730 0.2330
766      766   (3)      2  : 0.1080 0.4310 0.1650 0.0490 0.1090 0.1380
767      767   (1)      2  : 0.4220 0.0260 0.0640 0.0600 0.3440 0.0840
768      768   (1)      2  : 0.0260 0.8681 0.0160 0.0250 0.0250 0.0400
769      769   (1)      2  : 0.1970 0.0280 0.0240 0.0650 0.6370 0.0490
770      770   (1)      2  : 0.6074 0.0230 0.0120 0.0290 0.3077 0.0210
771      771   (0)      2  : 0.1310 0.0850 0.0560 0.4360 0.1280 0.1640
772      772   (0)      2  : 0.2953 0.0571 0.1061 0.2533 0.0841 0.2042
773      773   (1)      2  : 0.1280 0.0660 0.5240 0.0770 0.0580 0.1470
774      774   (1)      2  : 0.3147 0.1279 0.0619 0.1279 0.1538 0.2138
775      775   (1)      2  : 0.0940 0.1920 0.0450 0.1390 0.3820 0.1480
776      776   (0)      2  : 0.2910 0.0120 0.0560 0.2440 0.0550 0.3420
777      777   (1)      2  : 0.0820 0.0250 0.3060 0.0810 0.1980 0.3080
778      778   (1)      2  : 0.1410 0.0270 0.0990 0.1580 0.1250 0.4500
779      779   (6)      2  : 0.0170 0.8820 0.0190 0.0350 0.0230 0.0240
780      780   (2)      2  : 0.0400 0.0240 0.0600 0.6680 0.0460 0.1620
781      781   (1)      2  : 0.1620 0.0670 0.1380 0.0550 0.4350 0.1430
782      782   (1)      2  : 0.0841 0.0190 0.5976 0.0781 0.1031 0.1181
783      783   (1)      2  : 0.6310 0.0920 0.0360 0.0750 0.0560 0.1100
784      784   (1)      2  : 0.1441 0.2683 0.2042 0.2042 0.1391 0.0400
785      785   (1)      2  : 0.0501 0.3714 0.1381 0.1331 0.2102 0.0971
786      786   (2)      2  : 0.4136 0.0230 0.0300 0.0579 0.2707 0.2048
787      787   (0)      2  : 0.3380 0.0960 0.0270 0.3410 0.1690 0.0290
788      788   (1)      2  : 0.1351 0.0180 0.0941 0.1842 0.4785 0.0901
789      789   (1)      2  : 0.1380 0.0330 0.3880 0.0770 0.1140 0.2500
790      790   (1)      2  : 0.2807 0.3636 0.0400 0.1538 0.0889 0.0729
791      791   (1)      2  : 0.0160 0.9099 0.0170 0.0180 0.0160 0.0230
792      792   (2)      2  : 0.5826 0.0150 0.0711 0.0981 0.1401 0.0931
793      793   (1)      2  : 0.0390 0.0200 0.6510 0.0990 0.0680 0.1230
794      794   (0)      2  : 0.0280 0.0210 0.5640 0.0440 0.0480 0.2950
795      795   (1)      2  : 0.0250 0.8328 0.0370 0.0370 0.0300 0.0380
796      796   (0)      2  : 0.2570 0.0500 0.1580 0.1750 0.2190 0.1410
797      797   (0)      2  : 0.0820 0.0930 0.0590 0.4830 0.0410 0.2420
798      798   (0)      2  : 0.0700 0.0530 0.7440 0.0360 0.0530 0.0440
799      799   (1)      2  : 0.0410 0.5050 0.1150 0.0670 0.0400 0.2320
800      800   (1)      2  : 0.1688 0.4535 0.0270 0.2118 0.0739 0.0649
801      801   (1)      2  : 0.0350 0.8020 0.0420 0.0450 0.0480 0.0280
802      802   (1)      2  : 0.0380 0.0330 0.5260 0.1550 0.1390 0.1090
803      803   (2)      2  : 0.0350 0.0190 0.7910 0.0440 0.0520 0.0590
804      804   (1)      2  : 0.1768 0.0230 0.0440 0.3087 0.1489 0.2987
805      805   (1)      2  : 0.4925 0.0410 0.0410 0.2298 0.1578 0.0380
806      806   (0)      2  : 0.3700 0.0360 0.0300 0.1870 0.3080 0.0690
807      807   (1)      2  : 0.1280 0.2220 0.0680 0.1480 0.3500 0.0840
808      808   (1)      2  : 0.0450 0.7688 0.0190 0.0410 0.0450 0.0811
809      809   (2)      2  : 0.4056 0.2757 0.0270 0.0569 0.1808 0.0539
810      810   (1)      2  : 0.0260 0.8478 0.0340 0.0240 0.0270 0.0410
811      811   (1)      2  : 0.0250 0.8890 0.0180 0.0310 0.0200 0.0170
812      812   (0)      2  : 0.2810 0.0690 0.0760 0.1180 0.3100 0.1460
813      813   (1)      2  : 0.0290 0.7852 0.0549 0.0480 0.0420 0.0410
814      814   (1)      2  : 0.0160 0.8619 0.0490 0.0250 0.0210 0.0270
815      815   (0)      2  : 0.1510 0.0360 0.0800 0.2140 0.0790 0.4400
816      816   (0)      2  : 0.0250 0.1451 0.2763 0.0741 0.1572 0.3223
817      817   (1)      2  : 0.0370 0.0909 0.0480 0.6703 0.0819 0.0719
818      818   (2)      2  : 0.0210 0.7760 0.0680 0.0450 0.0400 0.0500
819      819   (1)      2  : 0.0180 0.2550 0.5650 0.0440 0.0400 0.0780
820      820   (0)      2  : 0.0580 0.1390 0.0490 0.4360 0.2530 0.0650
821      821   (1)      2  : 0.0210 0.8830 0.0120 0.0410 0.0190 0.0240
822      822   (2)      2  : 0.1952 0.1131 0.0390 0.3013 0.1762 0.1752
823      823   (1)      2  : 0.1189 0.5085 0.0340 0.1319 0.1299 0.0769
824      824   (1)      2  : 0.0391 0.6874 0.0541 0.0962 0.0431 0.0802
825      825   (1)      2  : 0.2322 0.0080 0.0330 0.2663 0.1712 0.2893
826      826   (1)      2  : 0.0560 0.7680 0.0280 0.0560 0.0560 0.0360
827      827   (0)      2  : 0.0620 0.0670 0.1190 0.1480 0.1570 0.4470
828      828   (1)      2  : 0.1828 0.0240 0.0969 0.2438 0.3037 0.1489
829      829   (1)      2  : 0.0671 0.4194 0.1121 0.2172 0.0370 0.1471
830      830   (1)      2  : 0.5840 0.0220 0.0440 0.0920 0.1290 0.1290
831      831   (1)      2  : 0.0310 0.7600 0.0980 0.0410 0.0230 0.0470
832      832   (1)      2  : 0.0779 0.0300 0.0719 0.2547 0.2108 0.3546
833      833   (1)      2  : 0.4110 0.0200 0.0810 0.1380 0.1180 0.2320
834      834   (0)      2  : 0.6036 0.0390 0.1051 0.1081 0.0811 0.0631
835      835   (1)      2  : 0.0460 0.3520 0.2040 0.2160 0.0570 0.1250
836      836   (0)      2  : 0.0310 0.5650 0.1180 0.0630 0.1340 0.0890
837      837   (1)      2  : 0.3270 0.1690 0.1100 0.1410 0.1020 0.1510
838      838   (1)      2  : 0.0330 0.0290 0.7263 0.0310 0.1029 0.0779
839      839   (1)      2  : 0.1050 0.0150 0.0530 0.0350 0.7140 0.0780
840      840   (0)      2  : 0.2920 0.0850 0.0390 0.1630 0.1830 0.2380
841      841   (5)      2  : 0.0110 0.2020 0.0130 0.0240 0.7160 0.0340
842      842   (1)      2  : 0.0200 0.8641 0.0190 0.0320 0.0260 0.0390
843      843   (2)      2  : 0.0230 0.8880 0.0270 0.0250 0.0240 0.0130
844      844   (1)      2  : 0.0770 0.3360 0.0790 0.2440 0.0480 0.2160
845      845   (1)      2  : 0.2062 0.0460 0.0771 0.1051 0.3413 0.2242
846      846   (0)      2  : 0.1470 0.0490 0.0620 0.0820 0.3750 0.2850
847      847   (0)      2  : 0.0380 0.0240 0.0350 0.6020 0.0430 0.2580
848      848   (1)      2  : 0.0190 0.8840 0.0120 0.0300 0.0300 0.0250
849      849   (1)      2  : 0.2092 0.0260 0.4765 0.0861 0.1161 0.0861
850      850   (1)      2  : 0.3796 0.0360 0.0859 0.1608 0.1239 0.2138
851      851   (1)      2  : 0.1568 0.0509 0.0599 0.1558 0.4825 0.0939
852      852   (1)      2  : 0.0870 0.3520 0.1850 0.1260 0.0530 0.1970
853      853   (1)      2  : 0.0480 0.5050 0.0660 0.0680 0.0780 0.2350
854      854   (0)      2  : 0.0519 0.4575 0.1628 0.1069 0.0509 0.1698
855      855   (1)      2  : 0.4251 0.0369 0.0449 0.1687 0.1317 0.1926
856      856   (5)      2  : 0.0510 0.0680 0.0520 0.1130 0.6590 0.0570
857      857   (1)      2  : 0.0669 0.0260 0.0300 0.2498 0.5744 0.0529
858      858   (0)      2  : 0.0510 0.0250 0.1500 0.0430 0.5930 0.1380
859      859   (0)      2  : 0.0771 0.7497 0.0541 0.0340 0.0390 0.0460
860      860   (1)      2  : 0.0310 0.8859 0.0150 0.0270 0.0200 0.0210
861      861   (1)      2  : 0.0300 0.8470 0.0480 0.0250 0.0250 0.0250
862      862   (1)      2  : 0.0370 0.0691 0.3514 0.1421 0.1502 0.2503
863      863   (0)      2  : 0.0230 0.8412 0.0420 0.0270 0.0300 0.0370
864      864   (4)      2  : 0.0720 0.6910 0.0780 0.0520 0.0620 0.0450
865      865   (1)      2  : 0.0240 0.0360 0.7050 0.0280 0.0560 0.1510
866      866   (1)      2  : 0.6727 0.1141 0.0210 0.0581 0.1071 0.0270
867      867   (1)      2  : 0.1089 0.0290 0.4116 0.0869 0.2148 0.1489
868      868   (0)      2  : 0.1240 0.0250 0.0630 0.3380 0.0850 0.3650
869      869   (1)      2  : 0.1140 0.0360 0.3940 0.1360 0.0890 0.2310
870      870   (1)      2  : 0.0420 0.7490 0.0480 0.0460 0.0300 0.0850
871      871   (1)      2  : 0.0200 0.0669 0.7542 0.0360 0.0739 0.0490
872      872   (1)      2  : 0.0370 0.0930 0.3310 0.2270 0.1260 0.1860
873      873   (1)      2  : 0.0250 0.8620 0.0230 0.0310 0.0360 0.0230
874      874   (1)      2  : 0.4605 0.0380 0.0410 0.1728 0.1279 0.1598
875      875   (1)      2  : 0.0680 0.0770 0.1790 0.0960 0.1160 0.4640
876      876   (1)      2  : 0.0591 0.0511 0.5275 0.1772 0.0531 0.1321
877      877   (1)      2  : 0.0480 0.4090 0.0280 0.2720 0.0740 0.1690
878      878   (0)      2  : 0.1040 0.1400 0.0720 0.4010 0.1550 0.1280
879      879   (2)      2  : 0.0210 0.9219 0.0130 0.0160 0.0160 0.0120
880      880   (1)      2  : 0.1190 0.2110 0.1520 0.1080 0.0740 0.3360
881      881   (2)      2  : 0.0350 0.6527 0.0310 0.0571 0.1061 0.1181
882      882   (1)      2  : 0.1070 0.0420 0.1880 0.3750 0.1250 0.1630
