1        1   (0)      1  : 0.7359 0.2641
2        2   (1)      1  : 0.5062 0.4938
3        3   (1)      1  : 0.5446 0.4554
4        4   (1)      1  : 0.6435 0.3565
5        5   (2)      1  : 0.1391 0.8609
6        6   (1)      1  : 0.4119 0.5881
7        7   (1)      1  : 0.4381 0.5619
8        8   (0)      1  : 0.7129 0.2871
9        9   (1)      1  : 0.4582 0.5418
10       10   (1)      1  : 0.3743 0.6257
11       11   (0)      1  : 0.4969 0.5031
12       12   (0)      1  : 0.4745 0.5255
13       13   (1)      1  : 0.6237 0.3763
14       14   (1)      1  : 0.3394 0.6606
15       15   (2)      1  : 0.3526 0.6474
16       16   (1)      1  : 0.4784 0.5216
17       17   (1)      1  : 0.4927 0.5073
18       18   (2)      1  : 0.6570 0.3430
19       19   (1)      1  : 0.5713 0.4287
20       20   (1)      1  : 0.4395 0.5605
21       21   (1)      1  : 0.4614 0.5386
22       22   (1)      1  : 0.5511 0.4489
23       23   (1)      1  : 0.4375 0.5625
24       24   (1)      1  : 0.7290 0.2710
25       25   (1)      1  : 0.4454 0.5546
26       26   (1)      1  : 0.4971 0.5029
27       27   (1)      1  : 0.5269 0.4731
28       28   (1)      1  : 0.6372 0.3628
29       29   (1)      1  : 0.5469 0.4531
30       30   (1)      1  : 0.2952 0.7048
31       31   (1)      1  : 0.5957 0.4043
32       32   (1)      1  : 0.4982 0.5018
33       33   (1)      1  : 0.5067 0.4933
34       34   (1)      1  : 0.3224 0.6776
35       35   (0)      1  : 0.5477 0.4523
36       36   (1)      1  : 0.4510 0.5490
37       37   (1)      1  : 0.4983 0.5017
38       38   (1)      1  : 0.3502 0.6498
39       39   (1)      1  : 0.4535 0.5465
40       40   (0)      1  : 0.3890 0.6110
41       41   (1)      1  : 0.5934 0.4066
42       42   (1)      1  : 0.2096 0.7904
43       43   (1)      1  : 0.5873 0.4127
44       44   (7)      1  : 0.5532 0.4468
45       45   (2)      1  : 0.4151 0.5849
46       46   (1)      1  : 0.5613 0.4387
47       47   (0)      1  : 0.5362 0.4638
48       48   (1)      1  : 0.6059 0.3941
49       49   (0)      1  : 0.6261 0.3739
50       50   (1)      1  : 0.6272 0.3728
51       51   (2)      1  : 0.2613 0.7387
52       52   (1)      1  : 0.2005 0.7995
53       53   (2)      1  : 0.6378 0.3622
54       54   (1)      1  : 0.5540 0.4460
55       55   (3)      1  : 0.4872 0.5128
56       56   (1)      1  : 0.5109 0.4891
57       57   (0)      1  : 0.6769 0.3231
58       58   (1)      1  : 0.2708 0.7292
59       59   (0)      1  : 0.6589 0.3411
60       60   (2)      1  : 0.4690 0.5310
61       61   (1)      1  : 0.5762 0.4238
62       62   (1)      1  : 0.5937 0.4063
63       63   (0)      1  : 0.4898 0.5102
64       64   (3)      1  : 0.5503 0.4497
65       65   (1)      1  : 0.5614 0.4386
66       66   (4)      1  : 0.3749 0.6251
67       67   (0)      1  : 0.6460 0.3540
68       68   (2)      1  : 0.5864 0.4136
69       69   (2)      1  : 0.4266 0.5734
70       70   (1)      1  : 0.6055 0.3945
71       71   (0)      1  : 0.6186 0.3814
72       72   (5)      1  : 0.6598 0.3402
73       73   (1)      1  : 0.4331 0.5669
74       74   (1)      1  : 0.5959 0.4041
75       75   (1)      1  : 0.5231 0.4769
76       76   (1)      1  : 0.6061 0.3939
77       77   (1)      1  : 0.1650 0.8350
78       78   (1)      1  : 0.5973 0.4027
79       79   (2)      1  : 0.5767 0.4233
80       80   (2)      1  : 0.2671 0.7329
81       81   (2)      1  : 0.3536 0.6464
82       82   (1)      1  : 0.6951 0.3049
83       83   (0)      1  : 0.5721 0.4279
84       84   (1)      1  : 0.4150 0.5850
85       85   (6)      1  : 0.6340 0.3660
86       86   (1)      1  : 0.4769 0.5231
87       87   (2)      1  : 0.6039 0.3961
88       88   (0)      2  : 0.2059 0.7941
89       89   (1)      2  : 0.5398 0.4602
90       90   (1)      2  : 0.1739 0.8261
91       91   (2)      2  : 0.7361 0.2639
92       92   (1)      2  : 0.6305 0.3695
93       93   (1)      2  : 0.7423 0.2577
94       94   (1)      2  : 0.4227 0.5773
95       95   (0)      2  : 0.4232 0.5768
96       96   (2)      2  : 0.5174 0.4826
97       97   (1)      2  : 0.4925 0.5075
98       98   (0)      2  : 0.6151 0.3849
99       99   (0)      2  : 0.5309 0.4691
100      100   (1)      2  : 0.5797 0.4203
101      101   (1)      2  : 0.3619 0.6381
102      102   (1)      2  : 0.5053 0.4947
103      103   (2)      2  : 0.4405 0.5595
104      104   (1)      2  : 0.6305 0.3695
105      105   (1)      2  : 0.4450 0.5550
106      106   (1)      2  : 0.1675 0.8325
107      107   (2)      2  : 0.5218 0.4782
108      108   (0)      2  : 0.5738 0.4262
109      109   (1)      2  : 0.3859 0.6141
110      110   (1)      2  : 0.4680 0.5320
111      111   (1)      2  : 0.5478 0.4522
112      112   (2)      2  : 0.5021 0.4979
113      113   (1)      2  : 0.3164 0.6836
114      114   (3)      2  : 0.5768 0.4232
115      115   (2)      2  : 0.5739 0.4261
116      116   (0)      2  : 0.4893 0.5107
117      117   (1)      2  : 0.4367 0.5633
118      118   (1)      2  : 0.6639 0.3361
119      119   (3)      2  : 0.5421 0.4579
120      120   (1)      2  : 0.7495 0.2505
121      121   (0)      2  : 0.5297 0.4703
122      122   (1)      2  : 0.5716 0.4284
123      123   (1)      2  : 0.6837 0.3163
124      124   (0)      2  : 0.4820 0.5180
125      125   (1)      2  : 0.5161 0.4839
126      126   (1)      2  : 0.3120 0.6880
127      127   (1)      2  : 0.5402 0.4598
128      128   (1)      2  : 0.6127 0.3873
129      129   (1)      2  : 0.4658 0.5342
130      130   (1)      2  : 0.5331 0.4669
131      131   (1)      2  : 0.5388 0.4612
132      132   (1)      2  : 0.5903 0.4097
133      133   (1)      2  : 0.6202 0.3798
134      134   (1)      2  : 0.5341 0.4659
135      135   (1)      2  : 0.6794 0.3206
136      136   (3)      2  : 0.6181 0.3819
137      137   (1)      2  : 0.4288 0.5712
138      138   (1)      2  : 0.2633 0.7367
139      139   (2)      2  : 0.6461 0.3539
140      140   (3)      2  : 0.5173 0.4827
141      141   (0)      2  : 0.3866 0.6134
142      142   (1)      2  : 0.4027 0.5973
143      143   (0)      2  : 0.5632 0.4368
144      144   (1)      2  : 0.6956 0.3044
145      145   (1)      2  : 0.6275 0.3725
146      146   (2)      2  : 0.5816 0.4184
147      147   (1)      2  : 0.5519 0.4481
148      148   (1)      2  : 0.6888 0.3112
149      149   (2)      2  : 0.5425 0.4575
150      150   (2)      2  : 0.5772 0.4228
151      151   (1)      2  : 0.5096 0.4904
152      152   (0)      2  : 0.5413 0.4587
153      153   (1)      2  : 0.6057 0.3943
154      154   (2)      2  : 0.5292 0.4708
155      155   (1)      2  : 0.5558 0.4442
156      156   (1)      2  : 0.5035 0.4965
157      157   (0)      2  : 0.5449 0.4551
158      158   (2)      2  : 0.6850 0.3150
159      159   (1)      2  : 0.5502 0.4498
160      160   (0)      2  : 0.5579 0.4421
161      161   (1)      2  : 0.6117 0.3883
162      162   (1)      2  : 0.5243 0.4757
163      163   (1)      2  : 0.5867 0.4133
164      164   (1)      2  : 0.6415 0.3585
165      165   (0)      2  : 0.6870 0.3130
166      166   (0)      2  : 0.5343 0.4657
167      167   (2)      2  : 0.5076 0.4924
168      168   (0)      2  : 0.5680 0.4320
169      169   (1)      2  : 0.1534 0.8466
170      170   (1)      2  : 0.5843 0.4157
171      171   (1)      2  : 0.6134 0.3866
172      172   (0)      2  : 0.3687 0.6313
173      173   (1)      2  : 0.1701 0.8299
174      174   (0)      2  : 0.5682 0.4318
175      175   (1)      2  : 0.6262 0.3738
176      176   (1)      2  : 0.5828 0.4172
177      177   (1)      2  : 0.7504 0.2496
178      178   (0)      2  : 0.5541 0.4459
179      179   (1)      2  : 0.6902 0.3098
180      180   (1)      2  : 0.2261 0.7739
181      181   (1)      2  : 0.5661 0.4339
182      182   (1)      2  : 0.4599 0.5401
183      183   (1)      2  : 0.6136 0.3864
184      184   (1)      2  : 0.3477 0.6523
185      185   (2)      2  : 0.7332 0.2668
186      186   (1)      2  : 0.5611 0.4389
187      187   (0)      2  : 0.6166 0.3834
188      188   (1)      2  : 0.5800 0.4200
189      189   (0)      2  : 0.5005 0.4995
190      190   (0)      2  : 0.5852 0.4148
191      191   (2)      2  : 0.6301 0.3699
192      192   (1)      2  : 0.5884 0.4116
193      193   (1)      2  : 0.4619 0.5381
194      194   (0)      2  : 0.6962 0.3038
195      195   (1)      2  : 0.2291 0.7709
196      196   (1)      2  : 0.5744 0.4256
197      197   (1)      2  : 0.5694 0.4306
198      198   (1)      2  : 0.2384 0.7616
199      199   (0)      2  : 0.6051 0.3949
200      200   (0)      2  : 0.5838 0.4162
201      201   (1)      2  : 0.6317 0.3683
202      202   (0)      2  : 0.7715 0.2285
203      203   (0)      2  : 0.6207 0.3793
204      204   (1)      2  : 0.5852 0.4148
205      205   (1)      2  : 0.5112 0.4888
206      206   (1)      2  : 0.2148 0.7852
207      207   (1)      2  : 0.4313 0.5687
208      208   (1)      2  : 0.5957 0.4043
209      209   (0)      2  : 0.3213 0.6787
210      210   (1)      2  : 0.1677 0.8323
211      211   (0)      2  : 0.4795 0.5205
212      212   (1)      2  : 0.4622 0.5378
213      213   (1)      2  : 0.6160 0.3840
214      214   (1)      2  : 0.5374 0.4626
215      215   (1)      2  : 0.6288 0.3712
216      216   (1)      2  : 0.2162 0.7838
217      217   (1)      2  : 0.3920 0.6080
218      218   (1)      2  : 0.6275 0.3725
219      219   (1)      2  : 0.4663 0.5337
220      220   (1)      2  : 0.7285 0.2715
221      221   (0)      2  : 0.3972 0.6028
222      222   (1)      2  : 0.6046 0.3954
223      223   (0)      2  : 0.5558 0.4442
224      224   (1)      2  : 0.6577 0.3423
225      225   (1)      2  : 0.1473 0.8527
226      226   (0)      2  : 0.4419 0.5581
227      227   (1)      2  : 0.1871 0.8129
228      228   (1)      2  : 0.5563 0.4437
229      229   (2)      2  : 0.6426 0.3574
230      230   (1)      2  : 0.4396 0.5604
231      231   (1)      2  : 0.4967 0.5033
232      232   (2)      2  : 0.5853 0.4147
233      233   (1)      2  : 0.4883 0.5117
234      234   (1)      2  : 0.1746 0.8254
235      235   (0)      2  : 0.3450 0.6550
236      236   (1)      2  : 0.6251 0.3749
237      237   (1)      2  : 0.5482 0.4518
238      238   (0)      2  : 0.4650 0.5350
239      239   (1)      2  : 0.5342 0.4658
240      240   (1)      2  : 0.5719 0.4281
241      241   (0)      2  : 0.5144 0.4856
242      242   (1)      2  : 0.6813 0.3187
243      243   (1)      2  : 0.5952 0.4048
244      244   (1)      2  : 0.5866 0.4134
245      245   (0)      2  : 0.1432 0.8568
246      246   (1)      2  : 0.4681 0.5319
247      247   (0)      2  : 0.3628 0.6372
248      248   (1)      2  : 0.3344 0.6656
249      249   (1)      2  : 0.5287 0.4713
250      250   (0)      2  : 0.5032 0.4968
251      251   (1)      2  : 0.5252 0.4748
252      252   (0)      2  : 0.5947 0.4053
253      253   (0)      2  : 0.5317 0.4683
254      254   (1)      2  : 0.5622 0.4378
255      255   (1)      2  : 0.6326 0.3674
256      256   (1)      2  : 0.4082 0.5918
257      257   (0)      2  : 0.5093 0.4907
258      258   (1)      1  : 0.4627 0.5373
259      259   (2)      1  : 0.3202 0.6798
260      260   (1)      1  : 0.6629 0.3371
261      261   (0)      1  : 0.5344 0.4656
262      262   (1)      1  : 0.5023 0.4977
263      263   (0)      1  : 0.6251 0.3749
264      264   (1)      1  : 0.5188 0.4812
265      265   (1)      1  : 0.5861 0.4139
266      266   (1)      1  : 0.6695 0.3305
267      267   (1)      1  : 0.4787 0.5213
268      268   (2)      1  : 0.4916 0.5084
269      269   (1)      1  : 0.4689 0.5311
270      270   (1)      1  : 0.6127 0.3873
271      271   (1)      1  : 0.3707 0.6293
272      272   (0)      1  : 0.3933 0.6067
273      273   (0)      1  : 0.6274 0.3726
274      274   (1)      1  : 0.2165 0.7835
275      275   (1)      1  : 0.4827 0.5173
276      276   (1)      1  : 0.5149 0.4851
277      277   (1)      1  : 0.4936 0.5064
278      278   (1)      1  : 0.3835 0.6165
279      279   (0)      1  : 0.4398 0.5602
280      280   (1)      1  : 0.5022 0.4978
281      281   (1)      1  : 0.5449 0.4551
282      282   (1)      1  : 0.4797 0.5203
283      283   (1)      1  : 0.5277 0.4723
284      284   (0)      1  : 0.6364 0.3636
285      285   (1)      1  : 0.6114 0.3886
286      286   (1)      1  : 0.6557 0.3443
287      287   (1)      1  : 0.1213 0.8787
288      288   (1)      1  : 0.2534 0.7466
289      289   (1)      1  : 0.4939 0.5061
290      290   (1)      1  : 0.1539 0.8461
291      291   (1)      1  : 0.3798 0.6202
292      292   (1)      1  : 0.4333 0.5667
293      293   (1)      1  : 0.6213 0.3787
294      294   (1)      1  : 0.4240 0.5760
295      295   (0)      1  : 0.6558 0.3442
296      296   (0)      1  : 0.6213 0.3787
297      297   (1)      1  : 0.2222 0.7778
298      298   (0)      1  : 0.6291 0.3709
299      299   (1)      1  : 0.4616 0.5384
300      300   (1)      1  : 0.5736 0.4264
301      301   (0)      1  : 0.1919 0.8081
302      302   (1)      1  : 0.3461 0.6539
303      303   (1)      1  : 0.4629 0.5371
304      304   (1)      1  : 0.4476 0.5524
305      305   (1)      1  : 0.5971 0.4029
306      306   (1)      1  : 0.2371 0.7629
307      307   (2)      1  : 0.6721 0.3279
308      308   (0)      1  : 0.4760 0.5240
309      309   (2)      1  : 0.1779 0.8221
310      310   (0)      1  : 0.3704 0.6296
311      311   (0)      1  : 0.3255 0.6745
312      312   (0)      1  : 0.6007 0.3993
313      313   (1)      1  : 0.6812 0.3188
314      314   (0)      1  : 0.5983 0.4017
315      315   (1)      1  : 0.5278 0.4722
316      316   (1)      1  : 0.6098 0.3902
317      317   (1)      1  : 0.6076 0.3924
318      318   (1)      1  : 0.6459 0.3541
319      319   (1)      1  : 0.7025 0.2975
320      320   (0)      1  : 0.7245 0.2755
321      321   (1)      1  : 0.6187 0.3813
322      322   (0)      1  : 0.3891 0.6109
323      323   (1)      1  : 0.5918 0.4082
324      324   (1)      1  : 0.6437 0.3563
325      325   (1)      1  : 0.3621 0.6379
326      326   (1)      1  : 0.5508 0.4492
327      327   (1)      1  : 0.5965 0.4035
328      328   (1)      2  : 0.6061 0.3939
329      329   (0)      2  : 0.5140 0.4860
330      330   (0)      2  : 0.4982 0.5018
331      331   (1)      2  : 0.3119 0.6881
332      332   (1)      2  : 0.2741 0.7259
333      333   (1)      2  : 0.2223 0.7777
334      334   (1)      2  : 0.4682 0.5318
335      335   (0)      2  : 0.6734 0.3266
336      336   (1)      2  : 0.2046 0.7954
337      337   (1)      2  : 0.5916 0.4084
338      338   (1)      2  : 0.1962 0.8038
339      339   (1)      2  : 0.5320 0.4680
340      340   (0)      2  : 0.4912 0.5088
341      341   (1)      2  : 0.7070 0.2930
342      342   (2)      2  : 0.3909 0.6091
343      343   (2)      2  : 0.4355 0.5645
344      344   (3)      2  : 0.3699 0.6301
345      345   (2)      2  : 0.2811 0.7189
346      346   (4)      2  : 0.6162 0.3838
347      347   (3)      2  : 0.5535 0.4465
348      348   (1)      2  : 0.4384 0.5616
349      349   (1)      2  : 0.5765 0.4235
350      350   (1)      2  : 0.5467 0.4533
351      351   (0)      2  : 0.2842 0.7158
352      352   (4)      2  : 0.3462 0.6538
353      353   (2)      2  : 0.4602 0.5398
354      354   (1)      2  : 0.4970 0.5030
355      355   (2)      2  : 0.5985 0.4015
356      356   (1)      2  : 0.6496 0.3504
357      357   (2)      2  : 0.2876 0.7124
358      358   (2)      2  : 0.6858 0.3142
359      359   (3)      2  : 0.5229 0.4771
360      360   (0)      2  : 0.5889 0.4111
361      361   (1)      2  : 0.6622 0.3378
362      362   (1)      2  : 0.4598 0.5402
363      363   (2)      2  : 0.4628 0.5372
364      364   (3)      2  : 0.6831 0.3169
365      365   (4)      2  : 0.5833 0.4167
366      366   (4)      2  : 0.6185 0.3815
367      367   (3)      2  : 0.2357 0.7643
368      368   (3)      2  : 0.3747 0.6253
369      369   (2)      2  : 0.5226 0.4774
370      370   (3)      2  : 0.5684 0.4316
371      371   (1)      2  : 0.6055 0.3945
372      372   (3)      2  : 0.5165 0.4835
373      373   (5)      2  : 0.5370 0.4630
374      374   (5)      2  : 0.6921 0.3079
375      375   (3)      2  : 0.4843 0.5157
376      376   (3)      2  : 0.1743 0.8257
377      377   (4)      2  : 0.4441 0.5559
378      378   (0)      2  : 0.5432 0.4568
379      379   (5)      2  : 0.4910 0.5090
380      380   (4)      2  : 0.4925 0.5075
381      381   (1)      2  : 0.5628 0.4372
382      382   (1)      2  : 0.6012 0.3988
383      383   (3)      2  : 0.3356 0.6644
384      384   (2)      2  : 0.4384 0.5616
385      385   (4)      2  : 0.5219 0.4781
386      386   (2)      2  : 0.3825 0.6175
387      387   (1)      2  : 0.4321 0.5679
388      388   (6)      2  : 0.5790 0.4210
389      389   (1)      2  : 0.4788 0.5212
390      390   (1)      2  : 0.5235 0.4765
391      391   (3)      2  : 0.2158 0.7842
392      392   (2)      2  : 0.6438 0.3562
393      393   (4)      2  : 0.5411 0.4589
394      394   (3)      2  : 0.2556 0.7444
395      395   (7)      2  : 0.4525 0.5475
396      396   (4)      2  : 0.3505 0.6495
397      397   (1)      2  : 0.5566 0.4434
398      398   (3)      2  : 0.4678 0.5322
399      399   (2)      2  : 0.4305 0.5695
400      400   (0)      2  : 0.5582 0.4418
401      401   (6)      2  : 0.5578 0.4422
402      402   (5)      2  : 0.4500 0.5500
403      403   (1)      2  : 0.5034 0.4966
404      404   (2)      2  : 0.4556 0.5444
405      405   (3)      2  : 0.6100 0.3900
406      406   (2)      2  : 0.5841 0.4159
407      407   (2)      2  : 0.4964 0.5036
408      408   (2)      2  : 0.4851 0.5149
409      409   (1)      2  : 0.6164 0.3836
410      410   (1)      2  : 0.6203 0.3797
411      411   (1)      2  : 0.5836 0.4164
412      412   (0)      2  : 0.6493 0.3507
413      413   (1)      2  : 0.5516 0.4484
414      414   (2)      2  : 0.6307 0.3693
415      415   (2)      2  : 0.6912 0.3088
416      416   (3)      2  : 0.5123 0.4877
417      417   (1)      2  : 0.5803 0.4197
418      418   (0)      2  : 0.6225 0.3775
419      419   (1)      2  : 0.6546 0.3454
420      420   (0)      2  : 0.5993 0.4007
421      421   (1)      2  : 0.5428 0.4572
422      422   (6)      2  : 0.5595 0.4405
423      423   (2)      2  : 0.5909 0.4091
424      424   (1)      2  : 0.4419 0.5581
425      425   (1)      2  : 0.4095 0.5905
426      426   (3)      2  : 0.6042 0.3958
427      427   (2)      2  : 0.2910 0.7090
428      428   (6)      2  : 0.6576 0.3424
429      429   (1)      2  : 0.4124 0.5876
430      430   (1)      2  : 0.4974 0.5026
431      431   (0)      2  : 0.5240 0.4760
432      432   (2)      2  : 0.2664 0.7336
433      433   (2)      2  : 0.5713 0.4287
434      434   (2)      2  : 0.4520 0.5480
435      435   (8)      2  : 0.5300 0.4700
436      436   (2)      2  : 0.6142 0.3858
437      437   (4)      2  : 0.6092 0.3908
438      438   (1)      2  : 0.5517 0.4483
439      439   (2)      2  : 0.3688 0.6312
440      440   (0)      2  : 0.4948 0.5052
441      441   (1)      2  : 0.6137 0.3863
442      442   (6)      2  : 0.5082 0.4918
443      443   (1)      2  : 0.6492 0.3508
444      444   (6)      2  : 0.6129 0.3871
445      445   (2)      2  : 0.5613 0.4387
446      446   (3)      2  : 0.4303 0.5697
447      447   (2)      2  : 0.5137 0.4863
448      448   (3)      2  : 0.5258 0.4742
449      449   (1)      2  : 0.6058 0.3942
450      450   (4)      2  : 0.4674 0.5326
451      451   (3)      2  : 0.5888 0.4112
452      452   (1)      2  : 0.4992 0.5008
453      453   (1)      2  : 0.6409 0.3591
454      454   (4)      2  : 0.5795 0.4205
455      455   (4)      2  : 0.3564 0.6436
456      456   (5)      2  : 0.4653 0.5347
457      457   (3)      2  : 0.6534 0.3466
458      458   (1)      2  : 0.5578 0.4422
459      459   (1)      2  : 0.2099 0.7901
460      460   (2)      2  : 0.5548 0.4452
461      461   (1)      2  : 0.2633 0.7367
462      462   (1)      2  : 0.7172 0.2828
463      463   (4)      2  : 0.5622 0.4378
464      464   (6)      2  : 0.6502 0.3498
465      465   (3)      2  : 0.6209 0.3791
466      466   (3)      2  : 0.5493 0.4507
467      467   (2)      2  : 0.5160 0.4840
468      468   (2)      2  : 0.6806 0.3194
469      469   (1)      2  : 0.1598 0.8402
470      470   (0)      2  : 0.4567 0.5433
471      471   (2)      2  : 0.4949 0.5051
472      472   (2)      2  : 0.7796 0.2204
473      473   (1)      2  : 0.5164 0.4836
474      474   (3)      2  : 0.5233 0.4767
475      475   (1)      2  : 0.5241 0.4759
476      476   (2)      2  : 0.5950 0.4050
477      477   (0)      2  : 0.5176 0.4824
478      478   (1)      2  : 0.5175 0.4825
479      479   (1)      2  : 0.5929 0.4071
480      480   (1)      2  : 0.5078 0.4922
481      481   (1)      2  : 0.5935 0.4065
482      482   (1)      2  : 0.6326 0.3674
483      483   (0)      2  : 0.6515 0.3485
484      484   (0)      2  : 0.5135 0.4865
485      485   (0)      2  : 0.6552 0.3448
486      486   (0)      2  : 0.5785 0.4215
487      487   (1)      2  : 0.6291 0.3709
488      488   (1)      2  : 0.5500 0.4500
489      489   (1)      2  : 0.5591 0.4409
490      490   (0)      2  : 0.6591 0.3409
491      491   (0)      2  : 0.5745 0.4255
492      492   (5)      2  : 0.2455 0.7545
493      493   (1)      2  : 0.4274 0.5726
494      494   (3)      2  : 0.5785 0.4215
495      495   (1)      2  : 0.5369 0.4631
496      496   (1)      2  : 0.4381 0.5619
497      497   (1)      2  : 0.7284 0.2716
498      498   (1)      2  : 0.5492 0.4508
499      499   (1)      2  : 0.6196 0.3804
500      500   (1)      2  : 0.4744 0.5256
501      501   (2)      2  : 0.6894 0.3106
502      502   (1)      2  : 0.4671 0.5329
503      503   (2)      2  : 0.5186 0.4814
504      504   (2)      2  : 0.5611 0.4389
505      505   (2)      2  : 0.5207 0.4793
506      506   (3)      2  : 0.5274 0.4726
507      507   (1)      2  : 0.4857 0.5143
508      508   (7)      2  : 0.5956 0.4044
509      509   (1)      2  : 0.5054 0.4946
510      510   (1)      2  : 0.1398 0.8602
511      511   (2)      2  : 0.4941 0.5059
512      512   (1)      2  : 0.6624 0.3376
513      513   (3)      2  : 0.6069 0.3931
514      514   (1)      2  : 0.6534 0.3466
515      515   (5)      2  : 0.6116 0.3884
516      516   (3)      2  : 0.4221 0.5779
517      517   (1)      2  : 0.6876 0.3124
518      518   (1)      2  : 0.3520 0.6480
519      519   (0)      2  : 0.5114 0.4886
520      520   (0)      2  : 0.6038 0.3962
521      521   (2)      2  : 0.5196 0.4804
522      522   (2)      2  : 0.3871 0.6129
523      523   (1)      2  : 0.4395 0.5605
524      524   (3)      2  : 0.4754 0.5246
525      525   (1)      2  : 0.5865 0.4135
526      526   (7)      2  : 0.7054 0.2946
527      527   (4)      2  : 0.4982 0.5018
528      528   (1)      2  : 0.6809 0.3191
529      529   (2)      2  : 0.5953 0.4047
530      530   (1)      2  : 0.5503 0.4497
531      531   (2)      2  : 0.6112 0.3888
532      532   (2)      2  : 0.6749 0.3251
533      533   (5)      2  : 0.2061 0.7939
534      534   (2)      2  : 0.5076 0.4924
535      535   (3)      2  : 0.5580 0.4420
536      536   (0)      2  : 0.4766 0.5234
537      537   (3)      2  : 0.4179 0.5821
538      538   (1)      2  : 0.6098 0.3902
539      539   (1)      2  : 0.5876 0.4124
540      540   (1)      2  : 0.5852 0.4148
541      541   (5)      2  : 0.7501 0.2499
542      542   (4)      2  : 0.5154 0.4846
543      543   (2)      2  : 0.7124 0.2876
544      544   (2)      2  : 0.5498 0.4502
545      545   (2)      2  : 0.3985 0.6015
546      546   (1)      2  : 0.5842 0.4158
547      547   (1)      2  : 0.5678 0.4322
548      548   (1)      2  : 0.2551 0.7449
549      549   (1)      2  : 0.4298 0.5702
550      550   (2)      2  : 0.4051 0.5949
551      551   (4)      2  : 0.4914 0.5086
552      552   (6)      2  : 0.5544 0.4456
553      553   (3)      2  : 0.6289 0.3711
554      554   (1)      2  : 0.7137 0.2863
555      555   (4)      2  : 0.6487 0.3513
556      556   (2)      2  : 0.5297 0.4703
557      557   (0)      2  : 0.6228 0.3772
558      558   (2)      2  : 0.5839 0.4161
559      559   (3)      2  : 0.4224 0.5776
560      560   (6)      2  : 0.6446 0.3554
561      561   (1)      2  : 0.4531 0.5469
562      562   (2)      2  : 0.5930 0.4070
563      563   (2)      2  : 0.4363 0.5637
564      564   (1)      2  : 0.3651 0.6349
565      565   (1)      2  : 0.5443 0.4557
566      566   (1)      2  : 0.6465 0.3535
567      567   (1)      2  : 0.5941 0.4059
568      568   (1)      2  : 0.6465 0.3535
569      569   (3)      2  : 0.5917 0.4083
570      570   (1)      2  : 0.4158 0.5842
571      571   (2)      2  : 0.3331 0.6669
572      572   (5)      2  : 0.5028 0.4972
573      573   (5)      2  : 0.4678 0.5322
574      574   (1)      2  : 0.4306 0.5694
575      575   (2)      2  : 0.6473 0.3527
576      576   (0)      2  : 0.6967 0.3033
577      577   (1)      2  : 0.4182 0.5818
578      578   (1)      2  : 0.6393 0.3607
579      579   (2)      2  : 0.5602 0.4398
580      580   (1)      2  : 0.7258 0.2742
581      581   (1)      2  : 0.5124 0.4876
582      582   (0)      2  : 0.5226 0.4774
583      583   (1)      2  : 0.5829 0.4171
584      584   (2)      2  : 0.4214 0.5786
585      585   (1)      2  : 0.3822 0.6178
586      586   (0)      2  : 0.3253 0.6747
587      587   (1)      2  : 0.6246 0.3754
588      588   (0)      2  : 0.3494 0.6506
589      589   (2)      2  : 0.5998 0.4002
590      590   (2)      2  : 0.4908 0.5092
591      591   (1)      2  : 0.3765 0.6235
592      592   (1)      2  : 0.6161 0.3839
593      593   (1)      2  : 0.4399 0.5601
594      594   (3)      2  : 0.5948 0.4052
595      595   (1)      2  : 0.5206 0.4794
596      596   (1)      2  : 0.5104 0.4896
597      597   (1)      2  : 0.5180 0.4820
598      598   (1)      2  : 0.3045 0.6955
599      599   (1)      2  : 0.5570 0.4430
600      600   (2)      2  : 0.6174 0.3826
601      601   (7)      2  : 0.7277 0.2723
602      602   (3)      2  : 0.4912 0.5088
603      603   (1)      2  : 0.5766 0.4234
604      604   (1)      2  : 0.5781 0.4219
605      605   (1)      2  : 0.6282 0.3718
606      606   (1)      2  : 0.3560 0.6440
607      607   (1)      2  : 0.5993 0.4007
608      608   (1)      2  : 0.5979 0.4021
609      609   (1)      2  : 0.5876 0.4124
610      610   (1)      2  : 0.4774 0.5226
611      611   (1)      2  : 0.5685 0.4315
612      612   (1)      2  : 0.5140 0.4860
613      613   (2)      2  : 0.3162 0.6838
614      614   (1)      2  : 0.4445 0.5555
615      615   (1)      2  : 0.5966 0.4034
616      616   (1)      2  : 0.5853 0.4147
617      617   (1)      2  : 0.6428 0.3572
618      618   (0)      2  : 0.4584 0.5416
619      619   (1)      2  : 0.4896 0.5104
620      620   (1)      2  : 0.4439 0.5561
621      621   (1)      2  : 0.4596 0.5404
622      622   (1)      2  : 0.7384 0.2616
623      623   (1)      2  : 0.4296 0.5704
624      624   (0)      2  : 0.5514 0.4486
625      625   (0)      2  : 0.5767 0.4233
626      626   (1)      2  : 0.6646 0.3354
627      627   (1)      2  : 0.6443 0.3557
628      628   (1)      2  : 0.3535 0.6465
629      629   (1)      2  : 0.1708 0.8292
630      630   (2)      2  : 0.4952 0.5048
631      631   (5)      2  : 0.4378 0.5622
632      632   (2)      2  : 0.5516 0.4484
633      633   (1)      2  : 0.4225 0.5775
634      634   (4)      2  : 0.7050 0.2950
635      635   (1)      2  : 0.6721 0.3279
636      636   (0)      2  : 0.5516 0.4484
637      637   (1)      2  : 0.6471 0.3529
638      638   (0)      2  : 0.4573 0.5427
639      639   (0)      2  : 0.5686 0.4314
640      640   (1)      2  : 0.4981 0.5019
641      641   (1)      2  : 0.5287 0.4713
642      642   (1)      2  : 0.3859 0.6141
643      643   (1)      2  : 0.7072 0.2928
644      644   (1)      2  : 0.6263 0.3737
645      645   (0)      2  : 0.4532 0.5468
646      646   (1)      3  : 0.5484 0.4516
647      647   (1)      2  : 0.5172 0.4828
648      648   (0)      3  : 0.6772 0.3228
649      649   (1)      3  : 0.7001 0.2999
650      650   (1)      3  : 0.5348 0.4652
651      651   (1)      2  : 0.5783 0.4217
652      652   (0)      3  : 0.5892 0.4108
653      653   (2)      4  : 0.6381 0.3619
654      654   (0)      2  : 0.6246 0.3754
655      655   (1)      4  : 0.4793 0.5207
656      656   (1)      4  : 0.6359 0.3641
657      657   (1)      4  : 0.6921 0.3079
658      658   (0)      4  : 0.5679 0.4321
659      659   (0)      4  : 0.6560 0.3440
660      660   (3)      3  : 0.4324 0.5676
661      661   (1)      2  : 0.5315 0.4685
662      662   (1)      3  : 0.5599 0.4401
663      663   (1)      3  : 0.6104 0.3896
664      664   (1)      3  : 0.5402 0.4598
665      665   (1)      3  : 0.4458 0.5542
666      666   (0)      2  : 0.2870 0.7130
667      667   (1)      3  : 0.5884 0.4116
668      668   (1)      4  : 0.4144 0.5856
669      669   (0)      4  : 0.6348 0.3652
670      670   (1)      4  : 0.6953 0.3047
671      671   (1)      4  : 0.5848 0.4152
672      672   (1)      4  : 0.6086 0.3914
673      673   (0)      4  : 0.6239 0.3761
674      674   (2)      3  : 0.6323 0.3677
675      675   (5)      3  : 0.5611 0.4389
676      676   (0)      3  : 0.7297 0.2703
677      677   (3)      3  : 0.4522 0.5478
678      678   (0)      3  : 0.5544 0.4456
679      679   (2)      2  : 0.4440 0.5560
680      680   (0)      3  : 0.4702 0.5298
681      681   (2)      4  : 0.5166 0.4834
682      682   (0)      2  : 0.5224 0.4776
683      683   (2)      4  : 0.6669 0.3331
684      684   (1)      4  : 0.4747 0.5253
685      685   (1)      4  : 0.6242 0.3758
686      686   (0)      4  : 0.6757 0.3243
687      687   (1)      3  : 0.5285 0.4715
688      688   (2)      3  : 0.6559 0.3441
689      689   (1)      3  : 0.5478 0.4522
690      690   (1)      3  : 0.5462 0.4538
691      691   (1)      2  : 0.5505 0.4495
692      692   (0)      3  : 0.5660 0.4340
693      693   (0)      2  : 0.5574 0.4426
694      694   (1)      4  : 0.6330 0.3670
695      695   (0)      4  : 0.7979 0.2021
696      696   (1)      4  : 0.4922 0.5078
697      697   (0)      4  : 0.6029 0.3971
698      698   (1)      4  : 0.6140 0.3860
699      699   (6)      3  : 0.5224 0.4776
700      700   (1)      2  : 0.3641 0.6359
701      701   (3)      3  : 0.5902 0.4098
702      702   (1)      3  : 0.6208 0.3792
703      703   (3)      3  : 0.5283 0.4717
704      704   (1)      3  : 0.5798 0.4202
705      705   (1)      2  : 0.4780 0.5220
706      706   (0)      3  : 0.5972 0.4028
707      707   (1)      2  : 0.2077 0.7923
708      708   (2)      4  : 0.7438 0.2562
709      709   (1)      2  : 0.2337 0.7663
710      710   (1)      4  : 0.6143 0.3857
711      711   (2)      4  : 0.6090 0.3910
712      712   (1)      4  : 0.5614 0.4386
713      713   (0)      4  : 0.6898 0.3102
714      714   (1)      3  : 0.5337 0.4663
715      715   (1)      2  : 0.6476 0.3524
716      716   (3)      3  : 0.5939 0.4061
717      717   (0)      3  : 0.5567 0.4433
718      718   (4)      3  : 0.6205 0.3795
719      719   (1)      3  : 0.5284 0.4716
720      720   (1)      2  : 0.4933 0.5067
721      721   (1)      2  : 0.5215 0.4785
722      722   (1)      4  : 0.5365 0.4635
723      723   (0)      4  : 0.5608 0.4392
724      724   (0)      4  : 0.8334 0.1666
725      725   (2)      4  : 0.6987 0.3013
726      726   (1)      4  : 0.7044 0.2956
727      727   (2)      2  : 0.6651 0.3349
728      728   (3)      3  : 0.5765 0.4235
729      729   (1)      3  : 0.5517 0.4483
730      730   (2)      3  : 0.5719 0.4281
731      731   (1)      3  : 0.5107 0.4893
732      732   (1)      4  : 0.4664 0.5336
733      733   (1)      4  : 0.6143 0.3857
734      734   (1)      4  : 0.6975 0.3025
735      735   (2)      4  : 0.6330 0.3670
736      736   (1)      4  : 0.7885 0.2115
737      737   (0)      2  : 0.3547 0.6453
738      738   (0)      3  : 0.6051 0.3949
739      739   (1)      3  : 0.6451 0.3549
740      740   (1)      3  : 0.5694 0.4306
741      741   (1)      2  : 0.4637 0.5363
742      742   (1)      2  : 0.6158 0.3842
743      743   (0)      4  : 0.6406 0.3594
744      744   (0)      4  : 0.5759 0.4241
745      745   (0)      4  : 0.8093 0.1907
746      746   (0)      4  : 0.7308 0.2692
747      747   (1)      4  : 0.6779 0.3221
748      748   (1)      2  : 0.3230 0.6770
749      749   (1)      2  : 0.3620 0.6380
750      750   (0)      2  : 0.5472 0.4528
751      751   (1)      2  : 0.2016 0.7984
752      752   (1)      2  : 0.6292 0.3708
753      753   (1)      2  : 0.4929 0.5071
754      754   (0)      2  : 0.5574 0.4426
755      755   (1)      2  : 0.4673 0.5327
756      756   (0)      2  : 0.1858 0.8142
757      757   (1)      2  : 0.2731 0.7269
758      758   (2)      2  : 0.2098 0.7902
759      759   (0)      2  : 0.5517 0.4483
760      760   (1)      2  : 0.5582 0.4418
761      761   (2)      2  : 0.6192 0.3808
762      762   (0)      2  : 0.5245 0.4755
763      763   (1)      2  : 0.3833 0.6167
764      764   (1)      2  : 0.3661 0.6339
765      765   (1)      2  : 0.4891 0.5109
766      766   (3)      2  : 0.3735 0.6265
767      767   (1)      2  : 0.6254 0.3746
768      768   (1)      2  : 0.1880 0.8120
769      769   (1)      2  : 0.5859 0.4141
770      770   (1)      2  : 0.5700 0.4300
771      771   (0)      2  : 0.4656 0.5344
772      772   (0)      2  : 0.5392 0.4608
773      773   (1)      2  : 0.5387 0.4613
774      774   (1)      2  : 0.4665 0.5335
775      775   (1)      2  : 0.4775 0.5225
776      776   (0)      2  : 0.6929 0.3071
777      777   (1)      2  : 0.6581 0.3419
778      778   (1)      2  : 0.6064 0.3936
779      779   (6)      2  : 0.1731 0.8269
780      780   (2)      2  : 0.5834 0.4166
781      781   (1)      2  : 0.5234 0.4766
782      782   (1)      2  : 0.6721 0.3279
783      783   (1)      2  : 0.4800 0.5200
784      784   (1)      2  : 0.3653 0.6347
785      785   (1)      2  : 0.3596 0.6404
786      786   (2)      2  : 0.6314 0.3686
787      787   (0)      2  : 0.4373 0.5627
788      788   (1)      2  : 0.6664 0.3336
789      789   (1)      2  : 0.6008 0.3992
790      790   (1)      2  : 0.3404 0.6596
791      791   (1)      2  : 0.1508 0.8492
792      792   (2)      2  : 0.6569 0.3431
793      793   (1)      2  : 0.6533 0.3467
794      794   (0)      2  : 0.6169 0.3831
795      795   (1)      2  : 0.2182 0.7818
796      796   (0)      2  : 0.5428 0.4572
797      797   (0)      2  : 0.4715 0.5285
798      798   (0)      2  : 0.4933 0.5067
799      799   (1)      2  : 0.3143 0.6857
800      800   (1)      2  : 0.3216 0.6784
801      801   (1)      2  : 0.2203 0.7797
802      802   (1)      2  : 0.5981 0.4019
803      803   (2)      2  : 0.6580 0.3420
804      804   (1)      2  : 0.6337 0.3663
805      805   (1)      2  : 0.5235 0.4765
806      806   (0)      2  : 0.5402 0.4598
807      807   (1)      2  : 0.3930 0.6070
808      808   (1)      2  : 0.2340 0.7660
809      809   (2)      2  : 0.3962 0.6038
810      810   (1)      2  : 0.2101 0.7899
811      811   (1)      2  : 0.1740 0.8260
812      812   (0)      2  : 0.5364 0.4636
813      813   (1)      2  : 0.2576 0.7424
814      814   (1)      2  : 0.1964 0.8036
815      815   (0)      2  : 0.5612 0.4388
816      816   (0)      2  : 0.4691 0.5309
817      817   (1)      2  : 0.4893 0.5107
818      818   (2)      2  : 0.2322 0.7678
819      819   (1)      2  : 0.4189 0.5811
820      820   (0)      2  : 0.4386 0.5614
821      821   (1)      2  : 0.1729 0.8271
822      822   (2)      2  : 0.4593 0.5407
823      823   (1)      2  : 0.3266 0.6734
824      824   (1)      2  : 0.2607 0.7393
825      825   (1)      2  : 0.7792 0.2208
826      826   (1)      2  : 0.2205 0.7795
827      827   (0)      2  : 0.5011 0.4989
828      828   (1)      2  : 0.6264 0.3736
829      829   (1)      2  : 0.3508 0.6492
830      830   (1)      2  : 0.6083 0.3917
831      831   (1)      2  : 0.2347 0.7653
832      832   (1)      2  : 0.5904 0.4096
833      833   (1)      2  : 0.6572 0.3428
834      834   (0)      2  : 0.5815 0.4185
835      835   (1)      2  : 0.4007 0.5993
836      836   (0)      2  : 0.3111 0.6889
837      837   (1)      2  : 0.4533 0.5467
838      838   (1)      2  : 0.6017 0.3983
839      839   (1)      2  : 0.6458 0.3542
840      840   (0)      2  : 0.5058 0.4942
841      841   (5)      2  : 0.3413 0.6587
842      842   (1)      2  : 0.1897 0.8103
843      843   (2)      2  : 0.1596 0.8404
844      844   (1)      2  : 0.3539 0.6461
845      845   (1)      2  : 0.5141 0.4859
846      846   (0)      2  : 0.5421 0.4579
847      847   (0)      2  : 0.5938 0.4062
848      848   (1)      2  : 0.1726 0.8274
849      849   (1)      2  : 0.6101 0.3899
850      850   (1)      2  : 0.5770 0.4230
851      851   (1)      2  : 0.5413 0.4587
852      852   (1)      2  : 0.3711 0.6289
853      853   (1)      2  : 0.3279 0.6721
854      854   (0)      2  : 0.3579 0.6421
855      855   (1)      2  : 0.5722 0.4278
856      856   (5)      2  : 0.5134 0.4866
857      857   (1)      2  : 0.6027 0.3973
858      858   (0)      2  : 0.6002 0.3998
859      859   (0)      2  : 0.2445 0.7555
860      860   (1)      2  : 0.1526 0.8474
861      861   (1)      2  : 0.1906 0.8094
862      862   (1)      2  : 0.5226 0.4774
863      863   (0)      2  : 0.2061 0.7939
864      864   (4)      2  : 0.2930 0.7070
865      865   (1)      2  : 0.5519 0.4481
866      866   (1)      2  : 0.4174 0.5826
867      867   (1)      2  : 0.6321 0.3679
868      868   (0)      2  : 0.5900 0.4100
869      869   (1)      2  : 0.5933 0.4067
870      870   (1)      2  : 0.2343 0.7657
871      871   (1)      2  : 0.5134 0.4866
872      872   (1)      2  : 0.5014 0.4986
873      873   (1)      2  : 0.1774 0.8226
874      874   (1)      2  : 0.5560 0.4440
875      875   (1)      2  : 0.5102 0.4898
876      876   (1)      2  : 0.5290 0.4710
877      877   (1)      2  : 0.3599 0.6401
878      878   (0)      2  : 0.4654 0.5346
879      879   (2)      2  : 0.1435 0.8565
880      880   (1)      2  : 0.4474 0.5526
881      881   (2)      2  : 0.2694 0.7306
882      882   (1)      2  : 0.5463 0.4537
