  1        1   (0)      1 :  0.3052 0.0160 0.1207 0.3568 0.2012 
  2        2   (1)      1 :  0.1891 0.0818 0.1052 0.2300 0.3938 
  3        3   (1)      1 :  0.1578 0.0592 0.0535 0.4956 0.2339 
  4        4   (1)      1 :  0.1333 0.0279 0.3349 0.3097 0.1943 
  5        5   (2)      1 :  0.0137 0.9329 0.0156 0.0201 0.0177 
  6        6   (1)      1 :  0.0473 0.2167 0.0905 0.5362 0.1093 
  7        7   (1)      1 :  0.1655 0.2132 0.2864 0.1915 0.1435 
  8        8   (0)      1 :  0.1060 0.0160 0.1452 0.0920 0.6408 
  9        9   (1)      1 :  0.1639 0.1787 0.0612 0.4485 0.1478 
 10       10   (1)      1 :  0.1283 0.4916 0.1429 0.0755 0.1616 
 11       11   (0)      1 :  0.1490 0.1158 0.2019 0.4078 0.1256 
 12       12   (0)      1 :  0.0684 0.1328 0.1177 0.5831 0.0981 
 13       13   (1)      1 :  0.1472 0.0314 0.3326 0.0826 0.4062 
 14       14   (1)      1 :  0.0274 0.4436 0.3149 0.1308 0.0832 
 15       15   (2)      1 :  0.0422 0.4336 0.3336 0.1125 0.0782 
 16       16   (1)      1 :  0.1467 0.1194 0.2929 0.2145 0.2265 
 17       17   (1)      1 :  0.0193 0.0915 0.1300 0.1765 0.5827 
 18       18   (2)      1 :  0.2147 0.0271 0.2087 0.0828 0.4666 
 19       19   (1)      1 :  0.1024 0.0528 0.4946 0.0690 0.2812 
 20       20   (1)      1 :  0.0257 0.2226 0.3930 0.2284 0.1303 
 21       21   (1)      1 :  0.0847 0.1940 0.1581 0.1115 0.4517 
 22       22   (1)      1 :  0.3673 0.0763 0.1567 0.2042 0.1954 
 23       23   (1)      1 :  0.1072 0.1673 0.0808 0.2569 0.3877 
 24       24   (1)      1 :  0.8225 0.0192 0.0349 0.0817 0.0417 
 25       25   (1)      1 :  0.0808 0.2223 0.3337 0.1353 0.2280 
 26       26   (1)      1 :  0.3055 0.1218 0.1055 0.1729 0.2943 
 27       27   (1)      1 :  0.0559 0.0547 0.5291 0.2217 0.1386 
 28       28   (1)      1 :  0.8615 0.0277 0.0278 0.0472 0.0358 
 29       29   (1)      1 :  0.1302 0.0643 0.1733 0.2566 0.3756 
 30       30   (1)      1 :  0.0530 0.6314 0.0724 0.0824 0.1608 
 31       31   (1)      1 :  0.1428 0.0393 0.1371 0.2126 0.4683 
 32       32   (1)      1 :  0.1571 0.1012 0.1288 0.0793 0.5337 
 33       33   (1)      1 :  0.3378 0.1429 0.1286 0.2126 0.1780 
 34       34   (1)      1 :  0.0524 0.5520 0.2203 0.0656 0.1097 
 35       35   (0)      1 :  0.1926 0.0872 0.1592 0.1095 0.4515 
 36       36   (1)      1 :  0.0831 0.1792 0.1041 0.2979 0.3357 
 37       37   (1)      1 :  0.5280 0.1038 0.1656 0.1269 0.0756 
 38       38   (1)      1 :  0.3340 0.5019 0.0404 0.0481 0.0756 
 39       39   (1)      1 :  0.0388 0.1080 0.0990 0.0799 0.6742 
 40       40   (0)      1 :  0.0392 0.2863 0.2183 0.3476 0.1086 
 41       41   (1)      1 :  0.0927 0.0371 0.4285 0.2891 0.1526 
 42       42   (1)      1 :  0.0247 0.8013 0.0495 0.0616 0.0630 
 43       43   (1)      1 :  0.1520 0.0446 0.0753 0.3274 0.4007 
 44       44   (7)      1 :  0.0860 0.0446 0.0677 0.3892 0.4126 
 45       45   (2)      1 :  0.3042 0.3514 0.0846 0.1582 0.1017 
 46       46   (1)      1 :  0.4048 0.0719 0.1723 0.1539 0.1970 
 47       47   (0)      1 :  0.7241 0.0693 0.0623 0.1018 0.0424 
 48       48   (1)      1 :  0.1412 0.0483 0.0802 0.4110 0.3194 
 49       49   (0)      1 :  0.3132 0.0416 0.2291 0.2350 0.1811 
 50       50   (1)      1 :  0.0268 0.0257 0.4904 0.1224 0.3347 
 51       51   (2)      1 :  0.0648 0.7037 0.0834 0.0871 0.0610 
 52       52   (1)      1 :  0.0408 0.8465 0.0338 0.0368 0.0421 
 53       53   (2)      1 :  0.6440 0.0342 0.0729 0.1431 0.1058 
 54       54   (1)      1 :  0.5660 0.0740 0.0930 0.1573 0.1097 
 55       55   (3)      1 :  0.0578 0.0924 0.1653 0.1287 0.5558 
 56       56   (1)      1 :  0.4636 0.0878 0.2593 0.0791 0.1103 
 57       57   (0)      1 :  0.5995 0.0239 0.0944 0.0953 0.1869 
 58       58   (1)      1 :  0.0514 0.7060 0.0733 0.0778 0.0915 
 59       59   (0)      1 :  0.5380 0.0285 0.1474 0.1361 0.1499 
 60       60   (2)      1 :  0.0829 0.1299 0.3081 0.3398 0.1394 
 61       61   (1)      1 :  0.4787 0.0657 0.2015 0.1205 0.1337 
 62       62   (1)      1 :  0.0923 0.0440 0.1148 0.4587 0.2902 
 63       63   (0)      1 :  0.3874 0.2216 0.0986 0.1803 0.1122 
 64       64   (3)      1 :  0.0987 0.0653 0.2158 0.4576 0.1626 
 65       65   (1)      1 :  0.1011 0.0644 0.3145 0.1262 0.3937 
 66       66   (4)      1 :  0.0415 0.2812 0.4073 0.1048 0.1653 
 67       67   (0)      1 :  0.3225 0.0386 0.4328 0.1072 0.0990 
 68       68   (2)      1 :  0.4455 0.0525 0.0909 0.2144 0.1967 
 69       69   (2)      1 :  0.4974 0.2312 0.0738 0.0580 0.1396 
 70       70   (1)      1 :  0.1703 0.0366 0.0982 0.2029 0.4920 
 71       71   (0)      1 :  0.0903 0.0343 0.2197 0.1750 0.4807 
 72       72   (5)      1 :  0.1414 0.0251 0.1391 0.5237 0.1707 
 73       73   (1)      1 :  0.2278 0.2360 0.0545 0.0745 0.4073 
 74       74   (1)      1 :  0.0358 0.0369 0.1843 0.6364 0.1065 
 75       75   (1)      1 :  0.3242 0.1194 0.1921 0.0877 0.2766 
 76       76   (1)      1 :  0.6417 0.0480 0.0796 0.0998 0.1309 
 77       77   (1)      1 :  0.0175 0.9085 0.0248 0.0294 0.0198 
 78       78   (1)      1 :  0.1112 0.0414 0.1239 0.1977 0.5258 
 79       79   (2)      1 :  0.1097 0.0513 0.1377 0.0919 0.6095 
 80       80   (2)      1 :  0.0832 0.7333 0.0717 0.0645 0.0473 
 81       81   (2)      1 :  0.1050 0.4270 0.1361 0.2147 0.1172 
 82       82   (1)      1 :  0.5675 0.0221 0.0807 0.1955 0.1342 
 83       83   (0)      1 :  0.2603 0.0483 0.1927 0.1286 0.3700 
 84       84   (1)      1 :  0.0681 0.1939 0.3008 0.2434 0.1938 
 85       85   (6)      1 :  0.1227 0.0304 0.1759 0.1065 0.5645 
 86       86   (1)      1 :  0.0266 0.0837 0.4870 0.2794 0.1233 
 87       87   (2)      1 :  0.3055 0.0360 0.1723 0.3736 0.1126 
 88       88   (0)      2 :  0.0233 0.8304 0.0492 0.0263 0.0708 
 89       89   (1)      2 :  0.0710 0.0625 0.3674 0.1659 0.3332 
 90       90   (1)      2 :  0.0246 0.8818 0.0293 0.0322 0.0322 
 91       91   (2)      2 :  0.3445 0.0167 0.2686 0.2383 0.1319 
 92       92   (1)      2 :  0.5419 0.0488 0.1026 0.0943 0.2124 
 93       93   (1)      2 :  0.7930 0.0188 0.0482 0.0561 0.0839 
 94       94   (1)      2 :  0.0378 0.1738 0.1483 0.1840 0.4561 
 95       95   (0)      2 :  0.0329 0.2065 0.1041 0.2633 0.3932 
 96       96   (2)      2 :  0.0995 0.0961 0.3996 0.1799 0.2250 
 97       97   (1)      2 :  0.7378 0.1308 0.0302 0.0336 0.0676 
 98       98   (0)      2 :  0.1245 0.0469 0.3233 0.2252 0.2801 
 99       99   (0)      2 :  0.4624 0.1038 0.2053 0.1117 0.1168 
100      100   (1)      2 :  0.0756 0.0361 0.0918 0.1249 0.6715 
101      101   (1)      2 :  0.1373 0.5104 0.0842 0.1021 0.1660 
102      102   (1)      2 :  0.0500 0.0816 0.5453 0.1491 0.1739 
103      103   (2)      2 :  0.1671 0.1945 0.1688 0.1802 0.2895 
104      104   (1)      2 :  0.5264 0.0366 0.0977 0.1201 0.2192 
105      105   (1)      2 :  0.5476 0.1996 0.0733 0.1502 0.0293 
106      106   (1)      2 :  0.0420 0.9045 0.0172 0.0208 0.0155 
107      107   (2)      2 :  0.1093 0.0961 0.5541 0.1300 0.1105 
108      108   (0)      2 :  0.2668 0.0594 0.2902 0.1793 0.2043 
109      109   (1)      2 :  0.0315 0.2305 0.3748 0.2045 0.1588 
110      110   (1)      2 :  0.4824 0.1931 0.0788 0.1184 0.1272 
111      111   (1)      2 :  0.4847 0.0755 0.1521 0.1419 0.1459 
112      112   (2)      2 :  0.0560 0.1054 0.2105 0.2863 0.3418 
113      113   (1)      2 :  0.0478 0.5192 0.1886 0.1038 0.1406 
114      114   (3)      2 :  0.0737 0.0427 0.1403 0.1508 0.5926 
115      115   (2)      2 :  0.3428 0.0536 0.0336 0.4929 0.0771 
116      116   (0)      2 :  0.0643 0.0858 0.1059 0.2031 0.5410 
117      117   (1)      2 :  0.0542 0.1971 0.1804 0.1392 0.4290 
118      118   (1)      2 :  0.1689 0.0334 0.2812 0.0943 0.4222 
119      119   (3)      2 :  0.0572 0.0611 0.5095 0.1802 0.1920 
120      120   (1)      2 :  0.8167 0.0156 0.0573 0.0540 0.0564 
121      121   (0)      2 :  0.0393 0.0535 0.2894 0.2317 0.3860 
122      122   (1)      2 :  0.2008 0.0656 0.2102 0.2225 0.3007 
123      123   (1)      2 :  0.2527 0.0235 0.2891 0.1878 0.2468 
124      124   (0)      2 :  0.0452 0.1122 0.0880 0.5739 0.1806 
125      125   (1)      2 :  0.5242 0.1033 0.0556 0.1552 0.1617 
126      126   (1)      2 :  0.0525 0.6493 0.0629 0.1293 0.1059 
127      127   (1)      2 :  0.0571 0.0576 0.7482 0.0614 0.0758 
128      128   (1)      2 :  0.7259 0.0367 0.0923 0.0519 0.0931 
129      129   (1)      2 :  0.0769 0.2127 0.0743 0.0801 0.5560 
130      130   (1)      2 :  0.0315 0.0563 0.0833 0.6037 0.2253 
131      131   (1)      2 :  0.1434 0.0750 0.0912 0.2123 0.4781 
132      132   (1)      2 :  0.5151 0.0511 0.1648 0.1744 0.0946 
133      133   (1)      2 :  0.0648 0.0287 0.1231 0.2099 0.5735 
134      134   (1)      2 :  0.0666 0.0611 0.6425 0.1022 0.1277 
135      135   (1)      2 :  0.8820 0.0208 0.0329 0.0327 0.0316 
136      136   (3)      2 :  0.1191 0.0417 0.3250 0.1734 0.3407 
137      137   (1)      2 :  0.0496 0.2255 0.2263 0.4033 0.0952 
138      138   (1)      2 :  0.0253 0.6678 0.0589 0.0932 0.1548 
139      139   (2)      2 :  0.0556 0.0226 0.0987 0.2187 0.6044 
140      140   (3)      2 :  0.0545 0.1038 0.1877 0.1017 0.5523 
141      141   (0)      2 :  0.1297 0.3652 0.1278 0.0936 0.2838 
142      142   (1)      2 :  0.2072 0.3206 0.1841 0.1522 0.1359 
143      143   (0)      2 :  0.6314 0.0638 0.0448 0.1470 0.1130 
144      144   (1)      2 :  0.0446 0.0143 0.0676 0.1601 0.7134 
145      145   (1)      2 :  0.0423 0.0276 0.1333 0.7018 0.0950 
146      146   (2)      2 :  0.5486 0.0601 0.0927 0.1059 0.1927 
147      147   (1)      2 :  0.1148 0.0547 0.5665 0.1571 0.1070 
148      148   (1)      2 :  0.1942 0.0205 0.3907 0.2617 0.1329 
149      149   (2)      2 :  0.3338 0.0766 0.2940 0.1243 0.1713 
150      150   (2)      2 :  0.4781 0.0626 0.2142 0.0935 0.1516 
151      151   (1)      2 :  0.1223 0.0826 0.1258 0.0783 0.5911 
152      152   (0)      2 :  0.1291 0.0591 0.2634 0.4801 0.0682 
153      153   (1)      2 :  0.8421 0.0350 0.0571 0.0332 0.0327 
154      154   (2)      2 :  0.0494 0.0620 0.4047 0.3400 0.1439 
155      155   (1)      2 :  0.2265 0.0923 0.1760 0.2629 0.2424 
156      156   (1)      2 :  0.1678 0.1359 0.2956 0.2951 0.1056 
157      157   (0)      2 :  0.2200 0.0762 0.1152 0.3644 0.2242 
158      158   (2)      2 :  0.1448 0.0216 0.4054 0.1469 0.2813 
159      159   (1)      2 :  0.0402 0.0459 0.3223 0.3702 0.2215 
160      160   (0)      2 :  0.2422 0.0597 0.4028 0.1614 0.1340 
161      161   (1)      2 :  0.3927 0.0404 0.1610 0.2036 0.2022 
162      162   (1)      2 :  0.2268 0.0758 0.3374 0.2153 0.1446 
163      163   (1)      2 :  0.5933 0.0474 0.1472 0.1402 0.0719 
164      164   (1)      2 :  0.0726 0.0260 0.3389 0.3249 0.2377 
165      165   (0)      2 :  0.2029 0.0216 0.1545 0.3962 0.2247 
166      166   (0)      2 :  0.0582 0.0527 0.1885 0.5710 0.1296 
167      167   (2)      2 :  0.3297 0.1012 0.2358 0.1992 0.1341 
168      168   (0)      2 :  0.0645 0.0634 0.1648 0.0953 0.6121 
169      169   (1)      2 :  0.0145 0.9144 0.0279 0.0239 0.0193 
170      170   (1)      2 :  0.6370 0.0646 0.0805 0.1226 0.0953 
171      171   (1)      2 :  0.1036 0.0333 0.2788 0.2369 0.3473 
172      172   (0)      2 :  0.2836 0.3900 0.1288 0.0632 0.1343 
173      173   (1)      2 :  0.0252 0.8921 0.0314 0.0304 0.0209 
174      174   (0)      2 :  0.0995 0.0380 0.0842 0.5983 0.1801 
175      175   (1)      2 :  0.0717 0.0307 0.1803 0.1816 0.5356 
176      176   (1)      2 :  0.5166 0.0493 0.2554 0.0424 0.1363 
177      177   (1)      2 :  0.7876 0.0151 0.0532 0.1021 0.0420 
178      178   (0)      2 :  0.0269 0.0453 0.4614 0.3528 0.1136 
179      179   (1)      2 :  0.4494 0.0240 0.1328 0.1718 0.2221 
180      180   (1)      2 :  0.0567 0.7912 0.0392 0.0384 0.0745 
181      181   (1)      2 :  0.0703 0.0427 0.2949 0.3794 0.2127 
182      182   (1)      2 :  0.0512 0.1127 0.1105 0.0855 0.6401 
183      183   (1)      2 :  0.1021 0.0368 0.2381 0.2835 0.3394 
184      184   (1)      2 :  0.0883 0.5266 0.1431 0.0605 0.1815 
185      185   (2)      2 :  0.0427 0.0112 0.0781 0.0759 0.7921 
186      186   (1)      2 :  0.4105 0.0965 0.0617 0.0919 0.3393 
187      187   (0)      2 :  0.0485 0.0256 0.0700 0.8044 0.0514 
188      188   (1)      2 :  0.0938 0.0562 0.0867 0.1871 0.5762 
189      189   (0)      2 :  0.2813 0.1446 0.1579 0.0933 0.3230 
190      190   (0)      2 :  0.6055 0.0508 0.1741 0.0805 0.0891 
191      191   (2)      2 :  0.5834 0.0384 0.0613 0.2292 0.0876 
192      192   (1)      2 :  0.0256 0.0350 0.8104 0.0481 0.0809 
193      193   (1)      2 :  0.1155 0.1208 0.3456 0.2644 0.1538 
194      194   (0)      2 :  0.0441 0.0149 0.8187 0.0523 0.0700 
195      195   (1)      2 :  0.0206 0.7972 0.0645 0.0542 0.0634 
196      196   (1)      2 :  0.0260 0.0269 0.0494 0.7445 0.1532 
197      197   (1)      2 :  0.4464 0.0587 0.1352 0.1432 0.2165 
198      198   (1)      2 :  0.0543 0.7565 0.0884 0.0476 0.0531 
199      199   (0)      2 :  0.0595 0.0296 0.1248 0.1608 0.6253 
200      200   (0)      2 :  0.6616 0.0581 0.0585 0.1213 0.1004 
201      201   (1)      2 :  0.0752 0.0259 0.4381 0.3287 0.1321 
202      202   (0)      2 :  0.7994 0.0147 0.0925 0.0539 0.0395 
203      203   (0)      2 :  0.1265 0.0414 0.2176 0.4175 0.1969 
204      204   (1)      2 :  0.1712 0.0586 0.2642 0.3023 0.2036 
205      205   (1)      2 :  0.0876 0.0964 0.0834 0.5914 0.1413 
206      206   (1)      2 :  0.0387 0.8203 0.0477 0.0395 0.0538 
207      207   (1)      2 :  0.0801 0.2185 0.1927 0.3950 0.1136 
208      208   (1)      2 :  0.0661 0.0402 0.2549 0.2834 0.3554 
209      209   (0)      2 :  0.1529 0.5122 0.0668 0.0682 0.1998 
210      210   (1)      2 :  0.0156 0.8996 0.0248 0.0359 0.0241 
211      211   (0)      2 :  0.0754 0.1651 0.2721 0.2011 0.2862 
212      212   (1)      2 :  0.3766 0.2325 0.2007 0.1200 0.0702 
213      213   (1)      2 :  0.0826 0.0309 0.0758 0.5090 0.3017 
214      214   (1)      2 :  0.0498 0.0495 0.1570 0.6945 0.0493 
215      215   (1)      2 :  0.0631 0.0264 0.7296 0.0524 0.1285 
216      216   (1)      2 :  0.0253 0.8104 0.0381 0.0679 0.0582 
217      217   (1)      2 :  0.0893 0.3711 0.2694 0.1562 0.1139 
218      218   (1)      2 :  0.5126 0.0321 0.0806 0.2816 0.0932 
219      219   (1)      2 :  0.0322 0.1183 0.4406 0.2455 0.1634 
220      220   (1)      2 :  0.1237 0.0144 0.4805 0.1600 0.2214 
221      221   (0)      2 :  0.0550 0.2501 0.0647 0.5175 0.1127 
222      222   (1)      2 :  0.2432 0.0395 0.2519 0.2549 0.2106 
223      223   (0)      2 :  0.0866 0.0651 0.2864 0.4475 0.1144 
224      224   (1)      2 :  0.0814 0.0279 0.5031 0.1955 0.1921 
225      225   (1)      2 :  0.0185 0.9192 0.0217 0.0211 0.0195 
226      226   (0)      2 :  0.0400 0.1899 0.1382 0.1310 0.5009 
227      227   (1)      2 :  0.0421 0.8724 0.0238 0.0335 0.0282 
228      228   (1)      2 :  0.0395 0.0496 0.2516 0.5032 0.1561 
229      229   (2)      2 :  0.1122 0.0278 0.0708 0.3170 0.4721 
230      230   (1)      2 :  0.1862 0.2080 0.1024 0.3384 0.1650 
231      231   (1)      2 :  0.0465 0.0685 0.2169 0.4499 0.2181 
232      232   (2)      2 :  0.1699 0.0465 0.1397 0.2637 0.3802 
233      233   (1)      2 :  0.0846 0.0990 0.3203 0.3057 0.1904 
234      234   (1)      2 :  0.0239 0.8969 0.0269 0.0233 0.0290 
235      235   (0)      2 :  0.0859 0.4985 0.2672 0.0642 0.0841 
236      236   (1)      2 :  0.2684 0.0278 0.4073 0.2186 0.0779 
237      237   (1)      2 :  0.1705 0.0955 0.3931 0.1760 0.1649 
238      238   (0)      2 :  0.0468 0.1236 0.4772 0.2836 0.0688 
239      239   (1)      2 :  0.0453 0.0806 0.5964 0.0518 0.2260 
240      240   (1)      2 :  0.0674 0.0467 0.1143 0.3604 0.4113 
241      241   (0)      2 :  0.4653 0.0801 0.1371 0.0845 0.2329 
242      242   (1)      2 :  0.1495 0.0189 0.6593 0.0471 0.1252 
243      243   (1)      2 :  0.3786 0.0528 0.1551 0.2273 0.1861 
244      244   (1)      2 :  0.2767 0.0591 0.0905 0.4121 0.1616 
245      245   (0)      2 :  0.0173 0.9207 0.0202 0.0173 0.0245 
246      246   (1)      2 :  0.5841 0.1758 0.0901 0.0884 0.0616 
247      247   (0)      2 :  0.1332 0.4976 0.1006 0.1444 0.1241 
248      248   (1)      2 :  0.0555 0.4848 0.0652 0.0747 0.3198 
249      249   (1)      2 :  0.0503 0.0625 0.1227 0.5802 0.1843 
250      250   (0)      2 :  0.1163 0.1115 0.1826 0.1868 0.4029 
251      251   (1)      2 :  0.0858 0.0580 0.2552 0.4298 0.1712 
252      252   (0)      2 :  0.7777 0.0360 0.0414 0.0865 0.0584 
253      253   (0)      2 :  0.0422 0.0626 0.1871 0.0779 0.6302 
254      254   (1)      2 :  0.4194 0.0592 0.1491 0.2158 0.1566 
255      255   (1)      2 :  0.5113 0.0310 0.0608 0.3102 0.0867 
256      256   (1)      2 :  0.3273 0.3067 0.1010 0.2148 0.0501 
257      257   (0)      2 :  0.0624 0.0751 0.0878 0.5771 0.1976 
258      258   (1)      1 :  0.1472 0.2218 0.1672 0.2496 0.2142 
259      259   (2)      1 :  0.0896 0.4798 0.2085 0.0782 0.1440 
260      260   (1)      1 :  0.0955 0.0285 0.4478 0.0888 0.3394 
261      261   (0)      1 :  0.0468 0.0524 0.1626 0.2364 0.5019 
262      262   (1)      1 :  0.1865 0.1324 0.1811 0.1883 0.3118 
263      263   (0)      1 :  0.5045 0.0405 0.1457 0.2274 0.0820 
264      264   (1)      1 :  0.0820 0.0670 0.2097 0.4458 0.1954 
265      265   (1)      1 :  0.1268 0.0470 0.4557 0.2649 0.1056 
266      266   (1)      1 :  0.0497 0.0190 0.0819 0.6758 0.1737 
267      267   (1)      1 :  0.0993 0.1589 0.2124 0.1566 0.3728 
268      268   (2)      1 :  0.4000 0.1491 0.1130 0.1475 0.1904 
269      269   (1)      1 :  0.0547 0.1410 0.1173 0.0840 0.6030 
270      270   (1)      1 :  0.5012 0.0362 0.0523 0.3093 0.1010 
271      271   (1)      1 :  0.0627 0.3132 0.1244 0.0857 0.4139 
272      272   (0)      1 :  0.0385 0.2054 0.2132 0.3517 0.1913 
273      273   (0)      1 :  0.0927 0.0397 0.2204 0.0885 0.5587 
274      274   (1)      1 :  0.0358 0.7603 0.0442 0.0641 0.0956 
275      275   (1)      1 :  0.2542 0.1348 0.2976 0.1567 0.1567 
276      276   (1)      1 :  0.0645 0.0599 0.4957 0.1574 0.2226 
277      277   (1)      1 :  0.0475 0.0833 0.2224 0.2790 0.3679 
278      278   (1)      1 :  0.0528 0.3163 0.2228 0.2684 0.1397 
279      279   (0)      1 :  0.0515 0.1937 0.4562 0.1248 0.1738 
280      280   (1)      1 :  0.3443 0.1281 0.0865 0.2711 0.1699 
281      281   (1)      1 :  0.0598 0.0548 0.1960 0.1299 0.5595 
282      282   (1)      1 :  0.1382 0.1961 0.1898 0.2026 0.2734 
283      283   (1)      1 :  0.0717 0.0595 0.3496 0.2325 0.2867 
284      284   (0)      1 :  0.1565 0.0304 0.1233 0.5224 0.1674 
285      285   (1)      1 :  0.2915 0.0537 0.3274 0.1445 0.1829 
286      286   (1)      1 :  0.1416 0.0276 0.3971 0.2069 0.2268 
287      287   (1)      1 :  0.0112 0.9470 0.0140 0.0124 0.0154 
288      288   (1)      1 :  0.0503 0.7389 0.0879 0.0550 0.0680 
289      289   (1)      1 :  0.0469 0.1234 0.2916 0.1215 0.4166 
290      290   (1)      1 :  0.0231 0.9138 0.0212 0.0214 0.0205 
291      291   (1)      1 :  0.2128 0.4241 0.1120 0.1550 0.0961 
292      292   (1)      1 :  0.0636 0.2320 0.1320 0.1484 0.4240 
293      293   (1)      1 :  0.6302 0.0374 0.0800 0.0936 0.1588 
294      294   (1)      1 :  0.0480 0.2005 0.3610 0.2449 0.1456 
295      295   (0)      1 :  0.1485 0.0262 0.2206 0.2250 0.3797 
296      296   (0)      1 :  0.1173 0.0364 0.4838 0.2127 0.1498 
297      297   (1)      1 :  0.0289 0.7715 0.0611 0.0733 0.0651 
298      298   (0)      1 :  0.0435 0.0246 0.5239 0.3160 0.0920 
299      299   (1)      1 :  0.3034 0.2235 0.2963 0.1076 0.0692 
300      300   (1)      1 :  0.0877 0.0421 0.2927 0.1975 0.3800 
301      301   (0)      1 :  0.0237 0.8635 0.0300 0.0394 0.0434 
302      302   (1)      1 :  0.0545 0.4495 0.2481 0.1685 0.0795 
303      303   (1)      1 :  0.0463 0.1228 0.1880 0.0830 0.5599 
304      304   (1)      1 :  0.0834 0.1472 0.4810 0.0862 0.2021 
305      305   (1)      1 :  0.0895 0.0329 0.4151 0.1955 0.2669 
306      306   (1)      1 :  0.0207 0.6097 0.0601 0.1876 0.1219 
307      307   (2)      1 :  0.2174 0.0256 0.2219 0.2637 0.2715 
308      308   (0)      1 :  0.0541 0.1190 0.3214 0.2916 0.2138 
309      309   (2)      1 :  0.0259 0.8897 0.0267 0.0297 0.0280 
310      310   (0)      1 :  0.0674 0.4328 0.1573 0.1342 0.2084 
311      311   (0)      1 :  0.0480 0.4851 0.2923 0.0732 0.1013 
312      312   (0)      1 :  0.5793 0.0441 0.1361 0.1062 0.1344 
313      313   (1)      1 :  0.1210 0.0193 0.4214 0.3435 0.0948 
314      314   (0)      1 :  0.6123 0.0505 0.1260 0.0865 0.1246 
315      315   (1)      1 :  0.0919 0.0628 0.1328 0.3088 0.4037 
316      316   (1)      1 :  0.0705 0.0371 0.3823 0.3673 0.1428 
317      317   (1)      1 :  0.2098 0.0390 0.1017 0.0474 0.6021 
318      318   (1)      1 :  0.4434 0.0342 0.1094 0.1888 0.2242 
319      319   (1)      1 :  0.1139 0.0217 0.2917 0.1568 0.4159 
320      320   (0)      1 :  0.0923 0.0166 0.2689 0.5503 0.0719 
321      321   (1)      1 :  0.0710 0.0292 0.2977 0.3505 0.2515 
322      322   (0)      1 :  0.0513 0.3008 0.1151 0.1424 0.3904 
323      323   (1)      1 :  0.0290 0.0299 0.3590 0.3986 0.1836 
324      324   (1)      1 :  0.1355 0.0264 0.1119 0.6534 0.0728 
325      325   (1)      1 :  0.0413 0.3753 0.0800 0.1660 0.3374 
326      326   (1)      1 :  0.0523 0.0582 0.1920 0.4683 0.2292 
327      327   (1)      1 :  0.1335 0.0392 0.2489 0.5204 0.0580 
328      328   (1)      2 :  0.6072 0.0447 0.1443 0.1366 0.0672 
329      329   (0)      2 :  0.0605 0.0616 0.1390 0.3846 0.3544 
330      330   (0)      2 :  0.0272 0.0683 0.1250 0.6130 0.1665 
331      331   (1)      2 :  0.0678 0.6344 0.1220 0.1068 0.0690 
332      332   (1)      2 :  0.0594 0.7003 0.1033 0.0522 0.0849 
333      333   (1)      2 :  0.0270 0.8152 0.0472 0.0317 0.0789 
334      334   (1)      2 :  0.1830 0.1848 0.0774 0.3995 0.1553 
335      335   (0)      2 :  0.4582 0.0258 0.2032 0.2075 0.1054 
336      336   (1)      2 :  0.0265 0.8516 0.0394 0.0319 0.0506 
337      337   (1)      2 :  0.0445 0.0381 0.2589 0.2477 0.4107 
338      338   (1)      2 :  0.0212 0.8407 0.0603 0.0403 0.0375 
339      339   (1)      2 :  0.0354 0.0439 0.1038 0.1486 0.6684 
340      340   (0)      2 :  0.4822 0.1446 0.1537 0.1380 0.0815 
341      341   (1)      2 :  0.2208 0.0178 0.4637 0.1428 0.1550 
342      342   (2)      2 :  0.1003 0.3762 0.2395 0.1556 0.1285 
343      343   (2)      2 :  0.2296 0.3295 0.1286 0.1461 0.1662 
344      344   (3)      2 :  0.1075 0.4319 0.1858 0.0680 0.2067 
345      345   (2)      2 :  0.0948 0.6496 0.0730 0.1224 0.0602 
346      346   (4)      2 :  0.0246 0.0244 0.0600 0.8044 0.0867 
347      347   (3)      2 :  0.0442 0.0490 0.4130 0.1337 0.3602 
348      348   (1)      2 :  0.0728 0.1736 0.1640 0.2288 0.3608 
349      349   (1)      2 :  0.0479 0.0329 0.6328 0.1369 0.1494 
350      350   (1)      2 :  0.0364 0.0453 0.5557 0.1980 0.1646 
351      351   (0)      2 :  0.0312 0.7019 0.1298 0.0393 0.0978 
352      352   (4)      2 :  0.0769 0.3941 0.2331 0.2114 0.0846 
353      353   (2)      2 :  0.1546 0.1789 0.1377 0.3546 0.1741 
354      354   (1)      2 :  0.0445 0.0788 0.1026 0.2619 0.5122 
355      355   (2)      2 :  0.0596 0.0360 0.1103 0.3606 0.4335 
356      356   (1)      2 :  0.4365 0.0412 0.2041 0.2154 0.1029 
357      357   (2)      2 :  0.2222 0.6516 0.0381 0.0400 0.0482 
358      358   (2)      2 :  0.3447 0.0193 0.1936 0.1543 0.2881 
359      359   (3)      2 :  0.0911 0.0835 0.4407 0.1076 0.2770 
360      360   (0)      2 :  0.3435 0.0513 0.1099 0.1646 0.3307 
361      361   (1)      2 :  0.0489 0.0185 0.1147 0.7251 0.0928 
362      362   (1)      2 :  0.0754 0.1901 0.1834 0.3693 0.1819 
363      363   (2)      2 :  0.1907 0.2078 0.1057 0.1719 0.3239 
364      364   (3)      2 :  0.0555 0.0207 0.6564 0.1144 0.1530 
365      365   (4)      2 :  0.0375 0.0373 0.2582 0.3660 0.3009 
366      366   (4)      2 :  0.3625 0.0386 0.2812 0.1862 0.1315 
367      367   (3)      2 :  0.0305 0.7573 0.0558 0.0902 0.0663 
368      368   (3)      2 :  0.0708 0.3625 0.2167 0.1642 0.1858 
369      369   (2)      2 :  0.2839 0.0774 0.0983 0.1870 0.3533 
370      370   (3)      2 :  0.0808 0.0570 0.2345 0.3446 0.2831 
371      371   (1)      2 :  0.1155 0.0374 0.2091 0.2409 0.3970 
372      372   (3)      2 :  0.1183 0.0909 0.3929 0.1744 0.2236 
373      373   (5)      2 :  0.5161 0.0974 0.0849 0.1662 0.1354 
374      374   (5)      2 :  0.7562 0.0213 0.0891 0.0466 0.0867 
375      375   (3)      2 :  0.0491 0.0989 0.1885 0.3152 0.3483 
376      376   (3)      2 :  0.0245 0.8682 0.0423 0.0365 0.0285 
377      377   (4)      2 :  0.4210 0.2200 0.0914 0.1291 0.1384 
378      378   (0)      2 :  0.1955 0.0768 0.4162 0.0990 0.2124 
379      379   (5)      2 :  0.1407 0.1100 0.4055 0.2303 0.1134 
380      380   (4)      2 :  0.1442 0.1374 0.1100 0.2329 0.3754 
381      381   (1)      2 :  0.1019 0.0497 0.2837 0.1221 0.4426 
382      382   (1)      2 :  0.1358 0.0378 0.3639 0.2447 0.2178 
383      383   (3)      2 :  0.0645 0.4226 0.0723 0.1784 0.2622 
384      384   (2)      2 :  0.0284 0.1645 0.5929 0.1547 0.0595 
385      385   (4)      2 :  0.0300 0.0491 0.1474 0.5933 0.1803 
386      386   (2)      2 :  0.0408 0.3436 0.3110 0.1681 0.1364 
387      387   (1)      2 :  0.2699 0.2853 0.1950 0.1152 0.1345 
388      388   (6)      2 :  0.2788 0.0573 0.1024 0.1131 0.4484 
389      389   (1)      2 :  0.0543 0.1340 0.2521 0.2439 0.3157 
390      390   (1)      2 :  0.0811 0.0708 0.3661 0.3043 0.1777 
391      391   (3)      2 :  0.0512 0.8398 0.0368 0.0372 0.0350 
392      392   (2)      2 :  0.2706 0.0381 0.2101 0.2901 0.1911 
393      393   (4)      2 :  0.7330 0.0736 0.0461 0.0904 0.0569 
394      394   (3)      2 :  0.0295 0.7452 0.0786 0.0728 0.0739 
395      395   (7)      2 :  0.3853 0.2071 0.0899 0.1084 0.2093 
396      396   (4)      2 :  0.2079 0.5356 0.1032 0.0855 0.0678 
397      397   (1)      2 :  0.1179 0.0560 0.2265 0.3277 0.2718 
398      398   (3)      2 :  0.1226 0.1990 0.1045 0.3930 0.1810 
399      399   (2)      2 :  0.2374 0.2949 0.0877 0.1174 0.2626 
400      400   (0)      2 :  0.0914 0.0565 0.2664 0.4451 0.1406 
401      401   (6)      2 :  0.6563 0.0645 0.0554 0.1102 0.1135 
402      402   (5)      2 :  0.3822 0.2214 0.0528 0.1650 0.1787 
403      403   (1)      2 :  0.2093 0.1402 0.1482 0.1837 0.3187 
404      404   (2)      2 :  0.0404 0.1146 0.1594 0.1612 0.5244 
405      405   (3)      2 :  0.0935 0.0359 0.4739 0.2863 0.1105 
406      406   (2)      2 :  0.0460 0.0427 0.2577 0.3362 0.3173 
407      407   (2)      2 :  0.2320 0.1076 0.5020 0.0844 0.0739 
408      408   (2)      2 :  0.2733 0.0996 0.4333 0.1299 0.0640 
409      409   (1)      2 :  0.2655 0.0366 0.1602 0.3803 0.1573 
410      410   (1)      2 :  0.0595 0.0296 0.2668 0.5199 0.1241 
411      411   (1)      2 :  0.0660 0.0357 0.0683 0.3280 0.5021 
412      412   (0)      2 :  0.0407 0.0227 0.5401 0.2213 0.1752 
413      413   (1)      2 :  0.0303 0.0377 0.1212 0.7002 0.1105 
414      414   (2)      2 :  0.0529 0.0249 0.2926 0.1564 0.4732 
415      415   (2)      2 :  0.1344 0.0193 0.0652 0.4911 0.2900 
416      416   (3)      2 :  0.0552 0.0706 0.1673 0.3195 0.3874 
417      417   (1)      2 :  0.3630 0.0513 0.1826 0.3070 0.0961 
418      418   (0)      2 :  0.7145 0.0418 0.0362 0.1358 0.0717 
419      419   (1)      2 :  0.3110 0.0281 0.1521 0.2632 0.2455 
420      420   (0)      2 :  0.0329 0.0301 0.0642 0.6427 0.2300 
421      421   (1)      2 :  0.0680 0.0569 0.4969 0.2118 0.1665 
422      422   (6)      2 :  0.0638 0.0436 0.0847 0.0943 0.7137 
423      423   (2)      2 :  0.1097 0.0519 0.1054 0.5531 0.1799 
424      424   (1)      2 :  0.1851 0.2137 0.1008 0.4408 0.0596 
425      425   (1)      2 :  0.0528 0.2725 0.1656 0.2933 0.2157 
426      426   (3)      2 :  0.1598 0.0361 0.2492 0.4257 0.1292 
427      427   (2)      2 :  0.0210 0.5913 0.1856 0.0681 0.1340 
428      428   (6)      2 :  0.0340 0.0189 0.0835 0.8044 0.0592 
429      429   (1)      2 :  0.0264 0.1723 0.2060 0.1925 0.4027 
430      430   (1)      2 :  0.1205 0.1188 0.1063 0.1062 0.5481 
431      431   (0)      2 :  0.0469 0.0517 0.1535 0.5439 0.2041 
432      432   (2)      2 :  0.0503 0.7655 0.0583 0.0490 0.0769 
433      433   (2)      2 :  0.5785 0.0816 0.0809 0.0690 0.1899 
434      434   (2)      2 :  0.0483 0.0993 0.0879 0.1461 0.6185 
435      435   (8)      2 :  0.1418 0.0775 0.1950 0.5102 0.0755 
436      436   (2)      2 :  0.1257 0.0365 0.1579 0.5313 0.1486 
437      437   (4)      2 :  0.2168 0.0343 0.1963 0.3304 0.2223 
438      438   (1)      2 :  0.7558 0.0661 0.0377 0.0730 0.0674 
439      439   (2)      2 :  0.0783 0.4845 0.0881 0.0851 0.2639 
440      440   (0)      2 :  0.7432 0.1138 0.0340 0.0490 0.0600 
441      441   (1)      2 :  0.0373 0.0280 0.7695 0.0616 0.1036 
442      442   (6)      2 :  0.1501 0.1137 0.3258 0.0948 0.3155 
443      443   (1)      2 :  0.0445 0.0223 0.4992 0.2273 0.2067 
444      444   (6)      2 :  0.3411 0.0456 0.1370 0.3452 0.1310 
445      445   (2)      2 :  0.2154 0.0826 0.1455 0.3698 0.1868 
446      446   (3)      2 :  0.2943 0.2803 0.1504 0.1693 0.1056 
447      447   (2)      2 :  0.1099 0.1010 0.3751 0.1494 0.2646 
448      448   (3)      2 :  0.0455 0.0546 0.1525 0.0992 0.6482 
449      449   (1)      2 :  0.0941 0.0362 0.4768 0.2479 0.1450 
450      450   (4)      2 :  0.2104 0.1933 0.0675 0.4693 0.0595 
451      451   (3)      2 :  0.0807 0.0449 0.2995 0.1730 0.4018 
452      452   (1)      2 :  0.0383 0.0732 0.2514 0.1916 0.4455 
453      453   (1)      2 :  0.0277 0.0256 0.4933 0.3114 0.1419 
454      454   (4)      2 :  0.3920 0.0572 0.2946 0.1356 0.1205 
455      455   (4)      2 :  0.1463 0.4336 0.2213 0.0808 0.1179 
456      456   (5)      2 :  0.0818 0.1335 0.1007 0.4984 0.1856 
457      457   (3)      2 :  0.3233 0.0287 0.0784 0.1714 0.3981 
458      458   (1)      2 :  0.1661 0.0529 0.2163 0.4717 0.0930 
459      459   (1)      2 :  0.0226 0.8475 0.0417 0.0478 0.0403 
460      460   (2)      2 :  0.0480 0.0405 0.3531 0.4305 0.1279 
461      461   (1)      2 :  0.0854 0.7106 0.0539 0.0415 0.1087 
462      462   (1)      2 :  0.2948 0.0195 0.2120 0.2573 0.2165 
463      463   (4)      2 :  0.0740 0.0558 0.4967 0.1574 0.2162 
464      464   (6)      2 :  0.2583 0.0277 0.1937 0.3907 0.1295 
465      465   (3)      2 :  0.5291 0.0393 0.0923 0.2673 0.0719 
466      466   (3)      2 :  0.2957 0.0903 0.2474 0.2380 0.1286 
467      467   (2)      2 :  0.0369 0.0573 0.0901 0.0697 0.7460 
468      468   (2)      2 :  0.1058 0.0187 0.1803 0.6015 0.0937 
469      469   (1)      2 :  0.0194 0.9039 0.0214 0.0326 0.0227 
470      470   (0)      2 :  0.4884 0.2386 0.0900 0.0559 0.1271 
471      471   (2)      2 :  0.0788 0.0799 0.0942 0.3820 0.3651 
472      472   (2)      2 :  0.0260 0.0093 0.0753 0.8273 0.0621 
473      473   (1)      2 :  0.0815 0.0818 0.2867 0.3408 0.2093 
474      474   (3)      2 :  0.0547 0.0532 0.0830 0.7315 0.0776 
475      475   (1)      2 :  0.3298 0.0898 0.1519 0.1093 0.3192 
476      476   (2)      2 :  0.0971 0.0402 0.2967 0.2149 0.3511 
477      477   (0)      2 :  0.2411 0.0781 0.0905 0.1669 0.4234 
478      478   (1)      2 :  0.0718 0.0770 0.3613 0.2889 0.2010 
479      479   (1)      2 :  0.1888 0.0503 0.0962 0.2915 0.3731 
480      480   (1)      2 :  0.0536 0.0863 0.2653 0.2505 0.3443 
481      481   (1)      2 :  0.0763 0.0460 0.3321 0.2981 0.2474 
482      482   (1)      2 :  0.3572 0.0376 0.1253 0.1332 0.3467 
483      483   (0)      2 :  0.1757 0.0352 0.3919 0.2218 0.1755 
484      484   (0)      2 :  0.0449 0.0704 0.5501 0.0673 0.2673 
485      485   (0)      2 :  0.3450 0.0275 0.1173 0.1228 0.3873 
486      486   (0)      2 :  0.1545 0.0516 0.2833 0.3666 0.1439 
487      487   (1)      2 :  0.4936 0.0325 0.0688 0.0505 0.3546 
488      488   (1)      2 :  0.2726 0.0715 0.1359 0.2404 0.2796 
489      489   (1)      2 :  0.0493 0.0492 0.5793 0.1222 0.2000 
490      490   (0)      2 :  0.0307 0.0209 0.4292 0.3764 0.1428 
491      491   (0)      2 :  0.5936 0.0599 0.1693 0.0975 0.0797 
492      492   (5)      2 :  0.0966 0.7624 0.0388 0.0415 0.0607 
493      493   (1)      2 :  0.1497 0.1908 0.0842 0.0668 0.5084 
494      494   (3)      2 :  0.1171 0.0404 0.1318 0.5299 0.1808 
495      495   (1)      2 :  0.1618 0.0931 0.1320 0.2470 0.3662 
496      496   (1)      2 :  0.0341 0.1133 0.1000 0.5490 0.2035 
497      497   (1)      2 :  0.2093 0.0200 0.1137 0.2530 0.4040 
498      498   (1)      2 :  0.2824 0.0654 0.3616 0.1429 0.1477 
499      499   (1)      2 :  0.2082 0.0396 0.3416 0.2661 0.1445 
500      500   (1)      2 :  0.0362 0.0976 0.1784 0.4990 0.1887 
501      501   (2)      2 :  0.3907 0.0289 0.1021 0.3387 0.1396 
502      502   (1)      2 :  0.4048 0.2042 0.1496 0.0731 0.1682 
503      503   (2)      2 :  0.2130 0.0996 0.3671 0.2151 0.1053 
504      504   (2)      2 :  0.5231 0.0690 0.0806 0.1011 0.2262 
505      505   (2)      2 :  0.0851 0.0740 0.1546 0.6247 0.0616 
506      506   (3)      2 :  0.1076 0.0631 0.1012 0.5808 0.1472 
507      507   (1)      2 :  0.0466 0.1016 0.1208 0.4204 0.3106 
508      508   (7)      2 :  0.0930 0.0359 0.1048 0.4129 0.3534 
509      509   (1)      2 :  0.1661 0.1398 0.0702 0.1153 0.5086 
510      510   (1)      2 :  0.0176 0.9259 0.0224 0.0156 0.0185 
511      511   (2)      2 :  0.5177 0.1404 0.1106 0.1655 0.0658 
512      512   (1)      2 :  0.4825 0.0282 0.1676 0.2271 0.0946 
513      513   (3)      2 :  0.0382 0.0297 0.1351 0.2352 0.5618 
514      514   (1)      2 :  0.8362 0.0272 0.0509 0.0526 0.0331 
515      515   (5)      2 :  0.0847 0.0361 0.2328 0.3245 0.3219 
516      516   (3)      2 :  0.4330 0.3193 0.0654 0.0967 0.0856 
517      517   (1)      2 :  0.3662 0.0204 0.3765 0.1052 0.1318 
518      518   (1)      2 :  0.1706 0.4985 0.1032 0.0907 0.1370 
519      519   (0)      2 :  0.2069 0.0942 0.0603 0.4238 0.2148 
520      520   (0)      2 :  0.1712 0.0379 0.5467 0.0831 0.1611 
521      521   (2)      2 :  0.1004 0.0853 0.1473 0.3438 0.3232 
522      522   (2)      2 :  0.0777 0.3368 0.0967 0.3296 0.1592 
523      523   (1)      2 :  0.3381 0.2775 0.1057 0.0947 0.1840 
524      524   (3)      2 :  0.1154 0.1352 0.1620 0.4133 0.1742 
525      525   (1)      2 :  0.1010 0.0383 0.1102 0.0458 0.7047 
526      526   (7)      2 :  0.0599 0.0183 0.4634 0.3104 0.1480 
527      527   (4)      2 :  0.0737 0.0943 0.3077 0.4078 0.1165 
528      528   (1)      2 :  0.2276 0.0248 0.3554 0.2391 0.1531 
529      529   (2)      2 :  0.0588 0.0305 0.2917 0.5394 0.0796 
530      530   (1)      2 :  0.3839 0.0660 0.1164 0.3000 0.1338 
531      531   (2)      2 :  0.0896 0.0362 0.5371 0.1684 0.1687 
532      532   (2)      2 :  0.1178 0.0208 0.1405 0.5383 0.1827 
533      533   (5)      2 :  0.0398 0.8619 0.0326 0.0225 0.0432 
534      534   (2)      2 :  0.1328 0.1060 0.1803 0.4606 0.1202 
535      535   (3)      2 :  0.3489 0.0564 0.2870 0.1784 0.1292 
536      536   (0)      2 :  0.0539 0.1183 0.2041 0.3789 0.2447 
537      537   (3)      2 :  0.0761 0.2128 0.2148 0.1108 0.3854 
538      538   (1)      2 :  0.1345 0.0347 0.1166 0.3100 0.4042 
539      539   (1)      2 :  0.3045 0.0573 0.1116 0.2819 0.2447 
540      540   (1)      2 :  0.1022 0.0543 0.3371 0.3287 0.1777 
541      541   (5)      2 :  0.3155 0.0161 0.2741 0.1826 0.2117 
542      542   (4)      2 :  0.0791 0.0962 0.3524 0.1637 0.3086 
543      543   (2)      2 :  0.3519 0.0203 0.1657 0.2732 0.1889 
544      544   (2)      2 :  0.1947 0.0465 0.0563 0.1729 0.5297 
545      545   (2)      2 :  0.1678 0.2558 0.3273 0.0917 0.1574 
546      546   (1)      2 :  0.2919 0.0423 0.2541 0.2833 0.1283 
547      547   (1)      2 :  0.2362 0.0627 0.2032 0.2675 0.2304 
548      548   (1)      2 :  0.0389 0.7204 0.0657 0.0904 0.0845 
549      549   (1)      2 :  0.1380 0.2519 0.3868 0.0625 0.1608 
550      550   (2)      2 :  0.0652 0.2471 0.3428 0.1901 0.1547 
551      551   (4)      2 :  0.0614 0.1331 0.4207 0.2180 0.1668 
552      552   (6)      2 :  0.0194 0.0345 0.3911 0.2266 0.3284 
553      553   (3)      2 :  0.8075 0.0271 0.0367 0.0558 0.0730 
554      554   (1)      2 :  0.4572 0.0205 0.1288 0.1085 0.2850 
555      555   (4)      2 :  0.3863 0.0313 0.2797 0.1928 0.1100 
556      556   (2)      2 :  0.1801 0.0793 0.2844 0.2376 0.2185 
557      557   (0)      2 :  0.1030 0.0340 0.1767 0.2265 0.4598 
558      558   (2)      2 :  0.2458 0.0615 0.1381 0.1635 0.3910 
559      559   (3)      2 :  0.0708 0.2677 0.3317 0.0958 0.2339 
560      560   (6)      2 :  0.4404 0.0317 0.2761 0.1101 0.1416 
561      561   (1)      2 :  0.0286 0.1596 0.2546 0.1784 0.3788 
562      562   (2)      2 :  0.5872 0.0577 0.0823 0.1307 0.1421 
563      563   (2)      2 :  0.1856 0.2845 0.2044 0.0473 0.2781 
564      564   (1)      2 :  0.1040 0.3292 0.1419 0.3474 0.0775 
565      565   (1)      2 :  0.0276 0.0497 0.1472 0.2898 0.4857 
566      566   (1)      2 :  0.1120 0.0277 0.1110 0.5593 0.1900 
567      567   (1)      2 :  0.0496 0.0389 0.6270 0.1706 0.1139 
568      568   (1)      2 :  0.0725 0.0227 0.6587 0.1153 0.1309 
569      569   (3)      2 :  0.1209 0.0418 0.3343 0.3737 0.1294 
570      570   (1)      2 :  0.2186 0.2640 0.1110 0.1961 0.2104 
571      571   (2)      2 :  0.1016 0.5585 0.0781 0.0903 0.1715 
572      572   (5)      2 :  0.3624 0.1237 0.0582 0.0685 0.3872 
573      573   (5)      2 :  0.1057 0.1348 0.6052 0.0484 0.1059 
574      574   (1)      2 :  0.0449 0.1272 0.6535 0.0926 0.0818 
575      575   (2)      2 :  0.2665 0.0319 0.3502 0.1611 0.1902 
576      576   (0)      2 :  0.5435 0.0194 0.2815 0.0696 0.0860 
577      577   (1)      2 :  0.0718 0.2743 0.3479 0.1157 0.1903 
578      578   (1)      2 :  0.0198 0.0232 0.7138 0.0512 0.1920 
579      579   (2)      2 :  0.1701 0.0518 0.1354 0.0737 0.5691 
580      580   (1)      2 :  0.2606 0.0164 0.1639 0.1517 0.4074 
581      581   (1)      2 :  0.4374 0.1148 0.0868 0.0681 0.2928 
582      582   (0)      2 :  0.0415 0.0780 0.1074 0.6101 0.1630 
583      583   (1)      2 :  0.2600 0.0567 0.3606 0.1025 0.2203 
584      584   (2)      2 :  0.1941 0.2778 0.3941 0.0661 0.0679 
585      585   (1)      2 :  0.0264 0.2060 0.5133 0.1844 0.0699 
586      586   (0)      2 :  0.0872 0.5506 0.2065 0.0656 0.0901 
587      587   (1)      2 :  0.1687 0.0302 0.0988 0.5250 0.1773 
588      588   (0)      2 :  0.0873 0.3981 0.2935 0.0551 0.1660 
589      589   (2)      2 :  0.8044 0.0311 0.0444 0.0643 0.0558 
590      590   (2)      2 :  0.1337 0.1237 0.0751 0.2160 0.4516 
591      591   (1)      2 :  0.1312 0.3846 0.2805 0.0902 0.1135 
592      592   (1)      2 :  0.1605 0.0412 0.1889 0.2206 0.3887 
593      593   (1)      2 :  0.0497 0.2611 0.1932 0.3979 0.0980 
594      594   (3)      2 :  0.0973 0.0379 0.2708 0.4052 0.1887 
595      595   (1)      2 :  0.0666 0.0796 0.7285 0.0550 0.0703 
596      596   (1)      2 :  0.0659 0.0781 0.1510 0.4960 0.2089 
597      597   (1)      2 :  0.0472 0.0723 0.3173 0.4869 0.0763 
598      598   (1)      2 :  0.0678 0.5664 0.1284 0.0897 0.1477 
599      599   (1)      2 :  0.3136 0.0734 0.3526 0.1165 0.1440 
600      600   (2)      2 :  0.3487 0.0402 0.1605 0.1182 0.3325 
601      601   (7)      2 :  0.6780 0.0166 0.0935 0.0439 0.1680 
602      602   (3)      2 :  0.0337 0.0623 0.0575 0.7685 0.0780 
603      603   (1)      2 :  0.3008 0.0427 0.2153 0.2511 0.1900 
604      604   (1)      2 :  0.1958 0.0451 0.4403 0.1871 0.1318 
605      605   (1)      2 :  0.5513 0.0355 0.1174 0.2301 0.0657 
606      606   (1)      2 :  0.0406 0.3784 0.3823 0.1244 0.0742 
607      607   (1)      2 :  0.1328 0.0470 0.1306 0.5568 0.1327 
608      608   (1)      2 :  0.2740 0.0474 0.1667 0.3096 0.2022 
609      609   (1)      2 :  0.7895 0.0472 0.0601 0.0402 0.0630 
610      610   (1)      2 :  0.2792 0.1700 0.0799 0.3427 0.1282 
611      611   (1)      2 :  0.1808 0.0522 0.1612 0.3123 0.2935 
612      612   (1)      2 :  0.0831 0.1236 0.4637 0.2019 0.1276 
613      613   (2)      2 :  0.1237 0.5741 0.0901 0.1107 0.1014 
614      614   (1)      2 :  0.5201 0.2521 0.0537 0.0658 0.1083 
615      615   (1)      2 :  0.0555 0.0331 0.2309 0.3422 0.3382 
616      616   (1)      2 :  0.0515 0.0334 0.1518 0.6022 0.1612 
617      617   (1)      2 :  0.2749 0.0259 0.1302 0.3167 0.2523 
618      618   (0)      2 :  0.0329 0.1178 0.4208 0.1922 0.2363 
619      619   (1)      2 :  0.0436 0.0830 0.5949 0.1453 0.1332 
620      620   (1)      2 :  0.1101 0.2582 0.2834 0.2874 0.0609 
621      621   (1)      2 :  0.2674 0.1730 0.1384 0.2267 0.1944 
622      622   (1)      2 :  0.1442 0.0124 0.0652 0.1907 0.5876 
623      623   (1)      2 :  0.0448 0.2494 0.4501 0.0818 0.1739 
624      624   (0)      2 :  0.1463 0.0761 0.3462 0.0853 0.3461 
625      625   (0)      2 :  0.0221 0.0306 0.7838 0.0836 0.0798 
626      626   (1)      2 :  0.0731 0.0195 0.0690 0.7648 0.0736 
627      627   (1)      2 :  0.0559 0.0291 0.1579 0.3041 0.4531 
628      628   (1)      2 :  0.0567 0.4869 0.1383 0.1437 0.1745 
629      629   (1)      2 :  0.0155 0.8893 0.0322 0.0364 0.0266 
630      630   (2)      2 :  0.0292 0.0714 0.7404 0.0537 0.1052 
631      631   (5)      2 :  0.3442 0.2546 0.2491 0.0655 0.0865 
632      632   (2)      2 :  0.1137 0.0591 0.2644 0.4569 0.1058 
633      633   (1)      2 :  0.0266 0.3021 0.2162 0.2447 0.2104 
634      634   (4)      2 :  0.2683 0.0203 0.3252 0.2169 0.1693 
635      635   (1)      2 :  0.0178 0.0187 0.7188 0.0966 0.1481 
636      636   (0)      2 :  0.0751 0.0502 0.5535 0.1177 0.2036 
637      637   (1)      2 :  0.8275 0.0324 0.0501 0.0386 0.0514 
638      638   (0)      2 :  0.0349 0.1115 0.4810 0.1597 0.2128 
639      639   (0)      2 :  0.2489 0.0467 0.1326 0.0599 0.5118 
640      640   (1)      2 :  0.0639 0.0934 0.0728 0.6803 0.0896 
641      641   (1)      2 :  0.1740 0.1040 0.2002 0.3247 0.1972 
642      642   (1)      2 :  0.1140 0.3416 0.1617 0.2146 0.1680 
643      643   (1)      2 :  0.0315 0.0147 0.6335 0.1801 0.1403 
644      644   (1)      2 :  0.0363 0.0253 0.5359 0.2897 0.1128 
645      645   (0)      2 :  0.0614 0.1989 0.5122 0.1368 0.0906 
646      646   (1)      3 :  0.1252 0.0592 0.1161 0.5228 0.1767 
647      647   (1)      2 :  0.0959 0.0809 0.5054 0.1407 0.1772 
648      648   (0)      3 :  0.0925 0.0202 0.1484 0.5646 0.1743 
649      649   (1)      3 :  0.0229 0.0160 0.7055 0.1443 0.1113 
650      650   (1)      3 :  0.0330 0.0738 0.6188 0.1193 0.1552 
651      651   (1)      2 :  0.1579 0.0364 0.5028 0.0878 0.2150 
652      652   (0)      3 :  0.0953 0.0427 0.4905 0.1638 0.2077 
653      653   (2)      4 :  0.3882 0.0385 0.3621 0.0917 0.1195 
654      654   (0)      2 :  0.0661 0.0229 0.6792 0.1142 0.1176 
655      655   (1)      4 :  0.4290 0.1457 0.1040 0.1936 0.1276 
656      656   (1)      4 :  0.7109 0.0351 0.0865 0.0905 0.0770 
657      657   (1)      4 :  0.8930 0.0177 0.0218 0.0345 0.0330 
658      658   (0)      4 :  0.8683 0.0430 0.0266 0.0263 0.0358 
659      659   (0)      4 :  0.8662 0.0235 0.0349 0.0435 0.0319 
660      660   (3)      3 :  0.0228 0.1154 0.1649 0.4838 0.2131 
661      661   (1)      2 :  0.1583 0.0640 0.2737 0.3946 0.1094 
662      662   (1)      3 :  0.0531 0.0414 0.1575 0.1197 0.6284 
663      663   (1)      3 :  0.0398 0.0370 0.4203 0.1064 0.3965 
664      664   (1)      3 :  0.0822 0.0613 0.1015 0.5996 0.1554 
665      665   (1)      3 :  0.0310 0.1002 0.5206 0.2421 0.1061 
666      666   (0)      2 :  0.1325 0.6083 0.0765 0.0716 0.1111 
667      667   (1)      3 :  0.0310 0.0401 0.7059 0.0578 0.1652 
668      668   (1)      4 :  0.2360 0.2847 0.0908 0.1910 0.1976 
669      669   (0)      4 :  0.8775 0.0260 0.0401 0.0281 0.0283 
670      670   (1)      4 :  0.7195 0.0175 0.0531 0.0728 0.1372 
671      671   (1)      4 :  0.5124 0.0482 0.3110 0.0652 0.0632 
672      672   (1)      4 :  0.6587 0.0375 0.0707 0.0593 0.1738 
673      673   (0)      4 :  0.4219 0.0394 0.1270 0.2396 0.1721 
674      674   (2)      3 :  0.0995 0.0290 0.4173 0.2007 0.2536 
675      675   (5)      3 :  0.0800 0.0496 0.2959 0.4902 0.0843 
676      676   (0)      3 :  0.1458 0.0185 0.5479 0.1024 0.1853 
677      677   (3)      3 :  0.0492 0.1694 0.3169 0.3301 0.1344 
678      678   (0)      3 :  0.0998 0.0545 0.3655 0.3414 0.1389 
679      679   (2)      2 :  0.1127 0.2362 0.2511 0.2873 0.1127 
680      680   (0)      3 :  0.0954 0.1374 0.1988 0.1226 0.4458 
681      681   (2)      4 :  0.5331 0.1046 0.1027 0.0478 0.2118 
682      682   (0)      2 :  0.4670 0.1167 0.0679 0.2481 0.1003 
683      683   (2)      4 :  0.3820 0.0307 0.1927 0.0903 0.3042 
684      684   (1)      4 :  0.8093 0.0972 0.0344 0.0223 0.0368 
685      685   (1)      4 :  0.7951 0.0336 0.0409 0.0342 0.0963 
686      686   (0)      4 :  0.8987 0.0191 0.0251 0.0265 0.0306 
687      687   (1)      3 :  0.0724 0.0504 0.1199 0.6523 0.1050 
688      688   (2)      3 :  0.0499 0.0201 0.5849 0.1180 0.2272 
689      689   (1)      3 :  0.0809 0.0460 0.0866 0.4152 0.3713 
690      690   (1)      3 :  0.0412 0.0482 0.2684 0.5329 0.1093 
691      691   (1)      2 :  0.6350 0.0754 0.0914 0.1119 0.0863 
692      692   (0)      3 :  0.0605 0.0459 0.1787 0.1292 0.5857 
693      693   (0)      2 :  0.0963 0.0535 0.0962 0.3011 0.4529 
694      694   (1)      4 :  0.1316 0.0301 0.1432 0.0913 0.6039 
695      695   (0)      4 :  0.8005 0.0138 0.0573 0.0734 0.0551 
696      696   (1)      4 :  0.5141 0.1436 0.0449 0.2070 0.0903 
697      697   (0)      4 :  0.8462 0.0369 0.0251 0.0577 0.0341 
698      698   (1)      4 :  0.8044 0.0342 0.0466 0.0513 0.0635 
699      699   (6)      3 :  0.1289 0.0817 0.1586 0.4518 0.1790 
700      700   (1)      2 :  0.0834 0.2904 0.2324 0.1973 0.1965 
701      701   (3)      3 :  0.1121 0.0435 0.4453 0.2213 0.1778 
702      702   (1)      3 :  0.0773 0.0325 0.4052 0.3602 0.1248 
703      703   (3)      3 :  0.0499 0.0990 0.3542 0.3460 0.1509 
704      704   (1)      3 :  0.0381 0.0421 0.4008 0.1927 0.3263 
705      705   (1)      2 :  0.0375 0.1254 0.4850 0.1522 0.1998 
706      706   (0)      3 :  0.0491 0.0406 0.4589 0.1890 0.2623 
707      707   (1)      2 :  0.0234 0.8009 0.0802 0.0641 0.0314 
708      708   (2)      4 :  0.8717 0.0145 0.0340 0.0294 0.0504 
709      709   (1)      2 :  0.0588 0.8000 0.0304 0.0439 0.0669 
710      710   (1)      4 :  0.4600 0.0384 0.1710 0.1696 0.1611 
711      711   (2)      4 :  0.6946 0.0471 0.0609 0.0558 0.1416 
712      712   (1)      4 :  0.7240 0.0719 0.0711 0.0679 0.0651 
713      713   (0)      4 :  0.8850 0.0174 0.0358 0.0305 0.0312 
714      714   (1)      3 :  0.3098 0.0764 0.1318 0.2630 0.2189 
715      715   (1)      2 :  0.1133 0.0265 0.6241 0.0602 0.1760 
716      716   (3)      3 :  0.0380 0.0267 0.0990 0.7176 0.1187 
717      717   (0)      3 :  0.1147 0.0600 0.3592 0.2549 0.2111 
718      718   (4)      3 :  0.0384 0.0305 0.1227 0.2121 0.5963 
719      719   (1)      3 :  0.1325 0.0839 0.2699 0.2834 0.2302 
720      720   (1)      2 :  0.1156 0.1272 0.2623 0.2865 0.2084 
721      721   (1)      2 :  0.1891 0.0951 0.2398 0.3850 0.0911 
722      722   (1)      4 :  0.6391 0.0709 0.0756 0.0803 0.1341 
723      723   (0)      4 :  0.8596 0.0484 0.0355 0.0263 0.0302 
724      724   (0)      4 :  0.8858 0.0094 0.0461 0.0334 0.0253 
725      725   (2)      4 :  0.8534 0.0203 0.0534 0.0323 0.0406 
726      726   (1)      4 :  0.9000 0.0176 0.0207 0.0319 0.0298 
727      727   (2)      2 :  0.0550 0.0246 0.3649 0.0486 0.5069 
728      728   (3)      3 :  0.0349 0.0352 0.0864 0.7614 0.0821 
729      729   (1)      3 :  0.0953 0.0772 0.4096 0.2016 0.2164 
730      730   (2)      3 :  0.3246 0.0652 0.0962 0.3194 0.1945 
731      731   (1)      3 :  0.0362 0.0551 0.7719 0.0703 0.0665 
732      732   (1)      4 :  0.5384 0.1593 0.1237 0.0971 0.0814 
733      733   (1)      4 :  0.7936 0.0309 0.0976 0.0299 0.0480 
734      734   (1)      4 :  0.8695 0.0210 0.0331 0.0383 0.0381 
735      735   (2)      4 :  0.7525 0.0321 0.1116 0.0387 0.0651 
736      736   (1)      4 :  0.8921 0.0122 0.0289 0.0280 0.0388 
737      737   (0)      2 :  0.2060 0.4612 0.0719 0.1033 0.1575 
738      738   (0)      3 :  0.0474 0.0314 0.2596 0.5673 0.0943 
739      739   (1)      3 :  0.1493 0.0322 0.1395 0.3482 0.3308 
740      740   (1)      3 :  0.1279 0.0582 0.2338 0.2644 0.3156 
741      741   (1)      2 :  0.2717 0.1440 0.3865 0.1367 0.0611 
742      742   (1)      2 :  0.1030 0.0357 0.3727 0.2537 0.2349 
743      743   (0)      4 :  0.5479 0.0341 0.0866 0.1598 0.1716 
744      744   (0)      4 :  0.8646 0.0342 0.0265 0.0401 0.0346 
745      745   (0)      4 :  0.8992 0.0099 0.0267 0.0332 0.0310 
746      746   (0)      4 :  0.4273 0.0160 0.4136 0.0572 0.0859 
747      747   (1)      4 :  0.8255 0.0229 0.0601 0.0411 0.0505 
748      748   (1)      2 :  0.0772 0.5654 0.1570 0.1128 0.0876 
749      749   (1)      2 :  0.0590 0.4297 0.3383 0.0761 0.0968 
750      750   (0)      2 :  0.6282 0.0548 0.0776 0.0444 0.1950 
751      751   (1)      2 :  0.0581 0.8437 0.0251 0.0479 0.0252 
752      752   (1)      2 :  0.3909 0.0356 0.0597 0.0861 0.4277 
753      753   (1)      2 :  0.0417 0.0769 0.5682 0.1606 0.1526 
754      754   (0)      2 :  0.4269 0.0823 0.0881 0.1526 0.2502 
755      755   (1)      2 :  0.0347 0.1045 0.2931 0.4746 0.0931 
756      756   (0)      2 :  0.0371 0.8723 0.0297 0.0251 0.0358 
757      757   (1)      2 :  0.1629 0.6787 0.0438 0.0479 0.0668 
758      758   (2)      2 :  0.0219 0.8107 0.0590 0.0580 0.0504 
759      759   (0)      2 :  0.0435 0.0588 0.4650 0.2192 0.2134 
760      760   (1)      2 :  0.1234 0.0616 0.1919 0.3753 0.2478 
761      761   (2)      2 :  0.2292 0.0349 0.2421 0.3397 0.1542 
762      762   (0)      2 :  0.0466 0.0928 0.4175 0.2301 0.2130 
763      763   (1)      2 :  0.1462 0.4531 0.0983 0.1037 0.1986 
764      764   (1)      2 :  0.1821 0.3821 0.0899 0.1392 0.2067 
765      765   (1)      2 :  0.1762 0.1120 0.3389 0.1678 0.2052 
766      766   (3)      2 :  0.2180 0.4665 0.1330 0.0540 0.1284 
767      767   (1)      2 :  0.0770 0.0315 0.4657 0.0837 0.3421 
768      768   (1)      2 :  0.0243 0.8844 0.0312 0.0255 0.0346 
769      769   (1)      2 :  0.0287 0.0372 0.2608 0.1478 0.5255 
770      770   (1)      2 :  0.0139 0.0325 0.1822 0.0298 0.7415 
771      771   (0)      2 :  0.0746 0.1057 0.2071 0.4947 0.1180 
772      772   (0)      2 :  0.1010 0.0703 0.3944 0.3003 0.1341 
773      773   (1)      2 :  0.5982 0.0904 0.1574 0.0720 0.0821 
774      774   (1)      2 :  0.0885 0.1505 0.5033 0.1157 0.1420 
775      775   (1)      2 :  0.0653 0.2172 0.1581 0.3215 0.2379 
776      776   (0)      2 :  0.0689 0.0155 0.3547 0.4851 0.0758 
777      777   (1)      2 :  0.4083 0.0342 0.1365 0.1117 0.3093 
778      778   (1)      2 :  0.2360 0.0402 0.2652 0.2833 0.1753 
779      779   (6)      2 :  0.0217 0.8781 0.0287 0.0460 0.0255 
780      780   (2)      2 :  0.0902 0.0323 0.0700 0.7210 0.0865 
781      781   (1)      2 :  0.1419 0.0960 0.3491 0.0986 0.3144 
782      782   (1)      2 :  0.7194 0.0262 0.0936 0.0780 0.0828 
783      783   (1)      2 :  0.0629 0.1165 0.5216 0.1800 0.1190 
784      784   (1)      2 :  0.1122 0.3517 0.2424 0.1687 0.1249 
785      785   (1)      2 :  0.1713 0.4391 0.0581 0.1161 0.2154 
786      786   (2)      2 :  0.0369 0.0284 0.6164 0.1130 0.2053 
787      787   (0)      2 :  0.0254 0.0980 0.4053 0.3522 0.1190 
788      788   (1)      2 :  0.1073 0.0240 0.1665 0.2719 0.4303 
789      789   (1)      2 :  0.5717 0.0472 0.1919 0.0868 0.1024 
790      790   (1)      2 :  0.0317 0.4054 0.2256 0.1893 0.1481 
791      791   (1)      2 :  0.0166 0.9134 0.0230 0.0272 0.0198 
792      792   (2)      2 :  0.0771 0.0230 0.6662 0.1271 0.1065 
793      793   (1)      2 :  0.7617 0.0301 0.0531 0.0796 0.0755 
794      794   (0)      2 :  0.7565 0.0362 0.0436 0.0512 0.1125 
795      795   (1)      2 :  0.0439 0.8317 0.0351 0.0397 0.0496 
796      796   (0)      2 :  0.1070 0.0561 0.1799 0.0928 0.5642 
797      797   (0)      2 :  0.0976 0.1146 0.1566 0.5644 0.0667 
798      798   (0)      2 :  0.6235 0.0900 0.1464 0.0547 0.0854 
799      799   (1)      2 :  0.1880 0.5696 0.0705 0.0952 0.0766 
800      800   (1)      2 :  0.0280 0.4679 0.1564 0.2809 0.0668 
801      801   (1)      2 :  0.0364 0.8063 0.0339 0.0582 0.0652 
802      802   (1)      2 :  0.4944 0.0426 0.0557 0.2210 0.1864 
803      803   (2)      2 :  0.8323 0.0241 0.0458 0.0509 0.0469 
804      804   (1)      2 :  0.0741 0.0266 0.3075 0.4495 0.1423 
805      805   (1)      2 :  0.0299 0.0561 0.4388 0.2914 0.1838 
806      806   (0)      2 :  0.0387 0.0463 0.4321 0.2859 0.1971 
807      807   (1)      2 :  0.0706 0.3231 0.1844 0.1588 0.2631 
808      808   (1)      2 :  0.0367 0.7866 0.0702 0.0529 0.0537 
809      809   (2)      2 :  0.0250 0.2838 0.5107 0.0976 0.0829 
810      810   (1)      2 :  0.0446 0.8470 0.0384 0.0310 0.0390 
811      811   (1)      2 :  0.0246 0.8873 0.0267 0.0354 0.0260 
812      812   (0)      2 :  0.0988 0.0843 0.3959 0.1762 0.2449 
813      813   (1)      2 :  0.0621 0.7892 0.0365 0.0595 0.0527 
814      814   (1)      2 :  0.0537 0.8627 0.0223 0.0250 0.0363 
815      815   (0)      2 :  0.1646 0.0551 0.2044 0.2319 0.3441 
816      816   (0)      2 :  0.5549 0.1924 0.0445 0.0749 0.1333 
817      817   (1)      2 :  0.0501 0.1163 0.0792 0.5911 0.1633 
818      818   (2)      2 :  0.0739 0.7962 0.0346 0.0520 0.0433 
819      819   (1)      2 :  0.5922 0.3037 0.0287 0.0352 0.0402 
820      820   (0)      2 :  0.0476 0.1652 0.0997 0.4374 0.2500 
821      821   (1)      2 :  0.0199 0.8927 0.0217 0.0374 0.0283 
822      822   (2)      2 :  0.0507 0.1399 0.2315 0.4000 0.1780 
823      823   (1)      2 :  0.0471 0.5265 0.1343 0.1668 0.1252 
824      824   (1)      2 :  0.0683 0.7222 0.0470 0.1133 0.0492 
825      825   (1)      2 :  0.0615 0.0116 0.3111 0.2921 0.3237 
826      826   (1)      2 :  0.0294 0.7854 0.0640 0.0681 0.0531 
827      827   (0)      2 :  0.1775 0.0982 0.1197 0.1186 0.4859 
828      828   (1)      2 :  0.1210 0.0312 0.1755 0.2761 0.3961 
829      829   (1)      2 :  0.1345 0.4591 0.0935 0.2608 0.0521 
830      830   (1)      2 :  0.0442 0.0271 0.7471 0.0857 0.0959 
831      831   (1)      2 :  0.1083 0.7863 0.0363 0.0388 0.0303 
832      832   (1)      2 :  0.1576 0.0418 0.1669 0.3165 0.3173 
833      833   (1)      2 :  0.0990 0.0234 0.5092 0.1652 0.2032 
834      834   (0)      2 :  0.1048 0.0477 0.5607 0.1871 0.0997 
835      835   (1)      2 :  0.2139 0.3734 0.0862 0.2418 0.0846 
836      836   (0)      2 :  0.1248 0.5787 0.0476 0.0520 0.1969 
837      837   (1)      2 :  0.0931 0.2037 0.2999 0.1762 0.2272 
838      838   (1)      2 :  0.7797 0.0382 0.0329 0.0427 0.1065 
839      839   (1)      2 :  0.0877 0.0273 0.2243 0.0936 0.5671 
840      840   (0)      2 :  0.0554 0.1035 0.3771 0.2296 0.2343 
841      841   (5)      2 :  0.0355 0.3284 0.0389 0.0390 0.5582 
842      842   (1)      2 :  0.0260 0.8653 0.0353 0.0371 0.0363 
843      843   (2)      2 :  0.0233 0.8976 0.0258 0.0273 0.0260 
844      844   (1)      2 :  0.0977 0.4225 0.0926 0.2348 0.1525 
845      845   (1)      2 :  0.0906 0.0678 0.3881 0.1268 0.3266 
846      846   (0)      2 :  0.0992 0.0677 0.1286 0.0784 0.6261 
847      847   (0)      2 :  0.0468 0.0275 0.0387 0.8142 0.0728 
848      848   (1)      2 :  0.0164 0.8925 0.0275 0.0312 0.0324 
849      849   (1)      2 :  0.4906 0.0363 0.2255 0.1214 0.1262 
850      850   (1)      2 :  0.1022 0.0532 0.3455 0.3106 0.1885 
851      851   (1)      2 :  0.0862 0.0710 0.2601 0.1903 0.3923 
852      852   (1)      2 :  0.2600 0.3889 0.1283 0.1338 0.0890 
853      853   (1)      2 :  0.1859 0.5433 0.0741 0.0533 0.1434 
854      854   (0)      2 :  0.1777 0.4883 0.0966 0.1562 0.0812 
855      855   (1)      2 :  0.0595 0.0469 0.5229 0.1515 0.2192 
856      856   (5)      2 :  0.0687 0.0868 0.0813 0.1392 0.6240 
857      857   (1)      2 :  0.0404 0.0309 0.1348 0.2914 0.5025 
858      858   (0)      2 :  0.2550 0.0471 0.0897 0.0579 0.5503 
859      859   (0)      2 :  0.0555 0.7425 0.0831 0.0685 0.0505 
860      860   (1)      2 :  0.0187 0.8998 0.0323 0.0287 0.0205 
861      861   (1)      2 :  0.0399 0.8527 0.0368 0.0309 0.0397 
862      862   (1)      2 :  0.5352 0.0949 0.0637 0.1661 0.1401 
863      863   (0)      2 :  0.0463 0.8563 0.0283 0.0297 0.0394 
864      864   (4)      2 :  0.0784 0.6963 0.0989 0.0652 0.0612 
865      865   (1)      2 :  0.8499 0.0420 0.0291 0.0328 0.0462 
866      866   (1)      2 :  0.0219 0.1621 0.5498 0.1017 0.1645 
867      867   (1)      2 :  0.4854 0.0375 0.1962 0.0853 0.1956 
868      868   (0)      2 :  0.0973 0.0394 0.1910 0.3636 0.3087 
869      869   (1)      2 :  0.5001 0.0475 0.1687 0.1641 0.1196 
870      870   (1)      2 :  0.0721 0.7672 0.0499 0.0614 0.0494 
871      871   (1)      2 :  0.8008 0.0848 0.0286 0.0423 0.0434 
872      872   (1)      2 :  0.4637 0.1205 0.0473 0.2182 0.1502 
873      873   (1)      2 :  0.0227 0.8725 0.0295 0.0348 0.0405 
874      874   (1)      2 :  0.0431 0.0458 0.6012 0.1680 0.1420 
875      875   (1)      2 :  0.3548 0.1146 0.1478 0.1030 0.2798 
876      876   (1)      2 :  0.5421 0.0737 0.1059 0.1835 0.0947 
877      877   (1)      2 :  0.0432 0.4217 0.0587 0.3472 0.1292 
878      878   (0)      2 :  0.0821 0.1942 0.1381 0.4275 0.1581 
879      879   (2)      2 :  0.0178 0.9177 0.0226 0.0214 0.0205 
880      880   (1)      2 :  0.2708 0.2518 0.1932 0.1628 0.1214 
881      881   (2)      2 :  0.0550 0.6956 0.0499 0.0670 0.1326 
882      882   (1)      2 :  0.1728 0.0633 0.1521 0.4424 0.1694 
