1        1   (0)      1  : 0.1182 0.0161 0.3047 0.3565 0.2045
2        2   (1)      1  : 0.0922 0.0818 0.1869 0.2281 0.4110
3        3   (1)      1  : 0.0479 0.0581 0.1555 0.5008 0.2378
4        4   (1)      1  : 0.3421 0.0273 0.1332 0.3064 0.1910
5        5   (2)      1  : 0.0153 0.9333 0.0133 0.0203 0.0177
6        6   (1)      1  : 0.0905 0.2156 0.0478 0.5350 0.1110
7        7   (1)      1  : 0.2891 0.2135 0.1643 0.1945 0.1385
8        8   (0)      1  : 0.1372 0.0158 0.1060 0.0903 0.6507
9        9   (1)      1  : 0.0578 0.1773 0.1627 0.4491 0.1531
10       10   (1)      1  : 0.1400 0.4916 0.1289 0.0757 0.1637
11       11   (0)      1  : 0.2100 0.1170 0.1513 0.3999 0.1218
12       12   (0)      1  : 0.1186 0.1332 0.0685 0.5831 0.0965
13       13   (1)      1  : 0.3353 0.0311 0.1491 0.0834 0.4010
14       14   (1)      1  : 0.3220 0.4419 0.0272 0.1312 0.0777
15       15   (2)      1  : 0.3472 0.4333 0.0414 0.1141 0.0640
16       16   (1)      1  : 0.3003 0.1193 0.1467 0.2069 0.2268
17       17   (1)      1  : 0.1262 0.0905 0.0191 0.1768 0.5874
18       18   (2)      1  : 0.2013 0.0266 0.2155 0.0832 0.4734
19       19   (1)      1  : 0.5001 0.0527 0.1023 0.0697 0.2752
20       20   (1)      1  : 0.3994 0.2224 0.0261 0.2304 0.1216
21       21   (1)      1  : 0.1439 0.1935 0.0842 0.1111 0.4673
22       22   (1)      1  : 0.1537 0.0760 0.3682 0.2035 0.1986
23       23   (1)      1  : 0.0758 0.1676 0.1059 0.2556 0.3951
24       24   (1)      1  : 0.0351 0.0191 0.8226 0.0810 0.0422
25       25   (1)      1  : 0.3409 0.2224 0.0807 0.1381 0.2180
26       26   (1)      1  : 0.0964 0.1222 0.3048 0.1748 0.3019
27       27   (1)      1  : 0.5435 0.0542 0.0562 0.2194 0.1267
28       28   (1)      1  : 0.0268 0.0272 0.8641 0.0460 0.0359
29       29   (1)      1  : 0.1619 0.0637 0.1308 0.2611 0.3825
30       30   (1)      1  : 0.0657 0.6337 0.0524 0.0828 0.1654
31       31   (1)      1  : 0.1305 0.0391 0.1402 0.2122 0.4780
32       32   (1)      1  : 0.1218 0.1001 0.1548 0.0791 0.5443
33       33   (1)      1  : 0.1268 0.1422 0.3369 0.2135 0.1806
34       34   (1)      1  : 0.2284 0.5521 0.0525 0.0661 0.1009
35       35   (0)      1  : 0.1397 0.0867 0.1920 0.1068 0.4749
36       36   (1)      1  : 0.0971 0.1800 0.0831 0.2997 0.3402
37       37   (1)      1  : 0.1661 0.1016 0.5308 0.1274 0.0741
38       38   (1)      1  : 0.0381 0.5035 0.3350 0.0472 0.0761
39       39   (1)      1  : 0.0744 0.1076 0.0386 0.0812 0.6983
40       40   (0)      1  : 0.2185 0.2856 0.0395 0.3497 0.1067
41       41   (1)      1  : 0.4347 0.0368 0.0925 0.2940 0.1420
42       42   (1)      1  : 0.0501 0.8009 0.0243 0.0620 0.0626
43       43   (1)      1  : 0.0605 0.0448 0.1498 0.3273 0.4176
44       44   (7)      1  : 0.0604 0.0435 0.0850 0.3809 0.4302
45       45   (2)      1  : 0.0858 0.3508 0.3043 0.1573 0.1017
46       46   (1)      1  : 0.1680 0.0706 0.4059 0.1548 0.2007
47       47   (0)      1  : 0.0636 0.0698 0.7234 0.1019 0.0412
48       48   (1)      1  : 0.0704 0.0479 0.1427 0.4084 0.3305
49       49   (0)      1  : 0.2263 0.0420 0.3133 0.2366 0.1819
50       50   (1)      1  : 0.4997 0.0257 0.0263 0.1230 0.3253
51       51   (2)      1  : 0.0839 0.7060 0.0644 0.0867 0.0590
52       52   (1)      1  : 0.0333 0.8487 0.0397 0.0364 0.0419
53       53   (2)      1  : 0.0694 0.0351 0.6463 0.1433 0.1059
54       54   (1)      1  : 0.0924 0.0738 0.5659 0.1594 0.1084
55       55   (3)      1  : 0.1612 0.0913 0.0571 0.1284 0.5620
56       56   (1)      1  : 0.2634 0.0892 0.4613 0.0795 0.1065
57       57   (0)      1  : 0.0903 0.0237 0.5996 0.0964 0.1900
58       58   (1)      1  : 0.0724 0.7066 0.0512 0.0781 0.0917
59       59   (0)      1  : 0.1437 0.0280 0.5412 0.1369 0.1502
60       60   (2)      1  : 0.3211 0.1297 0.0824 0.3332 0.1337
61       61   (1)      1  : 0.2018 0.0650 0.4806 0.1184 0.1342
62       62   (1)      1  : 0.1029 0.0433 0.0924 0.4578 0.3036
63       63   (0)      1  : 0.0987 0.2204 0.3882 0.1793 0.1134
64       64   (3)      1  : 0.2182 0.0647 0.0992 0.4622 0.1557
65       65   (1)      1  : 0.3211 0.0644 0.0997 0.1245 0.3904
66       66   (4)      1  : 0.4155 0.2818 0.0420 0.1059 0.1548
67       67   (0)      1  : 0.4468 0.0380 0.3192 0.1086 0.0873
68       68   (2)      1  : 0.0828 0.0527 0.4452 0.2142 0.2052
69       69   (2)      1  : 0.0725 0.2304 0.4976 0.0559 0.1437
70       70   (1)      1  : 0.0795 0.0361 0.1652 0.2043 0.5148
71       71   (0)      1  : 0.2188 0.0344 0.0914 0.1743 0.4810
72       72   (5)      1  : 0.1379 0.0252 0.1424 0.5217 0.1728
73       73   (1)      1  : 0.0445 0.2334 0.2244 0.0750 0.4227
74       74   (1)      1  : 0.1776 0.0373 0.0356 0.6432 0.1063
75       75   (1)      1  : 0.1946 0.1194 0.3208 0.0876 0.2776
76       76   (1)      1  : 0.0727 0.0481 0.6432 0.1009 0.1352
77       77   (1)      1  : 0.0249 0.9085 0.0176 0.0293 0.0198
78       78   (1)      1  : 0.1128 0.0416 0.1087 0.2003 0.5366
79       79   (2)      1  : 0.1177 0.0504 0.1079 0.0879 0.6361
80       80   (2)      1  : 0.0713 0.7355 0.0834 0.0640 0.0458
81       81   (2)      1  : 0.1343 0.4272 0.1047 0.2131 0.1207
82       82   (1)      1  : 0.0783 0.0220 0.5668 0.1970 0.1358
83       83   (0)      1  : 0.1849 0.0482 0.2582 0.1296 0.3791
84       84   (1)      1  : 0.2995 0.1933 0.0671 0.2431 0.1971
85       85   (6)      1  : 0.1707 0.0306 0.1224 0.1042 0.5721
86       86   (1)      1  : 0.4952 0.0831 0.0262 0.2817 0.1138
87       87   (2)      1  : 0.1728 0.0358 0.3003 0.3746 0.1165
88       88   (0)      2  : 0.0480 0.8318 0.0230 0.0258 0.0714
89       89   (1)      2  : 0.3491 0.0633 0.0721 0.1695 0.3460
90       90   (1)      2  : 0.0288 0.8818 0.0250 0.0324 0.0320
91       91   (2)      2  : 0.2699 0.0168 0.3448 0.2418 0.1268
92       92   (1)      2  : 0.0974 0.0483 0.5437 0.0930 0.2175
93       93   (1)      2  : 0.0458 0.0189 0.7927 0.0567 0.0860
94       94   (1)      2  : 0.1462 0.1732 0.0377 0.1839 0.4591
95       95   (0)      2  : 0.0959 0.2056 0.0325 0.2615 0.4045
96       96   (2)      2  : 0.4198 0.0962 0.0985 0.1766 0.2088
97       97   (1)      2  : 0.0288 0.1289 0.7383 0.0341 0.0698
98       98   (0)      2  : 0.3310 0.0467 0.1267 0.2203 0.2754
99       99   (0)      2  : 0.2099 0.1036 0.4616 0.1085 0.1163
100      100   (1)      2  : 0.0788 0.0360 0.0739 0.1249 0.6864
101      101   (1)      2  : 0.0835 0.5096 0.1367 0.1005 0.1696
102      102   (1)      2  : 0.5618 0.0804 0.0508 0.1504 0.1566
103      103   (2)      2  : 0.1595 0.1943 0.1672 0.1777 0.3013
104      104   (1)      2  : 0.0910 0.0368 0.5282 0.1213 0.2228
105      105   (1)      2  : 0.0751 0.1999 0.5491 0.1470 0.0289
106      106   (1)      2  : 0.0174 0.9054 0.0410 0.0207 0.0154
107      107   (2)      2  : 0.5799 0.0946 0.1069 0.1250 0.0937
108      108   (0)      2  : 0.2956 0.0592 0.2707 0.1749 0.1996
109      109   (1)      2  : 0.3827 0.2304 0.0319 0.2046 0.1503
110      110   (1)      2  : 0.0770 0.1920 0.4814 0.1191 0.1304
111      111   (1)      2  : 0.1517 0.0748 0.4872 0.1413 0.1451
112      112   (2)      2  : 0.2145 0.1051 0.0557 0.2896 0.3351
113      113   (1)      2  : 0.1885 0.5194 0.0469 0.1059 0.1393
114      114   (3)      2  : 0.1183 0.0424 0.0738 0.1497 0.6158
115      115   (2)      2  : 0.0311 0.0537 0.3439 0.4925 0.0788
116      116   (0)      2  : 0.0946 0.0853 0.0639 0.2024 0.5538
117      117   (1)      2  : 0.1792 0.1975 0.0540 0.1348 0.4345
118      118   (1)      2  : 0.2688 0.0331 0.1676 0.0966 0.4339
119      119   (3)      2  : 0.5143 0.0609 0.0565 0.1802 0.1881
120      120   (1)      2  : 0.0570 0.0154 0.8169 0.0552 0.0554
121      121   (0)      2  : 0.2759 0.0526 0.0399 0.2314 0.4003
122      122   (1)      2  : 0.2050 0.0656 0.2002 0.2265 0.3027
123      123   (1)      2  : 0.2929 0.0230 0.2546 0.1876 0.2419
124      124   (0)      2  : 0.0836 0.1136 0.0453 0.5706 0.1869
125      125   (1)      2  : 0.0477 0.1028 0.5261 0.1578 0.1657
126      126   (1)      2  : 0.0632 0.6499 0.0513 0.1294 0.1061
127      127   (1)      2  : 0.7749 0.0574 0.0568 0.0602 0.0507
128      128   (1)      2  : 0.0900 0.0369 0.7280 0.0512 0.0939
129      129   (1)      2  : 0.0653 0.2106 0.0759 0.0783 0.5698
130      130   (1)      2  : 0.0758 0.0561 0.0316 0.6096 0.2270
131      131   (1)      2  : 0.0749 0.0755 0.1420 0.2085 0.4991
132      132   (1)      2  : 0.1592 0.0521 0.5208 0.1719 0.0960
133      133   (1)      2  : 0.1084 0.0288 0.0653 0.2055 0.5919
134      134   (1)      2  : 0.6492 0.0609 0.0663 0.1024 0.1212
135      135   (1)      2  : 0.0332 0.0208 0.8817 0.0323 0.0320
136      136   (3)      2  : 0.3185 0.0417 0.1207 0.1739 0.3452
137      137   (1)      2  : 0.2260 0.2234 0.0502 0.4106 0.0898
138      138   (1)      2  : 0.0550 0.6702 0.0251 0.0949 0.1547
139      139   (2)      2  : 0.0828 0.0226 0.0538 0.2139 0.6269
140      140   (3)      2  : 0.1880 0.1041 0.0548 0.1032 0.5498
141      141   (0)      2  : 0.1255 0.3622 0.1288 0.0939 0.2896
142      142   (1)      2  : 0.1870 0.3195 0.2075 0.1546 0.1314
143      143   (0)      2  : 0.0431 0.0628 0.6300 0.1468 0.1173
144      144   (1)      2  : 0.0493 0.0143 0.0451 0.1616 0.7296
145      145   (1)      2  : 0.1360 0.0270 0.0409 0.7041 0.0920
146      146   (2)      2  : 0.0876 0.0602 0.5493 0.1066 0.1963
147      147   (1)      2  : 0.5855 0.0544 0.1161 0.1560 0.0880
148      148   (1)      2  : 0.4049 0.0201 0.1911 0.2624 0.1214
149      149   (2)      2  : 0.2990 0.0757 0.3348 0.1225 0.1681
150      150   (2)      2  : 0.2098 0.0625 0.4827 0.0931 0.1519
151      151   (1)      2  : 0.1132 0.0813 0.1186 0.0785 0.6083
152      152   (0)      2  : 0.2726 0.0594 0.1291 0.4758 0.0630
153      153   (1)      2  : 0.0576 0.0344 0.8425 0.0325 0.0329
154      154   (2)      2  : 0.4076 0.0621 0.0494 0.3412 0.1397
155      155   (1)      2  : 0.1749 0.0922 0.2255 0.2633 0.2441
156      156   (1)      2  : 0.3002 0.1335 0.1668 0.2999 0.0997
157      157   (0)      2  : 0.1109 0.0769 0.2209 0.3642 0.2271
158      158   (2)      2  : 0.4079 0.0216 0.1455 0.1494 0.2757
159      159   (1)      2  : 0.3288 0.0461 0.0400 0.3759 0.2091
160      160   (0)      2  : 0.4140 0.0596 0.2409 0.1606 0.1249
161      161   (1)      2  : 0.1608 0.0402 0.3962 0.2024 0.2003
162      162   (1)      2  : 0.3397 0.0769 0.2274 0.2165 0.1396
163      163   (1)      2  : 0.1482 0.0464 0.5957 0.1389 0.0707
164      164   (1)      2  : 0.3514 0.0259 0.0717 0.3250 0.2260
165      165   (0)      2  : 0.1590 0.0219 0.2027 0.3940 0.2224
166      166   (0)      2  : 0.1824 0.0529 0.0583 0.5742 0.1321
167      167   (2)      2  : 0.2361 0.1008 0.3262 0.2036 0.1333
168      168   (0)      2  : 0.1507 0.0636 0.0631 0.0933 0.6293
169      169   (1)      2  : 0.0282 0.9152 0.0146 0.0228 0.0192
170      170   (1)      2  : 0.0805 0.0638 0.6358 0.1231 0.0968
171      171   (1)      2  : 0.2782 0.0330 0.1036 0.2348 0.3504
172      172   (0)      2  : 0.1273 0.3874 0.2849 0.0632 0.1371
173      173   (1)      2  : 0.0314 0.8926 0.0252 0.0303 0.0204
174      174   (0)      2  : 0.0819 0.0380 0.0984 0.6014 0.1803
175      175   (1)      2  : 0.1730 0.0310 0.0720 0.1860 0.5379
176      176   (1)      2  : 0.2549 0.0486 0.5184 0.0413 0.1368
177      177   (1)      2  : 0.0528 0.0150 0.7878 0.1033 0.0411
178      178   (0)      2  : 0.4718 0.0443 0.0271 0.3568 0.0999
179      179   (1)      2  : 0.1308 0.0244 0.4492 0.1689 0.2268
180      180   (1)      2  : 0.0379 0.7910 0.0560 0.0388 0.0763
181      181   (1)      2  : 0.2929 0.0430 0.0695 0.3800 0.2146
182      182   (1)      2  : 0.1006 0.1109 0.0503 0.0858 0.6524
183      183   (1)      2  : 0.2349 0.0369 0.1028 0.2815 0.3439
184      184   (1)      2  : 0.1463 0.5258 0.0875 0.0608 0.1795
185      185   (2)      2  : 0.0510 0.0111 0.0438 0.0784 0.8157
186      186   (1)      2  : 0.0534 0.0962 0.4076 0.0927 0.3502
187      187   (0)      2  : 0.0705 0.0260 0.0477 0.8042 0.0517
188      188   (1)      2  : 0.0763 0.0556 0.0926 0.1835 0.5921
189      189   (0)      2  : 0.1465 0.1434 0.2795 0.0940 0.3367
190      190   (0)      2  : 0.1725 0.0509 0.6071 0.0809 0.0887
191      191   (2)      2  : 0.0598 0.0388 0.5907 0.2232 0.0876
192      192   (1)      2  : 0.8353 0.0354 0.0259 0.0472 0.0561
193      193   (1)      2  : 0.3494 0.1205 0.1138 0.2692 0.1471
194      194   (0)      2  : 0.8386 0.0149 0.0447 0.0519 0.0499
195      195   (1)      2  : 0.0657 0.7970 0.0207 0.0537 0.0630
196      196   (1)      2  : 0.0454 0.0261 0.0255 0.7506 0.1523
197      197   (1)      2  : 0.1228 0.0582 0.4511 0.1432 0.2247
198      198   (1)      2  : 0.0899 0.7574 0.0535 0.0481 0.0510
199      199   (0)      2  : 0.1140 0.0291 0.0586 0.1632 0.6351
200      200   (0)      2  : 0.0562 0.0582 0.6608 0.1203 0.1045
201      201   (1)      2  : 0.4506 0.0257 0.0743 0.3268 0.1227
202      202   (0)      2  : 0.0941 0.0143 0.7992 0.0532 0.0392
203      203   (0)      2  : 0.2151 0.0409 0.1269 0.4185 0.1986
204      204   (1)      2  : 0.2712 0.0578 0.1733 0.2957 0.2020
205      205   (1)      2  : 0.0830 0.0972 0.0869 0.5879 0.1450
206      206   (1)      2  : 0.0479 0.8212 0.0381 0.0386 0.0542
207      207   (1)      2  : 0.1910 0.2163 0.0816 0.4000 0.1111
208      208   (1)      2  : 0.2623 0.0399 0.0663 0.2839 0.3476
209      209   (0)      2  : 0.0647 0.5097 0.1519 0.0676 0.2062
210      210   (1)      2  : 0.0241 0.9007 0.0153 0.0357 0.0242
211      211   (0)      2  : 0.2636 0.1644 0.0746 0.2047 0.2928
212      212   (1)      2  : 0.2030 0.2303 0.3815 0.1176 0.0675
213      213   (1)      2  : 0.0673 0.0311 0.0830 0.5085 0.3101
214      214   (1)      2  : 0.1640 0.0491 0.0502 0.6897 0.0470
215      215   (1)      2  : 0.7453 0.0261 0.0630 0.0534 0.1122
216      216   (1)      2  : 0.0370 0.8115 0.0252 0.0675 0.0588
217      217   (1)      2  : 0.2767 0.3687 0.0893 0.1520 0.1132
218      218   (1)      2  : 0.0812 0.0324 0.5137 0.2786 0.0941
219      219   (1)      2  : 0.4437 0.1190 0.0321 0.2535 0.1516
220      220   (1)      2  : 0.4835 0.0144 0.1251 0.1595 0.2175
221      221   (0)      2  : 0.0594 0.2485 0.0545 0.5209 0.1167
222      222   (1)      2  : 0.2521 0.0390 0.2423 0.2576 0.2091
223      223   (0)      2  : 0.2877 0.0643 0.0869 0.4476 0.1134
224      224   (1)      2  : 0.5196 0.0276 0.0807 0.2007 0.1715
225      225   (1)      2  : 0.0216 0.9203 0.0186 0.0202 0.0193
226      226   (0)      2  : 0.1252 0.1914 0.0397 0.1320 0.5117
227      227   (1)      2  : 0.0234 0.8730 0.0426 0.0328 0.0282
228      228   (1)      2  : 0.2516 0.0497 0.0388 0.5062 0.1537
229      229   (2)      2  : 0.0628 0.0280 0.1126 0.3151 0.4814
230      230   (1)      2  : 0.1044 0.2086 0.1874 0.3317 0.1679
231      231   (1)      2  : 0.2114 0.0681 0.0463 0.4545 0.2196
232      232   (2)      2  : 0.1261 0.0459 0.1680 0.2639 0.3961
233      233   (1)      2  : 0.3273 0.0990 0.0848 0.3015 0.1875
234      234   (1)      2  : 0.0268 0.8969 0.0242 0.0230 0.0291
235      235   (0)      2  : 0.2783 0.4964 0.0846 0.0620 0.0787
236      236   (1)      2  : 0.4252 0.0274 0.2657 0.2186 0.0631
237      237   (1)      2  : 0.3974 0.0964 0.1705 0.1761 0.1597
238      238   (0)      2  : 0.4959 0.1222 0.0470 0.2763 0.0586
239      239   (1)      2  : 0.5952 0.0800 0.0461 0.0517 0.2271
240      240   (1)      2  : 0.1042 0.0459 0.0655 0.3611 0.4234
241      241   (0)      2  : 0.1298 0.0798 0.4688 0.0835 0.2381
242      242   (1)      2  : 0.6797 0.0189 0.1470 0.0473 0.1071
243      243   (1)      2  : 0.1536 0.0527 0.3813 0.2274 0.1851
244      244   (1)      2  : 0.0896 0.0598 0.2760 0.4091 0.1655
245      245   (0)      2  : 0.0194 0.9206 0.0176 0.0177 0.0248
246      246   (1)      2  : 0.0890 0.1762 0.5850 0.0876 0.0622
247      247   (0)      2  : 0.0993 0.4999 0.1307 0.1434 0.1267
248      248   (1)      2  : 0.0592 0.4827 0.0552 0.0750 0.3279
249      249   (1)      2  : 0.1203 0.0623 0.0508 0.5773 0.1893
250      250   (0)      2  : 0.1827 0.1106 0.1154 0.1868 0.4045
251      251   (1)      2  : 0.2532 0.0569 0.0853 0.4309 0.1737
252      252   (0)      2  : 0.0411 0.0360 0.7751 0.0871 0.0607
253      253   (0)      2  : 0.1732 0.0625 0.0423 0.0792 0.6427
254      254   (1)      2  : 0.1506 0.0585 0.4174 0.2165 0.1570
255      255   (1)      2  : 0.0583 0.0309 0.5110 0.3110 0.0888
256      256   (1)      2  : 0.1028 0.3046 0.3261 0.2161 0.0503
257      257   (0)      2  : 0.0816 0.0750 0.0621 0.5766 0.2047
258      258   (1)      1  : 0.1606 0.2242 0.1464 0.2529 0.2159
259      259   (2)      1  : 0.2113 0.4801 0.0899 0.0778 0.1410
260      260   (1)      1  : 0.4475 0.0283 0.0950 0.0886 0.3406
261      261   (0)      1  : 0.1588 0.0516 0.0472 0.2367 0.5058
262      262   (1)      1  : 0.1750 0.1328 0.1852 0.1912 0.3159
263      263   (0)      1  : 0.1494 0.0404 0.5084 0.2211 0.0805
264      264   (1)      1  : 0.2093 0.0667 0.0813 0.4484 0.1942
265      265   (1)      1  : 0.4666 0.0469 0.1262 0.2587 0.1017
266      266   (1)      1  : 0.0810 0.0191 0.0490 0.6817 0.1692
267      267   (1)      1  : 0.2068 0.1595 0.0983 0.1529 0.3825
268      268   (2)      1  : 0.1104 0.1487 0.4026 0.1480 0.1903
269      269   (1)      1  : 0.1027 0.1402 0.0549 0.0844 0.6178
270      270   (1)      1  : 0.0511 0.0362 0.5003 0.3081 0.1043
271      271   (1)      1  : 0.1152 0.3126 0.0628 0.0840 0.4254
272      272   (0)      1  : 0.2114 0.2030 0.0378 0.3538 0.1940
273      273   (0)      1  : 0.2124 0.0401 0.0910 0.0875 0.5689
274      274   (1)      1  : 0.0428 0.7618 0.0344 0.0652 0.0958
275      275   (1)      1  : 0.3003 0.1348 0.2558 0.1554 0.1538
276      276   (1)      1  : 0.5014 0.0598 0.0637 0.1562 0.2190
277      277   (1)      1  : 0.2149 0.0827 0.0472 0.2840 0.3712
278      278   (1)      1  : 0.2291 0.3164 0.0525 0.2666 0.1354
279      279   (0)      1  : 0.4701 0.1922 0.0515 0.1260 0.1603
280      280   (1)      1  : 0.0832 0.1287 0.3441 0.2697 0.1742
281      281   (1)      1  : 0.1885 0.0544 0.0593 0.1307 0.5670
282      282   (1)      1  : 0.1800 0.1956 0.1378 0.2050 0.2816
283      283   (1)      1  : 0.3530 0.0596 0.0721 0.2336 0.2817
284      284   (0)      1  : 0.1202 0.0304 0.1563 0.5261 0.1669
285      285   (1)      1  : 0.3251 0.0531 0.2950 0.1457 0.1811
286      286   (1)      1  : 0.4060 0.0272 0.1418 0.2080 0.2170
287      287   (1)      1  : 0.0138 0.9472 0.0112 0.0124 0.0153
288      288   (1)      1  : 0.0911 0.7389 0.0498 0.0530 0.0672
289      289   (1)      1  : 0.2942 0.1231 0.0479 0.1207 0.4142
290      290   (1)      1  : 0.0214 0.9146 0.0234 0.0209 0.0196
291      291   (1)      1  : 0.1091 0.4227 0.2145 0.1558 0.0978
292      292   (1)      1  : 0.1199 0.2336 0.0630 0.1502 0.4333
293      293   (1)      1  : 0.0768 0.0373 0.6301 0.0920 0.1638
294      294   (1)      1  : 0.3688 0.2002 0.0485 0.2459 0.1365
295      295   (0)      1  : 0.2192 0.0260 0.1478 0.2192 0.3878
296      296   (0)      1  : 0.4992 0.0356 0.1175 0.2149 0.1329
297      297   (1)      1  : 0.0618 0.7715 0.0289 0.0727 0.0651
298      298   (0)      1  : 0.5366 0.0244 0.0436 0.3203 0.0751
299      299   (1)      1  : 0.3037 0.2209 0.3047 0.1063 0.0643
300      300   (1)      1  : 0.2896 0.0416 0.0873 0.1949 0.3866
301      301   (0)      1  : 0.0294 0.8643 0.0228 0.0391 0.0443
302      302   (1)      1  : 0.2551 0.4480 0.0548 0.1683 0.0739
303      303   (1)      1  : 0.1825 0.1226 0.0462 0.0833 0.5655
304      304   (1)      1  : 0.4926 0.1483 0.0839 0.0863 0.1890
305      305   (1)      1  : 0.4244 0.0327 0.0898 0.1934 0.2598
306      306   (1)      1  : 0.0585 0.6107 0.0209 0.1856 0.1242
307      307   (2)      1  : 0.2137 0.0251 0.2194 0.2636 0.2781
308      308   (0)      1  : 0.3169 0.1202 0.0541 0.2907 0.2180
309      309   (2)      1  : 0.0263 0.8895 0.0259 0.0303 0.0280
310      310   (0)      1  : 0.1505 0.4335 0.0691 0.1341 0.2128
311      311   (0)      1  : 0.2958 0.4874 0.0487 0.0716 0.0965
312      312   (0)      1  : 0.1396 0.0432 0.5813 0.1043 0.1316
313      313   (1)      1  : 0.4338 0.0190 0.1198 0.3408 0.0866
314      314   (0)      1  : 0.1250 0.0503 0.6146 0.0842 0.1258
315      315   (1)      1  : 0.1227 0.0622 0.0907 0.3065 0.4180
316      316   (1)      1  : 0.3859 0.0370 0.0713 0.3609 0.1449
317      317   (1)      1  : 0.0846 0.0394 0.2105 0.0476 0.6179
318      318   (1)      1  : 0.1041 0.0343 0.4426 0.1916 0.2273
319      319   (1)      1  : 0.2891 0.0216 0.1133 0.1552 0.4208
320      320   (0)      1  : 0.2824 0.0166 0.0922 0.5485 0.0602
321      321   (1)      1  : 0.3017 0.0292 0.0710 0.3523 0.2458
322      322   (0)      1  : 0.1059 0.2991 0.0508 0.1469 0.3973
323      323   (1)      1  : 0.3710 0.0298 0.0282 0.3993 0.1717
324      324   (1)      1  : 0.1075 0.0264 0.1320 0.6603 0.0738
325      325   (1)      1  : 0.0723 0.3744 0.0407 0.1635 0.3491
326      326   (1)      1  : 0.1931 0.0582 0.0524 0.4691 0.2272
327      327   (1)      1  : 0.2509 0.0395 0.1344 0.5212 0.0541
328      328   (1)      2  : 0.1461 0.0447 0.6063 0.1374 0.0654
329      329   (0)      2  : 0.1286 0.0613 0.0601 0.3869 0.3630
330      330   (0)      2  : 0.1193 0.0687 0.0270 0.6222 0.1629
331      331   (1)      2  : 0.1237 0.6374 0.0674 0.1044 0.0670
332      332   (1)      2  : 0.1007 0.7018 0.0586 0.0530 0.0859
333      333   (1)      2  : 0.0469 0.8155 0.0264 0.0318 0.0794
334      334   (1)      2  : 0.0730 0.1837 0.1804 0.4106 0.1523
335      335   (0)      2  : 0.2036 0.0262 0.4600 0.2074 0.1027
336      336   (1)      2  : 0.0371 0.8539 0.0267 0.0318 0.0506
337      337   (1)      2  : 0.2596 0.0382 0.0446 0.2558 0.4018
338      338   (1)      2  : 0.0608 0.8429 0.0210 0.0397 0.0357
339      339   (1)      2  : 0.0889 0.0429 0.0354 0.1493 0.6835
340      340   (0)      2  : 0.1529 0.1447 0.4852 0.1366 0.0807
341      341   (1)      2  : 0.4759 0.0176 0.2172 0.1374 0.1519
342      342   (2)      2  : 0.2372 0.3754 0.1016 0.1588 0.1270
343      343   (2)      2  : 0.1245 0.3303 0.2294 0.1435 0.1725
344      344   (3)      2  : 0.1815 0.4316 0.1102 0.0680 0.2087
345      345   (2)      2  : 0.0732 0.6490 0.0947 0.1229 0.0602
346      346   (4)      2  : 0.0586 0.0241 0.0242 0.8054 0.0876
347      347   (3)      2  : 0.4211 0.0484 0.0438 0.1360 0.3507
348      348   (1)      2  : 0.1509 0.1740 0.0735 0.2332 0.3684
349      349   (1)      2  : 0.6476 0.0329 0.0471 0.1388 0.1337
350      350   (1)      2  : 0.5777 0.0447 0.0362 0.1973 0.1442
351      351   (0)      2  : 0.1311 0.7035 0.0301 0.0374 0.0979
352      352   (4)      2  : 0.2413 0.3930 0.0763 0.2091 0.0803
353      353   (2)      2  : 0.1308 0.1777 0.1544 0.3563 0.1808
354      354   (1)      2  : 0.0873 0.0766 0.0441 0.2557 0.5363
355      355   (2)      2  : 0.0968 0.0359 0.0592 0.3616 0.4465
356      356   (1)      2  : 0.2056 0.0413 0.4363 0.2155 0.1012
357      357   (2)      2  : 0.0384 0.6527 0.2192 0.0408 0.0489
358      358   (2)      2  : 0.1826 0.0191 0.3470 0.1554 0.2959
359      359   (3)      2  : 0.4345 0.0835 0.0913 0.1096 0.2812
360      360   (0)      2  : 0.1062 0.0511 0.3391 0.1637 0.3399
361      361   (1)      2  : 0.1155 0.0186 0.0493 0.7247 0.0919
362      362   (1)      2  : 0.1786 0.1901 0.0739 0.3736 0.1837
363      363   (2)      2  : 0.1018 0.2078 0.1909 0.1689 0.3307
364      364   (3)      2  : 0.6701 0.0204 0.0561 0.1152 0.1381
365      365   (4)      2  : 0.2518 0.0371 0.0372 0.3705 0.3034
366      366   (4)      2  : 0.2852 0.0382 0.3600 0.1861 0.1305
367      367   (3)      2  : 0.0558 0.7579 0.0308 0.0893 0.0663
368      368   (3)      2  : 0.2206 0.3634 0.0702 0.1648 0.1809
369      369   (2)      2  : 0.0881 0.0761 0.2816 0.1881 0.3660
370      370   (3)      2  : 0.2283 0.0569 0.0819 0.3407 0.2922
371      371   (1)      2  : 0.2001 0.0368 0.1141 0.2404 0.4086
372      372   (3)      2  : 0.3871 0.0918 0.1182 0.1785 0.2244
373      373   (5)      2  : 0.0821 0.0967 0.5187 0.1638 0.1388
374      374   (5)      2  : 0.0878 0.0209 0.7599 0.0452 0.0861
375      375   (3)      2  : 0.1838 0.0989 0.0492 0.3165 0.3516
376      376   (3)      2  : 0.0417 0.8688 0.0242 0.0367 0.0287
377      377   (4)      2  : 0.0889 0.2199 0.4205 0.1295 0.1411
378      378   (0)      2  : 0.4215 0.0753 0.1983 0.0972 0.2076
379      379   (5)      2  : 0.4083 0.1093 0.1401 0.2341 0.1081
380      380   (4)      2  : 0.0973 0.1343 0.1428 0.2314 0.3941
381      381   (1)      2  : 0.2799 0.0500 0.1016 0.1234 0.4451
382      382   (1)      2  : 0.3644 0.0375 0.1355 0.2486 0.2141
383      383   (3)      2  : 0.0691 0.4229 0.0646 0.1794 0.2641
384      384   (2)      2  : 0.6185 0.1610 0.0282 0.1470 0.0452
385      385   (4)      2  : 0.1489 0.0488 0.0301 0.5913 0.1810
386      386   (2)      2  : 0.3198 0.3455 0.0403 0.1715 0.1228
387      387   (1)      2  : 0.1896 0.2881 0.2723 0.1173 0.1327
388      388   (6)      2  : 0.0977 0.0568 0.2714 0.1141 0.4600
389      389   (1)      2  : 0.2521 0.1340 0.0541 0.2454 0.3144
390      390   (1)      2  : 0.3706 0.0711 0.0827 0.3100 0.1656
391      391   (3)      2  : 0.0364 0.8403 0.0511 0.0364 0.0357
392      392   (2)      2  : 0.2050 0.0379 0.2696 0.2931 0.1944
393      393   (4)      2  : 0.0447 0.0735 0.7340 0.0904 0.0573
394      394   (3)      2  : 0.0793 0.7455 0.0294 0.0723 0.0734
395      395   (7)      2  : 0.0850 0.2073 0.3841 0.1067 0.2170
396      396   (4)      2  : 0.1055 0.5356 0.2072 0.0874 0.0645
397      397   (1)      2  : 0.2267 0.0559 0.1182 0.3285 0.2707
398      398   (3)      2  : 0.0997 0.1981 0.1225 0.3939 0.1858
399      399   (2)      2  : 0.0827 0.2952 0.2351 0.1183 0.2688
400      400   (0)      2  : 0.2679 0.0562 0.0902 0.4494 0.1361
401      401   (6)      2  : 0.0526 0.0645 0.6584 0.1081 0.1165
402      402   (5)      2  : 0.0467 0.2216 0.3777 0.1660 0.1881
403      403   (1)      2  : 0.1383 0.1388 0.2111 0.1891 0.3227
404      404   (2)      2  : 0.1596 0.1140 0.0400 0.1621 0.5243
405      405   (3)      2  : 0.4872 0.0357 0.0930 0.2885 0.0957
406      406   (2)      2  : 0.2594 0.0426 0.0458 0.3438 0.3085
407      407   (2)      2  : 0.5150 0.1076 0.2327 0.0851 0.0596
408      408   (2)      2  : 0.4460 0.0986 0.2719 0.1286 0.0548
409      409   (1)      2  : 0.1554 0.0363 0.2675 0.3807 0.1601
410      410   (1)      2  : 0.2739 0.0295 0.0591 0.5143 0.1233
411      411   (1)      2  : 0.0566 0.0351 0.0660 0.3210 0.5213
412      412   (0)      2  : 0.5527 0.0227 0.0403 0.2263 0.1580
413      413   (1)      2  : 0.1236 0.0374 0.0298 0.7049 0.1043
414      414   (2)      2  : 0.2940 0.0252 0.0533 0.1541 0.4733
415      415   (2)      2  : 0.0554 0.0193 0.1340 0.4889 0.3024
416      416   (3)      2  : 0.1704 0.0698 0.0541 0.3206 0.3852
417      417   (1)      2  : 0.1768 0.0511 0.3675 0.3097 0.0949
418      418   (0)      2  : 0.0351 0.0413 0.7150 0.1345 0.0740
419      419   (1)      2  : 0.1477 0.0279 0.3128 0.2675 0.2441
420      420   (0)      2  : 0.0591 0.0300 0.0330 0.6506 0.2273
421      421   (1)      2  : 0.5030 0.0570 0.0674 0.2113 0.1613
422      422   (6)      2  : 0.0650 0.0430 0.0615 0.0953 0.7352
423      423   (2)      2  : 0.1023 0.0517 0.1089 0.5543 0.1828
424      424   (1)      2  : 0.0991 0.2146 0.1854 0.4408 0.0601
425      425   (1)      2  : 0.1637 0.2731 0.0526 0.2941 0.2165
426      426   (3)      2  : 0.2394 0.0365 0.1609 0.4319 0.1313
427      427   (2)      2  : 0.1918 0.5922 0.0214 0.0674 0.1271
428      428   (6)      2  : 0.0833 0.0191 0.0339 0.8029 0.0608
429      429   (1)      2  : 0.2006 0.1714 0.0268 0.1926 0.4087
430      430   (1)      2  : 0.0949 0.1181 0.1198 0.1050 0.5621
431      431   (0)      2  : 0.1488 0.0519 0.0470 0.5449 0.2074
432      432   (2)      2  : 0.0576 0.7662 0.0500 0.0492 0.0770
433      433   (2)      2  : 0.0766 0.0817 0.5812 0.0682 0.1923
434      434   (2)      2  : 0.0755 0.0989 0.0488 0.1469 0.6299
435      435   (8)      2  : 0.1968 0.0781 0.1441 0.5086 0.0723
436      436   (2)      2  : 0.1541 0.0364 0.1240 0.5382 0.1472
437      437   (4)      2  : 0.1884 0.0337 0.2171 0.3334 0.2275
438      438   (1)      2  : 0.0370 0.0659 0.7532 0.0734 0.0705
439      439   (2)      2  : 0.0849 0.4847 0.0791 0.0847 0.2666
440      440   (0)      2  : 0.0318 0.1131 0.7447 0.0493 0.0611
441      441   (1)      2  : 0.7892 0.0276 0.0370 0.0628 0.0834
442      442   (6)      2  : 0.3330 0.1118 0.1474 0.0952 0.3126
443      443   (1)      2  : 0.5159 0.0226 0.0438 0.2303 0.1875
444      444   (6)      2  : 0.1386 0.0454 0.3437 0.3413 0.1311
445      445   (2)      2  : 0.1419 0.0819 0.2136 0.3734 0.1893
446      446   (3)      2  : 0.1492 0.2810 0.2988 0.1628 0.1081
447      447   (2)      2  : 0.3844 0.1005 0.1092 0.1474 0.2585
448      448   (3)      2  : 0.1492 0.0543 0.0444 0.0990 0.6530
449      449   (1)      2  : 0.4937 0.0360 0.0936 0.2539 0.1229
450      450   (4)      2  : 0.0672 0.1922 0.2087 0.4721 0.0599
451      451   (3)      2  : 0.3009 0.0451 0.0803 0.1758 0.3978
452      452   (1)      2  : 0.2433 0.0737 0.0377 0.1970 0.4484
453      453   (1)      2  : 0.5037 0.0253 0.0273 0.3074 0.1362
454      454   (4)      2  : 0.2999 0.0565 0.3900 0.1373 0.1164
455      455   (4)      2  : 0.2222 0.4350 0.1463 0.0794 0.1172
456      456   (5)      2  : 0.0972 0.1333 0.0818 0.5014 0.1864
457      457   (3)      2  : 0.0677 0.0289 0.3193 0.1677 0.4165
458      458   (1)      2  : 0.2257 0.0530 0.1664 0.4670 0.0880
459      459   (1)      2  : 0.0418 0.8477 0.0226 0.0473 0.0406
460      460   (2)      2  : 0.3582 0.0400 0.0490 0.4276 0.1252
461      461   (1)      2  : 0.0527 0.7106 0.0834 0.0422 0.1111
462      462   (1)      2  : 0.2115 0.0193 0.2973 0.2592 0.2126
463      463   (4)      2  : 0.4992 0.0558 0.0750 0.1582 0.2118
464      464   (6)      2  : 0.1892 0.0272 0.2576 0.3983 0.1277
465      465   (3)      2  : 0.0935 0.0382 0.5295 0.2664 0.0724
466      466   (3)      2  : 0.2502 0.0916 0.2994 0.2379 0.1209
467      467   (2)      2  : 0.0647 0.0580 0.0362 0.0683 0.7728
468      468   (2)      2  : 0.1843 0.0186 0.1043 0.6032 0.0896
469      469   (1)      2  : 0.0212 0.9042 0.0191 0.0326 0.0229
470      470   (0)      2  : 0.0896 0.2381 0.4884 0.0545 0.1295
471      471   (2)      2  : 0.0872 0.0799 0.0782 0.3800 0.3747
472      472   (2)      2  : 0.0749 0.0093 0.0260 0.8294 0.0603
473      473   (1)      2  : 0.2795 0.0825 0.0821 0.3468 0.2091
474      474   (3)      2  : 0.0831 0.0529 0.0537 0.7350 0.0753
475      475   (1)      2  : 0.1443 0.0891 0.3288 0.1083 0.3294
476      476   (2)      2  : 0.2884 0.0398 0.0987 0.2214 0.3518
477      477   (0)      2  : 0.0828 0.0767 0.2375 0.1662 0.4368
478      478   (1)      2  : 0.3678 0.0761 0.0702 0.2882 0.1977
479      479   (1)      2  : 0.0912 0.0498 0.1894 0.2919 0.3777
480      480   (1)      2  : 0.2628 0.0851 0.0530 0.2496 0.3495
481      481   (1)      2  : 0.3395 0.0458 0.0766 0.2950 0.2432
482      482   (1)      2  : 0.1184 0.0371 0.3568 0.1332 0.3544
483      483   (0)      2  : 0.4060 0.0351 0.1749 0.2170 0.1671
484      484   (0)      2  : 0.5688 0.0700 0.0454 0.0661 0.2497
485      485   (0)      2  : 0.1127 0.0272 0.3393 0.1237 0.3972
486      486   (0)      2  : 0.2912 0.0511 0.1556 0.3603 0.1418
487      487   (1)      2  : 0.0614 0.0322 0.4897 0.0500 0.3667
488      488   (1)      2  : 0.1321 0.0717 0.2707 0.2375 0.2880
489      489   (1)      2  : 0.5852 0.0492 0.0490 0.1235 0.1930
490      490   (0)      2  : 0.4408 0.0208 0.0301 0.3744 0.1339
491      491   (0)      2  : 0.1707 0.0598 0.5982 0.0974 0.0739
492      492   (5)      2  : 0.0381 0.7618 0.0971 0.0411 0.0619
493      493   (1)      2  : 0.0707 0.1881 0.1462 0.0679 0.5272
494      494   (3)      2  : 0.1256 0.0397 0.1140 0.5378 0.1829
495      495   (1)      2  : 0.1221 0.0930 0.1624 0.2435 0.3791
496      496   (1)      2  : 0.0985 0.1134 0.0336 0.5445 0.2101
497      497   (1)      2  : 0.0996 0.0202 0.2127 0.2509 0.4167
498      498   (1)      2  : 0.3733 0.0647 0.2812 0.1431 0.1378
499      499   (1)      2  : 0.3470 0.0396 0.2075 0.2645 0.1413
500      500   (1)      2  : 0.1801 0.0973 0.0353 0.5002 0.1870
501      501   (2)      2  : 0.0969 0.0280 0.3905 0.3412 0.1434
502      502   (1)      2  : 0.1515 0.2008 0.4009 0.0728 0.1740
503      503   (2)      2  : 0.3802 0.0982 0.2118 0.2134 0.0964
504      504   (2)      2  : 0.0764 0.0690 0.5221 0.1025 0.2299
505      505   (2)      2  : 0.1569 0.0743 0.0860 0.6228 0.0600
506      506   (3)      2  : 0.0986 0.0625 0.1089 0.5786 0.1514
507      507   (1)      2  : 0.1148 0.1015 0.0466 0.4230 0.3142
508      508   (7)      2  : 0.0977 0.0357 0.0921 0.4168 0.3577
509      509   (1)      2  : 0.0622 0.1387 0.1645 0.1116 0.5231
510      510   (1)      2  : 0.0223 0.9259 0.0177 0.0154 0.0187
511      511   (2)      2  : 0.1127 0.1414 0.5172 0.1646 0.0641
512      512   (1)      2  : 0.1673 0.0279 0.4849 0.2257 0.0942
513      513   (3)      2  : 0.1219 0.0299 0.0382 0.2394 0.5706
514      514   (1)      2  : 0.0498 0.0273 0.8384 0.0521 0.0323
515      515   (5)      2  : 0.2287 0.0361 0.0850 0.3292 0.3209
516      516   (3)      2  : 0.0636 0.3208 0.4298 0.0970 0.0888
517      517   (1)      2  : 0.3865 0.0203 0.3645 0.1048 0.1239
518      518   (1)      2  : 0.1041 0.5004 0.1715 0.0899 0.1342
519      519   (0)      2  : 0.0555 0.0952 0.2072 0.4235 0.2186
520      520   (0)      2  : 0.5596 0.0374 0.1742 0.0832 0.1456
521      521   (2)      2  : 0.1331 0.0840 0.1011 0.3444 0.3373
522      522   (2)      2  : 0.0900 0.3375 0.0776 0.3291 0.1658
523      523   (1)      2  : 0.1016 0.2779 0.3367 0.0966 0.1873
524      524   (3)      2  : 0.1610 0.1361 0.1145 0.4097 0.1786
525      525   (1)      2  : 0.0970 0.0374 0.1003 0.0463 0.7190
526      526   (7)      2  : 0.4668 0.0183 0.0608 0.3080 0.1461
527      527   (4)      2  : 0.3146 0.0930 0.0724 0.4126 0.1075
528      528   (1)      2  : 0.3637 0.0247 0.2291 0.2373 0.1453
529      529   (2)      2  : 0.3035 0.0301 0.0578 0.5372 0.0714
530      530   (1)      2  : 0.1123 0.0661 0.3793 0.3053 0.1370
531      531   (2)      2  : 0.5510 0.0364 0.0909 0.1702 0.1515
532      532   (2)      2  : 0.1402 0.0207 0.1170 0.5427 0.1795
533      533   (5)      2  : 0.0321 0.8628 0.0396 0.0227 0.0429
534      534   (2)      2  : 0.1827 0.1055 0.1341 0.4614 0.1163
535      535   (3)      2  : 0.2866 0.0566 0.3495 0.1810 0.1264
536      536   (0)      2  : 0.2035 0.1176 0.0531 0.3769 0.2489
537      537   (3)      2  : 0.2047 0.2110 0.0752 0.1106 0.3985
538      538   (1)      2  : 0.1066 0.0348 0.1340 0.3079 0.4167
539      539   (1)      2  : 0.1095 0.0564 0.3050 0.2827 0.2463
540      540   (1)      2  : 0.3436 0.0541 0.1002 0.3306 0.1715
541      541   (5)      2  : 0.2708 0.0159 0.3178 0.1793 0.2162
542      542   (4)      2  : 0.3476 0.0955 0.0803 0.1639 0.3127
543      543   (2)      2  : 0.1644 0.0204 0.3511 0.2721 0.1920
544      544   (2)      2  : 0.0438 0.0458 0.1896 0.1743 0.5465
545      545   (2)      2  : 0.3289 0.2564 0.1660 0.0916 0.1571
546      546   (1)      2  : 0.2599 0.0421 0.2874 0.2847 0.1259
547      547   (1)      2  : 0.2040 0.0622 0.2345 0.2641 0.2351
548      548   (1)      2  : 0.0656 0.7206 0.0381 0.0905 0.0852
549      549   (1)      2  : 0.4018 0.2480 0.1357 0.0604 0.1541
550      550   (2)      2  : 0.3440 0.2480 0.0642 0.1901 0.1537
551      551   (4)      2  : 0.4352 0.1332 0.0620 0.2162 0.1533
552      552   (6)      2  : 0.3964 0.0342 0.0193 0.2332 0.3169
553      553   (3)      2  : 0.0355 0.0265 0.8062 0.0560 0.0757
554      554   (1)      2  : 0.1253 0.0201 0.4586 0.1092 0.2868
555      555   (4)      2  : 0.2856 0.0307 0.3890 0.1912 0.1035
556      556   (2)      2  : 0.2878 0.0789 0.1784 0.2409 0.2140
557      557   (0)      2  : 0.1629 0.0339 0.1026 0.2276 0.4730
558      558   (2)      2  : 0.1290 0.0611 0.2459 0.1647 0.3993
559      559   (3)      2  : 0.3292 0.2681 0.0713 0.0967 0.2347
560      560   (6)      2  : 0.2854 0.0314 0.4370 0.1113 0.1348
561      561   (1)      2  : 0.2520 0.1580 0.0283 0.1802 0.3815
562      562   (2)      2  : 0.0801 0.0567 0.5885 0.1290 0.1457
563      563   (2)      2  : 0.1968 0.2863 0.1861 0.0466 0.2842
564      564   (1)      2  : 0.1459 0.3294 0.1029 0.3465 0.0753
565      565   (1)      2  : 0.1378 0.0497 0.0268 0.2900 0.4958
566      566   (1)      2  : 0.1075 0.0278 0.1094 0.5704 0.1849
567      567   (1)      2  : 0.6473 0.0394 0.0494 0.1738 0.0901
568      568   (1)      2  : 0.6803 0.0226 0.0713 0.1128 0.1131
569      569   (3)      2  : 0.3445 0.0415 0.1196 0.3737 0.1206
570      570   (1)      2  : 0.1089 0.2629 0.2191 0.1955 0.2136
571      571   (2)      2  : 0.0764 0.5588 0.1013 0.0907 0.1728
572      572   (5)      2  : 0.0489 0.1226 0.3569 0.0685 0.4030
573      573   (5)      2  : 0.6282 0.1326 0.1021 0.0473 0.0898
574      574   (1)      2  : 0.6670 0.1282 0.0460 0.0940 0.0647
575      575   (2)      2  : 0.3494 0.0317 0.2653 0.1611 0.1924
576      576   (0)      2  : 0.2911 0.0196 0.5396 0.0665 0.0834
577      577   (1)      2  : 0.3529 0.2746 0.0721 0.1188 0.1816
578      578   (1)      2  : 0.7419 0.0232 0.0199 0.0514 0.1636
579      579   (2)      2  : 0.1168 0.0518 0.1705 0.0734 0.5875
580      580   (1)      2  : 0.1560 0.0161 0.2593 0.1528 0.4158
581      581   (1)      2  : 0.0793 0.1129 0.4359 0.0672 0.3046
582      582   (0)      2  : 0.1059 0.0787 0.0412 0.6065 0.1677
583      583   (1)      2  : 0.3640 0.0568 0.2602 0.1011 0.2179
584      584   (2)      2  : 0.4070 0.2768 0.1928 0.0664 0.0570
585      585   (1)      2  : 0.5268 0.2071 0.0267 0.1860 0.0533
586      586   (0)      2  : 0.2113 0.5504 0.0867 0.0654 0.0861
587      587   (1)      2  : 0.0929 0.0303 0.1664 0.5306 0.1798
588      588   (0)      2  : 0.2932 0.4001 0.0867 0.0547 0.1653
589      589   (2)      2  : 0.0424 0.0309 0.8051 0.0638 0.0578
590      590   (2)      2  : 0.0676 0.1228 0.1333 0.2116 0.4646
591      591   (1)      2  : 0.2890 0.3831 0.1301 0.0894 0.1084
592      592   (1)      2  : 0.1799 0.0410 0.1579 0.2225 0.3988
593      593   (1)      2  : 0.1981 0.2593 0.0507 0.4005 0.0914
594      594   (3)      2  : 0.2732 0.0376 0.0956 0.4057 0.1880
595      595   (1)      2  : 0.7557 0.0784 0.0666 0.0528 0.0466
596      596   (1)      2  : 0.1470 0.0787 0.0659 0.4906 0.2178
597      597   (1)      2  : 0.3186 0.0719 0.0470 0.4930 0.0696
598      598   (1)      2  : 0.1266 0.5681 0.0679 0.0899 0.1476
599      599   (1)      2  : 0.3577 0.0720 0.3145 0.1144 0.1413
600      600   (2)      2  : 0.1498 0.0400 0.3463 0.1157 0.3483
601      601   (7)      2  : 0.0908 0.0166 0.6814 0.0434 0.1678
602      602   (3)      2  : 0.0568 0.0620 0.0339 0.7675 0.0798
603      603   (1)      2  : 0.2188 0.0423 0.3027 0.2502 0.1860
604      604   (1)      2  : 0.4629 0.0441 0.1922 0.1863 0.1144
605      605   (1)      2  : 0.1168 0.0355 0.5529 0.2326 0.0622
606      606   (1)      2  : 0.3891 0.3814 0.0408 0.1236 0.0651
607      607   (1)      2  : 0.1273 0.0478 0.1359 0.5514 0.1376
608      608   (1)      2  : 0.1587 0.0474 0.2779 0.3057 0.2103
609      609   (1)      2  : 0.0585 0.0464 0.7904 0.0411 0.0636
610      610   (1)      2  : 0.0770 0.1690 0.2756 0.3499 0.1286
611      611   (1)      2  : 0.1579 0.0512 0.1803 0.3046 0.3060
612      612   (1)      2  : 0.4814 0.1225 0.0823 0.1975 0.1163
613      613   (2)      2  : 0.0897 0.5734 0.1232 0.1116 0.1021
614      614   (1)      2  : 0.0521 0.2523 0.5168 0.0658 0.1130
615      615   (1)      2  : 0.2382 0.0334 0.0556 0.3395 0.3333
616      616   (1)      2  : 0.1470 0.0337 0.0520 0.6055 0.1618
617      617   (1)      2  : 0.1256 0.0262 0.2736 0.3173 0.2572
618      618   (0)      2  : 0.4166 0.1181 0.0330 0.1962 0.2361
619      619   (1)      2  : 0.6084 0.0830 0.0439 0.1456 0.1190
620      620   (1)      2  : 0.2958 0.2594 0.1086 0.2802 0.0560
621      621   (1)      2  : 0.1365 0.1714 0.2682 0.2225 0.2014
622      622   (1)      2  : 0.0494 0.0122 0.1440 0.1915 0.6029
623      623   (1)      2  : 0.4657 0.2486 0.0450 0.0815 0.1592
624      624   (0)      2  : 0.3317 0.0749 0.1469 0.0878 0.3588
625      625   (0)      2  : 0.8060 0.0306 0.0219 0.0819 0.0597
626      626   (1)      2  : 0.0676 0.0197 0.0736 0.7648 0.0744
627      627   (1)      2  : 0.1460 0.0290 0.0550 0.3102 0.4598
628      628   (1)      2  : 0.1422 0.4882 0.0564 0.1382 0.1750
629      629   (1)      2  : 0.0314 0.8911 0.0154 0.0364 0.0255
630      630   (2)      2  : 0.7676 0.0724 0.0290 0.0526 0.0785
631      631   (5)      2  : 0.2494 0.2525 0.3477 0.0648 0.0856
632      632   (2)      2  : 0.2759 0.0585 0.1129 0.4509 0.1018
633      633   (1)      2  : 0.2229 0.3033 0.0266 0.2511 0.1960
634      634   (4)      2  : 0.3407 0.0201 0.2723 0.2123 0.1546
635      635   (1)      2  : 0.7361 0.0186 0.0177 0.1003 0.1274
636      636   (0)      2  : 0.5552 0.0498 0.0752 0.1166 0.2032
637      637   (1)      2  : 0.0491 0.0318 0.8283 0.0388 0.0521
638      638   (0)      2  : 0.4984 0.1104 0.0351 0.1568 0.1992
639      639   (0)      2  : 0.1240 0.0461 0.2494 0.0590 0.5215
640      640   (1)      2  : 0.0735 0.0928 0.0635 0.6783 0.0919
641      641   (1)      2  : 0.2069 0.1042 0.1753 0.3223 0.1913
642      642   (1)      2  : 0.1627 0.3425 0.1115 0.2137 0.1697
643      643   (1)      2  : 0.6563 0.0144 0.0308 0.1792 0.1193
644      644   (1)      2  : 0.5599 0.0247 0.0359 0.2833 0.0962
645      645   (0)      2  : 0.5267 0.1947 0.0619 0.1370 0.0797
646      646   (1)      3  : 0.1156 0.0580 0.1250 0.5257 0.1757
647      647   (1)      2  : 0.5239 0.0805 0.0949 0.1401 0.1606
648      648   (0)      3  : 0.1468 0.0201 0.0907 0.5672 0.1752
649      649   (1)      3  : 0.7199 0.0158 0.0233 0.1483 0.0927
650      650   (1)      3  : 0.6383 0.0732 0.0321 0.1197 0.1367
651      651   (1)      2  : 0.5158 0.0366 0.1608 0.0887 0.1982
652      652   (0)      3  : 0.5062 0.0427 0.0964 0.1607 0.1940
653      653   (2)      4  : 0.3631 0.0388 0.3895 0.0937 0.1149
654      654   (0)      2  : 0.7083 0.0229 0.0659 0.1108 0.0921
655      655   (1)      4  : 0.1041 0.1459 0.4312 0.1876 0.1311
656      656   (1)      4  : 0.0825 0.0353 0.7164 0.0873 0.0784
657      657   (1)      4  : 0.0220 0.0174 0.8930 0.0336 0.0340
658      658   (0)      4  : 0.0268 0.0424 0.8676 0.0266 0.0367
659      659   (0)      4  : 0.0343 0.0236 0.8657 0.0438 0.0327
660      660   (3)      3  : 0.1659 0.1141 0.0226 0.4869 0.2105
661      661   (1)      2  : 0.2811 0.0634 0.1573 0.3951 0.1030
662      662   (1)      3  : 0.1466 0.0413 0.0532 0.1214 0.6374
663      663   (1)      3  : 0.4287 0.0373 0.0399 0.1065 0.3876
664      664   (1)      3  : 0.0976 0.0604 0.0807 0.6063 0.1550
665      665   (1)      3  : 0.5302 0.0995 0.0317 0.2436 0.0950
666      666   (0)      2  : 0.0748 0.6098 0.1334 0.0695 0.1124
667      667   (1)      3  : 0.7316 0.0398 0.0310 0.0562 0.1414
668      668   (1)      4  : 0.0884 0.2854 0.2354 0.1915 0.1994
669      669   (0)      4  : 0.0400 0.0257 0.8782 0.0279 0.0282
670      670   (1)      4  : 0.0488 0.0176 0.7174 0.0730 0.1433
671      671   (1)      4  : 0.3118 0.0480 0.5144 0.0660 0.0598
672      672   (1)      4  : 0.0685 0.0369 0.6581 0.0588 0.1778
673      673   (0)      4  : 0.1221 0.0391 0.4227 0.2421 0.1739
674      674   (2)      3  : 0.4323 0.0284 0.0971 0.1990 0.2432
675      675   (5)      3  : 0.3060 0.0487 0.0797 0.4849 0.0808
676      676   (0)      3  : 0.5545 0.0183 0.1432 0.1024 0.1816
677      677   (3)      3  : 0.3232 0.1703 0.0487 0.3293 0.1284
678      678   (0)      3  : 0.3654 0.0542 0.0984 0.3461 0.1359
679      679   (2)      2  : 0.2610 0.2348 0.1148 0.2824 0.1070
680      680   (0)      3  : 0.1901 0.1364 0.0951 0.1243 0.4541
681      681   (2)      4  : 0.0993 0.1062 0.5336 0.0473 0.2135
682      682   (0)      2  : 0.0667 0.1164 0.4677 0.2502 0.0990
683      683   (2)      4  : 0.1810 0.0299 0.3877 0.0915 0.3099
684      684   (1)      4  : 0.0342 0.0954 0.8116 0.0212 0.0376
685      685   (1)      4  : 0.0399 0.0338 0.7932 0.0345 0.0986
686      686   (0)      4  : 0.0246 0.0191 0.8992 0.0271 0.0300
687      687   (1)      3  : 0.1219 0.0506 0.0721 0.6514 0.1040
688      688   (2)      3  : 0.5975 0.0198 0.0491 0.1176 0.2160
689      689   (1)      3  : 0.0758 0.0460 0.0793 0.4120 0.3869
690      690   (1)      3  : 0.2751 0.0478 0.0406 0.5305 0.1060
691      691   (1)      2  : 0.0873 0.0757 0.6397 0.1117 0.0856
692      692   (0)      3  : 0.1765 0.0461 0.0603 0.1305 0.5866
693      693   (0)      2  : 0.0804 0.0529 0.0944 0.3017 0.4706
694      694   (1)      4  : 0.1268 0.0301 0.1315 0.0903 0.6213
695      695   (0)      4  : 0.0569 0.0137 0.8007 0.0728 0.0560
696      696   (1)      4  : 0.0411 0.1438 0.5161 0.2045 0.0945
697      697   (0)      4  : 0.0242 0.0371 0.8467 0.0565 0.0354
698      698   (1)      4  : 0.0439 0.0338 0.8058 0.0513 0.0652
699      699   (6)      3  : 0.1630 0.0814 0.1289 0.4474 0.1793
700      700   (1)      2  : 0.2329 0.2887 0.0838 0.2013 0.1933
701      701   (3)      3  : 0.4584 0.0435 0.1122 0.2162 0.1697
702      702   (1)      3  : 0.4198 0.0325 0.0770 0.3534 0.1174
703      703   (3)      3  : 0.3585 0.0985 0.0503 0.3523 0.1404
704      704   (1)      3  : 0.4121 0.0418 0.0385 0.1932 0.3145
705      705   (1)      2  : 0.4912 0.1259 0.0370 0.1521 0.1938
706      706   (0)      3  : 0.4804 0.0405 0.0497 0.1878 0.2417
707      707   (1)      2  : 0.0811 0.8015 0.0232 0.0640 0.0301
708      708   (2)      4  : 0.0330 0.0145 0.8718 0.0291 0.0516
709      709   (1)      2  : 0.0293 0.7992 0.0585 0.0431 0.0699
710      710   (1)      4  : 0.1594 0.0384 0.4631 0.1728 0.1662
711      711   (2)      4  : 0.0542 0.0473 0.6950 0.0570 0.1464
712      712   (1)      4  : 0.0684 0.0714 0.7276 0.0666 0.0659
713      713   (0)      4  : 0.0354 0.0175 0.8859 0.0299 0.0314
714      714   (1)      3  : 0.1305 0.0766 0.3076 0.2608 0.2246
715      715   (1)      2  : 0.6283 0.0262 0.1153 0.0616 0.1685
716      716   (3)      3  : 0.0983 0.0266 0.0376 0.7241 0.1135
717      717   (0)      3  : 0.3676 0.0597 0.1158 0.2560 0.2009
718      718   (4)      3  : 0.1072 0.0304 0.0385 0.2134 0.6104
719      719   (1)      3  : 0.2698 0.0838 0.1321 0.2811 0.2331
720      720   (1)      2  : 0.2636 0.1265 0.1133 0.2905 0.2060
721      721   (1)      2  : 0.2428 0.0949 0.1891 0.3843 0.0890
722      722   (1)      4  : 0.0748 0.0698 0.6400 0.0804 0.1351
723      723   (0)      4  : 0.0359 0.0477 0.8599 0.0261 0.0304
724      724   (0)      4  : 0.0478 0.0093 0.8854 0.0327 0.0248
725      725   (2)      4  : 0.0534 0.0203 0.8538 0.0323 0.0401
726      726   (1)      4  : 0.0203 0.0173 0.9014 0.0310 0.0299
727      727   (2)      2  : 0.3732 0.0247 0.0552 0.0473 0.4996
728      728   (3)      3  : 0.0857 0.0349 0.0349 0.7628 0.0818
729      729   (1)      3  : 0.4170 0.0767 0.0929 0.2051 0.2084
730      730   (2)      3  : 0.0927 0.0647 0.3233 0.3254 0.1940
731      731   (1)      3  : 0.7984 0.0546 0.0347 0.0683 0.0440
732      732   (1)      4  : 0.1238 0.1600 0.5368 0.0966 0.0828
733      733   (1)      4  : 0.1013 0.0309 0.7930 0.0293 0.0455
734      734   (1)      4  : 0.0327 0.0205 0.8717 0.0377 0.0374
735      735   (2)      4  : 0.1119 0.0322 0.7535 0.0384 0.0639
736      736   (1)      4  : 0.0288 0.0124 0.8910 0.0281 0.0397
737      737   (0)      2  : 0.0683 0.4605 0.2060 0.1040 0.1611
738      738   (0)      3  : 0.2630 0.0311 0.0478 0.5692 0.0889
739      739   (1)      3  : 0.1248 0.0311 0.1484 0.3591 0.3367
740      740   (1)      3  : 0.2302 0.0580 0.1288 0.2598 0.3232
741      741   (1)      2  : 0.3987 0.1426 0.2700 0.1377 0.0510
742      742   (1)      2  : 0.3776 0.0356 0.1022 0.2507 0.2339
743      743   (0)      4  : 0.0839 0.0336 0.5504 0.1576 0.1746
744      744   (0)      4  : 0.0262 0.0341 0.8650 0.0395 0.0352
745      745   (0)      4  : 0.0265 0.0098 0.9010 0.0328 0.0300
746      746   (0)      4  : 0.4168 0.0156 0.4284 0.0578 0.0815
747      747   (1)      4  : 0.0586 0.0229 0.8276 0.0411 0.0498
748      748   (1)      2  : 0.1618 0.5660 0.0787 0.1104 0.0831
749      749   (1)      2  : 0.3453 0.4312 0.0586 0.0753 0.0897
750      750   (0)      2  : 0.0768 0.0549 0.6209 0.0442 0.2032
751      751   (1)      2  : 0.0243 0.8451 0.0568 0.0486 0.0252
752      752   (1)      2  : 0.0511 0.0356 0.3849 0.0866 0.4419
753      753   (1)      2  : 0.5915 0.0767 0.0413 0.1572 0.1332
754      754   (0)      2  : 0.0776 0.0802 0.4277 0.1551 0.2594
755      755   (1)      2  : 0.3004 0.1044 0.0350 0.4729 0.0874
756      756   (0)      2  : 0.0300 0.8702 0.0379 0.0249 0.0370
757      757   (1)      2  : 0.0420 0.6796 0.1635 0.0479 0.0670
758      758   (2)      2  : 0.0588 0.8114 0.0214 0.0577 0.0507
759      759   (0)      2  : 0.4799 0.0580 0.0437 0.2179 0.2005
760      760   (1)      2  : 0.1956 0.0617 0.1235 0.3785 0.2407
761      761   (2)      2  : 0.2474 0.0347 0.2270 0.3427 0.1482
762      762   (0)      2  : 0.4313 0.0919 0.0467 0.2244 0.2058
763      763   (1)      2  : 0.0911 0.4538 0.1456 0.1046 0.2049
764      764   (1)      2  : 0.0844 0.3809 0.1818 0.1416 0.2113
765      765   (1)      2  : 0.3379 0.1112 0.1749 0.1667 0.2093
766      766   (3)      2  : 0.1323 0.4678 0.2173 0.0524 0.1301
767      767   (1)      2  : 0.4727 0.0317 0.0780 0.0861 0.3315
768      768   (1)      2  : 0.0314 0.8848 0.0242 0.0250 0.0346
769      769   (1)      2  : 0.2651 0.0375 0.0291 0.1493 0.5189
770      770   (1)      2  : 0.1896 0.0324 0.0139 0.0302 0.7339
771      771   (0)      2  : 0.2097 0.1049 0.0744 0.4962 0.1148
772      772   (0)      2  : 0.4047 0.0693 0.1021 0.2982 0.1257
773      773   (1)      2  : 0.1605 0.0903 0.6039 0.0702 0.0751
774      774   (1)      2  : 0.5134 0.1507 0.0884 0.1152 0.1323
775      775   (1)      2  : 0.1618 0.2171 0.0658 0.3211 0.2342
776      776   (0)      2  : 0.3698 0.0157 0.0696 0.4779 0.0671
777      777   (1)      2  : 0.1324 0.0342 0.4058 0.1077 0.3199
778      778   (1)      2  : 0.2666 0.0399 0.2380 0.2796 0.1759
779      779   (6)      2  : 0.0279 0.8800 0.0217 0.0451 0.0253
780      780   (2)      2  : 0.0684 0.0319 0.0913 0.7181 0.0902
781      781   (1)      2  : 0.3428 0.0933 0.1424 0.0994 0.3222
782      782   (1)      2  : 0.0933 0.0262 0.7211 0.0784 0.0809
783      783   (1)      2  : 0.5377 0.1169 0.0625 0.1830 0.0999
784      784   (1)      2  : 0.2413 0.3510 0.1136 0.1692 0.1249
785      785   (1)      2  : 0.0529 0.4373 0.1704 0.1142 0.2251
786      786   (2)      2  : 0.6321 0.0281 0.0370 0.1153 0.1875
787      787   (0)      2  : 0.4109 0.0984 0.0250 0.3538 0.1119
788      788   (1)      2  : 0.1580 0.0238 0.1061 0.2718 0.4402
789      789   (1)      2  : 0.1905 0.0470 0.5765 0.0844 0.1015
790      790   (1)      2  : 0.2263 0.4044 0.0319 0.1905 0.1469
791      791   (1)      2  : 0.0231 0.9143 0.0166 0.0267 0.0193
792      792   (2)      2  : 0.6726 0.0231 0.0782 0.1325 0.0936
793      793   (1)      2  : 0.0521 0.0301 0.7607 0.0793 0.0778
794      794   (0)      2  : 0.0407 0.0357 0.7554 0.0511 0.1172
795      795   (1)      2  : 0.0341 0.8322 0.0439 0.0399 0.0500
796      796   (0)      2  : 0.1776 0.0550 0.1051 0.0909 0.5714
797      797   (0)      2  : 0.1598 0.1133 0.0976 0.5651 0.0642
798      798   (0)      2  : 0.1527 0.0885 0.6207 0.0548 0.0834
799      799   (1)      2  : 0.0665 0.5707 0.1938 0.0931 0.0759
800      800   (1)      2  : 0.1559 0.4654 0.0282 0.2851 0.0654
801      801   (1)      2  : 0.0332 0.8062 0.0368 0.0584 0.0653
802      802   (1)      2  : 0.0522 0.0427 0.4925 0.2216 0.1910
803      803   (2)      2  : 0.0461 0.0243 0.8310 0.0509 0.0477
804      804   (1)      2  : 0.3065 0.0269 0.0748 0.4516 0.1402
805      805   (1)      2  : 0.4508 0.0558 0.0299 0.2944 0.1692
806      806   (0)      2  : 0.4393 0.0463 0.0381 0.2907 0.1855
807      807   (1)      2  : 0.1736 0.3252 0.0724 0.1612 0.2676
808      808   (1)      2  : 0.0699 0.7875 0.0368 0.0524 0.0534
809      809   (2)      2  : 0.5182 0.2846 0.0252 0.0994 0.0725
810      810   (1)      2  : 0.0385 0.8471 0.0445 0.0311 0.0389
811      811   (1)      2  : 0.0264 0.8895 0.0239 0.0339 0.0262
812      812   (0)      2  : 0.4003 0.0847 0.0987 0.1763 0.2400
813      813   (1)      2  : 0.0350 0.7896 0.0623 0.0594 0.0537
814      814   (1)      2  : 0.0212 0.8635 0.0542 0.0251 0.0360
815      815   (0)      2  : 0.2028 0.0552 0.1670 0.2320 0.3430
816      816   (0)      2  : 0.0409 0.1919 0.5551 0.0730 0.1391
817      817   (1)      2  : 0.0690 0.1166 0.0499 0.5940 0.1705
818      818   (2)      2  : 0.0337 0.7964 0.0727 0.0526 0.0447
819      819   (1)      2  : 0.0279 0.3028 0.5940 0.0352 0.0401
820      820   (0)      2  : 0.0902 0.1646 0.0473 0.4386 0.2593
821      821   (1)      2  : 0.0213 0.8925 0.0202 0.0375 0.0284
822      822   (2)      2  : 0.2325 0.1406 0.0508 0.4040 0.1721
823      823   (1)      2  : 0.1348 0.5289 0.0476 0.1650 0.1237
824      824   (1)      2  : 0.0456 0.7237 0.0679 0.1139 0.0490
825      825   (1)      2  : 0.3129 0.0116 0.0618 0.2932 0.3206
826      826   (1)      2  : 0.0629 0.7863 0.0290 0.0678 0.0540
827      827   (0)      2  : 0.1046 0.0972 0.1733 0.1185 0.5064
828      828   (1)      2  : 0.1689 0.0309 0.1202 0.2743 0.4057
829      829   (1)      2  : 0.0949 0.4610 0.1336 0.2585 0.0521
830      830   (1)      2  : 0.7719 0.0269 0.0440 0.0826 0.0747
831      831   (1)      2  : 0.0358 0.7867 0.1080 0.0391 0.0304
832      832   (1)      2  : 0.1634 0.0413 0.1581 0.3185 0.3187
833      833   (1)      2  : 0.5282 0.0233 0.0994 0.1635 0.1856
834      834   (0)      2  : 0.5799 0.0470 0.1070 0.1838 0.0823
835      835   (1)      2  : 0.0849 0.3739 0.2161 0.2388 0.0862
836      836   (0)      2  : 0.0430 0.5780 0.1222 0.0524 0.2043
837      837   (1)      2  : 0.3073 0.2045 0.0925 0.1731 0.2226
838      838   (1)      2  : 0.0314 0.0373 0.7780 0.0429 0.1103
839      839   (1)      2  : 0.2170 0.0272 0.0890 0.0956 0.5712
840      840   (0)      2  : 0.3805 0.1037 0.0550 0.2312 0.2295
841      841   (5)      2  : 0.0236 0.3240 0.0352 0.0390 0.5782
842      842   (1)      2  : 0.0357 0.8654 0.0260 0.0368 0.0361
843      843   (2)      2  : 0.0256 0.8984 0.0234 0.0270 0.0256
844      844   (1)      2  : 0.0920 0.4223 0.0961 0.2332 0.1564
845      845   (1)      2  : 0.3755 0.0681 0.0899 0.1288 0.3377
846      846   (0)      2  : 0.1198 0.0673 0.0953 0.0775 0.6400
847      847   (0)      2  : 0.0386 0.0278 0.0466 0.8121 0.0750
848      848   (1)      2  : 0.0270 0.8935 0.0162 0.0314 0.0318
849      849   (1)      2  : 0.2270 0.0366 0.4945 0.1217 0.1203
850      850   (1)      2  : 0.3620 0.0530 0.1018 0.3105 0.1727
851      851   (1)      2  : 0.2424 0.0716 0.0864 0.1950 0.4046
852      852   (1)      2  : 0.1313 0.3871 0.2586 0.1344 0.0887
853      853   (1)      2  : 0.0706 0.5434 0.1860 0.0521 0.1479
854      854   (0)      2  : 0.0943 0.4897 0.1771 0.1552 0.0837
855      855   (1)      2  : 0.5353 0.0469 0.0593 0.1519 0.2065
856      856   (5)      2  : 0.0639 0.0851 0.0685 0.1378 0.6447
857      857   (1)      2  : 0.1241 0.0311 0.0404 0.2965 0.5079
858      858   (0)      2  : 0.0784 0.0466 0.2497 0.0590 0.5663
859      859   (0)      2  : 0.0841 0.7433 0.0556 0.0682 0.0488
860      860   (1)      2  : 0.0329 0.9005 0.0186 0.0282 0.0198
861      861   (1)      2  : 0.0360 0.8542 0.0393 0.0308 0.0397
862      862   (1)      2  : 0.0592 0.0930 0.5317 0.1712 0.1449
863      863   (0)      2  : 0.0279 0.8573 0.0462 0.0287 0.0399
864      864   (4)      2  : 0.0961 0.6999 0.0782 0.0656 0.0602
865      865   (1)      2  : 0.0284 0.0426 0.8498 0.0324 0.0468
866      866   (1)      2  : 0.5660 0.1619 0.0217 0.1036 0.1468
867      867   (1)      2  : 0.1935 0.0375 0.4860 0.0851 0.1978
868      868   (0)      2  : 0.1855 0.0391 0.0964 0.3644 0.3146
869      869   (1)      2  : 0.1738 0.0473 0.5006 0.1598 0.1185
870      870   (1)      2  : 0.0497 0.7694 0.0725 0.0610 0.0475
871      871   (1)      2  : 0.0281 0.0847 0.8009 0.0428 0.0435
872      872   (1)      2  : 0.0433 0.1198 0.4635 0.2191 0.1542
873      873   (1)      2  : 0.0294 0.8736 0.0227 0.0348 0.0396
874      874   (1)      2  : 0.6032 0.0465 0.0432 0.1716 0.1354
875      875   (1)      2  : 0.1453 0.1130 0.3527 0.0996 0.2894
876      876   (1)      2  : 0.1048 0.0734 0.5448 0.1810 0.0960
877      877   (1)      2  : 0.0569 0.4218 0.0430 0.3484 0.1299
878      878   (0)      2  : 0.1363 0.1946 0.0827 0.4282 0.1582
879      879   (2)      2  : 0.0218 0.9190 0.0177 0.0213 0.0202
880      880   (1)      2  : 0.1944 0.2521 0.2734 0.1599 0.1202
881      881   (2)      2  : 0.0477 0.6937 0.0550 0.0676 0.1360
882      882   (1)      2  : 0.1509 0.0619 0.1727 0.4471 0.1675
