  1        1   (0)      1 :  0.2039 0.3932 0.3777 0.0252 
  2        2   (1)      1 :  0.1575 0.3812 0.3370 0.1243 
  3        3   (1)      1 :  0.1155 0.2881 0.5115 0.0849 
  4        4   (1)      1 :  0.3644 0.2036 0.3939 0.0382 
  5        5   (2)      1 :  0.0214 0.0182 0.0243 0.9361 
  6        6   (1)      1 :  0.1676 0.0772 0.4742 0.2810 
  7        7   (1)      1 :  0.3226 0.2135 0.2007 0.2631 
  8        8   (0)      1 :  0.4453 0.2447 0.2848 0.0252 
  9        9   (1)      1 :  0.0995 0.2385 0.4283 0.2336 
 10       10   (1)      1 :  0.1688 0.1709 0.1265 0.5338 
 11       11   (0)      1 :  0.2464 0.2318 0.3657 0.1562 
 12       12   (0)      1 :  0.2049 0.0886 0.5308 0.1757 
 13       13   (1)      1 :  0.5034 0.2599 0.1875 0.0492 
 14       14   (1)      1 :  0.2977 0.0395 0.1624 0.5004 
 15       15   (2)      1 :  0.3407 0.0536 0.1277 0.4780 
 16       16   (1)      1 :  0.3871 0.2121 0.2452 0.1557 
 17       17   (1)      1 :  0.4228 0.0311 0.4044 0.1417 
 18       18   (2)      1 :  0.3473 0.4255 0.1891 0.0380 
 19       19   (1)      1 :  0.5121 0.2076 0.1978 0.0826 
 20       20   (1)      1 :  0.4395 0.0426 0.2615 0.2564 
 21       21   (1)      1 :  0.2920 0.1691 0.2532 0.2858 
 22       22   (1)      1 :  0.1684 0.4551 0.2748 0.1016 
 23       23   (1)      1 :  0.1504 0.1722 0.4425 0.2348 
 24       24   (1)      1 :  0.0545 0.8364 0.0832 0.0259 
 25       25   (1)      1 :  0.3962 0.1206 0.2149 0.2684 
 26       26   (1)      1 :  0.1801 0.3970 0.2573 0.1657 
 27       27   (1)      1 :  0.5367 0.0808 0.3054 0.0771 
 28       28   (1)      1 :  0.0355 0.8778 0.0509 0.0358 
 29       29   (1)      1 :  0.3029 0.2371 0.3680 0.0920 
 30       30   (1)      1 :  0.0941 0.0806 0.1435 0.6817 
 31       31   (1)      1 :  0.3492 0.2594 0.3313 0.0600 
 32       32   (1)      1 :  0.3239 0.2940 0.2146 0.1675 
 33       33   (1)      1 :  0.1669 0.4267 0.2300 0.1765 
 34       34   (1)      1 :  0.2385 0.0752 0.0972 0.5891 
 35       35   (0)      1 :  0.2442 0.3856 0.2338 0.1363 
 36       36   (1)      1 :  0.1669 0.1173 0.4662 0.2496 
 37       37   (1)      1 :  0.1715 0.5351 0.1446 0.1487 
 38       38   (1)      1 :  0.0601 0.3486 0.0655 0.5258 
 39       39   (1)      1 :  0.3386 0.0962 0.3356 0.2296 
 40       40   (0)      1 :  0.3048 0.0569 0.3173 0.3209 
 41       41   (1)      1 :  0.4966 0.1272 0.3269 0.0493 
 42       42   (1)      1 :  0.0705 0.0310 0.0750 0.8236 
 43       43   (1)      1 :  0.1769 0.2409 0.5163 0.0659 
 44       44   (7)      1 :  0.1486 0.1502 0.6312 0.0700 
 45       45   (2)      1 :  0.1095 0.3445 0.1578 0.3882 
 46       46   (1)      1 :  0.2260 0.4590 0.2256 0.0894 
 47       47   (0)      1 :  0.0799 0.7360 0.0884 0.0957 
 48       48   (1)      1 :  0.2340 0.1953 0.5018 0.0688 
 49       49   (0)      1 :  0.2841 0.4064 0.2495 0.0600 
 50       50   (1)      1 :  0.6851 0.0449 0.2303 0.0397 
 51       51   (2)      1 :  0.0921 0.0779 0.0897 0.7404 
 52       52   (1)      1 :  0.0408 0.0506 0.0434 0.8652 
 53       53   (2)      1 :  0.0976 0.7061 0.1486 0.0476 
 54       54   (1)      1 :  0.1348 0.5794 0.1805 0.1053 
 55       55   (3)      1 :  0.4519 0.0942 0.3083 0.1456 
 56       56   (1)      1 :  0.1852 0.5678 0.1227 0.1242 
 57       57   (0)      1 :  0.1447 0.6843 0.1362 0.0347 
 58       58   (1)      1 :  0.0898 0.0697 0.1039 0.7366 
 59       59   (0)      1 :  0.1909 0.5754 0.1933 0.0404 
 60       60   (2)      1 :  0.3203 0.1228 0.3753 0.1817 
 61       61   (1)      1 :  0.2206 0.5486 0.1390 0.0918 
 62       62   (1)      1 :  0.2096 0.1508 0.5745 0.0651 
 63       63   (0)      1 :  0.1271 0.4581 0.1522 0.2626 
 64       64   (3)      1 :  0.3115 0.1472 0.4466 0.0946 
 65       65   (1)      1 :  0.4906 0.1726 0.2438 0.0929 
 66       66   (4)      1 :  0.4228 0.0636 0.1702 0.3434 
 67       67   (0)      1 :  0.3446 0.4347 0.1628 0.0579 
 68       68   (2)      1 :  0.1189 0.5556 0.2481 0.0774 
 69       69   (2)      1 :  0.0952 0.5531 0.0739 0.2778 
 70       70   (1)      1 :  0.2213 0.3344 0.3856 0.0587 
 71       71   (0)      1 :  0.4186 0.1548 0.3739 0.0528 
 72       72   (5)      1 :  0.2766 0.2068 0.4810 0.0356 
 73       73   (1)      1 :  0.1018 0.4206 0.1364 0.3411 
 74       74   (1)      1 :  0.3223 0.0503 0.5795 0.0479 
 75       75   (1)      1 :  0.2960 0.4058 0.1436 0.1546 
 76       76   (1)      1 :  0.0914 0.7203 0.1245 0.0638 
 77       77   (1)      1 :  0.0320 0.0233 0.0289 0.9158 
 78       78   (1)      1 :  0.3201 0.1717 0.4461 0.0621 
 79       79   (2)      1 :  0.2951 0.2929 0.3202 0.0917 
 80       80   (2)      1 :  0.0759 0.1010 0.0785 0.7446 
 81       81   (2)      1 :  0.1600 0.1258 0.2274 0.4868 
 82       82   (1)      1 :  0.1118 0.6297 0.2274 0.0311 
 83       83   (0)      1 :  0.2925 0.4526 0.1828 0.0720 
 84       84   (1)      1 :  0.2473 0.0924 0.4075 0.2528 
 85       85   (6)      1 :  0.3687 0.2574 0.3220 0.0519 
 86       86   (1)      1 :  0.4767 0.0375 0.3680 0.1178 
 87       87   (2)      1 :  0.1605 0.4027 0.3842 0.0526 
 88       88   (0)      2 :  0.0653 0.0310 0.0446 0.8591 
 89       89   (1)      2 :  0.4788 0.1125 0.3077 0.1010 
 90       90   (1)      2 :  0.0373 0.0322 0.0437 0.8868 
 91       91   (2)      2 :  0.2859 0.3647 0.3277 0.0218 
 92       92   (1)      2 :  0.1339 0.6775 0.1196 0.0690 
 93       93   (1)      2 :  0.0681 0.8222 0.0837 0.0259 
 94       94   (1)      2 :  0.3297 0.0606 0.3614 0.2482 
 95       95   (0)      2 :  0.2277 0.0570 0.4395 0.2758 
 96       96   (2)      2 :  0.4988 0.1334 0.2409 0.1269 
 97       97   (1)      2 :  0.0378 0.7453 0.0547 0.1622 
 98       98   (0)      2 :  0.4147 0.1597 0.3603 0.0653 
 99       99   (0)      2 :  0.1820 0.5353 0.1436 0.1391 
100      100   (1)      2 :  0.2709 0.1477 0.5208 0.0606 
101      101   (1)      2 :  0.1127 0.2091 0.1271 0.5512 
102      102   (1)      2 :  0.6025 0.0687 0.2320 0.0968 
103      103   (2)      2 :  0.1922 0.2870 0.2561 0.2647 
104      104   (1)      2 :  0.1441 0.6458 0.1593 0.0508 
105      105   (1)      2 :  0.0783 0.5784 0.1067 0.2366 
106      106   (1)      2 :  0.0215 0.0422 0.0259 0.9104 
107      107   (2)      2 :  0.4970 0.1562 0.2067 0.1402 
108      108   (0)      2 :  0.2974 0.3993 0.2193 0.0841 
109      109   (1)      2 :  0.3707 0.0456 0.2930 0.2907 
110      110   (1)      2 :  0.0964 0.5515 0.1275 0.2247 
111      111   (1)      2 :  0.1651 0.5845 0.1535 0.0968 
112      112   (2)      2 :  0.3751 0.0782 0.4093 0.1374 
113      113   (1)      2 :  0.2039 0.0665 0.1573 0.5723 
114      114   (3)      2 :  0.3129 0.1617 0.4524 0.0729 
115      115   (2)      2 :  0.0729 0.4904 0.3567 0.0800 
116      116   (0)      2 :  0.3123 0.1270 0.4124 0.1482 
117      117   (1)      2 :  0.3214 0.0934 0.2954 0.2899 
118      118   (1)      2 :  0.3900 0.2822 0.2801 0.0476 
119      119   (3)      2 :  0.5300 0.0898 0.2919 0.0883 
120      120   (1)      2 :  0.0788 0.8299 0.0703 0.0210 
121      121   (0)      2 :  0.3774 0.0638 0.4809 0.0778 
122      122   (1)      2 :  0.2700 0.2936 0.3452 0.0912 
123      123   (1)      2 :  0.3468 0.3238 0.2963 0.0332 
124      124   (0)      2 :  0.1750 0.0747 0.6020 0.1482 
125      125   (1)      2 :  0.0905 0.5762 0.2036 0.1298 
126      126   (1)      2 :  0.1019 0.0732 0.1394 0.6855 
127      127   (1)      2 :  0.6982 0.0859 0.1343 0.0815 
128      128   (1)      2 :  0.0838 0.7955 0.0716 0.0491 
129      129   (1)      2 :  0.2304 0.2021 0.2313 0.3361 
130      130   (1)      2 :  0.1790 0.0480 0.6950 0.0780 
131      131   (1)      2 :  0.1950 0.3055 0.3714 0.1281 
132      132   (1)      2 :  0.1640 0.5980 0.1656 0.0724 
133      133   (1)      2 :  0.2887 0.1260 0.5393 0.0460 
134      134   (1)      2 :  0.5323 0.1218 0.2397 0.1063 
135      135   (1)      2 :  0.0392 0.8916 0.0411 0.0281 
136      136   (3)      2 :  0.4407 0.1668 0.3380 0.0545 
137      137   (1)      2 :  0.3203 0.0721 0.3304 0.2772 
138      138   (1)      2 :  0.0948 0.0389 0.1519 0.7144 
139      139   (2)      2 :  0.2838 0.1111 0.5692 0.0359 
140      140   (3)      2 :  0.5014 0.1026 0.2486 0.1473 
141      141   (0)      2 :  0.2088 0.1980 0.1496 0.4437 
142      142   (1)      2 :  0.2006 0.2609 0.1694 0.3691 
143      143   (0)      2 :  0.0647 0.7051 0.1407 0.0894 
144      144   (1)      2 :  0.2792 0.0943 0.6040 0.0225 
145      145   (1)      2 :  0.2345 0.0653 0.6609 0.0393 
146      146   (2)      2 :  0.1170 0.6597 0.1397 0.0837 
147      147   (1)      2 :  0.5371 0.1686 0.2221 0.0723 
148      148   (1)      2 :  0.4004 0.2479 0.3216 0.0300 
149      149   (2)      2 :  0.2712 0.4447 0.1743 0.1098 
150      150   (2)      2 :  0.1924 0.5984 0.1234 0.0857 
151      151   (1)      2 :  0.3554 0.2431 0.2552 0.1462 
152      152   (0)      2 :  0.2774 0.1896 0.4484 0.0845 
153      153   (1)      2 :  0.0569 0.8535 0.0429 0.0467 
154      154   (2)      2 :  0.3792 0.0683 0.4637 0.0888 
155      155   (1)      2 :  0.2635 0.2987 0.3117 0.1261 
156      156   (1)      2 :  0.3691 0.2230 0.2431 0.1647 
157      157   (0)      2 :  0.1897 0.3187 0.3916 0.1000 
158      158   (2)      2 :  0.4151 0.2281 0.3234 0.0334 
159      159   (1)      2 :  0.4803 0.0604 0.3975 0.0618 
160      160   (0)      2 :  0.4279 0.3241 0.1658 0.0823 
161      161   (1)      2 :  0.2410 0.5008 0.2046 0.0536 
162      162   (1)      2 :  0.3699 0.2851 0.2396 0.1054 
163      163   (1)      2 :  0.1282 0.6455 0.1653 0.0610 
164      164   (1)      2 :  0.4712 0.0965 0.3950 0.0373 
165      165   (0)      2 :  0.2599 0.2474 0.4613 0.0315 
166      166   (0)      2 :  0.2891 0.0784 0.5583 0.0742 
167      167   (2)      2 :  0.2166 0.3619 0.2840 0.1375 
168      168   (0)      2 :  0.3869 0.1257 0.3814 0.1061 
169      169   (1)      2 :  0.0320 0.0181 0.0286 0.9213 
170      170   (1)      2 :  0.0868 0.7168 0.1172 0.0792 
171      171   (1)      2 :  0.4165 0.1286 0.4089 0.0461 
172      172   (0)      2 :  0.1230 0.3448 0.0842 0.4479 
173      173   (1)      2 :  0.0321 0.0291 0.0333 0.9055 
174      174   (0)      2 :  0.1810 0.1353 0.6299 0.0538 
175      175   (1)      2 :  0.4076 0.1252 0.4222 0.0449 
176      176   (1)      2 :  0.2074 0.6450 0.0834 0.0642 
177      177   (1)      2 :  0.0675 0.8140 0.0983 0.0203 
178      178   (0)      2 :  0.4960 0.0358 0.4085 0.0597 
179      179   (1)      2 :  0.1807 0.5510 0.2356 0.0327 
180      180   (1)      2 :  0.0505 0.0791 0.0529 0.8175 
181      181   (1)      2 :  0.3793 0.1154 0.4436 0.0618 
182      182   (1)      2 :  0.3586 0.0988 0.3236 0.2190 
183      183   (1)      2 :  0.3512 0.1359 0.4612 0.0517 
184      184   (1)      2 :  0.1752 0.1233 0.1110 0.5905 
185      185   (2)      2 :  0.3476 0.1198 0.5131 0.0195 
186      186   (1)      2 :  0.1034 0.5897 0.1694 0.1375 
187      187   (0)      2 :  0.1743 0.0770 0.7122 0.0365 
188      188   (1)      2 :  0.2852 0.1881 0.4305 0.0963 
189      189   (0)      2 :  0.1839 0.4061 0.2054 0.2046 
190      190   (0)      2 :  0.1344 0.6859 0.1087 0.0711 
191      191   (2)      2 :  0.0923 0.6809 0.1744 0.0525 
192      192   (1)      2 :  0.7359 0.0384 0.1751 0.0506 
193      193   (1)      2 :  0.3533 0.1737 0.3086 0.1644 
194      194   (0)      2 :  0.7488 0.0659 0.1600 0.0253 
195      195   (1)      2 :  0.0856 0.0329 0.0716 0.8099 
196      196   (1)      2 :  0.1682 0.0461 0.7427 0.0429 
197      197   (1)      2 :  0.1929 0.5210 0.2009 0.0853 
198      198   (1)      2 :  0.0881 0.0671 0.0617 0.7831 
199      199   (0)      2 :  0.3681 0.1010 0.4848 0.0461 
200      200   (0)      2 :  0.0894 0.7049 0.1329 0.0728 
201      201   (1)      2 :  0.4717 0.1090 0.3823 0.0371 
202      202   (0)      2 :  0.0936 0.8151 0.0721 0.0192 
203      203   (0)      2 :  0.2924 0.1996 0.4511 0.0569 
204      204   (1)      2 :  0.3947 0.2140 0.3120 0.0792 
205      205   (1)      2 :  0.1703 0.1373 0.5560 0.1363 
206      206   (1)      2 :  0.0512 0.0481 0.0561 0.8446 
207      207   (1)      2 :  0.2327 0.1068 0.3781 0.2824 
208      208   (1)      2 :  0.5196 0.0982 0.3262 0.0560 
209      209   (0)      2 :  0.0978 0.2000 0.1266 0.5756 
210      210   (1)      2 :  0.0327 0.0212 0.0372 0.9089 
211      211   (0)      2 :  0.3178 0.1367 0.3316 0.2139 
212      212   (1)      2 :  0.1532 0.4424 0.1301 0.2743 
213      213   (1)      2 :  0.1907 0.1451 0.6210 0.0432 
214      214   (1)      2 :  0.2827 0.0870 0.5550 0.0753 
215      215   (1)      2 :  0.7221 0.1024 0.1338 0.0417 
216      216   (1)      2 :  0.0537 0.0338 0.0728 0.8397 
217      217   (1)      2 :  0.2340 0.1191 0.2193 0.4276 
218      218   (1)      2 :  0.1060 0.6230 0.2252 0.0459 
219      219   (1)      2 :  0.5001 0.0489 0.2988 0.1522 
220      220   (1)      2 :  0.4581 0.2014 0.3195 0.0209 
221      221   (0)      2 :  0.1127 0.0924 0.4861 0.3089 
222      222   (1)      2 :  0.3555 0.3165 0.2697 0.0583 
223      223   (0)      2 :  0.3020 0.1281 0.4805 0.0895 
224      224   (1)      2 :  0.5916 0.0937 0.2783 0.0364 
225      225   (1)      2 :  0.0279 0.0231 0.0262 0.9228 
226      226   (0)      2 :  0.3187 0.0672 0.3504 0.2638 
227      227   (1)      2 :  0.0310 0.0518 0.0347 0.8825 
228      228   (1)      2 :  0.4082 0.0528 0.4731 0.0660 
229      229   (2)      2 :  0.1788 0.2045 0.5710 0.0457 
230      230   (1)      2 :  0.1499 0.2717 0.3137 0.2647 
231      231   (1)      2 :  0.3019 0.0672 0.5353 0.0957 
232      232   (2)      2 :  0.2326 0.2348 0.4674 0.0652 
233      233   (1)      2 :  0.3900 0.1240 0.3468 0.1393 
234      234   (1)      2 :  0.0317 0.0325 0.0321 0.9037 
235      235   (0)      2 :  0.2206 0.1166 0.0991 0.5637 
236      236   (1)      2 :  0.4012 0.3283 0.2294 0.0412 
237      237   (1)      2 :  0.4130 0.2162 0.2471 0.1236 
238      238   (0)      2 :  0.4071 0.0698 0.3547 0.1685 
239      239   (1)      2 :  0.6381 0.0790 0.1507 0.1322 
240      240   (1)      2 :  0.1918 0.1144 0.6286 0.0652 
241      241   (0)      2 :  0.1832 0.5665 0.1325 0.1178 
242      242   (1)      2 :  0.6167 0.2348 0.1189 0.0296 
243      243   (1)      2 :  0.2057 0.4766 0.2455 0.0722 
244      244   (1)      2 :  0.1716 0.3965 0.3416 0.0904 
245      245   (0)      2 :  0.0222 0.0233 0.0226 0.9319 
246      246   (1)      2 :  0.0945 0.5893 0.1011 0.2151 
247      247   (0)      2 :  0.1265 0.1688 0.1639 0.5407 
248      248   (1)      2 :  0.1134 0.1175 0.1763 0.5929 
249      249   (1)      2 :  0.2399 0.0836 0.5826 0.0939 
250      250   (0)      2 :  0.3417 0.2080 0.2887 0.1615 
251      251   (1)      2 :  0.2388 0.1183 0.5534 0.0895 
252      252   (0)      2 :  0.0510 0.8151 0.0851 0.0488 
253      253   (0)      2 :  0.4877 0.0940 0.3105 0.1079 
254      254   (1)      2 :  0.1837 0.5337 0.1972 0.0855 
255      255   (1)      2 :  0.0797 0.6184 0.2578 0.0441 
256      256   (1)      2 :  0.1003 0.3860 0.1488 0.3650 
257      257   (0)      2 :  0.1821 0.1042 0.6035 0.1102 
258      258   (1)      1 :  0.2233 0.2189 0.2717 0.2861 
259      259   (2)      1 :  0.2156 0.1217 0.1246 0.5381 
260      260   (1)      1 :  0.6440 0.1368 0.1776 0.0417 
261      261   (0)      1 :  0.3948 0.0701 0.4517 0.0834 
262      262   (1)      1 :  0.2857 0.2295 0.3061 0.1787 
263      263   (0)      1 :  0.1762 0.5596 0.2077 0.0565 
264      264   (1)      1 :  0.3191 0.1245 0.4539 0.1025 
265      265   (1)      1 :  0.4088 0.1596 0.3613 0.0704 
266      266   (1)      1 :  0.1993 0.0701 0.7044 0.0262 
267      267   (1)      1 :  0.2912 0.1593 0.3301 0.2193 
268      268   (2)      1 :  0.1337 0.5151 0.1659 0.1853 
269      269   (1)      1 :  0.3390 0.1106 0.3119 0.2385 
270      270   (1)      1 :  0.0883 0.5768 0.2835 0.0514 
271      271   (1)      1 :  0.2178 0.1146 0.2295 0.4382 
272      272   (0)      1 :  0.3072 0.0546 0.3893 0.2489 
273      273   (0)      1 :  0.4429 0.2232 0.2721 0.0618 
274      274   (1)      1 :  0.0670 0.0475 0.0969 0.7886 
275      275   (1)      1 :  0.3232 0.2933 0.2068 0.1767 
276      276   (1)      1 :  0.5853 0.0969 0.2305 0.0873 
277      277   (1)      1 :  0.3856 0.0692 0.4195 0.1257 
278      278   (1)      1 :  0.2802 0.0738 0.2774 0.3687 
279      279   (0)      1 :  0.5303 0.0626 0.1724 0.2347 
280      280   (1)      1 :  0.1228 0.4087 0.3070 0.1615 
281      281   (1)      1 :  0.4027 0.1005 0.4183 0.0786 
282      282   (1)      1 :  0.2217 0.1960 0.3269 0.2553 
283      283   (1)      1 :  0.4684 0.1033 0.3458 0.0825 
284      284   (0)      1 :  0.2713 0.2174 0.4687 0.0426 
285      285   (1)      1 :  0.3694 0.3732 0.1863 0.0711 
286      286   (1)      1 :  0.4849 0.2053 0.2734 0.0365 
287      287   (1)      1 :  0.0177 0.0151 0.0163 0.9509 
288      288   (1)      1 :  0.0921 0.0579 0.0742 0.7758 
289      289   (1)      1 :  0.4936 0.0711 0.2749 0.1605 
290      290   (1)      1 :  0.0250 0.0271 0.0260 0.9219 
291      291   (1)      1 :  0.1206 0.2548 0.1601 0.4644 
292      292   (1)      1 :  0.2955 0.0905 0.3242 0.2897 
293      293   (1)      1 :  0.1175 0.6944 0.1363 0.0518 
294      294   (1)      1 :  0.4003 0.0662 0.2752 0.2583 
295      295   (0)      1 :  0.3954 0.2491 0.3158 0.0398 
296      296   (0)      1 :  0.5658 0.1369 0.2447 0.0526 
297      297   (1)      1 :  0.0755 0.0374 0.0851 0.8021 
298      298   (0)      1 :  0.5390 0.0615 0.3633 0.0362 
299      299   (1)      1 :  0.2272 0.3647 0.1248 0.2833 
300      300   (1)      1 :  0.4194 0.1375 0.3800 0.0632 
301      301   (0)      1 :  0.0420 0.0306 0.0483 0.8791 
302      302   (1)      1 :  0.2545 0.0728 0.1882 0.4845 
303      303   (1)      1 :  0.4580 0.0799 0.2719 0.1902 
304      304   (1)      1 :  0.5201 0.1195 0.1576 0.2029 
305      305   (1)      1 :  0.4878 0.1410 0.3231 0.0482 
306      306   (1)      1 :  0.1021 0.0280 0.1969 0.6730 
307      307   (2)      1 :  0.2669 0.3222 0.3748 0.0361 
308      308   (0)      1 :  0.3756 0.0827 0.3837 0.1580 
309      309   (2)      1 :  0.0318 0.0307 0.0323 0.9052 
310      310   (0)      1 :  0.2148 0.1024 0.1954 0.4873 
311      311   (0)      1 :  0.2705 0.0671 0.1126 0.5498 
312      312   (0)      1 :  0.1517 0.6406 0.1522 0.0556 
313      313   (1)      1 :  0.3926 0.1706 0.4078 0.0290 
314      314   (0)      1 :  0.1285 0.6784 0.1259 0.0672 
315      315   (1)      1 :  0.2501 0.1555 0.4977 0.0968 
316      316   (1)      1 :  0.4056 0.1138 0.4285 0.0521 
317      317   (1)      1 :  0.2726 0.4645 0.1904 0.0724 
318      318   (1)      1 :  0.1715 0.5386 0.2438 0.0461 
319      319   (1)      1 :  0.4489 0.1967 0.3242 0.0302 
320      320   (0)      1 :  0.4704 0.1270 0.3793 0.0233 
321      321   (1)      1 :  0.4367 0.1083 0.4110 0.0440 
322      322   (0)      1 :  0.2631 0.0919 0.2600 0.3851 
323      323   (1)      1 :  0.5362 0.0424 0.3804 0.0410 
324      324   (1)      1 :  0.2108 0.2200 0.5284 0.0408 
325      325   (1)      1 :  0.1540 0.0790 0.2961 0.4710 
326      326   (1)      1 :  0.3036 0.0676 0.5493 0.0795 
327      327   (1)      1 :  0.3648 0.2044 0.3729 0.0580 
328      328   (1)      2 :  0.1565 0.6341 0.1500 0.0594 
329      329   (0)      2 :  0.2587 0.0994 0.5430 0.0989 
330      330   (0)      2 :  0.2514 0.0389 0.6200 0.0897 
331      331   (1)      2 :  0.1287 0.0945 0.1137 0.6631 
332      332   (1)      2 :  0.0993 0.0858 0.0683 0.7467 
333      333   (1)      2 :  0.0628 0.0383 0.0565 0.8424 
334      334   (1)      2 :  0.1627 0.2395 0.3581 0.2397 
335      335   (0)      2 :  0.1984 0.5426 0.2237 0.0352 
336      336   (1)      2 :  0.0439 0.0312 0.0456 0.8793 
337      337   (1)      2 :  0.5003 0.0677 0.3784 0.0536 
338      338   (1)      2 :  0.0589 0.0254 0.0497 0.8660 
339      339   (1)      2 :  0.3523 0.0707 0.5028 0.0743 
340      340   (0)      2 :  0.1619 0.5196 0.1459 0.1725 
341      341   (1)      2 :  0.4410 0.3300 0.2037 0.0252 
342      342   (2)      2 :  0.2468 0.1159 0.1980 0.4393 
343      343   (2)      2 :  0.1416 0.3200 0.1684 0.3700 
344      344   (3)      2 :  0.2118 0.1614 0.1175 0.5093 
345      345   (2)      2 :  0.0792 0.1118 0.1182 0.6908 
346      346   (4)      2 :  0.1882 0.0399 0.7335 0.0384 
347      347   (3)      2 :  0.5858 0.0640 0.2813 0.0689 
348      348   (1)      2 :  0.2300 0.1100 0.4255 0.2345 
349      349   (1)      2 :  0.5961 0.0782 0.2755 0.0502 
350      350   (1)      2 :  0.5858 0.0549 0.2938 0.0655 
351      351   (0)      2 :  0.1532 0.0429 0.0715 0.7324 
352      352   (4)      2 :  0.1903 0.1159 0.2162 0.4777 
353      353   (2)      2 :  0.1608 0.2291 0.3709 0.2392 
354      354   (1)      2 :  0.2770 0.0820 0.5229 0.1182 
355      355   (2)      2 :  0.2244 0.1033 0.6188 0.0535 
356      356   (1)      2 :  0.2115 0.4985 0.2333 0.0567 
357      357   (2)      2 :  0.0521 0.2170 0.0502 0.6808 
358      358   (2)      2 :  0.2798 0.4612 0.2309 0.0281 
359      359   (3)      2 :  0.5095 0.1385 0.2299 0.1221 
360      360   (0)      2 :  0.1742 0.4962 0.2541 0.0755 
361      361   (1)      2 :  0.2968 0.0897 0.5867 0.0268 
362      362   (1)      2 :  0.2725 0.1059 0.3820 0.2396 
363      363   (2)      2 :  0.1923 0.2713 0.2469 0.2895 
364      364   (3)      2 :  0.6911 0.0794 0.1999 0.0296 
365      365   (4)      2 :  0.3827 0.0541 0.5077 0.0555 
366      366   (4)      2 :  0.2640 0.4566 0.2236 0.0558 
367      367   (3)      2 :  0.0724 0.0451 0.0876 0.7949 
368      368   (3)      2 :  0.2901 0.0928 0.2073 0.4099 
369      369   (2)      2 :  0.1386 0.4169 0.3391 0.1053 
370      370   (3)      2 :  0.2736 0.1275 0.5146 0.0843 
371      371   (1)      2 :  0.3276 0.2142 0.4007 0.0575 
372      372   (3)      2 :  0.4655 0.1744 0.2247 0.1354 
373      373   (5)      2 :  0.1285 0.5960 0.1483 0.1272 
374      374   (5)      2 :  0.1082 0.7878 0.0745 0.0295 
375      375   (3)      2 :  0.3217 0.0740 0.4688 0.1354 
376      376   (3)      2 :  0.0442 0.0296 0.0409 0.8853 
377      377   (4)      2 :  0.1097 0.5108 0.1300 0.2495 
378      378   (0)      2 :  0.4415 0.2342 0.2131 0.1113 
379      379   (5)      2 :  0.3759 0.2113 0.2553 0.1576 
380      380   (4)      2 :  0.1774 0.2865 0.3311 0.2051 
381      381   (1)      2 :  0.4910 0.1802 0.2565 0.0722 
382      382   (1)      2 :  0.4259 0.2064 0.3113 0.0564 
383      383   (3)      2 :  0.1453 0.1005 0.2674 0.4868 
384      384   (2)      2 :  0.5137 0.0420 0.2015 0.2428 
385      385   (4)      2 :  0.2836 0.0415 0.6077 0.0672 
386      386   (2)      2 :  0.3682 0.0509 0.1958 0.3852 
387      387   (1)      2 :  0.1982 0.3370 0.1255 0.3393 
388      388   (6)      2 :  0.2082 0.4656 0.2381 0.0881 
389      389   (1)      2 :  0.3547 0.0824 0.3855 0.1775 
390      390   (1)      2 :  0.4860 0.1169 0.2998 0.0974 
391      391   (3)      2 :  0.0418 0.0620 0.0435 0.8526 
392      392   (2)      2 :  0.2692 0.2997 0.3807 0.0503 
393      393   (4)      2 :  0.0575 0.7569 0.0909 0.0947 
394      394   (3)      2 :  0.0995 0.0387 0.1005 0.7613 
395      395   (7)      2 :  0.0974 0.4949 0.1479 0.2598 
396      396   (4)      2 :  0.1118 0.2406 0.0908 0.5568 
397      397   (1)      2 :  0.3666 0.1759 0.3757 0.0818 
398      398   (3)      2 :  0.1718 0.2004 0.3756 0.2523 
399      399   (2)      2 :  0.1306 0.2999 0.1911 0.3784 
400      400   (0)      2 :  0.3492 0.1282 0.4450 0.0776 
401      401   (6)      2 :  0.0781 0.7212 0.1137 0.0870 
402      402   (5)      2 :  0.0748 0.4984 0.1656 0.2612 
403      403   (1)      2 :  0.2377 0.2872 0.2856 0.1896 
404      404   (2)      2 :  0.3946 0.0619 0.3639 0.1796 
405      405   (3)      2 :  0.4740 0.1240 0.3502 0.0518 
406      406   (2)      2 :  0.4101 0.0618 0.4715 0.0566 
407      407   (2)      2 :  0.3669 0.3364 0.1311 0.1655 
408      408   (2)      2 :  0.2985 0.3682 0.1798 0.1534 
409      409   (1)      2 :  0.2068 0.3337 0.4061 0.0534 
410      410   (1)      2 :  0.3271 0.0928 0.5387 0.0414 
411      411   (1)      2 :  0.1984 0.1189 0.6256 0.0571 
412      412   (0)      2 :  0.6876 0.0605 0.2213 0.0306 
413      413   (1)      2 :  0.2684 0.0508 0.6235 0.0573 
414      414   (2)      2 :  0.5684 0.0707 0.3237 0.0372 
415      415   (2)      2 :  0.1268 0.2249 0.6203 0.0281 
416      416   (3)      2 :  0.3444 0.0871 0.4680 0.1005 
417      417   (1)      2 :  0.2328 0.4213 0.2737 0.0722 
418      418   (0)      2 :  0.0559 0.7801 0.1124 0.0516 
419      419   (1)      2 :  0.2041 0.4144 0.3418 0.0396 
420      420   (0)      2 :  0.1905 0.0450 0.7182 0.0462 
421      421   (1)      2 :  0.5101 0.0926 0.3211 0.0762 
422      422   (6)      2 :  0.2270 0.1828 0.5095 0.0807 
423      423   (2)      2 :  0.1988 0.1371 0.5890 0.0752 
424      424   (1)      2 :  0.1532 0.2689 0.2964 0.2814 
425      425   (1)      2 :  0.2059 0.0860 0.3797 0.3283 
426      426   (3)      2 :  0.2952 0.2312 0.4235 0.0501 
427      427   (2)      2 :  0.2475 0.0309 0.0995 0.6221 
428      428   (6)      2 :  0.2334 0.0567 0.6817 0.0282 
429      429   (1)      2 :  0.3463 0.0385 0.3840 0.2312 
430      430   (1)      2 :  0.2444 0.2429 0.3185 0.1943 
431      431   (0)      2 :  0.2968 0.0706 0.5546 0.0780 
432      432   (2)      2 :  0.0719 0.0656 0.0637 0.7988 
433      433   (2)      2 :  0.1071 0.6788 0.1074 0.1067 
434      434   (2)      2 :  0.2867 0.0920 0.4508 0.1704 
435      435   (8)      2 :  0.3380 0.1833 0.3679 0.1109 
436      436   (2)      2 :  0.2269 0.1702 0.5537 0.0492 
437      437   (4)      2 :  0.2488 0.2692 0.4331 0.0489 
438      438   (1)      2 :  0.0455 0.7855 0.0811 0.0878 
439      439   (2)      2 :  0.1723 0.1133 0.1568 0.5576 
440      440   (0)      2 :  0.0442 0.7537 0.0599 0.1422 
441      441   (1)      2 :  0.7386 0.0581 0.1636 0.0397 
442      442   (6)      2 :  0.3692 0.2319 0.2312 0.1678 
443      443   (1)      2 :  0.6431 0.0537 0.2733 0.0299 
444      444   (6)      2 :  0.1648 0.4261 0.3470 0.0621 
445      445   (2)      2 :  0.1683 0.2940 0.4315 0.1062 
446      446   (3)      2 :  0.1291 0.3784 0.1622 0.3304 
447      447   (2)      2 :  0.4225 0.1505 0.2877 0.1394 
448      448   (3)      2 :  0.5209 0.1024 0.2882 0.0885 
449      449   (1)      2 :  0.5506 0.0994 0.3050 0.0450 
450      450   (4)      2 :  0.1004 0.2807 0.3721 0.2468 
451      451   (3)      2 :  0.4473 0.1190 0.3673 0.0665 
452      452   (1)      2 :  0.5010 0.0509 0.3534 0.0947 
453      453   (1)      2 :  0.5088 0.0434 0.4137 0.0341 
454      454   (4)      2 :  0.2818 0.4752 0.1653 0.0776 
455      455   (4)      2 :  0.2057 0.1942 0.1183 0.4819 
456      456   (5)      2 :  0.1957 0.1145 0.5129 0.1769 
457      457   (3)      2 :  0.1514 0.5401 0.2665 0.0421 
458      458   (1)      2 :  0.3147 0.2317 0.3765 0.0771 
459      459   (1)      2 :  0.0491 0.0303 0.0540 0.8666 
460      460   (2)      2 :  0.4520 0.0766 0.4110 0.0604 
461      461   (1)      2 :  0.0687 0.1058 0.0655 0.7600 
462      462   (1)      2 :  0.3023 0.3615 0.3109 0.0253 
463      463   (4)      2 :  0.5622 0.1073 0.2519 0.0786 
464      464   (6)      2 :  0.2548 0.3141 0.3931 0.0379 
465      465   (3)      2 :  0.1265 0.5912 0.2311 0.0512 
466      466   (3)      2 :  0.2987 0.3181 0.2705 0.1127 
467      467   (2)      2 :  0.3302 0.1097 0.4387 0.1214 
468      468   (2)      2 :  0.2975 0.1408 0.5342 0.0275 
469      469   (1)      2 :  0.0294 0.0249 0.0337 0.9120 
470      470   (0)      2 :  0.1360 0.5028 0.0837 0.2774 
471      471   (2)      2 :  0.1902 0.1285 0.5625 0.1187 
472      472   (2)      2 :  0.2202 0.0400 0.7253 0.0145 
473      473   (1)      2 :  0.3284 0.1095 0.4456 0.1165 
474      474   (3)      2 :  0.2003 0.0993 0.6137 0.0867 
475      475   (1)      2 :  0.2329 0.4649 0.1711 0.1311 
476      476   (2)      2 :  0.4211 0.1327 0.3891 0.0572 
477      477   (0)      2 :  0.1558 0.3941 0.3227 0.1274 
478      478   (1)      2 :  0.4507 0.1146 0.3210 0.1137 
479      479   (1)      2 :  0.2091 0.2576 0.4610 0.0723 
480      480   (1)      2 :  0.3740 0.0946 0.4014 0.1300 
481      481   (1)      2 :  0.4419 0.1075 0.3896 0.0610 
482      482   (1)      2 :  0.1538 0.5536 0.2368 0.0559 
483      483   (0)      2 :  0.4074 0.2345 0.3072 0.0510 
484      484   (0)      2 :  0.6648 0.0737 0.1656 0.0959 
485      485   (0)      2 :  0.2021 0.5408 0.2126 0.0446 
486      486   (0)      2 :  0.3156 0.2221 0.3913 0.0709 
487      487   (1)      2 :  0.1039 0.7456 0.1019 0.0486 
488      488   (1)      2 :  0.1881 0.4164 0.2928 0.1026 
489      489   (1)      2 :  0.6124 0.0674 0.2515 0.0687 
490      490   (0)      2 :  0.4979 0.0493 0.4222 0.0306 
491      491   (0)      2 :  0.1831 0.6136 0.1239 0.0794 
492      492   (5)      2 :  0.0486 0.1150 0.0507 0.7857 
493      493   (1)      2 :  0.1738 0.2917 0.2219 0.3125 
494      494   (3)      2 :  0.3006 0.2027 0.4381 0.0586 
495      495   (1)      2 :  0.1993 0.2758 0.3875 0.1374 
496      496   (1)      2 :  0.2157 0.0484 0.5866 0.1493 
497      497   (1)      2 :  0.2044 0.2977 0.4699 0.0281 
498      498   (1)      2 :  0.3563 0.3536 0.1944 0.0957 
499      499   (1)      2 :  0.3424 0.2893 0.3093 0.0589 
500      500   (1)      2 :  0.3308 0.0535 0.4863 0.1294 
501      501   (2)      2 :  0.1215 0.5316 0.3085 0.0383 
502      502   (1)      2 :  0.1204 0.5174 0.1003 0.2619 
503      503   (2)      2 :  0.3388 0.2815 0.2348 0.1450 
504      504   (2)      2 :  0.1414 0.5825 0.1813 0.0948 
505      505   (2)      2 :  0.3286 0.1406 0.4140 0.1168 
506      506   (3)      2 :  0.1812 0.1407 0.5924 0.0856 
507      507   (1)      2 :  0.2017 0.0639 0.6005 0.1339 
508      508   (7)      2 :  0.1934 0.1257 0.6304 0.0504 
509      509   (1)      2 :  0.1919 0.3503 0.2457 0.2120 
510      510   (1)      2 :  0.0258 0.0227 0.0201 0.9314 
511      511   (2)      2 :  0.1209 0.5707 0.1339 0.1745 
512      512   (1)      2 :  0.1721 0.5837 0.2044 0.0397 
513      513   (3)      2 :  0.3535 0.0728 0.5276 0.0460 
514      514   (1)      2 :  0.0521 0.8567 0.0546 0.0366 
515      515   (5)      2 :  0.3050 0.1086 0.5383 0.0480 
516      516   (3)      2 :  0.0702 0.4948 0.0921 0.3428 
517      517   (1)      2 :  0.3478 0.4375 0.1852 0.0296 
518      518   (1)      2 :  0.1606 0.1838 0.1138 0.5418 
519      519   (0)      2 :  0.1326 0.3233 0.4066 0.1374 
520      520   (0)      2 :  0.5893 0.2038 0.1525 0.0544 
521      521   (2)      2 :  0.2142 0.1619 0.4951 0.1288 
522      522   (2)      2 :  0.1484 0.1249 0.3145 0.4122 
523      523   (1)      2 :  0.1392 0.3840 0.1309 0.3458 
524      524   (3)      2 :  0.2362 0.1506 0.4365 0.1767 
525      525   (1)      2 :  0.3762 0.3222 0.2278 0.0738 
526      526   (7)      2 :  0.4204 0.0838 0.4688 0.0270 
527      527   (4)      2 :  0.4122 0.0982 0.3629 0.1267 
528      528   (1)      2 :  0.4674 0.2614 0.2364 0.0348 
529      529   (2)      2 :  0.4179 0.0783 0.4592 0.0446 
530      530   (1)      2 :  0.1262 0.5075 0.2713 0.0950 
531      531   (2)      2 :  0.6141 0.1216 0.2154 0.0490 
532      532   (2)      2 :  0.2649 0.1611 0.5450 0.0290 
533      533   (5)      2 :  0.0382 0.0477 0.0308 0.8833 
534      534   (2)      2 :  0.2587 0.2031 0.3916 0.1465 
535      535   (3)      2 :  0.2741 0.4236 0.2216 0.0807 
536      536   (0)      2 :  0.2952 0.0857 0.4595 0.1596 
537      537   (3)      2 :  0.3442 0.1351 0.2210 0.2997 
538      538   (1)      2 :  0.2829 0.2243 0.4412 0.0516 
539      539   (1)      2 :  0.2199 0.4130 0.2873 0.0798 
540      540   (1)      2 :  0.4040 0.1433 0.3827 0.0699 
541      541   (5)      2 :  0.3689 0.3957 0.2137 0.0218 
542      542   (4)      2 :  0.4297 0.1383 0.2902 0.1417 
543      543   (2)      2 :  0.2168 0.4455 0.3112 0.0265 
544      544   (2)      2 :  0.1247 0.3921 0.4072 0.0761 
545      545   (2)      2 :  0.2539 0.2288 0.1667 0.3507 
546      546   (1)      2 :  0.2576 0.3693 0.3101 0.0631 
547      547   (1)      2 :  0.2439 0.3619 0.3014 0.0928 
548      548   (1)      2 :  0.0894 0.0496 0.0978 0.7632 
549      549   (1)      2 :  0.3415 0.2137 0.1202 0.3246 
550      550   (2)      2 :  0.3377 0.0993 0.2529 0.3101 
551      551   (4)      2 :  0.4987 0.0788 0.2495 0.1730 
552      552   (6)      2 :  0.5844 0.0279 0.3389 0.0488 
553      553   (3)      2 :  0.0506 0.8387 0.0712 0.0395 
554      554   (1)      2 :  0.1930 0.5525 0.2256 0.0289 
555      555   (4)      2 :  0.2670 0.4634 0.2256 0.0441 
556      556   (2)      2 :  0.3084 0.2502 0.3283 0.1131 
557      557   (0)      2 :  0.3312 0.1869 0.4289 0.0530 
558      558   (2)      2 :  0.2237 0.4225 0.2631 0.0907 
559      559   (3)      2 :  0.3830 0.1081 0.1684 0.3405 
560      560   (6)      2 :  0.2753 0.5485 0.1311 0.0450 
561      561   (1)      2 :  0.4129 0.0440 0.3308 0.2122 
562      562   (2)      2 :  0.1094 0.6351 0.1783 0.0772 
563      563   (2)      2 :  0.2580 0.2867 0.1026 0.3527 
564      564   (1)      2 :  0.1698 0.1488 0.2797 0.4017 
565      565   (1)      2 :  0.3057 0.0464 0.5745 0.0734 
566      566   (1)      2 :  0.2349 0.1497 0.5785 0.0369 
567      567   (1)      2 :  0.6676 0.0651 0.2147 0.0526 
568      568   (1)      2 :  0.6575 0.1018 0.2063 0.0344 
569      569   (3)      2 :  0.4167 0.1486 0.3770 0.0577 
570      570   (1)      2 :  0.1765 0.3142 0.1988 0.3106 
571      571   (2)      2 :  0.1319 0.1270 0.1508 0.5902 
572      572   (5)      2 :  0.0961 0.5853 0.1317 0.1869 
573      573   (5)      2 :  0.5064 0.1861 0.1067 0.2007 
574      574   (1)      2 :  0.5743 0.0648 0.1635 0.1974 
575      575   (2)      2 :  0.3385 0.3316 0.2871 0.0428 
576      576   (0)      2 :  0.1881 0.6702 0.1122 0.0295 
577      577   (1)      2 :  0.3709 0.1005 0.1922 0.3365 
578      578   (1)      2 :  0.8073 0.0300 0.1319 0.0308 
579      579   (2)      2 :  0.2456 0.4408 0.2215 0.0921 
580      580   (1)      2 :  0.2801 0.4107 0.2836 0.0255 
581      581   (1)      2 :  0.1185 0.5928 0.1314 0.1572 
582      582   (0)      2 :  0.2258 0.0597 0.6066 0.1079 
583      583   (1)      2 :  0.3813 0.3404 0.1967 0.0816 
584      584   (2)      2 :  0.3266 0.2385 0.0976 0.3373 
585      585   (1)      2 :  0.4842 0.0344 0.2161 0.2653 
586      586   (0)      2 :  0.1688 0.1107 0.1033 0.6172 
587      587   (1)      2 :  0.1911 0.2212 0.5454 0.0423 
588      588   (0)      2 :  0.2557 0.1344 0.1135 0.4964 
589      589   (2)      2 :  0.0529 0.8335 0.0688 0.0448 
590      590   (2)      2 :  0.1445 0.2481 0.4187 0.1887 
591      591   (1)      2 :  0.2414 0.1724 0.1469 0.4393 
592      592   (1)      2 :  0.2741 0.2855 0.3805 0.0598 
593      593   (1)      2 :  0.2839 0.0623 0.3536 0.3003 
594      594   (3)      2 :  0.3072 0.1485 0.4905 0.0538 
595      595   (1)      2 :  0.6111 0.1236 0.1424 0.1229 
596      596   (1)      2 :  0.2242 0.0990 0.5706 0.1062 
597      597   (1)      2 :  0.4061 0.0677 0.4161 0.1102 
598      598   (1)      2 :  0.1571 0.0894 0.1392 0.6143 
599      599   (1)      2 :  0.2775 0.4482 0.1704 0.1039 
600      600   (2)      2 :  0.2105 0.5261 0.2049 0.0586 
601      601   (7)      2 :  0.1409 0.7605 0.0763 0.0223 
602      602   (3)      2 :  0.1787 0.0601 0.6635 0.0977 
603      603   (1)      2 :  0.2544 0.3959 0.2828 0.0668 
604      604   (1)      2 :  0.4464 0.2481 0.2397 0.0658 
605      605   (1)      2 :  0.1789 0.5604 0.2123 0.0483 
606      606   (1)      2 :  0.3075 0.0628 0.1722 0.4575 
607      607   (1)      2 :  0.2442 0.2123 0.4671 0.0764 
608      608   (1)      2 :  0.2347 0.3941 0.3020 0.0692 
609      609   (1)      2 :  0.0642 0.8184 0.0542 0.0632 
610      610   (1)      2 :  0.1572 0.3400 0.2801 0.2228 
611      611   (1)      2 :  0.2153 0.2875 0.4219 0.0753 
612      612   (1)      2 :  0.4118 0.1080 0.3208 0.1595 
613      613   (2)      2 :  0.1086 0.1553 0.1298 0.6063 
614      614   (1)      2 :  0.0557 0.5680 0.0840 0.2923 
615      615   (1)      2 :  0.3603 0.0905 0.5000 0.0492 
616      616   (1)      2 :  0.2173 0.0729 0.6607 0.0491 
617      617   (1)      2 :  0.1866 0.3325 0.4420 0.0389 
618      618   (0)      2 :  0.4261 0.0526 0.3522 0.1691 
619      619   (1)      2 :  0.6062 0.0619 0.2133 0.1186 
620      620   (1)      2 :  0.2512 0.1559 0.2796 0.3132 
621      621   (1)      2 :  0.1802 0.3638 0.2316 0.2243 
622      622   (1)      2 :  0.2091 0.2822 0.4894 0.0193 
623      623   (1)      2 :  0.4390 0.0721 0.1647 0.3242 
624      624   (0)      2 :  0.4772 0.2263 0.1881 0.1085 
625      625   (0)      2 :  0.7081 0.0379 0.2039 0.0501 
626      626   (1)      2 :  0.1782 0.1238 0.6689 0.0292 
627      627   (1)      2 :  0.3676 0.0816 0.5104 0.0404 
628      628   (1)      2 :  0.2127 0.0687 0.1802 0.5384 
629      629   (1)      2 :  0.0366 0.0200 0.0422 0.9012 
630      630   (2)      2 :  0.7235 0.0486 0.1292 0.0987 
631      631   (5)      2 :  0.1554 0.4360 0.0879 0.3207 
632      632   (2)      2 :  0.2924 0.1497 0.4742 0.0837 
633      633   (1)      2 :  0.3516 0.0387 0.2740 0.3356 
634      634   (4)      2 :  0.3927 0.3417 0.2380 0.0276 
635      635   (1)      2 :  0.7812 0.0251 0.1692 0.0245 
636      636   (0)      2 :  0.5291 0.1208 0.2690 0.0812 
637      637   (1)      2 :  0.0636 0.8375 0.0564 0.0426 
638      638   (0)      2 :  0.5628 0.0484 0.2366 0.1522 
639      639   (0)      2 :  0.2641 0.4929 0.1665 0.0765 
640      640   (1)      2 :  0.1671 0.1230 0.5634 0.1465 
641      641   (1)      2 :  0.3065 0.2359 0.3253 0.1324 
642      642   (1)      2 :  0.2001 0.1661 0.2298 0.4041 
643      643   (1)      2 :  0.7074 0.0419 0.2297 0.0209 
644      644   (1)      2 :  0.5585 0.0564 0.3473 0.0378 
645      645   (0)      2 :  0.4123 0.1033 0.2239 0.2605 
646      646   (1)      3 :  0.2313 0.1828 0.5050 0.0809 
647      647   (1)      2 :  0.5647 0.1179 0.2069 0.1105 
648      648   (0)      3 :  0.2831 0.1416 0.5461 0.0292 
649      649   (1)      3 :  0.7804 0.0297 0.1676 0.0224 
650      650   (1)      3 :  0.6668 0.0482 0.1900 0.0950 
651      651   (1)      2 :  0.5257 0.2200 0.1997 0.0545 
652      652   (0)      3 :  0.5635 0.1288 0.2491 0.0585 
653      653   (2)      4 :  0.2832 0.5250 0.1379 0.0539 
654      654   (0)      2 :  0.6886 0.0883 0.1878 0.0353 
655      655   (1)      4 :  0.1277 0.5042 0.1801 0.1880 
656      656   (1)      4 :  0.0820 0.7732 0.0931 0.0517 
657      657   (1)      4 :  0.0313 0.9048 0.0408 0.0231 
658      658   (0)      4 :  0.0333 0.8765 0.0352 0.0550 
659      659   (0)      4 :  0.0424 0.8741 0.0528 0.0307 
660      660   (3)      3 :  0.2548 0.0365 0.5523 0.1565 
661      661   (1)      2 :  0.3441 0.2074 0.3511 0.0975 
662      662   (1)      3 :  0.4185 0.0969 0.4130 0.0717 
663      663   (1)      3 :  0.6615 0.0607 0.2288 0.0490 
664      664   (1)      3 :  0.1423 0.1038 0.6744 0.0795 
665      665   (1)      3 :  0.5026 0.0416 0.3180 0.1378 
666      666   (0)      2 :  0.1052 0.1413 0.1045 0.6490 
667      667   (1)      3 :  0.7582 0.0440 0.1435 0.0543 
668      668   (1)      4 :  0.1428 0.3012 0.2201 0.3358 
669      669   (0)      4 :  0.0485 0.8760 0.0373 0.0382 
670      670   (1)      4 :  0.0786 0.7889 0.1049 0.0276 
671      671   (1)      4 :  0.2287 0.6087 0.0921 0.0705 
672      672   (1)      4 :  0.1025 0.7567 0.0914 0.0495 
673      673   (0)      4 :  0.1777 0.5180 0.2509 0.0534 
674      674   (2)      3 :  0.4492 0.1419 0.3655 0.0434 
675      675   (5)      3 :  0.3053 0.1248 0.4945 0.0755 
676      676   (0)      3 :  0.5413 0.2355 0.1959 0.0273 
677      677   (3)      3 :  0.3533 0.0672 0.3566 0.2229 
678      678   (0)      3 :  0.3892 0.1349 0.4037 0.0722 
679      679   (2)      2 :  0.2661 0.1516 0.3036 0.2787 
680      680   (0)      3 :  0.3059 0.1515 0.3418 0.2008 
681      681   (2)      4 :  0.1265 0.6618 0.0790 0.1327 
682      682   (0)      2 :  0.1015 0.5540 0.1947 0.1497 
683      683   (2)      4 :  0.2266 0.5240 0.2049 0.0445 
684      684   (1)      4 :  0.0367 0.8071 0.0333 0.1229 
685      685   (1)      4 :  0.0474 0.8575 0.0499 0.0452 
686      686   (0)      4 :  0.0368 0.9038 0.0333 0.0261 
687      687   (1)      3 :  0.1990 0.0991 0.6289 0.0730 
688      688   (2)      3 :  0.6299 0.0762 0.2615 0.0324 
689      689   (1)      3 :  0.1765 0.1170 0.6370 0.0694 
690      690   (1)      3 :  0.3521 0.0576 0.5185 0.0718 
691      691   (1)      2 :  0.1199 0.6630 0.1207 0.0963 
692      692   (0)      3 :  0.4268 0.1034 0.3995 0.0703 
693      693   (0)      2 :  0.1684 0.1385 0.6094 0.0838 
694      694   (1)      4 :  0.3392 0.3363 0.2701 0.0543 
695      695   (0)      4 :  0.0757 0.8154 0.0903 0.0186 
696      696   (1)      4 :  0.0608 0.5862 0.1743 0.1786 
697      697   (0)      4 :  0.0327 0.8622 0.0572 0.0479 
698      698   (1)      4 :  0.0598 0.8120 0.0760 0.0522 
699      699   (6)      3 :  0.2493 0.1637 0.4799 0.1071 
700      700   (1)      2 :  0.2719 0.1136 0.2527 0.3619 
701      701   (3)      3 :  0.4367 0.1558 0.3480 0.0595 
702      702   (1)      3 :  0.4098 0.1201 0.4251 0.0450 
703      703   (3)      3 :  0.4881 0.0653 0.3210 0.1256 
704      704   (1)      3 :  0.5531 0.0530 0.3344 0.0595 
705      705   (1)      2 :  0.5582 0.0592 0.2289 0.1537 
706      706   (0)      3 :  0.6113 0.0651 0.2669 0.0567 
707      707   (1)      2 :  0.0718 0.0331 0.0691 0.8260 
708      708   (2)      4 :  0.0464 0.8940 0.0403 0.0193 
709      709   (1)      2 :  0.0431 0.0838 0.0551 0.8180 
710      710   (1)      4 :  0.1784 0.6105 0.1585 0.0526 
711      711   (2)      4 :  0.0856 0.7489 0.1015 0.0640 
712      712   (1)      4 :  0.0721 0.7606 0.0778 0.0895 
713      713   (0)      4 :  0.0433 0.8906 0.0416 0.0245 
714      714   (1)      3 :  0.1865 0.4632 0.2452 0.1051 
715      715   (1)      2 :  0.6024 0.2152 0.1450 0.0374 
716      716   (3)      3 :  0.2478 0.0541 0.6587 0.0394 
717      717   (0)      3 :  0.4563 0.1612 0.2979 0.0845 
718      718   (4)      3 :  0.3925 0.0649 0.4945 0.0481 
719      719   (1)      3 :  0.3074 0.1718 0.4086 0.1122 
720      720   (1)      2 :  0.3511 0.1477 0.3384 0.1628 
721      721   (1)      2 :  0.2644 0.2324 0.3746 0.1285 
722      722   (1)      4 :  0.0925 0.6831 0.1293 0.0951 
723      723   (0)      4 :  0.0430 0.8523 0.0404 0.0643 
724      724   (0)      4 :  0.0606 0.8813 0.0451 0.0130 
725      725   (2)      4 :  0.0543 0.8754 0.0441 0.0262 
726      726   (1)      4 :  0.0324 0.9065 0.0378 0.0233 
727      727   (2)      2 :  0.7140 0.0903 0.1627 0.0330 
728      728   (3)      3 :  0.1861 0.0516 0.7125 0.0498 
729      729   (1)      3 :  0.4755 0.1294 0.2923 0.1029 
730      730   (2)      3 :  0.1547 0.3368 0.4164 0.0920 
731      731   (1)      3 :  0.6520 0.0673 0.1902 0.0905 
732      732   (1)      4 :  0.1089 0.5830 0.1078 0.2003 
733      733   (1)      4 :  0.0889 0.8239 0.0449 0.0423 
734      734   (1)      4 :  0.0465 0.8730 0.0531 0.0275 
735      735   (2)      4 :  0.0965 0.8091 0.0518 0.0425 
736      736   (1)      4 :  0.0398 0.9026 0.0417 0.0159 
737      737   (0)      2 :  0.0899 0.2680 0.1273 0.5148 
738      738   (0)      3 :  0.3164 0.0618 0.5793 0.0425 
739      739   (1)      3 :  0.2532 0.2239 0.4771 0.0459 
740      740   (1)      3 :  0.3351 0.1411 0.4480 0.0758 
741      741   (1)      2 :  0.3003 0.3128 0.1939 0.1930 
742      742   (1)      2 :  0.3811 0.1369 0.4351 0.0470 
743      743   (0)      4 :  0.1156 0.6426 0.1959 0.0459 
744      744   (0)      4 :  0.0357 0.8674 0.0486 0.0483 
745      745   (0)      4 :  0.0367 0.9071 0.0421 0.0141 
746      746   (0)      4 :  0.3038 0.5782 0.0935 0.0244 
747      747   (1)      4 :  0.0630 0.8519 0.0547 0.0304 
748      748   (1)      2 :  0.1755 0.1035 0.1160 0.6050 
749      749   (1)      2 :  0.2761 0.0885 0.1363 0.4991 
750      750   (0)      2 :  0.1052 0.7393 0.0790 0.0766 
751      751   (1)      2 :  0.0307 0.0618 0.0448 0.8627 
752      752   (1)      2 :  0.1027 0.6930 0.1512 0.0531 
753      753   (1)      2 :  0.5901 0.0596 0.2392 0.1111 
754      754   (0)      2 :  0.1205 0.5357 0.2316 0.1122 
755      755   (1)      2 :  0.4107 0.0525 0.3953 0.1416 
756      756   (0)      2 :  0.0393 0.0457 0.0341 0.8809 
757      757   (1)      2 :  0.0567 0.1815 0.0586 0.7033 
758      758   (2)      2 :  0.0614 0.0319 0.0666 0.8401 
759      759   (0)      2 :  0.5379 0.0605 0.3244 0.0772 
760      760   (1)      2 :  0.3548 0.1668 0.3937 0.0847 
761      761   (2)      2 :  0.3119 0.2635 0.3737 0.0509 
762      762   (0)      2 :  0.4816 0.0693 0.3281 0.1210 
763      763   (1)      2 :  0.1308 0.2011 0.1679 0.5002 
764      764   (1)      2 :  0.1486 0.2327 0.1892 0.4296 
765      765   (1)      2 :  0.3082 0.2621 0.2688 0.1609 
766      766   (3)      2 :  0.1247 0.2884 0.0840 0.5029 
767      767   (1)      2 :  0.6316 0.1105 0.2125 0.0454 
768      768   (1)      2 :  0.0370 0.0324 0.0311 0.8995 
769      769   (1)      2 :  0.5798 0.0426 0.3274 0.0502 
770      770   (1)      2 :  0.7289 0.0219 0.1921 0.0571 
771      771   (0)      2 :  0.2191 0.1173 0.5133 0.1503 
772      772   (0)      2 :  0.3896 0.1410 0.3669 0.1025 
773      773   (1)      2 :  0.1691 0.6344 0.0821 0.1144 
774      774   (1)      2 :  0.4438 0.1322 0.2165 0.2075 
775      775   (1)      2 :  0.2335 0.0977 0.4045 0.2643 
776      776   (0)      2 :  0.3961 0.1013 0.4788 0.0239 
777      777   (1)      2 :  0.1796 0.6124 0.1644 0.0436 
778      778   (1)      2 :  0.2777 0.3376 0.3288 0.0558 
779      779   (6)      2 :  0.0357 0.0280 0.0423 0.8940 
780      780   (2)      2 :  0.1574 0.1373 0.6578 0.0475 
781      781   (1)      2 :  0.4036 0.2190 0.2314 0.1459 
782      782   (1)      2 :  0.0965 0.7658 0.1022 0.0355 
783      783   (1)      2 :  0.5492 0.0789 0.2115 0.1604 
784      784   (1)      2 :  0.2119 0.1235 0.2376 0.4271 
785      785   (1)      2 :  0.0948 0.2459 0.1613 0.4980 
786      786   (2)      2 :  0.6490 0.0540 0.2540 0.0430 
787      787   (0)      2 :  0.3815 0.0379 0.4506 0.1300 
788      788   (1)      2 :  0.3561 0.1835 0.4236 0.0367 
789      789   (1)      2 :  0.1923 0.6283 0.1158 0.0636 
790      790   (1)      2 :  0.2606 0.0445 0.2355 0.4593 
791      791   (1)      2 :  0.0289 0.0213 0.0287 0.9211 
792      792   (2)      2 :  0.6363 0.1115 0.2208 0.0314 
793      793   (1)      2 :  0.0701 0.8063 0.0841 0.0395 
794      794   (0)      2 :  0.0586 0.8205 0.0729 0.0480 
795      795   (1)      2 :  0.0453 0.0563 0.0521 0.8463 
796      796   (0)      2 :  0.4207 0.2079 0.2803 0.0911 
797      797   (0)      2 :  0.2386 0.1526 0.4330 0.1759 
798      798   (0)      2 :  0.1242 0.6776 0.0784 0.1198 
799      799   (1)      2 :  0.0720 0.2241 0.1007 0.6032 
800      800   (1)      2 :  0.1803 0.0406 0.2541 0.5250 
801      801   (1)      2 :  0.0529 0.0431 0.0691 0.8349 
802      802   (1)      2 :  0.1010 0.5844 0.2594 0.0552 
803      803   (2)      2 :  0.0525 0.8493 0.0646 0.0336 
804      804   (1)      2 :  0.3402 0.1050 0.5167 0.0381 
805      805   (1)      2 :  0.5319 0.0461 0.3429 0.0791 
806      806   (0)      2 :  0.5055 0.0577 0.3689 0.0679 
807      807   (1)      2 :  0.2854 0.1154 0.2055 0.3937 
808      808   (1)      2 :  0.0751 0.0442 0.0657 0.8150 
809      809   (2)      2 :  0.4554 0.0339 0.1869 0.3237 
810      810   (1)      2 :  0.0433 0.0548 0.0398 0.8621 
811      811   (1)      2 :  0.0327 0.0314 0.0391 0.8968 
812      812   (0)      2 :  0.4617 0.1448 0.2792 0.1144 
813      813   (1)      2 :  0.0503 0.0810 0.0627 0.8060 
814      814   (1)      2 :  0.0298 0.0590 0.0346 0.8766 
815      815   (0)      2 :  0.3397 0.2515 0.3297 0.0791 
816      816   (0)      2 :  0.0602 0.6185 0.0955 0.2259 
817      817   (1)      2 :  0.1676 0.0779 0.6047 0.1497 
818      818   (2)      2 :  0.0382 0.0831 0.0569 0.8217 
819      819   (1)      2 :  0.0398 0.5886 0.0415 0.3301 
820      820   (0)      2 :  0.1911 0.0803 0.5205 0.2081 
821      821   (1)      2 :  0.0307 0.0252 0.0375 0.9066 
822      822   (2)      2 :  0.2997 0.0681 0.4422 0.1901 
823      823   (1)      2 :  0.1790 0.0610 0.1937 0.5663 
824      824   (1)      2 :  0.0676 0.0763 0.0952 0.7609 
825      825   (1)      2 :  0.4441 0.0981 0.4413 0.0165 
826      826   (1)      2 :  0.0710 0.0387 0.0781 0.8122 
827      827   (0)      2 :  0.1979 0.3347 0.3102 0.1572 
828      828   (1)      2 :  0.3303 0.2131 0.4106 0.0460 
829      829   (1)      2 :  0.1063 0.1813 0.1784 0.5340 
830      830   (1)      2 :  0.6639 0.0675 0.2253 0.0433 
831      831   (1)      2 :  0.0385 0.1184 0.0416 0.8015 
832      832   (1)      2 :  0.2711 0.2039 0.4630 0.0620 
833      833   (1)      2 :  0.5778 0.1367 0.2531 0.0324 
834      834   (0)      2 :  0.5157 0.1543 0.2569 0.0731 
835      835   (1)      2 :  0.1138 0.2775 0.1855 0.4233 
836      836   (0)      2 :  0.0691 0.1890 0.0852 0.6567 
837      837   (1)      2 :  0.3512 0.1528 0.2337 0.2622 
838      838   (1)      2 :  0.0486 0.8316 0.0666 0.0532 
839      839   (1)      2 :  0.4864 0.1591 0.3139 0.0405 
840      840   (0)      2 :  0.4383 0.0814 0.3370 0.1433 
841      841   (5)      2 :  0.1119 0.1216 0.2235 0.5430 
842      842   (1)      2 :  0.0477 0.0326 0.0434 0.8763 
843      843   (2)      2 :  0.0329 0.0302 0.0333 0.9036 
844      844   (1)      2 :  0.1393 0.1452 0.2243 0.4913 
845      845   (1)      2 :  0.4518 0.1550 0.2907 0.1024 
846      846   (0)      2 :  0.3495 0.2590 0.2822 0.1093 
847      847   (0)      2 :  0.1413 0.1029 0.7101 0.0457 
848      848   (1)      2 :  0.0374 0.0218 0.0401 0.9007 
849      849   (1)      2 :  0.2614 0.5290 0.1608 0.0488 
850      850   (1)      2 :  0.4168 0.1617 0.3488 0.0727 
851      851   (1)      2 :  0.3834 0.1476 0.3642 0.1047 
852      852   (1)      2 :  0.1305 0.2882 0.1492 0.4321 
853      853   (1)      2 :  0.0969 0.2272 0.0810 0.5949 
854      854   (0)      2 :  0.0990 0.2194 0.1366 0.5450 
855      855   (1)      2 :  0.5817 0.0848 0.2602 0.0733 
856      856   (5)      2 :  0.2405 0.1632 0.4470 0.1492 
857      857   (1)      2 :  0.2350 0.0600 0.6625 0.0425 
858      858   (0)      2 :  0.1840 0.5796 0.1583 0.0781 
859      859   (0)      2 :  0.0865 0.0692 0.0746 0.7697 
860      860   (1)      2 :  0.0331 0.0237 0.0325 0.9107 
861      861   (1)      2 :  0.0409 0.0483 0.0419 0.8689 
862      862   (1)      2 :  0.0895 0.6190 0.1738 0.1178 
863      863   (0)      2 :  0.0327 0.0555 0.0374 0.8744 
864      864   (4)      2 :  0.0942 0.0932 0.0777 0.7349 
865      865   (1)      2 :  0.0373 0.8630 0.0431 0.0566 
866      866   (1)      2 :  0.5797 0.0338 0.1743 0.2123 
867      867   (1)      2 :  0.2234 0.5876 0.1350 0.0541 
868      868   (0)      2 :  0.3786 0.1431 0.4197 0.0586 
869      869   (1)      2 :  0.1795 0.5836 0.1716 0.0653 
870      870   (1)      2 :  0.0651 0.0890 0.0602 0.7857 
871      871   (1)      2 :  0.0416 0.7938 0.0563 0.1083 
872      872   (1)      2 :  0.0774 0.5445 0.2249 0.1532 
873      873   (1)      2 :  0.0385 0.0308 0.0405 0.8902 
874      874   (1)      2 :  0.5822 0.0680 0.2779 0.0719 
875      875   (1)      2 :  0.1686 0.5342 0.1411 0.1561 
876      876   (1)      2 :  0.0948 0.6239 0.1769 0.1044 
877      877   (1)      2 :  0.1317 0.0620 0.3472 0.4590 
878      878   (0)      2 :  0.1860 0.1368 0.4359 0.2412 
879      879   (2)      2 :  0.0247 0.0217 0.0264 0.9272 
880      880   (1)      2 :  0.2365 0.2926 0.1728 0.2982 
881      881   (2)      2 :  0.0791 0.0710 0.0932 0.7567 
882      882   (1)      2 :  0.2681 0.1955 0.4520 0.0844 
