1        1   (0)      1  : 0.1953 0.0254 0.3942 0.3852
2        2   (1)      1  : 0.1433 0.1243 0.3850 0.3475
3        3   (1)      1  : 0.0922 0.0842 0.2855 0.5381
4        4   (1)      1  : 0.3876 0.0385 0.2055 0.3685
5        5   (2)      1  : 0.0208 0.9359 0.0184 0.0250
6        6   (1)      1  : 0.1648 0.2799 0.0760 0.4794
7        7   (1)      1  : 0.3259 0.2635 0.2128 0.1978
8        8   (0)      1  : 0.4290 0.0248 0.2446 0.3016
9        9   (1)      1  : 0.0819 0.2315 0.2348 0.4518
10       10   (1)      1  : 0.1660 0.5332 0.1735 0.1273
11       11   (0)      1  : 0.2545 0.1575 0.2324 0.3556
12       12   (0)      1  : 0.1890 0.1793 0.0880 0.5437
13       13   (1)      1  : 0.5089 0.0490 0.2576 0.1845
14       14   (1)      1  : 0.3111 0.4999 0.0393 0.1497
15       15   (2)      1  : 0.3558 0.4763 0.0539 0.1140
16       16   (1)      1  : 0.3897 0.1564 0.2116 0.2423
17       17   (1)      1  : 0.4149 0.1418 0.0304 0.4129
18       18   (2)      1  : 0.3460 0.0380 0.4303 0.1857
19       19   (1)      1  : 0.5230 0.0822 0.2075 0.1873
20       20   (1)      1  : 0.4578 0.2578 0.0421 0.2423
21       21   (1)      1  : 0.2782 0.2883 0.1721 0.2614
22       22   (1)      1  : 0.1573 0.1016 0.4511 0.2900
23       23   (1)      1  : 0.1292 0.2335 0.1767 0.4607
24       24   (1)      1  : 0.0531 0.0256 0.8347 0.0865
25       25   (1)      1  : 0.4011 0.2686 0.1211 0.2092
26       26   (1)      1  : 0.1784 0.1652 0.4006 0.2558
27       27   (1)      1  : 0.5745 0.0770 0.0819 0.2666
28       28   (1)      1  : 0.0344 0.0359 0.8767 0.0530
29       29   (1)      1  : 0.2925 0.0930 0.2393 0.3752
30       30   (1)      1  : 0.0923 0.6784 0.0799 0.1494
31       31   (1)      1  : 0.3459 0.0606 0.2622 0.3313
32       32   (1)      1  : 0.3135 0.1702 0.2956 0.2208
33       33   (1)      1  : 0.1624 0.1762 0.4252 0.2362
34       34   (1)      1  : 0.2417 0.5894 0.0755 0.0934
35       35   (0)      1  : 0.2227 0.1367 0.3946 0.2461
36       36   (1)      1  : 0.1530 0.2502 0.1189 0.4779
37       37   (1)      1  : 0.1791 0.1491 0.5349 0.1368
38       38   (1)      1  : 0.0598 0.5258 0.3467 0.0678
39       39   (1)      1  : 0.3143 0.2317 0.0975 0.3565
40       40   (0)      1  : 0.3108 0.3217 0.0561 0.3114
41       41   (1)      1  : 0.5152 0.0490 0.1258 0.3100
42       42   (1)      1  : 0.0703 0.8253 0.0311 0.0732
43       43   (1)      1  : 0.1429 0.0663 0.2344 0.5565
44       44   (7)      1  : 0.1257 0.0708 0.1509 0.6526
45       45   (2)      1  : 0.1095 0.3895 0.3418 0.1592
46       46   (1)      1  : 0.2242 0.0900 0.4627 0.2231
47       47   (0)      1  : 0.0818 0.0959 0.7349 0.0874
48       48   (1)      1  : 0.1983 0.0695 0.1959 0.5363
49       49   (0)      1  : 0.2980 0.0606 0.4046 0.2368
50       50   (1)      1  : 0.6928 0.0404 0.0456 0.2212
51       51   (2)      1  : 0.0929 0.7412 0.0779 0.0881
52       52   (1)      1  : 0.0411 0.8643 0.0503 0.0443
53       53   (2)      1  : 0.0944 0.0476 0.7020 0.1559
54       54   (1)      1  : 0.1316 0.1071 0.5757 0.1856
55       55   (3)      1  : 0.4446 0.1446 0.0919 0.3190
56       56   (1)      1  : 0.1969 0.1245 0.5624 0.1161
57       57   (0)      1  : 0.1453 0.0343 0.6880 0.1324
58       58   (1)      1  : 0.0901 0.7360 0.0699 0.1040
59       59   (0)      1  : 0.1811 0.0405 0.5763 0.2022
60       60   (2)      1  : 0.3271 0.1851 0.1237 0.3641
61       61   (1)      1  : 0.2199 0.0920 0.5554 0.1327
62       62   (1)      1  : 0.1804 0.0650 0.1526 0.6020
63       63   (0)      1  : 0.1275 0.2619 0.4614 0.1491
64       64   (3)      1  : 0.3118 0.0943 0.1462 0.4477
65       65   (1)      1  : 0.4963 0.0926 0.1725 0.2386
66       66   (4)      1  : 0.4332 0.3410 0.0645 0.1613
67       67   (0)      1  : 0.3592 0.0589 0.4324 0.1496
68       68   (2)      1  : 0.1125 0.0776 0.5486 0.2612
69       69   (2)      1  : 0.0948 0.2765 0.5542 0.0745
70       70   (1)      1  : 0.2019 0.0595 0.3323 0.4063
71       71   (0)      1  : 0.3963 0.0522 0.1594 0.3921
72       72   (5)      1  : 0.2566 0.0355 0.2085 0.4994
73       73   (1)      1  : 0.0924 0.3404 0.4243 0.1429
74       74   (1)      1  : 0.3438 0.0478 0.0491 0.5594
75       75   (1)      1  : 0.2969 0.1531 0.4098 0.1401
76       76   (1)      1  : 0.0921 0.0645 0.7159 0.1275
77       77   (1)      1  : 0.0329 0.9153 0.0234 0.0285
78       78   (1)      1  : 0.2937 0.0625 0.1712 0.4726
79       79   (2)      1  : 0.2695 0.0937 0.2959 0.3409
80       80   (2)      1  : 0.0775 0.7430 0.1009 0.0786
81       81   (2)      1  : 0.1573 0.4881 0.1242 0.2304
82       82   (1)      1  : 0.1071 0.0317 0.6256 0.2356
83       83   (0)      1  : 0.2934 0.0731 0.4518 0.1817
84       84   (1)      1  : 0.2390 0.2537 0.0933 0.4140
85       85   (6)      1  : 0.3612 0.0521 0.2631 0.3236
86       86   (1)      1  : 0.4944 0.1203 0.0366 0.3487
87       87   (2)      1  : 0.1554 0.0524 0.4044 0.3879
88       88   (0)      2  : 0.0670 0.8582 0.0308 0.0440
89       89   (1)      2  : 0.4901 0.1010 0.1131 0.2958
90       90   (1)      2  : 0.0380 0.8858 0.0321 0.0441
91       91   (2)      2  : 0.2853 0.0219 0.3635 0.3293
92       92   (1)      2  : 0.1336 0.0691 0.6772 0.1200
93       93   (1)      2  : 0.0682 0.0256 0.8207 0.0855
94       94   (1)      2  : 0.3272 0.2467 0.0611 0.3650
95       95   (0)      2  : 0.2026 0.2777 0.0574 0.4624
96       96   (2)      2  : 0.5114 0.1263 0.1345 0.2279
97       97   (1)      2  : 0.0364 0.1643 0.7427 0.0567
98       98   (0)      2  : 0.4209 0.0659 0.1604 0.3529
99       99   (0)      2  : 0.1801 0.1381 0.5351 0.1467
100      100   (1)      2  : 0.2402 0.0605 0.1471 0.5522
101      101   (1)      2  : 0.1111 0.5506 0.2075 0.1309
102      102   (1)      2  : 0.6288 0.0962 0.0703 0.2047
103      103   (2)      2  : 0.1829 0.2672 0.2894 0.2605
104      104   (1)      2  : 0.1391 0.0500 0.6452 0.1656
105      105   (1)      2  : 0.0801 0.2354 0.5816 0.1028
106      106   (1)      2  : 0.0208 0.9103 0.0423 0.0266
107      107   (2)      2  : 0.5180 0.1402 0.1572 0.1846
108      108   (0)      2  : 0.3018 0.0835 0.4024 0.2123
109      109   (1)      2  : 0.3925 0.2922 0.0457 0.2696
110      110   (1)      2  : 0.0904 0.2218 0.5536 0.1342
111      111   (1)      2  : 0.1582 0.0970 0.5860 0.1588
112      112   (2)      2  : 0.3686 0.1366 0.0800 0.4147
113      113   (1)      2  : 0.2111 0.5691 0.0659 0.1540
114      114   (3)      2  : 0.2749 0.0736 0.1641 0.4874
115      115   (2)      2  : 0.0615 0.0784 0.4874 0.3727
116      116   (0)      2  : 0.2977 0.1475 0.1281 0.4267
117      117   (1)      2  : 0.3255 0.2892 0.0936 0.2917
118      118   (1)      2  : 0.3847 0.0480 0.2822 0.2851
119      119   (3)      2  : 0.5480 0.0879 0.0910 0.2732
120      120   (1)      2  : 0.0799 0.0209 0.8283 0.0710
121      121   (0)      2  : 0.3682 0.0803 0.0643 0.4873
122      122   (1)      2  : 0.2550 0.0920 0.2944 0.3585
123      123   (1)      2  : 0.3456 0.0336 0.3281 0.2926
124      124   (0)      2  : 0.1543 0.1476 0.0765 0.6216
125      125   (1)      2  : 0.0752 0.1291 0.5781 0.2176
126      126   (1)      2  : 0.1024 0.6847 0.0741 0.1388
127      127   (1)      2  : 0.7389 0.0799 0.0845 0.0967
128      128   (1)      2  : 0.0854 0.0498 0.7951 0.0698
129      129   (1)      2  : 0.2137 0.3361 0.2019 0.2483
130      130   (1)      2  : 0.1479 0.0761 0.0489 0.7272
131      131   (1)      2  : 0.1740 0.1289 0.3093 0.3877
132      132   (1)      2  : 0.1642 0.0731 0.6004 0.1622
133      133   (1)      2  : 0.2692 0.0465 0.1263 0.5580
134      134   (1)      2  : 0.5480 0.1063 0.1218 0.2240
135      135   (1)      2  : 0.0413 0.0283 0.8880 0.0425
136      136   (3)      2  : 0.4434 0.0547 0.1696 0.3322
137      137   (1)      2  : 0.3284 0.2774 0.0727 0.3215
138      138   (1)      2  : 0.0918 0.7152 0.0401 0.1529
139      139   (2)      2  : 0.2466 0.0360 0.1110 0.6065
140      140   (3)      2  : 0.5056 0.1465 0.1012 0.2467
141      141   (0)      2  : 0.2060 0.4446 0.1999 0.1495
142      142   (1)      2  : 0.1985 0.3695 0.2596 0.1725
143      143   (0)      2  : 0.0600 0.0895 0.7060 0.1444
144      144   (1)      2  : 0.2280 0.0225 0.0957 0.6538
145      145   (1)      2  : 0.2235 0.0388 0.0655 0.6722
146      146   (2)      2  : 0.1120 0.0821 0.6612 0.1447
147      147   (1)      2  : 0.5679 0.0736 0.1670 0.1914
148      148   (1)      2  : 0.4150 0.0303 0.2420 0.3128
149      149   (2)      2  : 0.2746 0.1108 0.4444 0.1702
150      150   (2)      2  : 0.1912 0.0868 0.6028 0.1193
151      151   (1)      2  : 0.3367 0.1483 0.2454 0.2695
152      152   (0)      2  : 0.2965 0.0849 0.1964 0.4222
153      153   (1)      2  : 0.0574 0.0476 0.8515 0.0435
154      154   (2)      2  : 0.3890 0.0896 0.0690 0.4524
155      155   (1)      2  : 0.2544 0.1260 0.3012 0.3184
156      156   (1)      2  : 0.3677 0.1654 0.2239 0.2430
157      157   (0)      2  : 0.1779 0.1006 0.3202 0.4013
158      158   (2)      2  : 0.4188 0.0340 0.2279 0.3193
159      159   (1)      2  : 0.4900 0.0625 0.0618 0.3858
160      160   (0)      2  : 0.4483 0.0825 0.3168 0.1525
161      161   (1)      2  : 0.2364 0.0531 0.5031 0.2074
162      162   (1)      2  : 0.3829 0.1066 0.2823 0.2282
163      163   (1)      2  : 0.1241 0.0616 0.6440 0.1702
164      164   (1)      2  : 0.4788 0.0374 0.0975 0.3863
165      165   (0)      2  : 0.2469 0.0318 0.2466 0.4748
166      166   (0)      2  : 0.2846 0.0746 0.0770 0.5638
167      167   (2)      2  : 0.2077 0.1370 0.3648 0.2905
168      168   (0)      2  : 0.3800 0.1077 0.1270 0.3853
169      169   (1)      2  : 0.0321 0.9222 0.0178 0.0279
170      170   (1)      2  : 0.0864 0.0794 0.7146 0.1196
171      171   (1)      2  : 0.4216 0.0455 0.1291 0.4038
172      172   (0)      2  : 0.1206 0.4505 0.3450 0.0839
173      173   (1)      2  : 0.0325 0.9053 0.0284 0.0339
174      174   (0)      2  : 0.1600 0.0543 0.1334 0.6524
175      175   (1)      2  : 0.4161 0.0441 0.1253 0.4145
176      176   (1)      2  : 0.2118 0.0655 0.6447 0.0780
177      177   (1)      2  : 0.0679 0.0202 0.8110 0.1009
178      178   (0)      2  : 0.5235 0.0600 0.0358 0.3808
179      179   (1)      2  : 0.1705 0.0329 0.5510 0.2456
180      180   (1)      2  : 0.0506 0.8160 0.0795 0.0539
181      181   (1)      2  : 0.3765 0.0620 0.1158 0.4456
182      182   (1)      2  : 0.3336 0.2202 0.1010 0.3451
183      183   (1)      2  : 0.3235 0.0518 0.1406 0.4841
184      184   (1)      2  : 0.1794 0.5917 0.1201 0.1088
185      185   (2)      2  : 0.3099 0.0192 0.1181 0.5528
186      186   (1)      2  : 0.0973 0.1373 0.5873 0.1781
187      187   (0)      2  : 0.1599 0.0359 0.0774 0.7268
188      188   (1)      2  : 0.2717 0.0976 0.1861 0.4445
189      189   (0)      2  : 0.1711 0.2059 0.4083 0.2147
190      190   (0)      2  : 0.1408 0.0714 0.6796 0.1082
191      191   (2)      2  : 0.0896 0.0526 0.6836 0.1742
192      192   (1)      2  : 0.7785 0.0500 0.0387 0.1327
193      193   (1)      2  : 0.3573 0.1646 0.1726 0.3055
194      194   (0)      2  : 0.7899 0.0249 0.0657 0.1195
195      195   (1)      2  : 0.0862 0.8112 0.0326 0.0699
196      196   (1)      2  : 0.1429 0.0429 0.0469 0.7674
197      197   (1)      2  : 0.1859 0.0846 0.5213 0.2082
198      198   (1)      2  : 0.0915 0.7812 0.0684 0.0590
199      199   (0)      2  : 0.3487 0.0459 0.0990 0.5064
200      200   (0)      2  : 0.0856 0.0734 0.7027 0.1384
201      201   (1)      2  : 0.4964 0.0369 0.1068 0.3599
202      202   (0)      2  : 0.0953 0.0189 0.8169 0.0690
203      203   (0)      2  : 0.2799 0.0578 0.2010 0.4613
204      204   (1)      2  : 0.3825 0.0781 0.2188 0.3206
205      205   (1)      2  : 0.1531 0.1366 0.1407 0.5695
206      206   (1)      2  : 0.0510 0.8444 0.0484 0.0562
207      207   (1)      2  : 0.2354 0.2809 0.1063 0.3775
208      208   (1)      2  : 0.5274 0.0555 0.1008 0.3163
209      209   (0)      2  : 0.0946 0.5737 0.2006 0.1310
210      210   (1)      2  : 0.0325 0.9089 0.0209 0.0378
211      211   (0)      2  : 0.3133 0.2153 0.1353 0.3361
212      212   (1)      2  : 0.1544 0.2764 0.4396 0.1296
213      213   (1)      2  : 0.1516 0.0440 0.1450 0.6594
214      214   (1)      2  : 0.3007 0.0766 0.0896 0.5330
215      215   (1)      2  : 0.7563 0.0416 0.1012 0.1009
216      216   (1)      2  : 0.0539 0.8396 0.0336 0.0729
217      217   (1)      2  : 0.2378 0.4265 0.1203 0.2154
218      218   (1)      2  : 0.1032 0.0454 0.6211 0.2303
219      219   (1)      2  : 0.5075 0.1533 0.0498 0.2895
220      220   (1)      2  : 0.4778 0.0214 0.2005 0.3004
221      221   (0)      2  : 0.0970 0.3120 0.0935 0.4976
222      222   (1)      2  : 0.3575 0.0586 0.3173 0.2666
223      223   (0)      2  : 0.3027 0.0894 0.1297 0.4782
224      224   (1)      2  : 0.6205 0.0360 0.0919 0.2516
225      225   (1)      2  : 0.0286 0.9219 0.0230 0.0265
226      226   (0)      2  : 0.3153 0.2634 0.0681 0.3531
227      227   (1)      2  : 0.0295 0.8834 0.0521 0.0350
228      228   (1)      2  : 0.4061 0.0665 0.0532 0.4741
229      229   (2)      2  : 0.1533 0.0455 0.2044 0.5969
230      230   (1)      2  : 0.1438 0.2674 0.2730 0.3158
231      231   (1)      2  : 0.2971 0.0971 0.0671 0.5387
232      232   (2)      2  : 0.2142 0.0649 0.2346 0.4864
233      233   (1)      2  : 0.4085 0.1402 0.1249 0.3265
234      234   (1)      2  : 0.0315 0.9044 0.0326 0.0315
235      235   (0)      2  : 0.2338 0.5601 0.1134 0.0927
236      236   (1)      2  : 0.4267 0.0411 0.3248 0.2073
237      237   (1)      2  : 0.4247 0.1241 0.2167 0.2345
238      238   (0)      2  : 0.4391 0.1693 0.0695 0.3221
239      239   (1)      2  : 0.6552 0.1343 0.0793 0.1313
240      240   (1)      2  : 0.1673 0.0658 0.1155 0.6514
241      241   (0)      2  : 0.1838 0.1186 0.5643 0.1332
242      242   (1)      2  : 0.6330 0.0296 0.2324 0.1050
243      243   (1)      2  : 0.2047 0.0717 0.4724 0.2511
244      244   (1)      2  : 0.1587 0.0911 0.4004 0.3498
245      245   (0)      2  : 0.0226 0.9315 0.0236 0.0222
246      246   (1)      2  : 0.0927 0.2122 0.5907 0.1044
247      247   (0)      2  : 0.1266 0.5402 0.1680 0.1651
248      248   (1)      2  : 0.1057 0.5938 0.1189 0.1816
249      249   (1)      2  : 0.2348 0.0920 0.0827 0.5904
250      250   (0)      2  : 0.3295 0.1618 0.2107 0.2981
251      251   (1)      2  : 0.2255 0.0901 0.1196 0.5648
252      252   (0)      2  : 0.0479 0.0476 0.8159 0.0886
253      253   (0)      2  : 0.4744 0.1080 0.0944 0.3233
254      254   (1)      2  : 0.1837 0.0847 0.5376 0.1939
255      255   (1)      2  : 0.0697 0.0442 0.6220 0.2641
256      256   (1)      2  : 0.1009 0.3615 0.3857 0.1520
257      257   (0)      2  : 0.1579 0.1079 0.1016 0.6326
258      258   (1)      1  : 0.2155 0.2854 0.2179 0.2812
259      259   (2)      1  : 0.2218 0.5377 0.1204 0.1201
260      260   (1)      1  : 0.6612 0.0428 0.1358 0.1602
261      261   (0)      1  : 0.3961 0.0823 0.0705 0.4511
262      262   (1)      1  : 0.2762 0.1776 0.2306 0.3155
263      263   (0)      1  : 0.1747 0.0569 0.5584 0.2100
264      264   (1)      1  : 0.3208 0.1021 0.1257 0.4514
265      265   (1)      1  : 0.4403 0.0705 0.1605 0.3287
266      266   (1)      1  : 0.1866 0.0262 0.0676 0.7195
267      267   (1)      1  : 0.2770 0.2192 0.1585 0.3453
268      268   (2)      1  : 0.1296 0.1842 0.5187 0.1675
269      269   (1)      1  : 0.3100 0.2419 0.1126 0.3355
270      270   (1)      1  : 0.0815 0.0513 0.5802 0.2870
271      271   (1)      1  : 0.2150 0.4394 0.1135 0.2321
272      272   (0)      1  : 0.2920 0.2497 0.0541 0.4042
273      273   (0)      1  : 0.4309 0.0617 0.2237 0.2836
274      274   (1)      1  : 0.0660 0.7873 0.0482 0.0985
275      275   (1)      1  : 0.3214 0.1776 0.2969 0.2041
276      276   (1)      1  : 0.6017 0.0870 0.0965 0.2148
277      277   (1)      1  : 0.3696 0.1265 0.0703 0.4336
278      278   (1)      1  : 0.2919 0.3687 0.0736 0.2658
279      279   (0)      1  : 0.5402 0.2348 0.0627 0.1622
280      280   (1)      1  : 0.1231 0.1595 0.4071 0.3103
281      281   (1)      1  : 0.3919 0.0796 0.1017 0.4268
282      282   (1)      1  : 0.2070 0.2531 0.1980 0.3419
283      283   (1)      1  : 0.4703 0.0827 0.1042 0.3427
284      284   (0)      1  : 0.2514 0.0430 0.2175 0.4881
285      285   (1)      1  : 0.3786 0.0706 0.3748 0.1760
286      286   (1)      1  : 0.5095 0.0363 0.2036 0.2506
287      287   (1)      1  : 0.0174 0.9509 0.0155 0.0162
288      288   (1)      1  : 0.0943 0.7764 0.0570 0.0722
289      289   (1)      1  : 0.4856 0.1615 0.0701 0.2828
290      290   (1)      1  : 0.0250 0.9219 0.0271 0.0260
291      291   (1)      1  : 0.1176 0.4681 0.2492 0.1651
292      292   (1)      1  : 0.2893 0.2886 0.0899 0.3322
293      293   (1)      1  : 0.1149 0.0515 0.6946 0.1390
294      294   (1)      1  : 0.4188 0.2584 0.0649 0.2579
295      295   (0)      1  : 0.3925 0.0396 0.2516 0.3163
296      296   (0)      1  : 0.5860 0.0525 0.1334 0.2281
297      297   (1)      1  : 0.0736 0.8013 0.0380 0.0871
298      298   (0)      1  : 0.5784 0.0364 0.0609 0.3243
299      299   (1)      1  : 0.2376 0.2819 0.3671 0.1134
300      300   (1)      1  : 0.4364 0.0631 0.1376 0.3628
301      301   (0)      1  : 0.0419 0.8789 0.0299 0.0494
302      302   (1)      1  : 0.2681 0.4851 0.0733 0.1736
303      303   (1)      1  : 0.4486 0.1876 0.0800 0.2837
304      304   (1)      1  : 0.5386 0.2019 0.1200 0.1395
305      305   (1)      1  : 0.4984 0.0480 0.1417 0.3118
306      306   (1)      1  : 0.0993 0.6704 0.0280 0.2023
307      307   (2)      1  : 0.2706 0.0371 0.3213 0.3710
308      308   (0)      1  : 0.3812 0.1593 0.0832 0.3762
309      309   (2)      1  : 0.0324 0.9051 0.0296 0.0329
310      310   (0)      1  : 0.2213 0.4842 0.1024 0.1922
311      311   (0)      1  : 0.2757 0.5476 0.0669 0.1098
312      312   (0)      1  : 0.1499 0.0550 0.6437 0.1515
313      313   (1)      1  : 0.4176 0.0288 0.1671 0.3865
314      314   (0)      1  : 0.1250 0.0672 0.6800 0.1278
315      315   (1)      1  : 0.2298 0.0976 0.1544 0.5182
316      316   (1)      1  : 0.4253 0.0519 0.1153 0.4076
317      317   (1)      1  : 0.2539 0.0726 0.4768 0.1967
318      318   (1)      1  : 0.1612 0.0451 0.5426 0.2511
319      319   (1)      1  : 0.4342 0.0306 0.1965 0.3388
320      320   (0)      1  : 0.4991 0.0234 0.1309 0.3466
321      321   (1)      1  : 0.4441 0.0441 0.1079 0.4040
322      322   (0)      1  : 0.2523 0.3859 0.0918 0.2700
323      323   (1)      1  : 0.5647 0.0412 0.0414 0.3527
324      324   (1)      1  : 0.1971 0.0398 0.2170 0.5461
325      325   (1)      1  : 0.1435 0.4696 0.0810 0.3060
326      326   (1)      1  : 0.3023 0.0789 0.0668 0.5521
327      327   (1)      1  : 0.3858 0.0582 0.2029 0.3532
328      328   (1)      2  : 0.1604 0.0590 0.6313 0.1494
329      329   (0)      2  : 0.2410 0.0980 0.0985 0.5625
330      330   (0)      2  : 0.2490 0.0881 0.0380 0.6249
331      331   (1)      2  : 0.1317 0.6620 0.0943 0.1120
332      332   (1)      2  : 0.0998 0.7456 0.0866 0.0680
333      333   (1)      2  : 0.0624 0.8417 0.0380 0.0579
334      334   (1)      2  : 0.1510 0.2384 0.2346 0.3760
335      335   (0)      2  : 0.1939 0.0358 0.5444 0.2259
336      336   (1)      2  : 0.0426 0.8809 0.0315 0.0450
337      337   (1)      2  : 0.4787 0.0518 0.0684 0.4012
338      338   (1)      2  : 0.0594 0.8677 0.0251 0.0478
339      339   (1)      2  : 0.3248 0.0741 0.0723 0.5289
340      340   (0)      2  : 0.1584 0.1739 0.5196 0.1481
341      341   (1)      2  : 0.4463 0.0249 0.3326 0.1962
342      342   (2)      2  : 0.2478 0.4380 0.1172 0.1970
343      343   (2)      2  : 0.1387 0.3705 0.3198 0.1710
344      344   (3)      2  : 0.2132 0.5111 0.1593 0.1163
345      345   (2)      2  : 0.0761 0.6909 0.1137 0.1192
346      346   (4)      2  : 0.1822 0.0394 0.0402 0.7382
347      347   (3)      2  : 0.5915 0.0701 0.0645 0.2739
348      348   (1)      2  : 0.2145 0.2314 0.1096 0.4445
349      349   (1)      2  : 0.6288 0.0503 0.0798 0.2412
350      350   (1)      2  : 0.6238 0.0664 0.0554 0.2545
351      351   (0)      2  : 0.1594 0.7307 0.0430 0.0669
352      352   (4)      2  : 0.1897 0.4793 0.1180 0.2130
353      353   (2)      2  : 0.1502 0.2379 0.2281 0.3838
354      354   (1)      2  : 0.2423 0.1183 0.0824 0.5570
355      355   (2)      2  : 0.1949 0.0546 0.1042 0.6463
356      356   (1)      2  : 0.2092 0.0569 0.5024 0.2315
357      357   (2)      2  : 0.0503 0.6815 0.2182 0.0500
358      358   (2)      2  : 0.2706 0.0279 0.4591 0.2424
359      359   (3)      2  : 0.5056 0.1232 0.1407 0.2305
360      360   (0)      2  : 0.1636 0.0768 0.4953 0.2643
361      361   (1)      2  : 0.3017 0.0261 0.0885 0.5837
362      362   (1)      2  : 0.2682 0.2420 0.1056 0.3841
363      363   (2)      2  : 0.1861 0.2864 0.2710 0.2565
364      364   (3)      2  : 0.7253 0.0290 0.0795 0.1662
365      365   (4)      2  : 0.3683 0.0561 0.0539 0.5217
366      366   (4)      2  : 0.2661 0.0552 0.4585 0.2202
367      367   (3)      2  : 0.0735 0.7959 0.0459 0.0846
368      368   (3)      2  : 0.2921 0.4129 0.0933 0.2018
369      369   (2)      2  : 0.1239 0.1047 0.4157 0.3557
370      370   (3)      2  : 0.2659 0.0832 0.1290 0.5219
371      371   (1)      2  : 0.3128 0.0585 0.2157 0.4131
372      372   (3)      2  : 0.4778 0.1344 0.1753 0.2125
373      373   (5)      2  : 0.1269 0.1275 0.5936 0.1520
374      374   (5)      2  : 0.1082 0.0296 0.7885 0.0736
375      375   (3)      2  : 0.3299 0.1361 0.0735 0.4605
376      376   (3)      2  : 0.0454 0.8832 0.0297 0.0417
377      377   (4)      2  : 0.1104 0.2492 0.5071 0.1332
378      378   (0)      2  : 0.4569 0.1101 0.2323 0.2007
379      379   (5)      2  : 0.3774 0.1583 0.2092 0.2551
380      380   (4)      2  : 0.1522 0.2081 0.2861 0.3535
381      381   (1)      2  : 0.4946 0.0723 0.1806 0.2525
382      382   (1)      2  : 0.4193 0.0571 0.2086 0.3149
383      383   (3)      2  : 0.1320 0.4874 0.1012 0.2793
384      384   (2)      2  : 0.5527 0.2409 0.0423 0.1641
385      385   (4)      2  : 0.2700 0.0657 0.0424 0.6219
386      386   (2)      2  : 0.3762 0.3848 0.0511 0.1879
387      387   (1)      2  : 0.1993 0.3397 0.3423 0.1186
388      388   (6)      2  : 0.1955 0.0879 0.4621 0.2545
389      389   (1)      2  : 0.3470 0.1781 0.0820 0.3929
390      390   (1)      2  : 0.4950 0.0969 0.1177 0.2904
391      391   (3)      2  : 0.0420 0.8537 0.0609 0.0434
392      392   (2)      2  : 0.2634 0.0501 0.2981 0.3884
393      393   (4)      2  : 0.0549 0.0940 0.7576 0.0935
394      394   (3)      2  : 0.1011 0.7588 0.0390 0.1010
395      395   (7)      2  : 0.0948 0.2580 0.4934 0.1539
396      396   (4)      2  : 0.1145 0.5596 0.2390 0.0870
397      397   (1)      2  : 0.3638 0.0819 0.1774 0.3769
398      398   (3)      2  : 0.1593 0.2507 0.2029 0.3871
399      399   (2)      2  : 0.1264 0.3772 0.3016 0.1948
400      400   (0)      2  : 0.3627 0.0770 0.1271 0.4332
401      401   (6)      2  : 0.0740 0.0875 0.7230 0.1155
402      402   (5)      2  : 0.0680 0.2629 0.4979 0.1712
403      403   (1)      2  : 0.2246 0.1900 0.2876 0.2978
404      404   (2)      2  : 0.3977 0.1736 0.0614 0.3673
405      405   (3)      2  : 0.5024 0.0520 0.1249 0.3207
406      406   (2)      2  : 0.4104 0.0574 0.0613 0.4710
407      407   (2)      2  : 0.3913 0.1602 0.3318 0.1167
408      408   (2)      2  : 0.3223 0.1533 0.3608 0.1636
409      409   (1)      2  : 0.2085 0.0544 0.3328 0.4043
410      410   (1)      2  : 0.3401 0.0416 0.0931 0.5252
411      411   (1)      2  : 0.1649 0.0569 0.1207 0.6575
412      412   (0)      2  : 0.7216 0.0304 0.0595 0.1885
413      413   (1)      2  : 0.2646 0.0575 0.0501 0.6278
414      414   (2)      2  : 0.5686 0.0370 0.0704 0.3240
415      415   (2)      2  : 0.0999 0.0281 0.2205 0.6515
416      416   (3)      2  : 0.3357 0.1007 0.0887 0.4749
417      417   (1)      2  : 0.2273 0.0725 0.4195 0.2807
418      418   (0)      2  : 0.0507 0.0529 0.7810 0.1154
419      419   (1)      2  : 0.1876 0.0403 0.4171 0.3550
420      420   (0)      2  : 0.1573 0.0459 0.0446 0.7522
421      421   (1)      2  : 0.5381 0.0770 0.0942 0.2907
422      422   (6)      2  : 0.1974 0.0824 0.1812 0.5391
423      423   (2)      2  : 0.1905 0.0752 0.1367 0.5976
424      424   (1)      2  : 0.1449 0.2830 0.2698 0.3023
425      425   (1)      2  : 0.1954 0.3269 0.0871 0.3906
426      426   (3)      2  : 0.2908 0.0500 0.2274 0.4318
427      427   (2)      2  : 0.2535 0.6210 0.0314 0.0941
428      428   (6)      2  : 0.2172 0.0284 0.0574 0.6970
429      429   (1)      2  : 0.3304 0.2311 0.0384 0.4001
430      430   (1)      2  : 0.2384 0.1940 0.2406 0.3270
431      431   (0)      2  : 0.2779 0.0776 0.0704 0.5741
432      432   (2)      2  : 0.0719 0.7990 0.0644 0.0647
433      433   (2)      2  : 0.1019 0.1064 0.6842 0.1075
434      434   (2)      2  : 0.2579 0.1709 0.0941 0.4771
435      435   (8)      2  : 0.3523 0.1111 0.1816 0.3550
436      436   (2)      2  : 0.2149 0.0501 0.1696 0.5654
437      437   (4)      2  : 0.2362 0.0486 0.2642 0.4511
438      438   (1)      2  : 0.0444 0.0873 0.7863 0.0820
439      439   (2)      2  : 0.1673 0.5593 0.1143 0.1592
440      440   (0)      2  : 0.0420 0.1419 0.7541 0.0620
441      441   (1)      2  : 0.7680 0.0387 0.0576 0.1356
442      442   (6)      2  : 0.3796 0.1662 0.2291 0.2250
443      443   (1)      2  : 0.6700 0.0300 0.0551 0.2449
444      444   (6)      2  : 0.1635 0.0618 0.4267 0.3480
445      445   (2)      2  : 0.1553 0.1063 0.2913 0.4472
446      446   (3)      2  : 0.1299 0.3312 0.3757 0.1632
447      447   (2)      2  : 0.4360 0.1390 0.1508 0.2743
448      448   (3)      2  : 0.5131 0.0893 0.1030 0.2947
449      449   (1)      2  : 0.5620 0.0450 0.0974 0.2957
450      450   (4)      2  : 0.0914 0.2494 0.2782 0.3810
451      451   (3)      2  : 0.4348 0.0675 0.1206 0.3771
452      452   (1)      2  : 0.4849 0.0959 0.0511 0.3681
453      453   (1)      2  : 0.5082 0.0339 0.0440 0.4139
454      454   (4)      2  : 0.2904 0.0773 0.4704 0.1620
455      455   (4)      2  : 0.2113 0.4818 0.1906 0.1163
456      456   (5)      2  : 0.1805 0.1782 0.1140 0.5273
457      457   (3)      2  : 0.1396 0.0414 0.5409 0.2782
458      458   (1)      2  : 0.3265 0.0775 0.2311 0.3650
459      459   (1)      2  : 0.0505 0.8656 0.0300 0.0539
460      460   (2)      2  : 0.4582 0.0607 0.0770 0.4041
461      461   (1)      2  : 0.0650 0.7609 0.1070 0.0670
462      462   (1)      2  : 0.2888 0.0247 0.3678 0.3187
463      463   (4)      2  : 0.5880 0.0770 0.1065 0.2284
464      464   (6)      2  : 0.2601 0.0371 0.3173 0.3855
465      465   (3)      2  : 0.1274 0.0514 0.5861 0.2352
466      466   (3)      2  : 0.3020 0.1121 0.3113 0.2746
467      467   (2)      2  : 0.2903 0.1226 0.1120 0.4751
468      468   (2)      2  : 0.3102 0.0272 0.1415 0.5211
469      469   (1)      2  : 0.0290 0.9117 0.0253 0.0340
470      470   (0)      2  : 0.1328 0.2789 0.5047 0.0835
471      471   (2)      2  : 0.1687 0.1210 0.1268 0.5835
472      472   (2)      2  : 0.2152 0.0145 0.0404 0.7299
473      473   (1)      2  : 0.3353 0.1161 0.1088 0.4397
474      474   (3)      2  : 0.1904 0.0860 0.0979 0.6257
475      475   (1)      2  : 0.2226 0.1312 0.4678 0.1783
476      476   (2)      2  : 0.4109 0.0567 0.1346 0.3978
477      477   (0)      2  : 0.1470 0.1250 0.3937 0.3343
478      478   (1)      2  : 0.4703 0.1121 0.1144 0.3032
479      479   (1)      2  : 0.1918 0.0728 0.2590 0.4765
480      480   (1)      2  : 0.3680 0.1286 0.0947 0.4087
481      481   (1)      2  : 0.4543 0.0612 0.1086 0.3759
482      482   (1)      2  : 0.1496 0.0563 0.5465 0.2476
483      483   (0)      2  : 0.4179 0.0505 0.2345 0.2971
484      484   (0)      2  : 0.6934 0.0980 0.0735 0.1351
485      485   (0)      2  : 0.1999 0.0446 0.5395 0.2159
486      486   (0)      2  : 0.3189 0.0700 0.2207 0.3904
487      487   (1)      2  : 0.0964 0.0495 0.7456 0.1085
488      488   (1)      2  : 0.1767 0.1025 0.4221 0.2987
489      489   (1)      2  : 0.6289 0.0680 0.0663 0.2368
490      490   (0)      2  : 0.5463 0.0305 0.0484 0.3748
491      491   (0)      2  : 0.1901 0.0794 0.6155 0.1150
492      492   (5)      2  : 0.0478 0.7857 0.1140 0.0525
493      493   (1)      2  : 0.1547 0.3141 0.2913 0.2399
494      494   (3)      2  : 0.2850 0.0580 0.2030 0.4540
495      495   (1)      2  : 0.1846 0.1375 0.2764 0.4015
496      496   (1)      2  : 0.1943 0.1492 0.0471 0.6094
497      497   (1)      2  : 0.1795 0.0286 0.2956 0.4963
498      498   (1)      2  : 0.3705 0.0954 0.3503 0.1838
499      499   (1)      2  : 0.3509 0.0590 0.2895 0.3006
500      500   (1)      2  : 0.3225 0.1300 0.0554 0.4921
501      501   (2)      2  : 0.1138 0.0379 0.5357 0.3126
502      502   (1)      2  : 0.1167 0.2624 0.5198 0.1011
503      503   (2)      2  : 0.3438 0.1451 0.2810 0.2301
504      504   (2)      2  : 0.1337 0.0960 0.5823 0.1880
505      505   (2)      2  : 0.3340 0.1174 0.1429 0.4057
506      506   (3)      2  : 0.1573 0.0853 0.1413 0.6161
507      507   (1)      2  : 0.1814 0.1334 0.0653 0.6200
508      508   (7)      2  : 0.1640 0.0501 0.1246 0.6612
509      509   (1)      2  : 0.1793 0.2127 0.3513 0.2567
510      510   (1)      2  : 0.0270 0.9308 0.0225 0.0197
511      511   (2)      2  : 0.1231 0.1754 0.5694 0.1321
512      512   (1)      2  : 0.1702 0.0398 0.5879 0.2021
513      513   (3)      2  : 0.3453 0.0447 0.0725 0.5375
514      514   (1)      2  : 0.0529 0.0375 0.8548 0.0548
515      515   (5)      2  : 0.2959 0.0476 0.1079 0.5486
516      516   (3)      2  : 0.0688 0.3418 0.4926 0.0969
517      517   (1)      2  : 0.3509 0.0290 0.4399 0.1803
518      518   (1)      2  : 0.1589 0.5396 0.1845 0.1170
519      519   (0)      2  : 0.1116 0.1364 0.3252 0.4268
520      520   (0)      2  : 0.6096 0.0544 0.2054 0.1306
521      521   (2)      2  : 0.1908 0.1294 0.1596 0.5202
522      522   (2)      2  : 0.1448 0.4099 0.1230 0.3223
523      523   (1)      2  : 0.1268 0.3495 0.3904 0.1334
524      524   (3)      2  : 0.2280 0.1811 0.1518 0.4390
525      525   (1)      2  : 0.3634 0.0745 0.3193 0.2428
526      526   (7)      2  : 0.4383 0.0270 0.0831 0.4516
527      527   (4)      2  : 0.4206 0.1247 0.0976 0.3570
528      528   (1)      2  : 0.4873 0.0343 0.2625 0.2160
529      529   (2)      2  : 0.4455 0.0448 0.0805 0.4292
530      530   (1)      2  : 0.1235 0.0970 0.5034 0.2762
531      531   (2)      2  : 0.6541 0.0489 0.1210 0.1760
532      532   (2)      2  : 0.2557 0.0295 0.1652 0.5496
533      533   (5)      2  : 0.0377 0.8824 0.0487 0.0311
534      534   (2)      2  : 0.2573 0.1468 0.2023 0.3936
535      535   (3)      2  : 0.2765 0.0807 0.4264 0.2164
536      536   (0)      2  : 0.2864 0.1621 0.0839 0.4676
537      537   (3)      2  : 0.3371 0.2998 0.1355 0.2276
538      538   (1)      2  : 0.2791 0.0516 0.2206 0.4486
539      539   (1)      2  : 0.2052 0.0807 0.4144 0.2996
540      540   (1)      2  : 0.4151 0.0693 0.1440 0.3717
541      541   (5)      2  : 0.3691 0.0221 0.3939 0.2149
542      542   (4)      2  : 0.4250 0.1420 0.1375 0.2955
543      543   (2)      2  : 0.2249 0.0259 0.4456 0.3037
544      544   (2)      2  : 0.1015 0.0751 0.3906 0.4328
545      545   (2)      2  : 0.2507 0.3517 0.2308 0.1668
546      546   (1)      2  : 0.2602 0.0627 0.3685 0.3086
547      547   (1)      2  : 0.2392 0.0940 0.3638 0.3029
548      548   (1)      2  : 0.0891 0.7629 0.0509 0.0971
549      549   (1)      2  : 0.3542 0.3202 0.2148 0.1109
550      550   (2)      2  : 0.3492 0.3125 0.0995 0.2388
551      551   (4)      2  : 0.5157 0.1719 0.0791 0.2333
552      552   (6)      2  : 0.5957 0.0486 0.0279 0.3278
553      553   (3)      2  : 0.0479 0.0395 0.8401 0.0725
554      554   (1)      2  : 0.1826 0.0292 0.5482 0.2400
555      555   (4)      2  : 0.2623 0.0446 0.4674 0.2256
556      556   (2)      2  : 0.3117 0.1123 0.2497 0.3263
557      557   (0)      2  : 0.3180 0.0530 0.1815 0.4475
558      558   (2)      2  : 0.2149 0.0898 0.4265 0.2688
559      559   (3)      2  : 0.3856 0.3413 0.1098 0.1633
560      560   (6)      2  : 0.2838 0.0456 0.5499 0.1206
561      561   (1)      2  : 0.4160 0.2143 0.0440 0.3257
562      562   (2)      2  : 0.1064 0.0781 0.6345 0.1810
563      563   (2)      2  : 0.2563 0.3542 0.2890 0.1005
564      564   (1)      2  : 0.1730 0.4013 0.1523 0.2734
565      565   (1)      2  : 0.2876 0.0734 0.0469 0.5921
566      566   (1)      2  : 0.2147 0.0370 0.1486 0.5997
567      567   (1)      2  : 0.6908 0.0528 0.0654 0.1911
568      568   (1)      2  : 0.6680 0.0345 0.1052 0.1923
569      569   (3)      2  : 0.4218 0.0587 0.1501 0.3694
570      570   (1)      2  : 0.1670 0.3110 0.3138 0.2082
571      571   (2)      2  : 0.1319 0.5873 0.1297 0.1512
572      572   (5)      2  : 0.0885 0.1852 0.5867 0.1395
573      573   (5)      2  : 0.5243 0.1998 0.1878 0.0881
574      574   (1)      2  : 0.6084 0.1961 0.0631 0.1325
575      575   (2)      2  : 0.3374 0.0426 0.3327 0.2873
576      576   (0)      2  : 0.1928 0.0305 0.6689 0.1078
577      577   (1)      2  : 0.3770 0.3382 0.0984 0.1865
578      578   (1)      2  : 0.8474 0.0300 0.0302 0.0924
579      579   (2)      2  : 0.2317 0.0914 0.4439 0.2330
580      580   (1)      2  : 0.2705 0.0251 0.4091 0.2953
581      581   (1)      2  : 0.1110 0.1583 0.5945 0.1362
582      582   (0)      2  : 0.2116 0.1081 0.0601 0.6202
583      583   (1)      2  : 0.3831 0.0810 0.3425 0.1933
584      584   (2)      2  : 0.3429 0.3332 0.2383 0.0856
585      585   (1)      2  : 0.5113 0.2627 0.0336 0.1924
586      586   (0)      2  : 0.1758 0.6179 0.1100 0.0964
587      587   (1)      2  : 0.1660 0.0411 0.2171 0.5758
588      588   (0)      2  : 0.2580 0.4994 0.1344 0.1081
589      589   (2)      2  : 0.0505 0.0451 0.8358 0.0686
590      590   (2)      2  : 0.1255 0.1910 0.2477 0.4358
591      591   (1)      2  : 0.2543 0.4351 0.1715 0.1391
592      592   (1)      2  : 0.2571 0.0594 0.2869 0.3966
593      593   (1)      2  : 0.2919 0.2999 0.0622 0.3459
594      594   (3)      2  : 0.3035 0.0537 0.1516 0.4911
595      595   (1)      2  : 0.6436 0.1244 0.1223 0.1098
596      596   (1)      2  : 0.2127 0.1056 0.0995 0.5822
597      597   (1)      2  : 0.4331 0.1107 0.0675 0.3887
598      598   (1)      2  : 0.1550 0.6143 0.0880 0.1426
599      599   (1)      2  : 0.2785 0.1035 0.4518 0.1662
600      600   (2)      2  : 0.2086 0.0590 0.5269 0.2055
601      601   (7)      2  : 0.1423 0.0226 0.7620 0.0731
602      602   (3)      2  : 0.1565 0.0978 0.0609 0.6848
603      603   (1)      2  : 0.2553 0.0678 0.3956 0.2814
604      604   (1)      2  : 0.4494 0.0659 0.2472 0.2376
605      605   (1)      2  : 0.1810 0.0484 0.5596 0.2109
606      606   (1)      2  : 0.3215 0.4564 0.0629 0.1592
607      607   (1)      2  : 0.2400 0.0759 0.2178 0.4664
608      608   (1)      2  : 0.2344 0.0708 0.3918 0.3031
609      609   (1)      2  : 0.0620 0.0625 0.8198 0.0557
610      610   (1)      2  : 0.1491 0.2231 0.3374 0.2904
611      611   (1)      2  : 0.2018 0.0757 0.2929 0.4296
612      612   (1)      2  : 0.4148 0.1605 0.1077 0.3169
613      613   (2)      2  : 0.1072 0.6064 0.1529 0.1335
614      614   (1)      2  : 0.0527 0.2902 0.5694 0.0876
615      615   (1)      2  : 0.3653 0.0496 0.0903 0.4948
616      616   (1)      2  : 0.1959 0.0494 0.0741 0.6806
617      617   (1)      2  : 0.1729 0.0391 0.3239 0.4641
618      618   (0)      2  : 0.4338 0.1675 0.0527 0.3460
619      619   (1)      2  : 0.6408 0.1160 0.0612 0.1820
620      620   (1)      2  : 0.2629 0.3137 0.1589 0.2645
621      621   (1)      2  : 0.1798 0.2245 0.3670 0.2287
622      622   (1)      2  : 0.1824 0.0191 0.2818 0.5167
623      623   (1)      2  : 0.4532 0.3250 0.0716 0.1502
624      624   (0)      2  : 0.4829 0.1092 0.2262 0.1816
625      625   (0)      2  : 0.7544 0.0501 0.0377 0.1578
626      626   (1)      2  : 0.1532 0.0299 0.1243 0.6926
627      627   (1)      2  : 0.3349 0.0401 0.0792 0.5458
628      628   (1)      2  : 0.2190 0.5357 0.0679 0.1775
629      629   (1)      2  : 0.0362 0.9017 0.0197 0.0424
630      630   (2)      2  : 0.7596 0.0984 0.0495 0.0925
631      631   (5)      2  : 0.1594 0.3195 0.4361 0.0850
632      632   (2)      2  : 0.2980 0.0837 0.1529 0.4654
633      633   (1)      2  : 0.3577 0.3355 0.0379 0.2689
634      634   (4)      2  : 0.3992 0.0279 0.3386 0.2342
635      635   (1)      2  : 0.8231 0.0245 0.0244 0.1281
636      636   (0)      2  : 0.5521 0.0812 0.1175 0.2492
637      637   (1)      2  : 0.0629 0.0422 0.8389 0.0560
638      638   (0)      2  : 0.5859 0.1506 0.0484 0.2151
639      639   (0)      2  : 0.2572 0.0757 0.4969 0.1701
640      640   (1)      2  : 0.1521 0.1476 0.1274 0.5729
641      641   (1)      2  : 0.2956 0.1321 0.2424 0.3299
642      642   (1)      2  : 0.1940 0.4066 0.1684 0.2309
643      643   (1)      2  : 0.7427 0.0206 0.0419 0.1948
644      644   (1)      2  : 0.6006 0.0370 0.0561 0.3063
645      645   (0)      2  : 0.4400 0.2572 0.1045 0.1983
646      646   (1)      3  : 0.2196 0.0809 0.1800 0.5196
647      647   (1)      2  : 0.5867 0.1104 0.1166 0.1863
648      648   (0)      3  : 0.2698 0.0292 0.1402 0.5608
649      649   (1)      3  : 0.8209 0.0224 0.0291 0.1276
650      650   (1)      3  : 0.6975 0.0934 0.0489 0.1602
651      651   (1)      2  : 0.5513 0.0540 0.2187 0.1761
652      652   (0)      3  : 0.5737 0.0586 0.1292 0.2386
653      653   (2)      4  : 0.2829 0.0546 0.5280 0.1345
654      654   (0)      2  : 0.7168 0.0354 0.0882 0.1596
655      655   (1)      4  : 0.1262 0.1879 0.5067 0.1792
656      656   (1)      4  : 0.0823 0.0505 0.7751 0.0921
657      657   (1)      4  : 0.0314 0.0231 0.9043 0.0411
658      658   (0)      4  : 0.0335 0.0556 0.8759 0.0350
659      659   (0)      4  : 0.0404 0.0307 0.8742 0.0547
660      660   (3)      3  : 0.2595 0.1572 0.0370 0.5463
661      661   (1)      2  : 0.3451 0.0987 0.2031 0.3531
662      662   (1)      3  : 0.3928 0.0730 0.0966 0.4376
663      663   (1)      3  : 0.6608 0.0493 0.0613 0.2286
664      664   (1)      3  : 0.1164 0.0781 0.1036 0.7019
665      665   (1)      3  : 0.5291 0.1388 0.0426 0.2895
666      666   (0)      2  : 0.1039 0.6493 0.1420 0.1049
667      667   (1)      3  : 0.7838 0.0541 0.0433 0.1188
668      668   (1)      4  : 0.1321 0.3344 0.3038 0.2297
669      669   (0)      4  : 0.0498 0.0374 0.8761 0.0368
670      670   (1)      4  : 0.0706 0.0277 0.7901 0.1115
671      671   (1)      4  : 0.2398 0.0721 0.6061 0.0820
672      672   (1)      4  : 0.1030 0.0501 0.7570 0.0900
673      673   (0)      4  : 0.1729 0.0539 0.5127 0.2605
674      674   (2)      3  : 0.4592 0.0434 0.1426 0.3548
675      675   (5)      3  : 0.3183 0.0750 0.1273 0.4794
676      676   (0)      3  : 0.5622 0.0277 0.2361 0.1740
677      677   (3)      3  : 0.3766 0.2233 0.0668 0.3333
678      678   (0)      3  : 0.4003 0.0722 0.1386 0.3889
679      679   (2)      2  : 0.2768 0.2753 0.1495 0.2983
680      680   (0)      3  : 0.2951 0.2018 0.1544 0.3487
681      681   (2)      4  : 0.1260 0.1308 0.6633 0.0799
682      682   (0)      2  : 0.0969 0.1493 0.5536 0.2002
683      683   (2)      4  : 0.2197 0.0444 0.5261 0.2098
684      684   (1)      4  : 0.0359 0.1206 0.8102 0.0333
685      685   (1)      4  : 0.0475 0.0448 0.8560 0.0518
686      686   (0)      4  : 0.0374 0.0255 0.9041 0.0330
687      687   (1)      3  : 0.1888 0.0730 0.1003 0.6380
688      688   (2)      3  : 0.6342 0.0324 0.0776 0.2559
689      689   (1)      3  : 0.1484 0.0699 0.1178 0.6639
690      690   (1)      3  : 0.3708 0.0718 0.0570 0.5004
691      691   (1)      2  : 0.1198 0.0955 0.6649 0.1198
692      692   (0)      3  : 0.4023 0.0695 0.1046 0.4236
693      693   (0)      2  : 0.1474 0.0840 0.1369 0.6318
694      694   (1)      4  : 0.3324 0.0541 0.3404 0.2731
695      695   (0)      4  : 0.0745 0.0189 0.8162 0.0904
696      696   (1)      4  : 0.0540 0.1805 0.5844 0.1812
697      697   (0)      4  : 0.0315 0.0473 0.8620 0.0593
698      698   (1)      4  : 0.0583 0.0516 0.8139 0.0762
699      699   (6)      3  : 0.2488 0.1071 0.1657 0.4784
700      700   (1)      2  : 0.2623 0.3627 0.1136 0.2614
701      701   (3)      3  : 0.4428 0.0599 0.1553 0.3419
702      702   (1)      3  : 0.4328 0.0456 0.1235 0.3981
703      703   (3)      3  : 0.4941 0.1250 0.0661 0.3148
704      704   (1)      3  : 0.5488 0.0602 0.0535 0.3375
705      705   (1)      2  : 0.5709 0.1562 0.0609 0.2121
706      706   (0)      3  : 0.6307 0.0551 0.0657 0.2484
707      707   (1)      2  : 0.0750 0.8256 0.0334 0.0660
708      708   (2)      4  : 0.0451 0.0194 0.8955 0.0400
709      709   (1)      2  : 0.0424 0.8182 0.0831 0.0564
710      710   (1)      4  : 0.1718 0.0523 0.6118 0.1641
711      711   (2)      4  : 0.0799 0.0639 0.7501 0.1061
712      712   (1)      4  : 0.0709 0.0889 0.7635 0.0767
713      713   (0)      4  : 0.0447 0.0245 0.8884 0.0424
714      714   (1)      3  : 0.1818 0.1054 0.4586 0.2543
715      715   (1)      2  : 0.6184 0.0372 0.2158 0.1285
716      716   (3)      3  : 0.2312 0.0386 0.0544 0.6758
717      717   (0)      3  : 0.4771 0.0836 0.1604 0.2788
718      718   (4)      3  : 0.3469 0.0479 0.0670 0.5383
719      719   (1)      3  : 0.3132 0.1141 0.1689 0.4038
720      720   (1)      2  : 0.3550 0.1619 0.1482 0.3350
721      721   (1)      2  : 0.2614 0.1295 0.2299 0.3792
722      722   (1)      4  : 0.0906 0.0933 0.6846 0.1315
723      723   (0)      4  : 0.0425 0.0645 0.8528 0.0401
724      724   (0)      4  : 0.0608 0.0129 0.8828 0.0435
725      725   (2)      4  : 0.0550 0.0260 0.8771 0.0419
726      726   (1)      4  : 0.0307 0.0230 0.9073 0.0390
727      727   (2)      2  : 0.7161 0.0327 0.0921 0.1590
728      728   (3)      3  : 0.1699 0.0502 0.0521 0.7278
729      729   (1)      3  : 0.4906 0.1031 0.1285 0.2778
730      730   (2)      3  : 0.1460 0.0924 0.3379 0.4237
731      731   (1)      3  : 0.6924 0.0884 0.0663 0.1530
732      732   (1)      4  : 0.1056 0.2009 0.5854 0.1081
733      733   (1)      4  : 0.0909 0.0418 0.8253 0.0420
734      734   (1)      4  : 0.0476 0.0279 0.8723 0.0522
735      735   (2)      4  : 0.0969 0.0431 0.8088 0.0511
736      736   (1)      4  : 0.0391 0.0159 0.9032 0.0418
737      737   (0)      2  : 0.0878 0.5136 0.2693 0.1294
738      738   (0)      3  : 0.3019 0.0426 0.0615 0.5940
739      739   (1)      3  : 0.2303 0.0462 0.2198 0.5036
740      740   (1)      3  : 0.3230 0.0734 0.1405 0.4632
741      741   (1)      2  : 0.3133 0.1952 0.3163 0.1752
742      742   (1)      2  : 0.3901 0.0469 0.1368 0.4262
743      743   (0)      4  : 0.1100 0.0468 0.6438 0.1994
744      744   (0)      4  : 0.0345 0.0484 0.8690 0.0481
745      745   (0)      4  : 0.0364 0.0141 0.9063 0.0432
746      746   (0)      4  : 0.3130 0.0244 0.5797 0.0829
747      747   (1)      4  : 0.0640 0.0309 0.8489 0.0562
748      748   (1)      2  : 0.1823 0.6020 0.1041 0.1116
749      749   (1)      2  : 0.2874 0.4994 0.0877 0.1255
750      750   (0)      2  : 0.1028 0.0767 0.7403 0.0801
751      751   (1)      2  : 0.0304 0.8616 0.0623 0.0458
752      752   (1)      2  : 0.0955 0.0529 0.6936 0.1580
753      753   (1)      2  : 0.6134 0.1112 0.0595 0.2159
754      754   (0)      2  : 0.1055 0.1127 0.5371 0.2446
755      755   (1)      2  : 0.4348 0.1422 0.0525 0.3705
756      756   (0)      2  : 0.0399 0.8796 0.0466 0.0339
757      757   (1)      2  : 0.0566 0.7008 0.1837 0.0589
758      758   (2)      2  : 0.0597 0.8403 0.0325 0.0675
759      759   (0)      2  : 0.5646 0.0776 0.0595 0.2982
760      760   (1)      2  : 0.3454 0.0843 0.1681 0.4022
761      761   (2)      2  : 0.3126 0.0509 0.2628 0.3737
762      762   (0)      2  : 0.5031 0.1220 0.0694 0.3055
763      763   (1)      2  : 0.1270 0.4992 0.2016 0.1722
764      764   (1)      2  : 0.1406 0.4297 0.2298 0.1999
765      765   (1)      2  : 0.3156 0.1614 0.2595 0.2635
766      766   (3)      2  : 0.1240 0.5026 0.2911 0.0824
767      767   (1)      2  : 0.6533 0.0452 0.1095 0.1920
768      768   (1)      2  : 0.0368 0.8995 0.0329 0.0309
769      769   (1)      2  : 0.5858 0.0505 0.0425 0.3212
770      770   (1)      2  : 0.7213 0.0586 0.0220 0.1981
771      771   (0)      2  : 0.2109 0.1506 0.1175 0.5210
772      772   (0)      2  : 0.3971 0.1037 0.1415 0.3577
773      773   (1)      2  : 0.1694 0.1162 0.6375 0.0769
774      774   (1)      2  : 0.4604 0.2077 0.1324 0.1995
775      775   (1)      2  : 0.2335 0.2666 0.0957 0.4042
776      776   (0)      2  : 0.4190 0.0241 0.1037 0.4531
777      777   (1)      2  : 0.1760 0.0434 0.6137 0.1670
778      778   (1)      2  : 0.2672 0.0557 0.3403 0.3368
779      779   (6)      2  : 0.0351 0.8941 0.0279 0.0429
780      780   (2)      2  : 0.1367 0.0474 0.1409 0.6751
781      781   (1)      2  : 0.4018 0.1468 0.2206 0.2308
782      782   (1)      2  : 0.0927 0.0360 0.7651 0.1061
783      783   (1)      2  : 0.5688 0.1638 0.0788 0.1887
784      784   (1)      2  : 0.2131 0.4258 0.1222 0.2388
785      785   (1)      2  : 0.0897 0.4954 0.2473 0.1676
786      786   (2)      2  : 0.6746 0.0440 0.0540 0.2274
787      787   (0)      2  : 0.4050 0.1314 0.0375 0.4262
788      788   (1)      2  : 0.3334 0.0372 0.1827 0.4466
789      789   (1)      2  : 0.1943 0.0654 0.6305 0.1098
790      790   (1)      2  : 0.2627 0.4599 0.0448 0.2327
791      791   (1)      2  : 0.0293 0.9219 0.0210 0.0279
792      792   (2)      2  : 0.6564 0.0318 0.1136 0.1982
793      793   (1)      2  : 0.0694 0.0400 0.8062 0.0844
794      794   (0)      2  : 0.0572 0.0474 0.8197 0.0757
795      795   (1)      2  : 0.0444 0.8479 0.0559 0.0519
796      796   (0)      2  : 0.4072 0.0911 0.2088 0.2929
797      797   (0)      2  : 0.2401 0.1768 0.1563 0.4268
798      798   (0)      2  : 0.1305 0.1208 0.6741 0.0746
799      799   (1)      2  : 0.0705 0.6038 0.2260 0.0997
800      800   (1)      2  : 0.1890 0.5221 0.0405 0.2484
801      801   (1)      2  : 0.0508 0.8350 0.0434 0.0709
802      802   (1)      2  : 0.0945 0.0561 0.5801 0.2693
803      803   (2)      2  : 0.0493 0.0338 0.8532 0.0637
804      804   (1)      2  : 0.3527 0.0377 0.1034 0.5062
805      805   (1)      2  : 0.5282 0.0781 0.0467 0.3470
806      806   (0)      2  : 0.5180 0.0686 0.0561 0.3572
807      807   (1)      2  : 0.2860 0.3938 0.1155 0.2048
808      808   (1)      2  : 0.0769 0.8138 0.0445 0.0649
809      809   (2)      2  : 0.4792 0.3224 0.0338 0.1646
810      810   (1)      2  : 0.0433 0.8612 0.0561 0.0394
811      811   (1)      2  : 0.0334 0.8950 0.0315 0.0401
812      812   (0)      2  : 0.4628 0.1143 0.1466 0.2763
813      813   (1)      2  : 0.0496 0.8064 0.0812 0.0627
814      814   (1)      2  : 0.0294 0.8759 0.0587 0.0360
815      815   (0)      2  : 0.3419 0.0788 0.2532 0.3262
816      816   (0)      2  : 0.0588 0.2264 0.6166 0.0983
817      817   (1)      2  : 0.1327 0.1493 0.0765 0.6415
818      818   (2)      2  : 0.0368 0.8199 0.0845 0.0588
819      819   (1)      2  : 0.0382 0.3310 0.5889 0.0419
820      820   (0)      2  : 0.1671 0.2092 0.0804 0.5434
821      821   (1)      2  : 0.0294 0.9076 0.0246 0.0384
822      822   (2)      2  : 0.2984 0.1891 0.0685 0.4440
823      823   (1)      2  : 0.1798 0.5624 0.0601 0.1977
824      824   (1)      2  : 0.0665 0.7594 0.0763 0.0978
825      825   (1)      2  : 0.4459 0.0162 0.1005 0.4374
826      826   (1)      2  : 0.0713 0.8114 0.0394 0.0780
827      827   (0)      2  : 0.1777 0.1572 0.3355 0.3296
828      828   (1)      2  : 0.3182 0.0466 0.2128 0.4224
829      829   (1)      2  : 0.1037 0.5337 0.1826 0.1799
830      830   (1)      2  : 0.7049 0.0425 0.0679 0.1848
831      831   (1)      2  : 0.0388 0.8013 0.1183 0.0416
832      832   (1)      2  : 0.2673 0.0612 0.2060 0.4654
833      833   (1)      2  : 0.5946 0.0327 0.1376 0.2350
834      834   (0)      2  : 0.5389 0.0720 0.1540 0.2351
835      835   (1)      2  : 0.1127 0.4223 0.2798 0.1852
836      836   (0)      2  : 0.0641 0.6566 0.1921 0.0871
837      837   (1)      2  : 0.3612 0.2631 0.1507 0.2251
838      838   (1)      2  : 0.0462 0.0537 0.8300 0.0700
839      839   (1)      2  : 0.4926 0.0401 0.1589 0.3083
840      840   (0)      2  : 0.4403 0.1440 0.0816 0.3340
841      841   (5)      2  : 0.0990 0.5406 0.1196 0.2408
842      842   (1)      2  : 0.0477 0.8759 0.0336 0.0427
843      843   (2)      2  : 0.0329 0.9036 0.0306 0.0329
844      844   (1)      2  : 0.1338 0.4910 0.1448 0.2303
845      845   (1)      2  : 0.4616 0.1016 0.1554 0.2813
846      846   (0)      2  : 0.3324 0.1097 0.2597 0.2983
847      847   (0)      2  : 0.1144 0.0463 0.1024 0.7370
848      848   (1)      2  : 0.0377 0.8994 0.0219 0.0410
849      849   (1)      2  : 0.2705 0.0485 0.5309 0.1501
850      850   (1)      2  : 0.4148 0.0719 0.1631 0.3503
851      851   (1)      2  : 0.3831 0.1046 0.1429 0.3694
852      852   (1)      2  : 0.1325 0.4305 0.2880 0.1490
853      853   (1)      2  : 0.0946 0.5917 0.2301 0.0835
854      854   (0)      2  : 0.0975 0.5443 0.2196 0.1386
855      855   (1)      2  : 0.6005 0.0725 0.0835 0.2435
856      856   (5)      2  : 0.2154 0.1484 0.1659 0.4702
857      857   (1)      2  : 0.2136 0.0425 0.0595 0.6844
858      858   (0)      2  : 0.1793 0.0767 0.5785 0.1654
859      859   (0)      2  : 0.0891 0.7685 0.0711 0.0712
860      860   (1)      2  : 0.0335 0.9102 0.0240 0.0323
861      861   (1)      2  : 0.0401 0.8689 0.0491 0.0419
862      862   (1)      2  : 0.0819 0.1185 0.6151 0.1846
863      863   (0)      2  : 0.0315 0.8750 0.0557 0.0377
864      864   (4)      2  : 0.0958 0.7350 0.0940 0.0753
865      865   (1)      2  : 0.0373 0.0567 0.8626 0.0434
866      866   (1)      2  : 0.6026 0.2151 0.0330 0.1493
867      867   (1)      2  : 0.2251 0.0544 0.5851 0.1355
868      868   (0)      2  : 0.3676 0.0584 0.1448 0.4292
869      869   (1)      2  : 0.1792 0.0655 0.5849 0.1704
870      870   (1)      2  : 0.0661 0.7838 0.0905 0.0596
871      871   (1)      2  : 0.0406 0.1084 0.7910 0.0600
872      872   (1)      2  : 0.0644 0.1527 0.5428 0.2401
873      873   (1)      2  : 0.0386 0.8910 0.0306 0.0397
874      874   (1)      2  : 0.6062 0.0715 0.0673 0.2550
875      875   (1)      2  : 0.1687 0.1546 0.5347 0.1420
876      876   (1)      2  : 0.0915 0.1034 0.6263 0.1788
877      877   (1)      2  : 0.1161 0.4588 0.0612 0.3639
878      878   (0)      2  : 0.1691 0.2402 0.1365 0.4541
879      879   (2)      2  : 0.0253 0.9265 0.0219 0.0264
880      880   (1)      2  : 0.2441 0.3001 0.2896 0.1661
881      881   (2)      2  : 0.0771 0.7562 0.0715 0.0952
882      882   (1)      2  : 0.2619 0.0846 0.1978 0.4557
