1        1   (0)      1  : 0.1430 0.0150 0.3100 0.3600 0.1720
2        2   (1)      1  : 0.2220 0.0820 0.2090 0.2480 0.2390
3        3   (1)      1  : 0.1040 0.0690 0.1790 0.4490 0.1990
4        4   (1)      1  : 0.2700 0.0330 0.1340 0.3390 0.2240
5        5   (2)      1  : 0.0180 0.9290 0.0170 0.0180 0.0180
6        6   (1)      1  : 0.0901 0.2262 0.0430 0.5465 0.0941
7        7   (1)      1  : 0.2620 0.2100 0.1760 0.1640 0.1880
8        8   (0)      1  : 0.2170 0.0180 0.1060 0.1070 0.5520
9        9   (1)      1  : 0.0920 0.1910 0.1740 0.4430 0.1000
10       10   (1)      1  : 0.1692 0.4915 0.1231 0.0731 0.1431
11       11   (0)      1  : 0.1290 0.1050 0.1280 0.4780 0.1600
12       12   (0)      1  : 0.1090 0.1290 0.0670 0.5830 0.1120
13       13   (1)      1  : 0.3083 0.0340 0.1301 0.0751 0.4525
14       14   (1)      1  : 0.2507 0.4595 0.0290 0.1279 0.1329
15       15   (2)      1  : 0.2110 0.4360 0.0490 0.0980 0.2060
16       16   (1)      1  : 0.2260 0.1200 0.1470 0.2830 0.2240
17       17   (1)      1  : 0.1640 0.1010 0.0210 0.1740 0.5400
18       18   (2)      1  : 0.2760 0.0320 0.2080 0.0790 0.4050
19       19   (1)      1  : 0.4450 0.0540 0.1030 0.0630 0.3350
20       20   (1)      1  : 0.3350 0.2240 0.0220 0.2100 0.2090
21       21   (1)      1  : 0.2867 0.1978 0.0889 0.1149 0.3117
22       22   (1)      1  : 0.1838 0.0789 0.3596 0.2108 0.1668
23       23   (1)      1  : 0.1259 0.1648 0.1189 0.2687 0.3217
24       24   (1)      1  : 0.0330 0.0200 0.8220 0.0880 0.0370
25       25   (1)      1  : 0.2690 0.2210 0.0820 0.1100 0.3180
26       26   (1)      1  : 0.1880 0.1190 0.3120 0.1550 0.2260
27       27   (1)      1  : 0.3990 0.0590 0.0530 0.2430 0.2460
28       28   (1)      1  : 0.0370 0.0320 0.8378 0.0581 0.0350
29       29   (1)      1  : 0.2760 0.0700 0.1250 0.2160 0.3130
30       30   (1)      1  : 0.1330 0.6110 0.0580 0.0790 0.1190
31       31   (1)      1  : 0.1960 0.0410 0.1660 0.2160 0.3810
32       32   (1)      1  : 0.1920 0.1110 0.1780 0.0810 0.4380
33       33   (1)      1  : 0.1450 0.1490 0.3460 0.2050 0.1550
34       34   (1)      1  : 0.1471 0.5516 0.0511 0.0611 0.1892
35       35   (0)      1  : 0.3350 0.0920 0.1980 0.1340 0.2410
36       36   (1)      1  : 0.1670 0.1720 0.0830 0.2820 0.2960
37       37   (1)      1  : 0.1612 0.1241 0.5035 0.1221 0.0891
38       38   (1)      1  : 0.0610 0.4870 0.3250 0.0560 0.0710
39       39   (1)      1  : 0.3213 0.1121 0.0410 0.0681 0.4575
40       40   (0)      1  : 0.2170 0.2920 0.0370 0.3280 0.1260
41       41   (1)      1  : 0.3724 0.0400 0.0941 0.2452 0.2482
42       42   (1)      1  : 0.0440 0.8042 0.0280 0.0579 0.0659
43       43   (1)      1  : 0.2078 0.0430 0.1718 0.3287 0.2488
44       44   (7)      1  : 0.1329 0.0539 0.0949 0.4645 0.2537
45       45   (2)      1  : 0.0730 0.3560 0.3030 0.1670 0.1010
46       46   (1)      1  : 0.2112 0.0831 0.3954 0.1461 0.1642
47       47   (0)      1  : 0.0510 0.0650 0.7300 0.1010 0.0530
48       48   (1)      1  : 0.1680 0.0520 0.1270 0.4340 0.2190
49       49   (0)      1  : 0.2540 0.0380 0.3130 0.2210 0.1740
50       50   (1)      1  : 0.4070 0.0260 0.0310 0.1170 0.4190
51       51   (2)      1  : 0.0790 0.6830 0.0680 0.0910 0.0790
52       52   (1)      1  : 0.0380 0.8270 0.0510 0.0400 0.0440
53       53   (2)      1  : 0.1040 0.0260 0.6240 0.1410 0.1050
54       54   (1)      1  : 0.0981 0.0761 0.5666 0.1381 0.1211
55       55   (3)      1  : 0.2028 0.1019 0.0639 0.1309 0.5005
56       56   (1)      1  : 0.2220 0.0750 0.4840 0.0750 0.1440
57       57   (0)      1  : 0.1311 0.0260 0.5986 0.0851 0.1592
58       58   (1)      1  : 0.0811 0.7007 0.0531 0.0751 0.0901
59       59   (0)      1  : 0.1808 0.0330 0.5095 0.1289 0.1479
60       60   (2)      1  : 0.1910 0.1320 0.0870 0.3990 0.1910
61       61   (1)      1  : 0.1990 0.0720 0.4610 0.1390 0.1290
62       62   (1)      1  : 0.2220 0.0500 0.0910 0.4670 0.1700
63       63   (0)      1  : 0.0971 0.2322 0.3804 0.1892 0.1011
64       64   (3)      1  : 0.1940 0.0710 0.0940 0.4160 0.2250
65       65   (1)      1  : 0.2550 0.0650 0.1140 0.1420 0.4240
66       66   (4)      1  : 0.3330 0.2760 0.0370 0.0950 0.2590
67       67   (0)      1  : 0.3060 0.0440 0.3520 0.0940 0.2040
68       68   (2)      1  : 0.1642 0.0511 0.4484 0.2162 0.1201
69       69   (2)      1  : 0.0859 0.2388 0.4955 0.0769 0.1029
70       70   (1)      1  : 0.2660 0.0410 0.2160 0.1900 0.2870
71       71   (0)      1  : 0.2280 0.0330 0.0800 0.1810 0.4780
72       72   (5)      1  : 0.1499 0.0240 0.1329 0.5415 0.1518
73       73   (1)      1  : 0.1440 0.2590 0.2580 0.0700 0.2690
74       74   (1)      1  : 0.2448 0.0330 0.0380 0.5754 0.1089
75       75   (1)      1  : 0.1700 0.1190 0.3550 0.0880 0.2680
76       76   (1)      1  : 0.1420 0.0470 0.6290 0.0900 0.0920
77       77   (1)      1  : 0.0240 0.9091 0.0170 0.0300 0.0200
78       78   (1)      1  : 0.2240 0.0400 0.1340 0.1740 0.4280
79       79   (2)      1  : 0.3170 0.0590 0.1260 0.1280 0.3700
80       80   (2)      1  : 0.0750 0.7140 0.0810 0.0690 0.0610
81       81   (2)      1  : 0.1520 0.4250 0.1080 0.2290 0.0860
82       82   (1)      1  : 0.1020 0.0230 0.5740 0.1820 0.1190
83       83   (0)      1  : 0.2633 0.0490 0.2793 0.1201 0.2883
84       84   (1)      1  : 0.3130 0.1990 0.0770 0.2470 0.1640
85       85   (6)      1  : 0.2230 0.0290 0.1250 0.1270 0.4960
86       86   (1)      1  : 0.4136 0.0889 0.0300 0.2587 0.2088
87       87   (2)      1  : 0.1670 0.0380 0.3530 0.3650 0.0770
88       88   (0)      2  : 0.0600 0.8180 0.0260 0.0310 0.0650
89       89   (1)      2  : 0.5320 0.0550 0.0610 0.1340 0.2180
90       90   (1)      2  : 0.0340 0.8811 0.0210 0.0300 0.0340
91       91   (2)      2  : 0.2570 0.0160 0.3420 0.2070 0.1780
92       92   (1)      2  : 0.1490 0.0530 0.5260 0.1060 0.1660
93       93   (1)      2  : 0.0701 0.0180 0.7958 0.0511 0.0651
94       94   (1)      2  : 0.1670 0.1800 0.0390 0.1850 0.4290
95       95   (0)      2  : 0.1780 0.2140 0.0360 0.2800 0.2920
96       96   (2)      2  : 0.2180 0.0950 0.1080 0.2090 0.3700
97       97   (1)      2  : 0.0430 0.1470 0.7330 0.0290 0.0480
98       98   (0)      2  : 0.2540 0.0490 0.1050 0.2700 0.3220
99       99   (0)      2  : 0.1642 0.1051 0.4695 0.1401 0.1211
100      100   (1)      2  : 0.2090 0.0370 0.0910 0.1250 0.5380
101      101   (1)      2  : 0.0900 0.5180 0.1430 0.1160 0.1330
102      102   (1)      2  : 0.3974 0.0921 0.0430 0.1371 0.3303
103      103   (2)      2  : 0.2520 0.1960 0.1660 0.2030 0.1830
104      104   (1)      2  : 0.1580 0.0350 0.5110 0.1090 0.1870
105      105   (1)      2  : 0.0570 0.1970 0.5340 0.1790 0.0330
106      106   (1)      2  : 0.0150 0.8959 0.0511 0.0220 0.0160
107      107   (2)      2  : 0.3220 0.1100 0.1310 0.1750 0.2620
108      108   (0)      2  : 0.2420 0.0610 0.2310 0.2190 0.2470
109      109   (1)      2  : 0.3030 0.2310 0.0280 0.2030 0.2350
110      110   (1)      2  : 0.0949 0.2028 0.4915 0.1119 0.0989
111      111   (1)      2  : 0.1558 0.0819 0.4625 0.1469 0.1528
112      112   (2)      2  : 0.1748 0.1079 0.0589 0.2567 0.4016
113      113   (1)      2  : 0.1890 0.5180 0.0560 0.0850 0.1520
114      114   (3)      2  : 0.3380 0.0450 0.0730 0.1600 0.3840
115      115   (2)      2  : 0.0560 0.0530 0.3330 0.4960 0.0620
116      116   (0)      2  : 0.2070 0.0900 0.0680 0.2090 0.4260
117      117   (1)      2  : 0.1912 0.1942 0.0561 0.1792 0.3794
118      118   (1)      2  : 0.3920 0.0360 0.1810 0.0740 0.3170
119      119   (3)      2  : 0.4660 0.0630 0.0640 0.1800 0.2270
120      120   (1)      2  : 0.0601 0.0170 0.8148 0.0430 0.0651
121      121   (0)      2  : 0.4110 0.0620 0.0340 0.2350 0.2580
122      122   (1)      2  : 0.2573 0.0661 0.2062 0.1872 0.2833
123      123   (1)      2  : 0.2550 0.0280 0.2360 0.1900 0.2910
124      124   (0)      2  : 0.1280 0.1000 0.0440 0.6040 0.1240
125      125   (1)      2  : 0.1270 0.1080 0.5070 0.1320 0.1260
126      126   (1)      2  : 0.0601 0.6436 0.0631 0.1291 0.1041
127      127   (1)      2  : 0.5075 0.0589 0.0599 0.0719 0.3017
128      128   (1)      2  : 0.1131 0.0350 0.7077 0.0581 0.0861
129      129   (1)      2  : 0.1550 0.2320 0.0860 0.0960 0.4310
130      130   (1)      2  : 0.1508 0.0579 0.0310 0.5504 0.2098
131      131   (1)      2  : 0.2378 0.0699 0.1558 0.2468 0.2897
132      132   (1)      2  : 0.2150 0.0420 0.4640 0.1970 0.0820
133      133   (1)      2  : 0.2550 0.0280 0.0600 0.2490 0.4080
134      134   (1)      2  : 0.5816 0.0631 0.0691 0.1001 0.1862
135      135   (1)      2  : 0.0300 0.0210 0.8849 0.0360 0.0280
136      136   (3)      2  : 0.3836 0.0420 0.1049 0.1688 0.3007
137      137   (1)      2  : 0.2290 0.2450 0.0440 0.3380 0.1440
138      138   (1)      2  : 0.0940 0.6460 0.0270 0.0780 0.1550
139      139   (2)      2  : 0.2422 0.0230 0.0721 0.2613 0.4014
140      140   (3)      2  : 0.1842 0.1011 0.0521 0.0881 0.5746
141      141   (0)      2  : 0.1480 0.3920 0.1370 0.0910 0.2320
142      142   (1)      2  : 0.1578 0.3307 0.2038 0.1309 0.1768
143      143   (0)      2  : 0.0601 0.0731 0.6436 0.1491 0.0741
144      144   (1)      2  : 0.2318 0.0140 0.0400 0.1469 0.5674
145      145   (1)      2  : 0.1090 0.0330 0.0550 0.6810 0.1220
146      146   (2)      2  : 0.1391 0.0591 0.5415 0.1001 0.1602
147      147   (1)      2  : 0.3950 0.0570 0.1030 0.1670 0.2780
148      148   (1)      2  : 0.2630 0.0240 0.2220 0.2550 0.2360
149      149   (2)      2  : 0.2488 0.0849 0.3247 0.1409 0.2008
150      150   (2)      2  : 0.2537 0.0639 0.4366 0.0969 0.1489
151      151   (1)      2  : 0.2390 0.0940 0.1550 0.0760 0.4360
152      152   (0)      2  : 0.1810 0.0560 0.1290 0.5190 0.1150
153      153   (1)      2  : 0.0520 0.0400 0.8380 0.0390 0.0310
154      154   (2)      2  : 0.3784 0.0611 0.0490 0.3293 0.1822
155      155   (1)      2  : 0.1860 0.0930 0.2350 0.2590 0.2270
156      156   (1)      2  : 0.2543 0.1572 0.1772 0.2523 0.1592
157      157   (0)      2  : 0.1540 0.0700 0.2120 0.3660 0.1980
158      158   (2)      2  : 0.3830 0.0220 0.1390 0.1240 0.3320
159      159   (1)      2  : 0.2633 0.0440 0.0420 0.3183 0.3323
160      160   (0)      2  : 0.3020 0.0610 0.2540 0.1680 0.2150
161      161   (1)      2  : 0.1632 0.0420 0.3614 0.2142 0.2192
162      162   (1)      2  : 0.3170 0.0660 0.2220 0.2050 0.1900
163      163   (1)      2  : 0.1380 0.0560 0.5710 0.1520 0.0830
164      164   (1)      2  : 0.2260 0.0270 0.0800 0.3240 0.3430
165      165   (0)      2  : 0.1140 0.0190 0.2050 0.4160 0.2460
166      166   (0)      2  : 0.2428 0.0509 0.0569 0.5425 0.1069
167      167   (2)      2  : 0.2330 0.1050 0.3610 0.1600 0.1410
168      168   (0)      2  : 0.2913 0.0611 0.0771 0.1131 0.4575
169      169   (1)      2  : 0.0250 0.9071 0.0140 0.0340 0.0200
170      170   (1)      2  : 0.0801 0.0721 0.6476 0.1181 0.0821
171      171   (1)      2  : 0.2840 0.0360 0.1040 0.2560 0.3200
172      172   (0)      2  : 0.1420 0.4140 0.2720 0.0630 0.1090
173      173   (1)      2  : 0.0310 0.8881 0.0250 0.0310 0.0250
174      174   (0)      2  : 0.1049 0.0380 0.1089 0.5704 0.1778
175      175   (1)      2  : 0.2460 0.0280 0.0690 0.1420 0.5150
176      176   (1)      2  : 0.2600 0.0560 0.5000 0.0520 0.1320
177      177   (1)      2  : 0.0570 0.0160 0.7860 0.0910 0.0500
178      178   (0)      2  : 0.3674 0.0541 0.0250 0.3163 0.2372
179      179   (1)      2  : 0.1510 0.0200 0.4510 0.1980 0.1800
180      180   (1)      2  : 0.0511 0.7928 0.0631 0.0350 0.0581
181      181   (1)      2  : 0.3130 0.0400 0.0770 0.3740 0.1960
182      182   (1)      2  : 0.1998 0.1289 0.0589 0.0829 0.5295
183      183   (1)      2  : 0.2673 0.0360 0.0961 0.3013 0.2993
184      184   (1)      2  : 0.1141 0.5335 0.0951 0.0581 0.1992
185      185   (2)      2  : 0.3220 0.0120 0.0330 0.0530 0.5800
186      186   (1)      2  : 0.1369 0.0999 0.4366 0.0849 0.2418
187      187   (0)      2  : 0.0660 0.0220 0.0560 0.8070 0.0490
188      188   (1)      2  : 0.1800 0.0620 0.1050 0.2200 0.4330
189      189   (0)      2  : 0.2600 0.1550 0.2980 0.0870 0.2000
190      190   (0)      2  : 0.1888 0.0500 0.5914 0.0769 0.0929
191      191   (2)      2  : 0.0751 0.0350 0.5185 0.2833 0.0881
192      192   (1)      2  : 0.5864 0.0310 0.0230 0.0559 0.3037
193      193   (1)      2  : 0.3113 0.1231 0.1301 0.2212 0.2142
194      194   (0)      2  : 0.6390 0.0150 0.0390 0.0560 0.2510
195      195   (1)      2  : 0.0541 0.7998 0.0200 0.0591 0.0671
196      196   (1)      2  : 0.0849 0.0340 0.0300 0.6893 0.1618
197      197   (1)      2  : 0.2470 0.0630 0.4040 0.1430 0.1430
198      198   (1)      2  : 0.0750 0.7480 0.0620 0.0430 0.0720
199      199   (0)      2  : 0.2220 0.0340 0.0680 0.1390 0.5370
200      200   (0)      2  : 0.0790 0.0570 0.6690 0.1310 0.0640
201      201   (1)      2  : 0.3260 0.0280 0.0830 0.3460 0.2170
202      202   (0)      2  : 0.0780 0.0180 0.8020 0.0600 0.0420
203      203   (0)      2  : 0.2400 0.0460 0.1230 0.4090 0.1820
204      204   (1)      2  : 0.2010 0.0660 0.1530 0.3620 0.2180
205      205   (1)      2  : 0.0869 0.0889 0.0939 0.6224 0.1079
206      206   (1)      2  : 0.0460 0.8118 0.0440 0.0480 0.0501
207      207   (1)      2  : 0.2080 0.2390 0.0670 0.3500 0.1360
208      208   (1)      2  : 0.1888 0.0430 0.0639 0.2787 0.4256
209      209   (0)      2  : 0.0860 0.5350 0.1620 0.0740 0.1430
210      210   (1)      2  : 0.0310 0.8899 0.0180 0.0380 0.0230
211      211   (0)      2  : 0.3490 0.1720 0.0830 0.1690 0.2270
212      212   (1)      2  : 0.1800 0.2520 0.3330 0.1410 0.0940
213      213   (1)      2  : 0.1522 0.0290 0.0791 0.5135 0.2262
214      214   (1)      2  : 0.0940 0.0530 0.0460 0.7370 0.0700
215      215   (1)      2  : 0.5880 0.0290 0.0640 0.0440 0.2750
216      216   (1)      2  : 0.0480 0.8008 0.0260 0.0721 0.0531
217      217   (1)      2  : 0.2040 0.3930 0.0890 0.1940 0.1200
218      218   (1)      2  : 0.0749 0.0290 0.5025 0.3087 0.0849
219      219   (1)      2  : 0.4124 0.1121 0.0330 0.1732 0.2693
220      220   (1)      2  : 0.4530 0.0140 0.1110 0.1650 0.2570
221      221   (0)      2  : 0.1129 0.2637 0.0599 0.4865 0.0769
222      222   (1)      2  : 0.2500 0.0440 0.2510 0.2310 0.2240
223      223   (0)      2  : 0.2747 0.0719 0.0839 0.4466 0.1229
224      224   (1)      2  : 0.3546 0.0310 0.0879 0.1489 0.3776
225      225   (1)      2  : 0.0230 0.9090 0.0180 0.0290 0.0210
226      226   (0)      2  : 0.2553 0.1762 0.0430 0.1221 0.4034
227      227   (1)      2  : 0.0270 0.8670 0.0380 0.0400 0.0280
228      228   (1)      2  : 0.2510 0.0490 0.0460 0.4760 0.1780
229      229   (2)      2  : 0.1430 0.0260 0.1090 0.3340 0.3880
230      230   (1)      2  : 0.0839 0.2028 0.1758 0.3986 0.1389
231      231   (1)      2  : 0.2670 0.0720 0.0480 0.4080 0.2050
232      232   (2)      2  : 0.2617 0.0519 0.1878 0.2617 0.2368
233      233   (1)      2  : 0.2577 0.0989 0.0829 0.3437 0.2168
234      234   (1)      2  : 0.0280 0.8970 0.0210 0.0260 0.0280
235      235   (0)      2  : 0.1678 0.5175 0.0979 0.0839 0.1329
236      236   (1)      2  : 0.2460 0.0310 0.2930 0.2190 0.2110
237      237   (1)      2  : 0.3550 0.0880 0.1700 0.1750 0.2120
238      238   (0)      2  : 0.3090 0.1360 0.0450 0.3490 0.1610
239      239   (1)      2  : 0.6070 0.0860 0.0380 0.0530 0.2160
240      240   (1)      2  : 0.2050 0.0540 0.0840 0.3540 0.3030
241      241   (0)      2  : 0.2030 0.0830 0.4340 0.0940 0.1860
242      242   (1)      2  : 0.4760 0.0190 0.1720 0.0450 0.2880
243      243   (1)      2  : 0.1692 0.0541 0.3544 0.2272 0.1952
244      244   (1)      2  : 0.0990 0.0530 0.2830 0.4390 0.1260
245      245   (0)      2  : 0.0270 0.9220 0.0150 0.0140 0.0220
246      246   (1)      2  : 0.1000 0.1720 0.5760 0.0960 0.0560
247      247   (0)      2  : 0.1119 0.4775 0.1558 0.1538 0.1009
248      248   (1)      2  : 0.1190 0.5040 0.0580 0.0720 0.2470
249      249   (1)      2  : 0.1451 0.0641 0.0460 0.6056 0.1391
250      250   (0)      2  : 0.1812 0.1191 0.1241 0.1872 0.3884
251      251   (1)      2  : 0.2733 0.0681 0.0901 0.4204 0.1481
252      252   (0)      2  : 0.0440 0.0360 0.8008 0.0811 0.0380
253      253   (0)      2  : 0.3127 0.0629 0.0410 0.0659 0.5175
254      254   (1)      2  : 0.1350 0.0650 0.4380 0.2090 0.1530
255      255   (1)      2  : 0.0830 0.0320 0.5140 0.3030 0.0680
256      256   (1)      2  : 0.0850 0.3260 0.3380 0.2030 0.0480
257      257   (0)      2  : 0.1440 0.0760 0.0650 0.5820 0.1330
258      258   (1)      1  : 0.2270 0.2000 0.1540 0.2200 0.1990
259      259   (2)      1  : 0.1832 0.4765 0.0871 0.0821 0.1712
260      260   (1)      1  : 0.4500 0.0300 0.1000 0.0910 0.3290
261      261   (0)      1  : 0.1968 0.0599 0.0430 0.2338 0.4665
262      262   (1)      1  : 0.2360 0.1290 0.1980 0.1620 0.2750
263      263   (0)      1  : 0.1119 0.0410 0.4685 0.2837 0.0949
264      264   (1)      1  : 0.2132 0.0701 0.0881 0.4224 0.2062
265      265   (1)      1  : 0.3580 0.0480 0.1320 0.3210 0.1410
266      266   (1)      1  : 0.0900 0.0180 0.0560 0.6220 0.2140
267      267   (1)      1  : 0.2627 0.1538 0.1079 0.1898 0.2857
268      268   (2)      1  : 0.1361 0.1532 0.3764 0.1431 0.1912
269      269   (1)      1  : 0.2490 0.1480 0.0530 0.0800 0.4700
270      270   (1)      1  : 0.0630 0.0360 0.5090 0.3200 0.0720
271      271   (1)      1  : 0.2080 0.3190 0.0620 0.1010 0.3100
272      272   (0)      1  : 0.2292 0.2262 0.0450 0.3333 0.1662
273      273   (0)      1  : 0.2927 0.0360 0.1079 0.0969 0.4665
274      274   (1)      1  : 0.0570 0.7470 0.0480 0.0540 0.0940
275      275   (1)      1  : 0.2737 0.1349 0.2398 0.1688 0.1828
276      276   (1)      1  : 0.4446 0.0609 0.0719 0.1678 0.2547
277      277   (1)      1  : 0.2900 0.0880 0.0500 0.2340 0.3380
278      278   (1)      1  : 0.1660 0.3160 0.0550 0.2850 0.1780
279      279   (0)      1  : 0.3313 0.2072 0.0521 0.1141 0.2953
280      280   (1)      1  : 0.1160 0.1230 0.3460 0.2840 0.1310
281      281   (1)      1  : 0.2640 0.0580 0.0640 0.1220 0.4920
282      282   (1)      1  : 0.2780 0.2000 0.1420 0.1810 0.1990
283      283   (1)      1  : 0.3183 0.0591 0.0681 0.2232 0.3313
284      284   (0)      1  : 0.1510 0.0300 0.1580 0.4890 0.1720
285      285   (1)      1  : 0.3483 0.0591 0.2603 0.1331 0.1992
286      286   (1)      1  : 0.3170 0.0310 0.1400 0.1970 0.3150
287      287   (1)      1  : 0.0160 0.9451 0.0110 0.0120 0.0160
288      288   (1)      1  : 0.0589 0.7383 0.0549 0.0729 0.0749
289      289   (1)      1  : 0.2687 0.1259 0.0380 0.1289 0.4386
290      290   (1)      1  : 0.0190 0.9060 0.0200 0.0260 0.0290
291      291   (1)      1  : 0.1380 0.4370 0.1970 0.1470 0.0810
292      292   (1)      1  : 0.2410 0.2180 0.0690 0.1320 0.3400
293      293   (1)      1  : 0.1090 0.0380 0.6310 0.1080 0.1140
294      294   (1)      1  : 0.2903 0.2032 0.0430 0.2362 0.2272
295      295   (0)      1  : 0.2330 0.0280 0.1550 0.2770 0.3070
296      296   (0)      1  : 0.3450 0.0440 0.1160 0.1930 0.3020
297      297   (1)      1  : 0.0551 0.7718 0.0290 0.0791 0.0651
298      298   (0)      1  : 0.4094 0.0260 0.0430 0.2773 0.2442
299      299   (1)      1  : 0.2298 0.2468 0.2917 0.1189 0.1129
300      300   (1)      1  : 0.3200 0.0470 0.0910 0.2210 0.3210
301      301   (0)      1  : 0.0350 0.8560 0.0320 0.0420 0.0350
302      302   (1)      1  : 0.1850 0.4630 0.0520 0.1700 0.1300
303      303   (1)      1  : 0.2380 0.1250 0.0470 0.0800 0.5100
304      304   (1)      1  : 0.3766 0.1379 0.0789 0.0859 0.3207
305      305   (1)      1  : 0.3320 0.0350 0.0870 0.2150 0.3310
306      306   (1)      1  : 0.0739 0.6004 0.0190 0.2058 0.1009
307      307   (2)      1  : 0.2950 0.0300 0.1990 0.2640 0.2120
308      308   (0)      1  : 0.3620 0.1080 0.0540 0.3000 0.1760
309      309   (2)      1  : 0.0300 0.8919 0.0260 0.0240 0.0280
310      310   (0)      1  : 0.2180 0.4260 0.0520 0.1350 0.1690
311      311   (0)      1  : 0.2603 0.4645 0.0420 0.0881 0.1451
312      312   (0)      1  : 0.1041 0.0521 0.5616 0.1231 0.1592
313      313   (1)      1  : 0.3093 0.0220 0.1321 0.3674 0.1692
314      314   (0)      1  : 0.1351 0.0521 0.5916 0.1071 0.1141
315      315   (1)      1  : 0.2240 0.0680 0.1030 0.3300 0.2750
316      316   (1)      1  : 0.3500 0.0380 0.0630 0.4250 0.1240
317      317   (1)      1  : 0.2563 0.0350 0.2032 0.0460 0.4595
318      318   (1)      1  : 0.1570 0.0330 0.4500 0.1640 0.1960
319      319   (1)      1  : 0.3150 0.0230 0.1190 0.1710 0.3720
320      320   (0)      1  : 0.1470 0.0170 0.0930 0.5660 0.1770
321      321   (1)      1  : 0.2620 0.0290 0.0710 0.3350 0.3030
322      322   (0)      1  : 0.1980 0.3160 0.0560 0.1020 0.3280
323      323   (1)      1  : 0.2507 0.0310 0.0360 0.3916 0.2907
324      324   (1)      1  : 0.1510 0.0260 0.1670 0.5920 0.0640
325      325   (1)      1  : 0.1489 0.3836 0.0470 0.1878 0.2328
326      326   (1)      1  : 0.1822 0.0581 0.0511 0.4615 0.2472
327      327   (1)      1  : 0.2310 0.0370 0.1260 0.5130 0.0930
328      328   (1)      2  : 0.1280 0.0450 0.6150 0.1290 0.0830
329      329   (0)      2  : 0.2322 0.0641 0.0641 0.3634 0.2763
330      330   (0)      2  : 0.1762 0.0651 0.0290 0.5305 0.1992
331      331   (1)      2  : 0.1071 0.6066 0.0711 0.1281 0.0871
332      332   (1)      2  : 0.1260 0.6870 0.0660 0.0450 0.0760
333      333   (1)      2  : 0.0501 0.8118 0.0330 0.0310 0.0741
334      334   (1)      2  : 0.1169 0.1948 0.2068 0.2997 0.1818
335      335   (0)      2  : 0.1992 0.0220 0.4414 0.2082 0.1291
336      336   (1)      2  : 0.0600 0.8310 0.0250 0.0330 0.0510
337      337   (1)      2  : 0.2530 0.0370 0.0440 0.1750 0.4910
338      338   (1)      2  : 0.0560 0.8210 0.0230 0.0460 0.0540
339      339   (1)      2  : 0.2380 0.0530 0.0350 0.1420 0.5320
340      340   (0)      2  : 0.1610 0.1440 0.4550 0.1510 0.0890
341      341   (1)      2  : 0.3536 0.0200 0.2527 0.1908 0.1828
342      342   (2)      2  : 0.2600 0.3830 0.0880 0.1270 0.1420
343      343   (2)      2  : 0.1658 0.3227 0.2318 0.1698 0.1099
344      344   (3)      2  : 0.2250 0.4350 0.0830 0.0680 0.1890
345      345   (2)      2  : 0.0710 0.6550 0.0960 0.1180 0.0600
346      346   (4)      2  : 0.0720 0.0270 0.0280 0.7950 0.0780
347      347   (3)      2  : 0.3400 0.0540 0.0480 0.1130 0.4450
348      348   (1)      2  : 0.2817 0.1708 0.0669 0.1888 0.2917
349      349   (1)      2  : 0.5000 0.0331 0.0551 0.1202 0.2916
350      350   (1)      2  : 0.3580 0.0510 0.0380 0.2040 0.3490
351      351   (0)      2  : 0.1180 0.6880 0.0410 0.0560 0.0970
352      352   (4)      2  : 0.1590 0.4040 0.0820 0.2320 0.1230
353      353   (2)      2  : 0.2000 0.1900 0.1570 0.3390 0.1140
354      354   (1)      2  : 0.2400 0.0990 0.0480 0.3180 0.2950
355      355   (2)      2  : 0.2320 0.0370 0.0630 0.3520 0.3160
356      356   (1)      2  : 0.1900 0.0400 0.4380 0.2140 0.1180
357      357   (2)      2  : 0.0350 0.6410 0.2490 0.0330 0.0420
358      358   (2)      2  : 0.2927 0.0210 0.3237 0.1449 0.2178
359      359   (3)      2  : 0.4970 0.0840 0.0900 0.0900 0.2390
360      360   (0)      2  : 0.1430 0.0530 0.3830 0.1730 0.2480
361      361   (1)      2  : 0.1071 0.0180 0.0450 0.7287 0.1011
362      362   (1)      2  : 0.2260 0.1900 0.0890 0.3300 0.1650
363      363   (2)      2  : 0.1411 0.2082 0.1892 0.1992 0.2623
364      364   (3)      2  : 0.5335 0.0230 0.0500 0.1069 0.2867
365      365   (4)      2  : 0.3160 0.0390 0.0400 0.3260 0.2790
366      366   (4)      2  : 0.2458 0.0420 0.3846 0.1878 0.1399
367      367   (3)      2  : 0.0560 0.7520 0.0280 0.0980 0.0660
368      368   (3)      2  : 0.1820 0.3540 0.0760 0.1580 0.2300
369      369   (2)      2  : 0.1900 0.0890 0.3050 0.1770 0.2390
370      370   (3)      2  : 0.2897 0.0579 0.0709 0.3796 0.2018
371      371   (1)      2  : 0.2900 0.0430 0.1280 0.2460 0.2930
372      372   (3)      2  : 0.4444 0.0831 0.1191 0.1371 0.2162
373      373   (5)      2  : 0.1100 0.1040 0.4930 0.1880 0.1050
374      374   (5)      2  : 0.1010 0.0250 0.7230 0.0590 0.0920
375      375   (3)      2  : 0.2300 0.0990 0.0480 0.3040 0.3190
376      376   (3)      2  : 0.0480 0.8630 0.0270 0.0350 0.0270
377      377   (4)      2  : 0.1140 0.2210 0.4250 0.1260 0.1140
378      378   (0)      2  : 0.3690 0.0900 0.1700 0.1150 0.2560
379      379   (5)      2  : 0.3804 0.1161 0.1461 0.1962 0.1612
380      380   (4)      2  : 0.2242 0.1652 0.1572 0.2462 0.2072
381      381   (1)      2  : 0.3183 0.0470 0.1041 0.1101 0.4204
382      382   (1)      2  : 0.3600 0.0410 0.1390 0.2090 0.2510
383      383   (3)      2  : 0.1010 0.4200 0.0640 0.1700 0.2450
384      384   (2)      2  : 0.3620 0.1960 0.0300 0.2240 0.1880
385      385   (4)      2  : 0.1340 0.0520 0.0290 0.6110 0.1740
386      386   (2)      2  : 0.2318 0.3267 0.0450 0.1379 0.2587
387      387   (1)      2  : 0.2440 0.2600 0.2490 0.0960 0.1510
388      388   (6)      2  : 0.1451 0.0621 0.3453 0.1041 0.3433
389      389   (1)      2  : 0.2527 0.1339 0.0559 0.2298 0.3277
390      390   (1)      2  : 0.3253 0.0681 0.0671 0.2533 0.2863
391      391   (3)      2  : 0.0400 0.8350 0.0520 0.0440 0.0290
392      392   (2)      2  : 0.2560 0.0400 0.2800 0.2630 0.1610
393      393   (4)      2  : 0.0590 0.0740 0.7240 0.0900 0.0530
394      394   (3)      2  : 0.0719 0.7433 0.0300 0.0769 0.0779
395      395   (7)      2  : 0.1341 0.2052 0.3964 0.1241 0.1401
396      396   (4)      2  : 0.0831 0.5355 0.2142 0.0691 0.0981
397      397   (1)      2  : 0.2250 0.0570 0.1150 0.3210 0.2820
398      398   (3)      2  : 0.1479 0.2068 0.1229 0.3846 0.1379
399      399   (2)      2  : 0.1330 0.2920 0.2580 0.1100 0.2070
400      400   (0)      2  : 0.2520 0.0590 0.1020 0.4060 0.1810
401      401   (6)      2  : 0.0810 0.0650 0.6380 0.1290 0.0870
402      402   (5)      2  : 0.1081 0.2192 0.4234 0.1552 0.0941
403      403   (1)      2  : 0.2370 0.1530 0.1930 0.1350 0.2820
404      404   (2)      2  : 0.1578 0.1199 0.0440 0.1528 0.5255
405      405   (3)      2  : 0.3540 0.0380 0.0980 0.2660 0.2440
406      406   (2)      2  : 0.2430 0.0440 0.0480 0.2680 0.3970
407      407   (2)      2  : 0.3854 0.1081 0.2252 0.0781 0.2032
408      408   (2)      2  : 0.3190 0.1080 0.2850 0.1410 0.1470
409      409   (1)      2  : 0.2040 0.0390 0.2480 0.3770 0.1320
410      410   (1)      2  : 0.2030 0.0310 0.0630 0.5710 0.1320
411      411   (1)      2  : 0.1730 0.0410 0.0660 0.3910 0.3290
412      412   (0)      2  : 0.4270 0.0230 0.0440 0.1760 0.3300
413      413   (1)      2  : 0.1001 0.0400 0.0350 0.6587 0.1662
414      414   (2)      2  : 0.2793 0.0220 0.0490 0.1772 0.4725
415      415   (2)      2  : 0.1530 0.0190 0.1380 0.5110 0.1790
416      416   (3)      2  : 0.1401 0.0781 0.0651 0.3093 0.4074
417      417   (1)      2  : 0.2352 0.0531 0.3223 0.2823 0.1071
418      418   (0)      2  : 0.0460 0.0460 0.7100 0.1470 0.0510
419      419   (1)      2  : 0.1920 0.0300 0.2950 0.2250 0.2580
420      420   (0)      2  : 0.1100 0.0310 0.0320 0.5720 0.2550
421      421   (1)      2  : 0.4420 0.0560 0.0730 0.2160 0.2130
422      422   (6)      2  : 0.2617 0.0490 0.0839 0.0849 0.5205
423      423   (2)      2  : 0.1330 0.0540 0.1170 0.5420 0.1540
424      424   (1)      2  : 0.1160 0.2060 0.1820 0.4410 0.0550
425      425   (1)      2  : 0.1830 0.2670 0.0550 0.2860 0.2090
426      426   (3)      2  : 0.3370 0.0330 0.1500 0.3700 0.1100
427      427   (2)      2  : 0.1301 0.5826 0.0170 0.0741 0.1962
428      428   (6)      2  : 0.0849 0.0170 0.0350 0.8182 0.0450
429      429   (1)      2  : 0.2550 0.1810 0.0230 0.1920 0.3490
430      430   (1)      2  : 0.2090 0.1250 0.1270 0.1170 0.4220
431      431   (0)      2  : 0.1958 0.0500 0.0460 0.5345 0.1738
432      432   (2)      2  : 0.0651 0.7588 0.0531 0.0470 0.0761
433      433   (2)      2  : 0.1200 0.0810 0.5550 0.0760 0.1680
434      434   (2)      2  : 0.1988 0.1029 0.0440 0.1389 0.5155
435      435   (8)      2  : 0.1790 0.0720 0.1210 0.5240 0.1040
436      436   (2)      2  : 0.1920 0.0370 0.1410 0.4690 0.1610
437      437   (4)      2  : 0.2670 0.0400 0.2140 0.3040 0.1750
438      438   (1)      2  : 0.0440 0.0681 0.7788 0.0691 0.0400
439      439   (2)      2  : 0.1170 0.4830 0.0710 0.0890 0.2400
440      440   (0)      2  : 0.0540 0.1200 0.7300 0.0460 0.0500
441      441   (1)      2  : 0.5916 0.0320 0.0400 0.0511 0.2853
442      442   (6)      2  : 0.2615 0.1313 0.1743 0.0912 0.3417
443      443   (1)      2  : 0.3493 0.0200 0.0511 0.2002 0.3794
444      444   (6)      2  : 0.1220 0.0480 0.3180 0.3810 0.1310
445      445   (2)      2  : 0.1782 0.0891 0.2312 0.3373 0.1642
446      446   (3)      2  : 0.1610 0.2740 0.2540 0.2280 0.0830
447      447   (2)      2  : 0.2920 0.1050 0.1160 0.1670 0.3200
448      448   (3)      2  : 0.1820 0.0570 0.0550 0.1010 0.6050
449      449   (1)      2  : 0.3253 0.0380 0.0991 0.1942 0.3433
450      450   (4)      2  : 0.0699 0.2038 0.2258 0.4446 0.0559
451      451   (3)      2  : 0.2870 0.0430 0.0840 0.1480 0.4380
452      452   (1)      2  : 0.3243 0.0691 0.0440 0.1431 0.4194
453      453   (1)      2  : 0.4000 0.0280 0.0310 0.3480 0.1930
454      454   (4)      2  : 0.2470 0.0640 0.4100 0.1210 0.1580
455      455   (4)      2  : 0.2140 0.4210 0.1470 0.0940 0.1240
456      456   (5)      2  : 0.1319 0.1359 0.0819 0.4715 0.1788
457      457   (3)      2  : 0.1750 0.0270 0.3600 0.2050 0.2330
458      458   (1)      2  : 0.1320 0.0520 0.1640 0.5140 0.1380
459      459   (1)      2  : 0.0410 0.8458 0.0230 0.0521 0.0380
460      460   (2)      2  : 0.3070 0.0450 0.0390 0.4570 0.1520
461      461   (1)      2  : 0.0650 0.7100 0.1030 0.0350 0.0870
462      462   (1)      2  : 0.2160 0.0210 0.2720 0.2400 0.2510
463      463   (4)      2  : 0.4740 0.0560 0.0650 0.1500 0.2550
464      464   (6)      2  : 0.2348 0.0320 0.2647 0.3227 0.1459
465      465   (3)      2  : 0.0821 0.0490 0.5255 0.2753 0.0681
466      466   (3)      2  : 0.2220 0.0790 0.2620 0.2390 0.1980
467      467   (2)      2  : 0.3187 0.0509 0.0430 0.0819 0.5055
468      468   (2)      2  : 0.1440 0.0200 0.1190 0.5860 0.1310
469      469   (1)      2  : 0.0230 0.9010 0.0220 0.0330 0.0210
470      470   (0)      2  : 0.0939 0.2428 0.4885 0.0689 0.1059
471      471   (2)      2  : 0.1570 0.0800 0.0840 0.4000 0.2790
472      472   (2)      2  : 0.0789 0.0090 0.0260 0.8082 0.0779
473      473   (1)      2  : 0.3514 0.0751 0.0761 0.2863 0.2112
474      474   (3)      2  : 0.0821 0.0561 0.0641 0.6997 0.0981
475      475   (1)      2  : 0.2200 0.0960 0.3390 0.1180 0.2270
476      476   (2)      2  : 0.3710 0.0440 0.0830 0.1570 0.3450
477      477   (0)      2  : 0.1600 0.0910 0.2740 0.1730 0.3020
478      478   (1)      2  : 0.3030 0.0850 0.0860 0.2950 0.2310
479      479   (1)      2  : 0.1410 0.0550 0.1840 0.2880 0.3320
480      480   (1)      2  : 0.2880 0.0970 0.0590 0.2590 0.2970
481      481   (1)      2  : 0.2657 0.0480 0.0739 0.3267 0.2857
482      482   (1)      2  : 0.1868 0.0420 0.3606 0.1329 0.2777
483      483   (0)      2  : 0.2650 0.0360 0.1830 0.2650 0.2510
484      484   (0)      2  : 0.3826 0.0739 0.0400 0.0779 0.4256
485      485   (0)      2  : 0.1590 0.0300 0.3970 0.1150 0.2990
486      486   (0)      2  : 0.2122 0.0561 0.1451 0.4234 0.1632
487      487   (1)      2  : 0.1350 0.0350 0.5290 0.0550 0.2460
488      488   (1)      2  : 0.1702 0.0701 0.2893 0.2663 0.2042
489      489   (1)      2  : 0.5260 0.0490 0.0520 0.1100 0.2630
490      490   (0)      2  : 0.3250 0.0220 0.0360 0.3940 0.2230
491      491   (0)      2  : 0.1568 0.0609 0.5514 0.0989 0.1319
492      492   (5)      2  : 0.0450 0.7680 0.0920 0.0450 0.0500
493      493   (1)      2  : 0.2058 0.2158 0.1818 0.0569 0.3397
494      494   (3)      2  : 0.1880 0.0470 0.1450 0.4590 0.1610
495      495   (1)      2  : 0.2212 0.0941 0.1562 0.2783 0.2503
496      496   (1)      2  : 0.1140 0.1130 0.0390 0.5900 0.1440
497      497   (1)      2  : 0.2410 0.0180 0.1790 0.2720 0.2900
498      498   (1)      2  : 0.2563 0.0721 0.2933 0.1411 0.2372
499      499   (1)      2  : 0.2930 0.0390 0.2140 0.2800 0.1740
500      500   (1)      2  : 0.1632 0.1001 0.0440 0.4885 0.2042
501      501   (2)      2  : 0.1490 0.0370 0.3930 0.3160 0.1050
502      502   (1)      2  : 0.1330 0.2350 0.4400 0.0760 0.1160
503      503   (2)      2  : 0.2492 0.1121 0.2232 0.2302 0.1852
504      504   (2)      2  : 0.1180 0.0690 0.5320 0.0880 0.1930
505      505   (2)      2  : 0.1340 0.0710 0.0770 0.6420 0.0760
506      506   (3)      2  : 0.1249 0.0689 0.0959 0.6004 0.1099
507      507   (1)      2  : 0.1750 0.1030 0.0470 0.3970 0.2780
508      508   (7)      2  : 0.1688 0.0380 0.1009 0.3776 0.3147
509      509   (1)      2  : 0.1420 0.1500 0.1810 0.1490 0.3780
510      510   (1)      2  : 0.0230 0.9260 0.0170 0.0170 0.0170
511      511   (2)      2  : 0.0910 0.1320 0.5220 0.1740 0.0810
512      512   (1)      2  : 0.1710 0.0310 0.4610 0.2390 0.0980
513      513   (3)      2  : 0.2543 0.0280 0.0380 0.1972 0.4825
514      514   (1)      2  : 0.0609 0.0260 0.8162 0.0569 0.0400
515      515   (5)      2  : 0.2690 0.0360 0.0820 0.2820 0.3310
516      516   (3)      2  : 0.0820 0.3050 0.4620 0.0940 0.0570
517      517   (1)      2  : 0.2860 0.0210 0.3810 0.1090 0.2030
518      518   (1)      2  : 0.0950 0.4820 0.1630 0.0980 0.1620
519      519   (0)      2  : 0.1030 0.0850 0.2040 0.4270 0.1810
520      520   (0)      2  : 0.4310 0.0420 0.1440 0.0820 0.3010
521      521   (2)      2  : 0.2750 0.0970 0.0940 0.3380 0.1960
522      522   (2)      2  : 0.1570 0.3300 0.0790 0.3340 0.1000
523      523   (1)      2  : 0.1430 0.2740 0.3510 0.0780 0.1540
524      524   (3)      2  : 0.1710 0.1270 0.1230 0.4450 0.1340
525      525   (1)      2  : 0.2292 0.0460 0.1071 0.0410 0.5766
526      526   (7)      2  : 0.4330 0.0180 0.0520 0.3320 0.1650
527      527   (4)      2  : 0.2458 0.1059 0.0859 0.3646 0.1978
528      528   (1)      2  : 0.2810 0.0260 0.2150 0.2550 0.2230
529      529   (2)      2  : 0.1860 0.0340 0.0680 0.5590 0.1530
530      530   (1)      2  : 0.1530 0.0650 0.4250 0.2520 0.1050
531      531   (2)      2  : 0.4120 0.0340 0.0780 0.1520 0.3240
532      532   (2)      2  : 0.1431 0.0220 0.1251 0.4985 0.2112
533      533   (5)      2  : 0.0370 0.8540 0.0420 0.0210 0.0460
534      534   (2)      2  : 0.1588 0.1099 0.1219 0.4535 0.1558
535      535   (3)      2  : 0.2910 0.0550 0.3440 0.1550 0.1550
536      536   (0)      2  : 0.2100 0.1250 0.0610 0.3970 0.2070
537      537   (3)      2  : 0.3063 0.2292 0.0841 0.1131 0.2673
538      538   (1)      2  : 0.2072 0.0340 0.1391 0.3283 0.2913
539      539   (1)      2  : 0.1300 0.0650 0.3000 0.2750 0.2300
540      540   (1)      2  : 0.2783 0.0561 0.1201 0.3113 0.2342
541      541   (5)      2  : 0.3040 0.0180 0.2950 0.2120 0.1710
542      542   (4)      2  : 0.3960 0.1020 0.0680 0.1620 0.2720
543      543   (2)      2  : 0.1780 0.0190 0.3590 0.2830 0.1610
544      544   (2)      2  : 0.1690 0.0530 0.2400 0.1600 0.3780
545      545   (2)      2  : 0.3127 0.2507 0.1838 0.0929 0.1598
546      546   (1)      2  : 0.2020 0.0440 0.3330 0.2710 0.1500
547      547   (1)      2  : 0.1958 0.0669 0.2517 0.2977 0.1878
548      548   (1)      2  : 0.0670 0.7190 0.0460 0.0900 0.0780
549      549   (1)      2  : 0.2520 0.2870 0.1590 0.0810 0.2210
550      550   (2)      2  : 0.3323 0.2392 0.0741 0.1902 0.1642
551      551   (4)      2  : 0.2900 0.1320 0.0560 0.2340 0.2880
552      552   (6)      2  : 0.3440 0.0370 0.0200 0.1670 0.4320
553      553   (3)      2  : 0.0470 0.0320 0.8188 0.0541 0.0480
554      554   (1)      2  : 0.1600 0.0240 0.4450 0.1020 0.2690
555      555   (4)      2  : 0.2260 0.0370 0.3620 0.2070 0.1680
556      556   (2)      2  : 0.2540 0.0830 0.1960 0.2080 0.2590
557      557   (0)      2  : 0.3010 0.0350 0.1070 0.2160 0.3410
558      558   (2)      2  : 0.2202 0.0651 0.2452 0.1532 0.3163
559      559   (3)      2  : 0.3550 0.2640 0.0660 0.0880 0.2270
560      560   (6)      2  : 0.1924 0.0341 0.4709 0.0992 0.2034
561      561   (1)      2  : 0.2780 0.1740 0.0310 0.1620 0.3550
562      562   (2)      2  : 0.1020 0.0670 0.5750 0.1460 0.1100
563      563   (2)      2  : 0.2730 0.2690 0.1810 0.0540 0.2230
564      564   (1)      2  : 0.1061 0.3273 0.1141 0.3554 0.0971
565      565   (1)      2  : 0.2318 0.0500 0.0350 0.2877 0.3956
566      566   (1)      2  : 0.1420 0.0270 0.1350 0.4600 0.2360
567      567   (1)      2  : 0.4444 0.0340 0.0511 0.1421 0.3283
568      568   (1)      2  : 0.4640 0.0240 0.0830 0.1380 0.2910
569      569   (3)      2  : 0.2422 0.0440 0.1321 0.3734 0.2082
570      570   (1)      2  : 0.1300 0.2740 0.2140 0.2010 0.1810
571      571   (2)      2  : 0.0930 0.5560 0.1050 0.0860 0.1600
572      572   (5)      2  : 0.1420 0.1330 0.4120 0.0680 0.2450
573      573   (5)      2  : 0.3980 0.1550 0.1380 0.0580 0.2510
574      574   (1)      2  : 0.5320 0.1180 0.0350 0.0800 0.2350
575      575   (2)      2  : 0.3574 0.0340 0.2773 0.1612 0.1702
576      576   (0)      2  : 0.1950 0.0180 0.5790 0.0980 0.1100
577      577   (1)      2  : 0.3030 0.2720 0.0690 0.0880 0.2680
578      578   (1)      2  : 0.4610 0.0230 0.0190 0.0490 0.4480
579      579   (2)      2  : 0.3027 0.0519 0.1658 0.0759 0.4036
580      580   (1)      2  : 0.2348 0.0190 0.2727 0.1419 0.3317
581      581   (1)      2  : 0.1540 0.1320 0.4510 0.0760 0.1870
582      582   (0)      2  : 0.1211 0.0721 0.0440 0.6426 0.1201
583      583   (1)      2  : 0.3297 0.0559 0.2577 0.1149 0.2418
584      584   (2)      2  : 0.2780 0.2870 0.2060 0.0630 0.1660
585      585   (1)      2  : 0.3910 0.1960 0.0240 0.1700 0.2190
586      586   (0)      2  : 0.1630 0.5520 0.0920 0.0670 0.1260
587      587   (1)      2  : 0.1518 0.0290 0.1898 0.4745 0.1548
588      588   (0)      2  : 0.2960 0.3800 0.0930 0.0590 0.1720
589      589   (2)      2  : 0.0621 0.0330 0.7978 0.0691 0.0380
590      590   (2)      2  : 0.1420 0.1310 0.1370 0.2560 0.3340
591      591   (1)      2  : 0.2042 0.3984 0.1411 0.0971 0.1592
592      592   (1)      2  : 0.2707 0.0430 0.1848 0.2038 0.2977
593      593   (1)      2  : 0.1490 0.2780 0.0410 0.3750 0.1570
594      594   (3)      2  : 0.2500 0.0410 0.1130 0.4010 0.1950
595      595   (1)      2  : 0.4840 0.0900 0.0670 0.0750 0.2840
596      596   (1)      2  : 0.1872 0.0731 0.0661 0.5445 0.1291
597      597   (1)      2  : 0.3060 0.0760 0.0490 0.4320 0.1370
598      598   (1)      2  : 0.1450 0.5510 0.0670 0.0880 0.1490
599      599   (1)      2  : 0.3060 0.0860 0.3050 0.1350 0.1680
600      600   (2)      2  : 0.2570 0.0420 0.3700 0.1410 0.1900
601      601   (7)      2  : 0.1180 0.0170 0.6470 0.0480 0.1700
602      602   (3)      2  : 0.0639 0.0649 0.0320 0.7772 0.0619
603      603   (1)      2  : 0.1838 0.0460 0.2837 0.2597 0.2268
604      604   (1)      2  : 0.2368 0.0539 0.2278 0.1938 0.2877
605      605   (1)      2  : 0.1231 0.0350 0.5375 0.2072 0.0971
606      606   (1)      2  : 0.3213 0.3514 0.0390 0.1321 0.1562
607      607   (1)      2  : 0.1608 0.0400 0.1049 0.6054 0.0889
608      608   (1)      2  : 0.2382 0.0470 0.2392 0.3453 0.1301
609      609   (1)      2  : 0.0740 0.0540 0.7820 0.0320 0.0580
610      610   (1)      2  : 0.1060 0.1790 0.3120 0.2780 0.1250
611      611   (1)      2  : 0.1910 0.0610 0.1850 0.3820 0.1810
612      612   (1)      2  : 0.3050 0.1340 0.0900 0.2420 0.2290
613      613   (2)      2  : 0.0940 0.5800 0.1280 0.1030 0.0950
614      614   (1)      2  : 0.0680 0.2510 0.5490 0.0660 0.0660
615      615   (1)      2  : 0.1650 0.0300 0.0550 0.3670 0.3830
616      616   (1)      2  : 0.1950 0.0310 0.0470 0.5720 0.1550
617      617   (1)      2  : 0.1712 0.0230 0.2863 0.3113 0.2082
618      618   (0)      2  : 0.4585 0.1151 0.0320 0.1562 0.2382
619      619   (1)      2  : 0.4730 0.0830 0.0410 0.1420 0.2610
620      620   (1)      2  : 0.1720 0.2470 0.1240 0.3520 0.1050
621      621   (1)      2  : 0.1550 0.1880 0.2600 0.2650 0.1320
622      622   (1)      2  : 0.2068 0.0140 0.1459 0.1828 0.4505
623      623   (1)      2  : 0.3093 0.2563 0.0430 0.0851 0.3063
624      624   (0)      2  : 0.4770 0.0870 0.1410 0.0630 0.2320
625      625   (0)      2  : 0.5846 0.0310 0.0240 0.0991 0.2613
626      626   (1)      2  : 0.0820 0.0180 0.0690 0.7650 0.0660
627      627   (1)      2  : 0.2647 0.0300 0.0639 0.2488 0.3926
628      628   (1)      2  : 0.1030 0.4750 0.0590 0.1930 0.1700
629      629   (1)      2  : 0.0390 0.8729 0.0160 0.0360 0.0360
630      630   (2)      2  : 0.4960 0.0630 0.0310 0.0640 0.3460
631      631   (5)      2  : 0.2462 0.2733 0.3133 0.0721 0.0951
632      632   (2)      2  : 0.1612 0.0651 0.1211 0.5105 0.1421
633      633   (1)      2  : 0.1560 0.2910 0.0260 0.1870 0.3400
634      634   (4)      2  : 0.1860 0.0220 0.2320 0.2580 0.3020
635      635   (1)      2  : 0.5630 0.0200 0.0190 0.0630 0.3350
636      636   (0)      2  : 0.5380 0.0540 0.0740 0.1270 0.2070
637      637   (1)      2  : 0.0590 0.0380 0.8210 0.0370 0.0450
638      638   (0)      2  : 0.3243 0.1211 0.0330 0.1862 0.3353
639      639   (0)      2  : 0.2100 0.0520 0.2450 0.0680 0.4250
640      640   (1)      2  : 0.0661 0.0991 0.0671 0.6987 0.0691
641      641   (1)      2  : 0.1391 0.1021 0.1622 0.3463 0.2503
642      642   (1)      2  : 0.1532 0.3333 0.1371 0.2232 0.1532
643      643   (1)      2  : 0.4280 0.0170 0.0380 0.1880 0.3290
644      644   (1)      2  : 0.3193 0.0310 0.0400 0.3473 0.2623
645      645   (0)      2  : 0.3824 0.2362 0.0571 0.1351 0.1892
646      646   (1)      3  : 0.1209 0.0699 0.1269 0.4965 0.1858
647      647   (1)      2  : 0.3387 0.0839 0.1049 0.1459 0.3267
648      648   (0)      3  : 0.1630 0.0210 0.1090 0.5410 0.1660
649      649   (1)      3  : 0.5760 0.0180 0.0190 0.1080 0.2790
650      650   (1)      3  : 0.4426 0.0789 0.0410 0.1159 0.3217
651      651   (1)      2  : 0.3860 0.0350 0.1320 0.0800 0.3670
652      652   (0)      3  : 0.3490 0.0430 0.0850 0.1920 0.3310
653      653   (2)      4  : 0.3530 0.0360 0.3760 0.0740 0.1610
654      654   (0)      2  : 0.4170 0.0230 0.0680 0.1450 0.3470
655      655   (1)      4  : 0.1029 0.1439 0.4086 0.2478 0.0969
656      656   (1)      4  : 0.1220 0.0330 0.6620 0.1190 0.0640
657      657   (1)      4  : 0.0200 0.0200 0.8931 0.0430 0.0240
658      658   (0)      4  : 0.0250 0.0480 0.8750 0.0240 0.0280
659      659   (0)      4  : 0.0400 0.0230 0.8709 0.0410 0.0250
660      660   (3)      3  : 0.1562 0.1271 0.0250 0.4555 0.2362
661      661   (1)      2  : 0.2070 0.0690 0.1670 0.3900 0.1670
662      662   (1)      3  : 0.2547 0.0420 0.0519 0.1039 0.5475
663      663   (1)      3  : 0.3453 0.0340 0.0390 0.1051 0.4765
664      664   (1)      3  : 0.1370 0.0690 0.0960 0.5390 0.1590
665      665   (1)      3  : 0.4344 0.1061 0.0250 0.2282 0.2062
666      666   (0)      2  : 0.0920 0.5950 0.1240 0.0900 0.0990
667      667   (1)      3  : 0.4750 0.0430 0.0310 0.0720 0.3790
668      668   (1)      4  : 0.1131 0.2783 0.2412 0.1862 0.1812
669      669   (0)      4  : 0.0410 0.0290 0.8711 0.0300 0.0290
670      670   (1)      4  : 0.0919 0.0170 0.7383 0.0709 0.0819
671      671   (1)      4  : 0.3040 0.0500 0.4940 0.0580 0.0940
672      672   (1)      4  : 0.0909 0.0430 0.6643 0.0639 0.1379
673      673   (0)      4  : 0.1710 0.0420 0.4140 0.2170 0.1560
674      674   (2)      3  : 0.2820 0.0340 0.1210 0.2160 0.3470
675      675   (5)      3  : 0.2050 0.0580 0.0830 0.5380 0.1160
676      676   (0)      3  : 0.4885 0.0200 0.1698 0.1029 0.2188
677      677   (3)      3  : 0.2600 0.1610 0.0540 0.3370 0.1880
678      678   (0)      3  : 0.3660 0.0570 0.1120 0.2990 0.1660
679      679   (2)      2  : 0.1620 0.2490 0.0940 0.3310 0.1640
680      680   (0)      3  : 0.2767 0.1469 0.0979 0.1079 0.3706
681      681   (2)      4  : 0.1329 0.0899 0.5285 0.0519 0.1968
682      682   (0)      2  : 0.0791 0.1191 0.4605 0.2292 0.1121
683      683   (2)      4  : 0.2980 0.0380 0.3310 0.0800 0.2530
684      684   (1)      4  : 0.0360 0.1130 0.7890 0.0320 0.0300
685      685   (1)      4  : 0.0500 0.0320 0.8122 0.0310 0.0749
686      686   (0)      4  : 0.0300 0.0190 0.8940 0.0210 0.0360
687      687   (1)      3  : 0.1020 0.0490 0.0750 0.6600 0.1140
688      688   (2)      3  : 0.4710 0.0230 0.0570 0.1210 0.3280
689      689   (1)      3  : 0.1840 0.0460 0.0950 0.4440 0.2310
690      690   (1)      3  : 0.2080 0.0520 0.0470 0.5540 0.1390
691      691   (1)      2  : 0.1280 0.0730 0.5920 0.1140 0.0930
692      692   (0)      3  : 0.1990 0.0440 0.0620 0.1180 0.5770
693      693   (0)      2  : 0.2382 0.0591 0.1131 0.2953 0.2943
694      694   (1)      4  : 0.2907 0.0300 0.1319 0.0999 0.4476
695      695   (0)      4  : 0.0609 0.0150 0.7982 0.0789 0.0470
696      696   (1)      4  : 0.0790 0.1420 0.4960 0.2300 0.0530
697      697   (0)      4  : 0.0330 0.0350 0.8420 0.0680 0.0220
698      698   (1)      4  : 0.0710 0.0380 0.7920 0.0510 0.0480
699      699   (6)      3  : 0.1191 0.0841 0.1291 0.4915 0.1762
700      700   (1)      2  : 0.2280 0.3060 0.0800 0.1610 0.2250
701      701   (3)      3  : 0.3280 0.0430 0.1110 0.2680 0.2500
702      702   (1)      3  : 0.2737 0.0330 0.0799 0.4216 0.1918
703      703   (3)      3  : 0.3147 0.1039 0.0470 0.2897 0.2448
704      704   (1)      3  : 0.2993 0.0450 0.0350 0.1882 0.4324
705      705   (1)      2  : 0.4294 0.1211 0.0420 0.1532 0.2543
706      706   (0)      3  : 0.2663 0.0420 0.0440 0.1992 0.4484
707      707   (1)      2  : 0.0720 0.7950 0.0250 0.0650 0.0430
708      708   (2)      4  : 0.0430 0.0150 0.8701 0.0320 0.0400
709      709   (1)      2  : 0.0400 0.8070 0.0620 0.0510 0.0400
710      710   (1)      4  : 0.2747 0.0380 0.4316 0.1409 0.1149
711      711   (2)      4  : 0.1209 0.0450 0.6913 0.0450 0.0979
712      712   (1)      4  : 0.0951 0.0761 0.6917 0.0791 0.0581
713      713   (0)      4  : 0.0400 0.0170 0.8770 0.0360 0.0300
714      714   (1)      3  : 0.1441 0.0751 0.3293 0.2833 0.1682
715      715   (1)      2  : 0.5856 0.0290 0.0951 0.0470 0.2432
716      716   (3)      3  : 0.1049 0.0280 0.0420 0.6593 0.1658
717      717   (0)      3  : 0.2840 0.0630 0.1050 0.2450 0.3030
718      718   (4)      3  : 0.2620 0.0310 0.0370 0.2010 0.4690
719      719   (1)      3  : 0.2710 0.0850 0.1360 0.3040 0.2040
720      720   (1)      2  : 0.2503 0.1331 0.1361 0.2503 0.2302
721      721   (1)      2  : 0.2130 0.0970 0.1890 0.3910 0.1100
722      722   (1)      4  : 0.0829 0.0809 0.6314 0.0789 0.1259
723      723   (0)      4  : 0.0320 0.0550 0.8570 0.0280 0.0280
724      724   (0)      4  : 0.0310 0.0100 0.8890 0.0400 0.0300
725      725   (2)      4  : 0.0530 0.0200 0.8500 0.0320 0.0450
726      726   (1)      4  : 0.0240 0.0200 0.8871 0.0400 0.0290
727      727   (2)      2  : 0.2900 0.0240 0.0530 0.0600 0.5730
728      728   (3)      3  : 0.0931 0.0380 0.0350 0.7487 0.0851
729      729   (1)      3  : 0.3430 0.0820 0.1170 0.1700 0.2880
730      730   (2)      3  : 0.1280 0.0700 0.3370 0.2660 0.1990
731      731   (1)      3  : 0.5330 0.0600 0.0500 0.0880 0.2690
732      732   (1)      4  : 0.1229 0.1528 0.5534 0.1019 0.0689
733      733   (1)      4  : 0.0641 0.0310 0.7998 0.0350 0.0701
734      734   (1)      4  : 0.0370 0.0250 0.8500 0.0440 0.0440
735      735   (2)      4  : 0.1090 0.0310 0.7430 0.0410 0.0760
736      736   (1)      4  : 0.0300 0.0100 0.9019 0.0270 0.0310
737      737   (0)      2  : 0.1040 0.4680 0.2060 0.0970 0.1250
738      738   (0)      3  : 0.2290 0.0340 0.0440 0.5500 0.1430
739      739   (1)      3  : 0.2717 0.0420 0.1578 0.2507 0.2777
740      740   (1)      3  : 0.2660 0.0600 0.1200 0.3060 0.2480
741      741   (1)      2  : 0.2763 0.1572 0.2863 0.1281 0.1522
742      742   (1)      2  : 0.3287 0.0370 0.1099 0.2807 0.2438
743      743   (0)      4  : 0.1110 0.0390 0.5250 0.1800 0.1450
744      744   (0)      4  : 0.0290 0.0350 0.8610 0.0460 0.0290
745      745   (0)      4  : 0.0290 0.0110 0.8830 0.0370 0.0400
746      746   (0)      4  : 0.3850 0.0200 0.4180 0.0520 0.1250
747      747   (1)      4  : 0.0730 0.0230 0.8060 0.0410 0.0570
748      748   (1)      2  : 0.1140 0.5600 0.0640 0.1340 0.1280
749      749   (1)      2  : 0.2760 0.4170 0.0630 0.0830 0.1610
750      750   (0)      2  : 0.0851 0.0541 0.6937 0.0460 0.1211
751      751   (1)      2  : 0.0320 0.8310 0.0700 0.0420 0.0250
752      752   (1)      2  : 0.1370 0.0360 0.4450 0.0820 0.3000
753      753   (1)      2  : 0.3580 0.0790 0.0450 0.1910 0.3270
754      754   (0)      2  : 0.1828 0.1009 0.4196 0.1299 0.1668
755      755   (1)      2  : 0.2270 0.1060 0.0320 0.4900 0.1450
756      756   (0)      2  : 0.0270 0.8910 0.0300 0.0270 0.0250
757      757   (1)      2  : 0.0600 0.6700 0.1570 0.0480 0.0650
758      758   (2)      2  : 0.0610 0.8040 0.0260 0.0610 0.0480
759      759   (0)      2  : 0.3310 0.0660 0.0420 0.2310 0.3300
760      760   (1)      2  : 0.1590 0.0610 0.1230 0.3460 0.3110
761      761   (2)      2  : 0.1938 0.0370 0.2488 0.3127 0.2078
762      762   (0)      2  : 0.2930 0.1010 0.0460 0.2820 0.2780
763      763   (1)      2  : 0.1630 0.4470 0.1520 0.0960 0.1420
764      764   (1)      2  : 0.1390 0.3930 0.1850 0.1180 0.1650
765      765   (1)      2  : 0.3477 0.1189 0.1878 0.1778 0.1678
766      766   (3)      2  : 0.1391 0.4555 0.2242 0.0681 0.1131
767      767   (1)      2  : 0.4026 0.0300 0.0679 0.0619 0.4376
768      768   (1)      2  : 0.0290 0.8811 0.0250 0.0300 0.0350
769      769   (1)      2  : 0.2220 0.0340 0.0250 0.1340 0.5850
770      770   (1)      2  : 0.1161 0.0330 0.0140 0.0260 0.8108
771      771   (0)      2  : 0.1830 0.1130 0.0760 0.4810 0.1470
772      772   (0)      2  : 0.3017 0.0789 0.0909 0.3187 0.2098
773      773   (1)      2  : 0.1291 0.0911 0.5465 0.0881 0.1451
774      774   (1)      2  : 0.4116 0.1489 0.0899 0.1199 0.2298
775      775   (1)      2  : 0.1250 0.2180 0.0610 0.3250 0.2710
776      776   (0)      2  : 0.2190 0.0140 0.0630 0.5500 0.1540
777      777   (1)      2  : 0.1730 0.0340 0.4310 0.1480 0.2140
778      778   (1)      2  : 0.2527 0.0430 0.2178 0.3167 0.1698
779      779   (6)      2  : 0.0360 0.8610 0.0220 0.0540 0.0270
780      780   (2)      2  : 0.0840 0.0360 0.0800 0.7470 0.0530
781      781   (1)      2  : 0.4054 0.1211 0.1371 0.0921 0.2442
782      782   (1)      2  : 0.0960 0.0260 0.7040 0.0740 0.1000
783      783   (1)      2  : 0.3760 0.1130 0.0670 0.1530 0.2910
784      784   (1)      2  : 0.2530 0.3580 0.1000 0.1640 0.1250
785      785   (1)      2  : 0.1050 0.4550 0.1790 0.1330 0.1280
786      786   (2)      2  : 0.4755 0.0310 0.0360 0.0919 0.3656
787      787   (0)      2  : 0.3550 0.0950 0.0290 0.3380 0.1830
788      788   (1)      2  : 0.2430 0.0260 0.1180 0.2720 0.3410
789      789   (1)      2  : 0.2042 0.0490 0.5285 0.1081 0.1101
790      790   (1)      2  : 0.2190 0.4140 0.0300 0.1780 0.1590
791      791   (1)      2  : 0.0220 0.9049 0.0170 0.0320 0.0240
792      792   (2)      2  : 0.6090 0.0220 0.0670 0.0790 0.2230
793      793   (1)      2  : 0.0619 0.0300 0.7712 0.0819 0.0549
794      794   (0)      2  : 0.0699 0.0410 0.7672 0.0519 0.0699
795      795   (1)      2  : 0.0440 0.8280 0.0440 0.0380 0.0460
796      796   (0)      2  : 0.2008 0.0659 0.1239 0.1099 0.4995
797      797   (0)      2  : 0.1280 0.1270 0.0980 0.5580 0.0890
798      798   (0)      2  : 0.0899 0.1039 0.6484 0.0539 0.1039
799      799   (1)      2  : 0.1070 0.5600 0.1360 0.1140 0.0830
800      800   (1)      2  : 0.1608 0.4905 0.0260 0.2438 0.0789
801      801   (1)      2  : 0.0400 0.8068 0.0330 0.0561 0.0641
802      802   (1)      2  : 0.0869 0.0420 0.5115 0.2148 0.1449
803      803   (2)      2  : 0.0430 0.0220 0.8440 0.0510 0.0400
804      804   (1)      2  : 0.3170 0.0240 0.0680 0.4300 0.1610
805      805   (1)      2  : 0.3310 0.0590 0.0300 0.2650 0.3150
806      806   (0)      2  : 0.3670 0.0460 0.0440 0.2420 0.3010
807      807   (1)      2  : 0.2820 0.3040 0.0540 0.1370 0.2230
808      808   (1)      2  : 0.0730 0.7780 0.0360 0.0570 0.0560
809      809   (2)      2  : 0.4430 0.2770 0.0230 0.0810 0.1760
810      810   (1)      2  : 0.0380 0.8460 0.0460 0.0300 0.0400
811      811   (1)      2  : 0.0290 0.8669 0.0310 0.0490 0.0240
812      812   (0)      2  : 0.3556 0.0809 0.0999 0.1748 0.2887
813      813   (1)      2  : 0.0500 0.7860 0.0600 0.0600 0.0440
814      814   (1)      2  : 0.0320 0.8559 0.0490 0.0240 0.0390
815      815   (0)      2  : 0.2188 0.0539 0.1429 0.2308 0.3536
816      816   (0)      2  : 0.0770 0.1970 0.5530 0.0920 0.0810
817      817   (1)      2  : 0.1710 0.1140 0.0520 0.5650 0.0980
818      818   (2)      2  : 0.0430 0.7940 0.0850 0.0470 0.0310
819      819   (1)      2  : 0.0360 0.3120 0.5760 0.0350 0.0410
820      820   (0)      2  : 0.1852 0.1712 0.0501 0.4274 0.1662
821      821   (1)      2  : 0.0250 0.8951 0.0170 0.0360 0.0270
822      822   (2)      2  : 0.2220 0.1330 0.0500 0.3640 0.2310
823      823   (1)      2  : 0.1300 0.5050 0.0430 0.1830 0.1390
824      824   (1)      2  : 0.0600 0.7090 0.0720 0.1080 0.0510
825      825   (1)      2  : 0.2950 0.0120 0.0590 0.2820 0.3520
826      826   (1)      2  : 0.0740 0.7770 0.0330 0.0710 0.0450
827      827   (0)      2  : 0.2565 0.1072 0.2154 0.1192 0.3016
828      828   (1)      2  : 0.2352 0.0340 0.1281 0.2923 0.3103
829      829   (1)      2  : 0.0810 0.4420 0.1430 0.2820 0.0520
830      830   (1)      2  : 0.5245 0.0290 0.0460 0.1139 0.2867
831      831   (1)      2  : 0.0410 0.7832 0.1109 0.0360 0.0290
832      832   (1)      2  : 0.1978 0.0460 0.1528 0.2987 0.3047
833      833   (1)      2  : 0.3380 0.0240 0.0950 0.1810 0.3620
834      834   (0)      2  : 0.3880 0.0540 0.0850 0.2170 0.2560
835      835   (1)      2  : 0.0980 0.3690 0.1940 0.2690 0.0700
836      836   (0)      2  : 0.0890 0.5850 0.1480 0.0480 0.1300
837      837   (1)      2  : 0.2340 0.1960 0.0980 0.2040 0.2680
838      838   (1)      2  : 0.0460 0.0460 0.7950 0.0410 0.0720
839      839   (1)      2  : 0.2900 0.0280 0.0760 0.0760 0.5300
840      840   (0)      2  : 0.3470 0.1020 0.0590 0.2150 0.2770
841      841   (5)      2  : 0.1770 0.3680 0.0380 0.0390 0.3780
842      842   (1)      2  : 0.0320 0.8639 0.0260 0.0400 0.0380
843      843   (2)      2  : 0.0280 0.8900 0.0220 0.0300 0.0300
844      844   (1)      2  : 0.0980 0.4240 0.1120 0.2490 0.1170
845      845   (1)      2  : 0.5020 0.0650 0.0970 0.1090 0.2270
846      846   (0)      2  : 0.2080 0.0710 0.1340 0.0860 0.5010
847      847   (0)      2  : 0.0400 0.0250 0.0490 0.8328 0.0531
848      848   (1)      2  : 0.0320 0.8831 0.0180 0.0290 0.0380
849      849   (1)      2  : 0.2122 0.0340 0.4555 0.1191 0.1792
850      850   (1)      2  : 0.1970 0.0550 0.1060 0.3120 0.3300
851      851   (1)      2  : 0.4194 0.0661 0.0841 0.1481 0.2823
852      852   (1)      2  : 0.1020 0.4050 0.2720 0.1290 0.0920
853      853   (1)      2  : 0.1060 0.5420 0.1850 0.0640 0.1030
854      854   (0)      2  : 0.1170 0.4760 0.1830 0.1650 0.0590
855      855   (1)      2  : 0.4104 0.0470 0.0611 0.1481 0.3333
856      856   (5)      2  : 0.2380 0.1020 0.0710 0.1520 0.4370
857      857   (1)      2  : 0.2310 0.0290 0.0400 0.2460 0.4540
858      858   (0)      2  : 0.1920 0.0520 0.3020 0.0480 0.4060
859      859   (0)      2  : 0.0739 0.7353 0.0539 0.0709 0.0659
860      860   (1)      2  : 0.0270 0.8930 0.0200 0.0330 0.0270
861      861   (1)      2  : 0.0440 0.8388 0.0450 0.0320 0.0400
862      862   (1)      2  : 0.1040 0.1120 0.5670 0.1200 0.0970
863      863   (0)      2  : 0.0320 0.8470 0.0470 0.0390 0.0350
864      864   (4)      2  : 0.1239 0.6643 0.0799 0.0619 0.0699
865      865   (1)      2  : 0.0350 0.0370 0.8511 0.0360 0.0410
866      866   (1)      2  : 0.4046 0.1638 0.0240 0.0839 0.3237
867      867   (1)      2  : 0.2200 0.0380 0.4800 0.0870 0.1750
868      868   (0)      2  : 0.2400 0.0420 0.1050 0.3570 0.2560
869      869   (1)      2  : 0.1230 0.0490 0.4960 0.2030 0.1290
870      870   (1)      2  : 0.0519 0.7473 0.0689 0.0649 0.0669
871      871   (1)      2  : 0.0330 0.0861 0.7998 0.0380 0.0430
872      872   (1)      2  : 0.0830 0.1270 0.4660 0.2100 0.1140
873      873   (1)      2  : 0.0300 0.8630 0.0230 0.0350 0.0490
874      874   (1)      2  : 0.5830 0.0390 0.0420 0.1350 0.2010
875      875   (1)      2  : 0.1710 0.1290 0.3730 0.1340 0.1930
876      876   (1)      2  : 0.1160 0.0770 0.5180 0.2060 0.0830
877      877   (1)      2  : 0.0750 0.4210 0.0450 0.3360 0.1230
878      878   (0)      2  : 0.1538 0.1908 0.0769 0.4216 0.1568
879      879   (2)      2  : 0.0300 0.9059 0.0190 0.0220 0.0230
880      880   (1)      2  : 0.1822 0.2492 0.2472 0.1892 0.1321
881      881   (2)      2  : 0.0699 0.7123 0.0549 0.0609 0.1019
882      882   (1)      2  : 0.1630 0.0760 0.1740 0.4000 0.1870
