  1        1   (0)      1 :  0.2715 0.1699 0.1076 0.2099 0.0127 0.2284 
  2        2   (1)      1 :  0.2225 0.3803 0.1079 0.1200 0.0600 0.1093 
  3        3   (1)      1 :  0.4055 0.2437 0.0571 0.1435 0.0452 0.1049 
  4        4   (1)      1 :  0.1974 0.1756 0.2104 0.3121 0.0197 0.0847 
  5        5   (2)      1 :  0.0149 0.0123 0.0128 0.0126 0.9367 0.0107 
  6        6   (1)      1 :  0.4205 0.0986 0.0684 0.2022 0.1770 0.0334 
  7        7   (1)      1 :  0.1578 0.0895 0.3467 0.1059 0.1704 0.1296 
  8        8   (0)      1 :  0.0783 0.5550 0.1202 0.1697 0.0120 0.0648 
  9        9   (1)      1 :  0.3775 0.1358 0.0554 0.1567 0.1500 0.1246 
 10       10   (1)      1 :  0.0662 0.1173 0.1449 0.0948 0.4764 0.1003 
 11       11   (0)      1 :  0.2457 0.0704 0.1457 0.3485 0.0870 0.1026 
 12       12   (0)      1 :  0.5927 0.0673 0.0784 0.1228 0.0936 0.0452 
 13       13   (1)      1 :  0.0679 0.3381 0.2580 0.2010 0.0231 0.1119 
 14       14   (1)      1 :  0.1205 0.0506 0.2830 0.1120 0.4149 0.0190 
 15       15   (2)      1 :  0.0942 0.0469 0.2790 0.1445 0.4020 0.0333 
 16       16   (1)      1 :  0.1493 0.1112 0.1575 0.4044 0.0860 0.0914 
 17       17   (1)      1 :  0.1414 0.4868 0.1526 0.1336 0.0716 0.0141 
 18       18   (2)      1 :  0.0673 0.3935 0.1950 0.1687 0.0191 0.1565 
 19       19   (1)      1 :  0.0467 0.2704 0.3141 0.2582 0.0379 0.0727 
 20       20   (1)      1 :  0.2191 0.0690 0.3172 0.1877 0.1903 0.0167 
 21       21   (1)      1 :  0.0878 0.3534 0.1737 0.1621 0.1627 0.0603 
 22       22   (1)      1 :  0.1853 0.1564 0.1292 0.2005 0.0534 0.2752 
 23       23   (1)      1 :  0.1965 0.3714 0.0705 0.1463 0.1298 0.0854 
 24       24   (1)      1 :  0.0539 0.0350 0.0253 0.0449 0.0153 0.8256 
 25       25   (1)      1 :  0.0961 0.1977 0.2919 0.1804 0.1749 0.0590 
 26       26   (1)      1 :  0.1093 0.4148 0.0667 0.0959 0.0869 0.2263 
 27       27   (1)      1 :  0.1660 0.0796 0.3456 0.3301 0.0396 0.0392 
 28       28   (1)      1 :  0.0441 0.0244 0.0223 0.0348 0.0199 0.8545 
 29       29   (1)      1 :  0.2260 0.2272 0.1417 0.2717 0.0442 0.0891 
 30       30   (1)      1 :  0.0681 0.1531 0.0593 0.0746 0.6046 0.0403 
 31       31   (1)      1 :  0.1982 0.3291 0.1347 0.2056 0.0287 0.1037 
 32       32   (1)      1 :  0.0715 0.3870 0.1658 0.1653 0.0749 0.1355 
 33       33   (1)      1 :  0.1970 0.1462 0.1024 0.1608 0.1179 0.2756 
 34       34   (1)      1 :  0.0567 0.0798 0.1630 0.1332 0.5318 0.0356 
 35       35   (0)      1 :  0.1016 0.4130 0.1369 0.1437 0.0717 0.1332 
 36       36   (1)      1 :  0.1822 0.3629 0.0940 0.1551 0.1429 0.0630 
 37       37   (1)      1 :  0.0980 0.0668 0.1406 0.1134 0.0804 0.5008 
 38       38   (1)      1 :  0.0375 0.0667 0.0416 0.0531 0.4801 0.3210 
 39       39   (1)      1 :  0.0633 0.6298 0.1368 0.0594 0.0821 0.0285 
 40       40   (0)      1 :  0.3272 0.0753 0.2297 0.1011 0.2380 0.0288 
 41       41   (1)      1 :  0.2545 0.0907 0.3997 0.1511 0.0257 0.0782 
 42       42   (1)      1 :  0.0458 0.0591 0.0410 0.0447 0.7918 0.0177 
 43       43   (1)      1 :  0.3759 0.2881 0.0841 0.0983 0.0321 0.1216 
 44       44   (7)      1 :  0.3639 0.3420 0.0500 0.1483 0.0339 0.0618 
 45       45   (2)      1 :  0.1566 0.0706 0.0642 0.1352 0.3189 0.2545 
 46       46   (1)      1 :  0.0839 0.1674 0.1886 0.1699 0.0477 0.3424 
 47       47   (0)      1 :  0.0834 0.0427 0.0559 0.0667 0.0541 0.6973 
 48       48   (1)      1 :  0.3773 0.2479 0.1088 0.1287 0.0348 0.1025 
 49       49   (0)      1 :  0.1538 0.1810 0.2194 0.1885 0.0305 0.2269 
 50       50   (1)      1 :  0.1147 0.1903 0.4867 0.1680 0.0195 0.0208 
 51       51   (2)      1 :  0.0605 0.0475 0.0649 0.0848 0.6901 0.0521 
 52       52   (1)      1 :  0.0278 0.0393 0.0288 0.0314 0.8418 0.0310 
 53       53   (2)      1 :  0.1438 0.0843 0.0516 0.0788 0.0254 0.6161 
 54       54   (1)      1 :  0.1485 0.0949 0.1175 0.0852 0.0568 0.4973 
 55       55   (3)      1 :  0.1115 0.4598 0.1582 0.1492 0.0768 0.0446 
 56       56   (1)      1 :  0.0621 0.0933 0.1645 0.2263 0.0659 0.3879 
 57       57   (0)      1 :  0.0676 0.1596 0.0781 0.1215 0.0182 0.5549 
 58       58   (1)      1 :  0.0573 0.0737 0.0492 0.0929 0.6891 0.0378 
 59       59   (0)      1 :  0.1448 0.0831 0.1219 0.1146 0.0212 0.5142 
 60       60   (2)      1 :  0.1739 0.0787 0.1939 0.4134 0.0888 0.0514 
 61       61   (1)      1 :  0.1044 0.0939 0.2288 0.1734 0.0464 0.3530 
 62       62   (1)      1 :  0.3828 0.2603 0.0929 0.1685 0.0315 0.0639 
 63       63   (0)      1 :  0.1431 0.0981 0.0872 0.1642 0.1910 0.3165 
 64       64   (3)      1 :  0.3156 0.1179 0.1856 0.2571 0.0494 0.0744 
 65       65   (1)      1 :  0.1005 0.2902 0.1727 0.3186 0.0514 0.0666 
 66       66   (4)      1 :  0.0674 0.1311 0.4374 0.1201 0.2161 0.0280 
 67       67   (0)      1 :  0.0758 0.0771 0.2773 0.3104 0.0286 0.2308 
 68       68   (2)      1 :  0.1905 0.2020 0.0826 0.1038 0.0376 0.3836 
 69       69   (2)      1 :  0.0489 0.1262 0.0683 0.0956 0.1885 0.4726 
 70       70   (1)      1 :  0.1765 0.4958 0.0838 0.0911 0.0269 0.1260 
 71       71   (0)      1 :  0.1546 0.3543 0.1761 0.2185 0.0256 0.0710 
 72       72   (5)      1 :  0.3441 0.1149 0.1392 0.2631 0.0177 0.1209 
 73       73   (1)      1 :  0.0781 0.3917 0.0573 0.0925 0.1938 0.1866 
 74       74   (1)      1 :  0.5233 0.1064 0.1989 0.1132 0.0293 0.0289 
 75       75   (1)      1 :  0.0648 0.2199 0.1823 0.1717 0.0915 0.2698 
 76       76   (1)      1 :  0.0785 0.1435 0.0708 0.0709 0.0338 0.6024 
 77       77   (1)      1 :  0.0225 0.0141 0.0201 0.0208 0.9082 0.0143 
 78       78   (1)      1 :  0.2095 0.4257 0.1026 0.1346 0.0314 0.0961 
 79       79   (2)      1 :  0.0952 0.5106 0.1028 0.1773 0.0374 0.0768 
 80       80   (2)      1 :  0.0567 0.0385 0.0588 0.0588 0.7193 0.0679 
 81       81   (2)      1 :  0.2204 0.0791 0.1195 0.1230 0.3842 0.0737 
 82       82   (1)      1 :  0.1860 0.1415 0.0523 0.1177 0.0156 0.4869 
 83       83   (0)      1 :  0.0999 0.3062 0.2362 0.1511 0.0351 0.1715 
 84       84   (1)      1 :  0.2086 0.1863 0.1954 0.2122 0.1478 0.0498 
 85       85   (6)      1 :  0.0807 0.4721 0.1368 0.1981 0.0219 0.0905 
 86       86   (1)      1 :  0.2047 0.0775 0.4837 0.1543 0.0610 0.0187 
 87       87   (2)      1 :  0.2948 0.1229 0.1638 0.1543 0.0284 0.2358 
 88       88   (0)      2 :  0.0239 0.0575 0.0478 0.0298 0.8234 0.0176 
 89       89   (1)      2 :  0.0858 0.3763 0.2990 0.1488 0.0415 0.0485 
 90       90   (1)      2 :  0.0261 0.0263 0.0230 0.0296 0.8771 0.0179 
 91       91   (2)      2 :  0.2273 0.1222 0.1836 0.1616 0.0121 0.2932 
 92       92   (1)      2 :  0.0778 0.2050 0.0950 0.1317 0.0327 0.4577 
 93       93   (1)      2 :  0.0345 0.0825 0.0371 0.0551 0.0133 0.7775 
 94       94   (1)      2 :  0.1660 0.3208 0.1455 0.1926 0.1471 0.0281 
 95       95   (0)      2 :  0.2098 0.4052 0.1027 0.0914 0.1677 0.0232 
 96       96   (2)      2 :  0.0872 0.1227 0.2434 0.4103 0.0713 0.0651 
 97       97   (1)      2 :  0.0301 0.0606 0.0229 0.0395 0.1147 0.7323 
 98       98   (0)      2 :  0.1478 0.1460 0.1688 0.4120 0.0357 0.0899 
 99       99   (0)      2 :  0.1152 0.0639 0.1191 0.3215 0.0734 0.3069 
100      100   (1)      2 :  0.0780 0.6775 0.0570 0.1152 0.0254 0.0470 
101      101   (1)      2 :  0.0801 0.1887 0.0678 0.0831 0.4784 0.1020 
102      102   (1)      2 :  0.0855 0.1339 0.3447 0.3499 0.0538 0.0322 
103      103   (2)      2 :  0.1305 0.3012 0.1530 0.1522 0.1559 0.1072 
104      104   (1)      2 :  0.1034 0.2408 0.0796 0.1272 0.0270 0.4221 
105      105   (1)      2 :  0.1339 0.0228 0.0515 0.1295 0.1750 0.4873 
106      106   (1)      2 :  0.0178 0.0129 0.0148 0.0143 0.9077 0.0325 
107      107   (2)      2 :  0.0800 0.0440 0.2639 0.4715 0.0659 0.0746 
108      108   (0)      2 :  0.1401 0.1204 0.1852 0.3362 0.0427 0.1753 
109      109   (1)      2 :  0.1196 0.1178 0.2401 0.3215 0.1783 0.0227 
110      110   (1)      2 :  0.1063 0.1196 0.0673 0.1188 0.1566 0.4313 
111      111   (1)      2 :  0.1158 0.1190 0.1086 0.2678 0.0524 0.3364 
112      112   (2)      2 :  0.1816 0.2223 0.1724 0.3093 0.0765 0.0379 
113      113   (1)      2 :  0.0753 0.1455 0.1623 0.1008 0.4785 0.0377 
114      114   (3)      2 :  0.1314 0.5313 0.1296 0.1287 0.0297 0.0494 
115      115   (2)      2 :  0.5093 0.0628 0.0292 0.0820 0.0419 0.2748 
116      116   (0)      2 :  0.1308 0.5254 0.1008 0.1315 0.0660 0.0454 
117      117   (1)      2 :  0.1150 0.3508 0.1307 0.2082 0.1570 0.0382 
118      118   (1)      2 :  0.0695 0.4142 0.2371 0.1413 0.0239 0.1140 
119      119   (3)      2 :  0.1275 0.1256 0.3508 0.3075 0.0462 0.0425 
120      120   (1)      2 :  0.0365 0.0500 0.0422 0.0559 0.0117 0.8038 
121      121   (0)      2 :  0.2420 0.2876 0.2546 0.1488 0.0400 0.0269 
122      122   (1)      2 :  0.1679 0.2735 0.2105 0.1473 0.0470 0.1540 
123      123   (1)      2 :  0.1394 0.1967 0.2017 0.2565 0.0182 0.1877 
124      124   (0)      2 :  0.5376 0.1251 0.0784 0.1370 0.0911 0.0308 
125      125   (1)      2 :  0.1855 0.1469 0.0510 0.0756 0.0818 0.4592 
126      126   (1)      2 :  0.0943 0.0907 0.0570 0.0923 0.6256 0.0401 
127      127   (1)      2 :  0.0548 0.0374 0.5323 0.2883 0.0453 0.0419 
128      128   (1)      2 :  0.0401 0.0911 0.0733 0.1426 0.0277 0.6251 
129      129   (1)      2 :  0.0643 0.5215 0.0959 0.1034 0.1602 0.0548 
130      130   (1)      2 :  0.5294 0.2020 0.0839 0.1105 0.0512 0.0229 
131      131   (1)      2 :  0.1571 0.4617 0.0699 0.1566 0.0529 0.1017 
132      132   (1)      2 :  0.1208 0.0957 0.1362 0.1556 0.0385 0.4533 
133      133   (1)      2 :  0.1650 0.4603 0.1008 0.2031 0.0219 0.0490 
134      134   (1)      2 :  0.1222 0.0711 0.5121 0.2078 0.0440 0.0428 
135      135   (1)      2 :  0.0245 0.0245 0.0220 0.0374 0.0164 0.8752 
136      136   (3)      2 :  0.1054 0.3399 0.2364 0.1977 0.0307 0.0899 
137      137   (1)      2 :  0.2904 0.0578 0.2998 0.1331 0.1798 0.0390 
138      138   (1)      2 :  0.0729 0.1432 0.0480 0.0584 0.6565 0.0209 
139      139   (2)      2 :  0.2199 0.5265 0.0894 0.1099 0.0162 0.0382 
140      140   (3)      2 :  0.0884 0.4324 0.2165 0.1372 0.0838 0.0417 
141      141   (0)      2 :  0.0862 0.2455 0.1452 0.0972 0.3261 0.0997 
142      142   (1)      2 :  0.1114 0.1123 0.1432 0.1823 0.2796 0.1713 
143      143   (0)      2 :  0.1204 0.1103 0.0412 0.1003 0.0507 0.5770 
144      144   (1)      2 :  0.2180 0.5551 0.0749 0.1031 0.0116 0.0372 
145      145   (1)      2 :  0.4200 0.0831 0.1087 0.3390 0.0202 0.0290 
146      146   (2)      2 :  0.0856 0.1701 0.1018 0.1070 0.0478 0.4877 
147      147   (1)      2 :  0.0807 0.0639 0.3723 0.3652 0.0354 0.0825 
148      148   (1)      2 :  0.1979 0.0667 0.2211 0.3624 0.0139 0.1380 
149      149   (2)      2 :  0.0912 0.1379 0.2351 0.2307 0.0551 0.2500 
150      150   (2)      2 :  0.0743 0.1506 0.2104 0.1552 0.0473 0.3622 
151      151   (1)      2 :  0.0679 0.5037 0.1817 0.0882 0.0647 0.0938 
152      152   (0)      2 :  0.3023 0.0576 0.1818 0.3143 0.0474 0.0966 
153      153   (1)      2 :  0.0296 0.0252 0.0367 0.0488 0.0252 0.8346 
154      154   (2)      2 :  0.2475 0.1011 0.3223 0.2540 0.0434 0.0318 
155      155   (1)      2 :  0.2079 0.1892 0.2375 0.1364 0.0671 0.1618 
156      156   (1)      2 :  0.2370 0.0679 0.3223 0.1491 0.0986 0.1251 
157      157   (0)      2 :  0.3311 0.2147 0.0879 0.1498 0.0553 0.1612 
158      158   (2)      2 :  0.0849 0.2682 0.2549 0.2880 0.0166 0.0874 
159      159   (1)      2 :  0.2338 0.1423 0.2990 0.2617 0.0334 0.0297 
160      160   (0)      2 :  0.1587 0.0687 0.3488 0.2090 0.0419 0.1729 
161      161   (1)      2 :  0.1971 0.1516 0.1385 0.1606 0.0301 0.3221 
162      162   (1)      2 :  0.1419 0.1105 0.2521 0.2564 0.0550 0.1841 
163      163   (1)      2 :  0.1255 0.0504 0.1144 0.1393 0.0373 0.5331 
164      164   (1)      2 :  0.1593 0.1797 0.2298 0.3644 0.0194 0.0475 
165      165   (0)      2 :  0.3137 0.1204 0.1003 0.3084 0.0152 0.1420 
166      166   (0)      2 :  0.5747 0.0870 0.1577 0.1032 0.0373 0.0401 
167      167   (2)      2 :  0.2004 0.1185 0.1780 0.1611 0.0795 0.2624 
168      168   (0)      2 :  0.0479 0.6410 0.0978 0.1216 0.0467 0.0449 
169      169   (1)      2 :  0.0164 0.0136 0.0219 0.0184 0.9184 0.0113 
170      170   (1)      2 :  0.1201 0.0753 0.0692 0.1308 0.0508 0.5539 
171      171   (1)      2 :  0.2055 0.2390 0.1615 0.2805 0.0231 0.0904 
172      172   (0)      2 :  0.0537 0.1274 0.0934 0.1364 0.3457 0.2435 
173      173   (1)      2 :  0.0236 0.0185 0.0259 0.0271 0.8874 0.0175 
174      174   (0)      2 :  0.5288 0.1404 0.0723 0.1528 0.0259 0.0799 
175      175   (1)      2 :  0.1193 0.5523 0.1264 0.1288 0.0220 0.0511 
176      176   (1)      2 :  0.0314 0.1034 0.1911 0.1682 0.0350 0.4709 
177      177   (1)      2 :  0.0976 0.0309 0.0453 0.0772 0.0116 0.7374 
178      178   (0)      2 :  0.2122 0.0651 0.3411 0.3275 0.0335 0.0207 
179      179   (1)      2 :  0.1406 0.1745 0.1184 0.1710 0.0176 0.3778 
180      180   (1)      2 :  0.0324 0.0574 0.0385 0.0357 0.7906 0.0454 
181      181   (1)      2 :  0.3045 0.1319 0.2240 0.2604 0.0292 0.0500 
182      182   (1)      2 :  0.0861 0.4896 0.1513 0.1293 0.1023 0.0413 
183      183   (1)      2 :  0.3210 0.1859 0.1934 0.2029 0.0274 0.0693 
184      184   (1)      2 :  0.0400 0.1522 0.1150 0.1421 0.4775 0.0733 
185      185   (2)      2 :  0.0336 0.8489 0.0427 0.0408 0.0080 0.0260 
186      186   (1)      2 :  0.0729 0.3054 0.0509 0.0952 0.0794 0.3962 
187      187   (0)      2 :  0.6993 0.0413 0.0664 0.1374 0.0173 0.0383 
188      188   (1)      2 :  0.1511 0.5038 0.0735 0.1556 0.0455 0.0706 
189      189   (0)      2 :  0.0772 0.2776 0.1171 0.1761 0.1173 0.2346 
190      190   (0)      2 :  0.0646 0.0719 0.1169 0.1840 0.0368 0.5259 
191      191   (2)      2 :  0.2328 0.0766 0.0504 0.1100 0.0300 0.5002 
192      192   (1)      2 :  0.0402 0.0516 0.5388 0.3253 0.0255 0.0186 
193      193   (1)      2 :  0.1498 0.1398 0.2691 0.2689 0.0868 0.0857 
194      194   (0)      2 :  0.0354 0.0461 0.5760 0.2965 0.0117 0.0343 
195      195   (1)      2 :  0.0508 0.0475 0.0444 0.0539 0.7881 0.0153 
196      196   (1)      2 :  0.7283 0.1043 0.0569 0.0700 0.0213 0.0192 
197      197   (1)      2 :  0.1632 0.1305 0.1829 0.1176 0.0430 0.3627 
198      198   (1)      2 :  0.0362 0.0446 0.0600 0.0836 0.7288 0.0468 
199      199   (0)      2 :  0.1808 0.5263 0.1092 0.1130 0.0215 0.0491 
200      200   (0)      2 :  0.0813 0.1149 0.0611 0.0528 0.0395 0.6504 
201      201   (1)      2 :  0.2548 0.0819 0.2550 0.3360 0.0194 0.0529 
202      202   (0)      2 :  0.0414 0.0345 0.0800 0.0638 0.0106 0.7698 
203      203   (0)      2 :  0.3497 0.0996 0.1503 0.2889 0.0282 0.0833 
204      204   (1)      2 :  0.1999 0.1081 0.2033 0.3415 0.0420 0.1053 
205      205   (1)      2 :  0.4721 0.0949 0.0609 0.2257 0.0760 0.0704 
206      206   (1)      2 :  0.0294 0.0560 0.0343 0.0458 0.8060 0.0284 
207      207   (1)      2 :  0.2716 0.1150 0.1347 0.2349 0.1843 0.0594 
208      208   (1)      2 :  0.1878 0.2236 0.2398 0.2725 0.0283 0.0480 
209      209   (0)      2 :  0.0598 0.2085 0.0576 0.0790 0.4835 0.1117 
210      210   (1)      2 :  0.0306 0.0198 0.0206 0.0177 0.8989 0.0124 
211      211   (0)      2 :  0.1183 0.3266 0.2220 0.1743 0.1124 0.0463 
212      212   (1)      2 :  0.1285 0.0447 0.1420 0.1844 0.1904 0.3101 
213      213   (1)      2 :  0.5221 0.2044 0.0646 0.1336 0.0225 0.0528 
214      214   (1)      2 :  0.4068 0.0365 0.1201 0.3699 0.0337 0.0329 
215      215   (1)      2 :  0.0425 0.0830 0.6822 0.1309 0.0188 0.0427 
216      216   (1)      2 :  0.0595 0.0492 0.0313 0.0362 0.8030 0.0208 
217      217   (1)      2 :  0.1248 0.0706 0.1934 0.2105 0.3348 0.0660 
218      218   (1)      2 :  0.2640 0.0789 0.0733 0.1495 0.0233 0.4111 
219      219   (1)      2 :  0.1868 0.0864 0.4633 0.1493 0.0877 0.0266 
220      220   (1)      2 :  0.1173 0.2521 0.2332 0.2944 0.0106 0.0924 
221      221   (0)      2 :  0.3970 0.1261 0.0520 0.1613 0.2211 0.0425 
222      222   (1)      2 :  0.2680 0.1221 0.2210 0.1943 0.0283 0.1664 
223      223   (0)      2 :  0.3721 0.0923 0.2397 0.1831 0.0480 0.0648 
224      224   (1)      2 :  0.1377 0.1559 0.3992 0.2151 0.0222 0.0700 
225      225   (1)      2 :  0.0169 0.0178 0.0182 0.0171 0.9150 0.0150 
226      226   (0)      2 :  0.1117 0.4873 0.1278 0.0950 0.1484 0.0297 
227      227   (1)      2 :  0.0294 0.0213 0.0194 0.0227 0.8748 0.0324 
228      228   (1)      2 :  0.4690 0.1014 0.1891 0.1695 0.0400 0.0309 
229      229   (2)      2 :  0.2614 0.3500 0.0558 0.2293 0.0216 0.0819 
230      230   (1)      2 :  0.2098 0.1054 0.0842 0.3344 0.1515 0.1147 
231      231   (1)      2 :  0.4125 0.1830 0.1716 0.1493 0.0482 0.0353 
232      232   (2)      2 :  0.2022 0.4113 0.0989 0.1297 0.0332 0.1246 
233      233   (1)      2 :  0.2127 0.1118 0.1988 0.3320 0.0748 0.0698 
234      234   (1)      2 :  0.0191 0.0277 0.0206 0.0205 0.8916 0.0205 
235      235   (0)      2 :  0.0528 0.0636 0.2037 0.1322 0.4789 0.0689 
236      236   (1)      2 :  0.1006 0.0428 0.2465 0.4301 0.0191 0.1608 
237      237   (1)      2 :  0.1305 0.1382 0.2969 0.2280 0.0755 0.1309 
238      238   (0)      2 :  0.1696 0.0349 0.2134 0.4633 0.0863 0.0326 
239      239   (1)      2 :  0.0373 0.1811 0.5354 0.1567 0.0543 0.0352 
240      240   (1)      2 :  0.2002 0.4566 0.1202 0.1422 0.0339 0.0470 
241      241   (0)      2 :  0.0968 0.1727 0.1558 0.1019 0.0620 0.4107 
242      242   (1)      2 :  0.0402 0.0602 0.6043 0.1718 0.0136 0.1099 
243      243   (1)      2 :  0.2653 0.1208 0.1227 0.1644 0.0374 0.2895 
244      244   (1)      2 :  0.3586 0.1135 0.0978 0.1989 0.0438 0.1875 
245      245   (0)      2 :  0.0134 0.0211 0.0158 0.0153 0.9210 0.0134 
246      246   (1)      2 :  0.0646 0.0505 0.0732 0.0941 0.1484 0.5692 
247      247   (0)      2 :  0.1238 0.0789 0.0711 0.1741 0.4625 0.0896 
248      248   (1)      2 :  0.0644 0.3123 0.0685 0.0635 0.4533 0.0380 
249      249   (1)      2 :  0.3522 0.1975 0.1313 0.2373 0.0444 0.0373 
250      250   (0)      2 :  0.1472 0.3090 0.1758 0.2108 0.0837 0.0736 
251      251   (1)      2 :  0.4264 0.1214 0.1549 0.1937 0.0437 0.0599 
252      252   (0)      2 :  0.0765 0.0514 0.0348 0.0547 0.0285 0.7541 
253      253   (0)      2 :  0.0744 0.5206 0.2035 0.1206 0.0487 0.0322 
254      254   (1)      2 :  0.2341 0.1231 0.1244 0.1823 0.0431 0.2931 
255      255   (1)      2 :  0.2945 0.1060 0.0502 0.1059 0.0229 0.4206 
256      256   (1)      2 :  0.1992 0.0436 0.0849 0.1138 0.2706 0.2880 
257      257   (0)      2 :  0.4158 0.1893 0.0936 0.1950 0.0579 0.0485 
258      258   (1)      1 :  0.2301 0.1968 0.1925 0.0927 0.1806 0.1073 
259      259   (2)      1 :  0.0583 0.1232 0.1915 0.1307 0.4233 0.0731 
260      260   (1)      1 :  0.0599 0.2269 0.4870 0.1419 0.0196 0.0648 
261      261   (0)      1 :  0.2052 0.3831 0.1544 0.1879 0.0375 0.0319 
262      262   (1)      1 :  0.1490 0.2647 0.1525 0.1761 0.1023 0.1554 
263      263   (0)      1 :  0.2041 0.0456 0.1075 0.2404 0.0293 0.3731 
264      264   (1)      1 :  0.4155 0.0987 0.1723 0.2158 0.0478 0.0500 
265      265   (1)      1 :  0.1830 0.0876 0.3332 0.2739 0.0336 0.0887 
266      266   (1)      1 :  0.6230 0.1229 0.0695 0.1268 0.0152 0.0426 
267      267   (1)      1 :  0.1108 0.2817 0.1569 0.2629 0.1229 0.0647 
268      268   (2)      1 :  0.1223 0.1659 0.0985 0.1836 0.1151 0.3147 
269      269   (1)      1 :  0.0900 0.4997 0.1116 0.1333 0.1245 0.0408 
270      270   (1)      1 :  0.2508 0.1199 0.0464 0.1180 0.0274 0.4375 
271      271   (1)      1 :  0.0736 0.3742 0.1090 0.1192 0.2747 0.0494 
272      272   (0)      1 :  0.3882 0.0969 0.1491 0.1738 0.1653 0.0267 
273      273   (0)      1 :  0.0830 0.3943 0.2328 0.1914 0.0316 0.0669 
274      274   (1)      1 :  0.0560 0.0873 0.0420 0.0447 0.7432 0.0268 
275      275   (1)      1 :  0.1294 0.1261 0.2308 0.2130 0.1078 0.1928 
276      276   (1)      1 :  0.1327 0.1309 0.4197 0.2302 0.0415 0.0451 
277      277   (1)      1 :  0.2437 0.2411 0.2807 0.1359 0.0645 0.0341 
278      278   (1)      1 :  0.1494 0.0878 0.1401 0.3321 0.2539 0.0368 
279      279   (0)      1 :  0.0693 0.1038 0.4215 0.2176 0.1494 0.0385 
280      280   (1)      1 :  0.1465 0.2576 0.0774 0.1081 0.0919 0.3185 
281      281   (1)      1 :  0.0776 0.5167 0.1578 0.1676 0.0384 0.0418 
282      282   (1)      1 :  0.1601 0.2488 0.1508 0.1849 0.1603 0.0950 
283      283   (1)      1 :  0.1927 0.1844 0.2977 0.2288 0.0416 0.0548 
284      284   (0)      1 :  0.5265 0.0795 0.0982 0.1661 0.0233 0.1063 
285      285   (1)      1 :  0.1170 0.1195 0.2869 0.2158 0.0387 0.2220 
286      286   (1)      1 :  0.1995 0.1495 0.2714 0.2530 0.0191 0.1075 
287      287   (1)      1 :  0.0090 0.0122 0.0121 0.0098 0.9485 0.0084 
288      288   (1)      1 :  0.0348 0.0561 0.0516 0.0977 0.7203 0.0394 
289      289   (1)      1 :  0.0965 0.2650 0.3026 0.2024 0.0927 0.0407 
290      290   (1)      1 :  0.0180 0.0162 0.0167 0.0174 0.9122 0.0195 
291      291   (1)      1 :  0.1399 0.0750 0.0719 0.1862 0.3893 0.1378 
292      292   (1)      1 :  0.1292 0.3808 0.1393 0.0858 0.2100 0.0548 
293      293   (1)      1 :  0.0790 0.1252 0.0621 0.1022 0.0284 0.6031 
294      294   (1)      1 :  0.1910 0.0836 0.3823 0.1474 0.1600 0.0356 
295      295   (0)      1 :  0.1835 0.2533 0.2711 0.1727 0.0179 0.1016 
296      296   (0)      1 :  0.1974 0.1038 0.3713 0.2053 0.0278 0.0944 
297      297   (1)      1 :  0.0618 0.0566 0.0527 0.0505 0.7573 0.0211 
298      298   (0)      1 :  0.1742 0.0585 0.5188 0.1945 0.0185 0.0355 
299      299   (1)      1 :  0.0770 0.0467 0.2212 0.2323 0.1849 0.2380 
300      300   (1)      1 :  0.1069 0.3885 0.2422 0.1717 0.0297 0.0610 
301      301   (0)      1 :  0.0338 0.0345 0.0247 0.0260 0.8635 0.0175 
302      302   (1)      1 :  0.1418 0.0553 0.1727 0.1738 0.4141 0.0423 
303      303   (1)      1 :  0.0854 0.4666 0.1722 0.1341 0.1032 0.0385 
304      304   (1)      1 :  0.0604 0.1775 0.3482 0.2297 0.1214 0.0629 
305      305   (1)      1 :  0.1039 0.1514 0.2554 0.4075 0.0239 0.0580 
306      306   (1)      1 :  0.2026 0.1085 0.0670 0.0482 0.5588 0.0150 
307      307   (2)      1 :  0.1404 0.3103 0.1601 0.2238 0.0182 0.1471 
308      308   (0)      1 :  0.1767 0.1966 0.3026 0.1997 0.0855 0.0388 
309      309   (2)      1 :  0.0227 0.0224 0.0236 0.0220 0.8880 0.0213 
310      310   (0)      1 :  0.1170 0.1918 0.1273 0.1112 0.4035 0.0491 
311      311   (0)      1 :  0.0657 0.0646 0.2616 0.1323 0.4434 0.0324 
312      312   (0)      1 :  0.0886 0.1049 0.1089 0.1649 0.0309 0.5019 
313      313   (1)      1 :  0.2190 0.0704 0.2489 0.3557 0.0146 0.0913 
314      314   (0)      1 :  0.0765 0.0987 0.1119 0.1335 0.0400 0.5393 
315      315   (1)      1 :  0.3182 0.2887 0.0965 0.1870 0.0444 0.0653 
316      316   (1)      1 :  0.2313 0.1095 0.2962 0.2874 0.0258 0.0498 
317      317   (1)      1 :  0.0377 0.5781 0.0877 0.1023 0.0285 0.1657 
318      318   (1)      1 :  0.1544 0.1935 0.0973 0.1537 0.0244 0.3768 
319      319   (1)      1 :  0.1333 0.2490 0.2442 0.2708 0.0154 0.0874 
320      320   (0)      1 :  0.3717 0.0405 0.1900 0.3330 0.0109 0.0540 
321      321   (1)      1 :  0.1857 0.2673 0.2565 0.2233 0.0206 0.0466 
322      322   (0)      1 :  0.1336 0.3498 0.1358 0.0771 0.2630 0.0408 
323      323   (1)      1 :  0.4305 0.0954 0.2419 0.1889 0.0222 0.0210 
324      324   (1)      1 :  0.5997 0.0523 0.1303 0.1096 0.0182 0.0900 
325      325   (1)      1 :  0.1279 0.3461 0.0641 0.0961 0.3352 0.0306 
326      326   (1)      1 :  0.3379 0.1660 0.1813 0.2262 0.0448 0.0438 
327      327   (1)      1 :  0.3905 0.0346 0.2699 0.1894 0.0294 0.0862 
328      328   (1)      2 :  0.1283 0.0461 0.1039 0.1010 0.0347 0.5859 
329      329   (0)      2 :  0.3492 0.2190 0.1216 0.2182 0.0452 0.0469 
330      330   (0)      2 :  0.5475 0.1342 0.1621 0.0839 0.0519 0.0204 
331      331   (1)      2 :  0.0749 0.0545 0.0891 0.1085 0.6155 0.0575 
332      332   (1)      2 :  0.0409 0.0717 0.0931 0.0714 0.6767 0.0463 
333      333   (1)      2 :  0.0238 0.0768 0.0422 0.0399 0.7990 0.0182 
334      334   (1)      2 :  0.4273 0.1072 0.0768 0.1062 0.1535 0.1291 
335      335   (0)      2 :  0.1748 0.1219 0.1555 0.1953 0.0178 0.3346 
336      336   (1)      2 :  0.0293 0.0384 0.0313 0.0330 0.8477 0.0203 
337      337   (1)      2 :  0.1795 0.2380 0.2844 0.2345 0.0285 0.0352 
338      338   (1)      2 :  0.0297 0.0324 0.0467 0.0402 0.8352 0.0158 
339      339   (1)      2 :  0.1974 0.4592 0.1205 0.1645 0.0332 0.0251 
340      340   (0)      2 :  0.1176 0.0616 0.1541 0.1115 0.1196 0.4356 
341      341   (1)      2 :  0.1305 0.0712 0.3176 0.3373 0.0117 0.1318 
342      342   (2)      2 :  0.1232 0.1280 0.2640 0.0989 0.3122 0.0737 
343      343   (2)      2 :  0.1177 0.1641 0.1010 0.1900 0.2766 0.1507 
344      344   (3)      2 :  0.0545 0.2109 0.1616 0.1254 0.3754 0.0721 
345      345   (2)      2 :  0.1036 0.0604 0.0628 0.0814 0.6154 0.0764 
346      346   (4)      2 :  0.7161 0.1036 0.0614 0.0810 0.0179 0.0200 
347      347   (3)      2 :  0.1326 0.2013 0.3479 0.2489 0.0368 0.0326 
348      348   (1)      2 :  0.1523 0.4007 0.1387 0.1270 0.1309 0.0504 
349      349   (1)      2 :  0.0929 0.1537 0.4201 0.2722 0.0257 0.0354 
350      350   (1)      2 :  0.0770 0.0612 0.2963 0.5133 0.0290 0.0231 
351      351   (0)      2 :  0.0311 0.0742 0.1133 0.0761 0.6820 0.0233 
352      352   (4)      2 :  0.1146 0.0483 0.1461 0.3504 0.2955 0.0451 
353      353   (2)      2 :  0.3299 0.1217 0.1469 0.1688 0.1301 0.1026 
354      354   (1)      2 :  0.3362 0.3538 0.1012 0.1153 0.0611 0.0324 
355      355   (2)      2 :  0.3498 0.3661 0.0824 0.1312 0.0266 0.0438 
356      356   (1)      2 :  0.1487 0.0796 0.1352 0.2727 0.0305 0.3334 
357      357   (2)      2 :  0.0369 0.0377 0.0388 0.0344 0.6393 0.2129 
358      358   (2)      2 :  0.1439 0.1775 0.2484 0.1352 0.0140 0.2811 
359      359   (3)      2 :  0.0789 0.2309 0.4085 0.1494 0.0579 0.0743 
360      360   (0)      2 :  0.1380 0.2870 0.0913 0.1510 0.0361 0.2965 
361      361   (1)      2 :  0.6484 0.0650 0.1087 0.1262 0.0139 0.0377 
362      362   (1)      2 :  0.3483 0.1078 0.1735 0.1735 0.1400 0.0569 
363      363   (2)      2 :  0.1713 0.2366 0.1136 0.1852 0.1595 0.1338 
364      364   (3)      2 :  0.0848 0.1324 0.5310 0.1963 0.0161 0.0394 
365      365   (4)      2 :  0.2373 0.2428 0.2509 0.2115 0.0298 0.0276 
366      366   (4)      2 :  0.1253 0.1201 0.1935 0.2923 0.0266 0.2422 
367      367   (3)      2 :  0.0791 0.0542 0.0441 0.0556 0.7421 0.0249 
368      368   (3)      2 :  0.1062 0.1323 0.1920 0.1952 0.3200 0.0544 
369      369   (2)      2 :  0.1189 0.4056 0.0937 0.1036 0.0557 0.2226 
370      370   (3)      2 :  0.2288 0.2725 0.1383 0.2680 0.0413 0.0511 
371      371   (1)      2 :  0.1847 0.2599 0.2558 0.1981 0.0270 0.0746 
372      372   (3)      2 :  0.1513 0.2023 0.3686 0.1426 0.0637 0.0714 
373      373   (5)      2 :  0.1341 0.1186 0.0862 0.1010 0.0711 0.4889 
374      374   (5)      2 :  0.0350 0.0685 0.0632 0.0640 0.0157 0.7535 
375      375   (3)      2 :  0.2210 0.3296 0.1402 0.1879 0.0786 0.0428 
376      376   (3)      2 :  0.0290 0.0223 0.0370 0.0301 0.8624 0.0192 
377      377   (4)      2 :  0.1319 0.1499 0.0766 0.1155 0.1967 0.3293 
378      378   (0)      2 :  0.0932 0.1371 0.3324 0.2217 0.0578 0.1577 
379      379   (5)      2 :  0.2204 0.0737 0.3109 0.2106 0.0773 0.1072 
380      380   (4)      2 :  0.2250 0.3611 0.1271 0.1058 0.0907 0.0902 
381      381   (1)      2 :  0.0869 0.3316 0.3142 0.1534 0.0365 0.0774 
382      382   (1)      2 :  0.1823 0.1188 0.2216 0.3664 0.0270 0.0838 
383      383   (3)      2 :  0.1799 0.2218 0.0804 0.0835 0.3907 0.0436 
384      384   (2)      2 :  0.1064 0.0264 0.3694 0.3406 0.1355 0.0217 
385      385   (4)      2 :  0.5837 0.1023 0.1255 0.1295 0.0358 0.0232 
386      386   (2)      2 :  0.0966 0.0780 0.3346 0.1650 0.2966 0.0291 
387      387   (1)      2 :  0.0967 0.1151 0.1908 0.1300 0.2444 0.2230 
388      388   (6)      2 :  0.0698 0.4602 0.0778 0.1442 0.0397 0.2084 
389      389   (1)      2 :  0.2233 0.1905 0.1749 0.2710 0.1018 0.0385 
390      390   (1)      2 :  0.1764 0.1282 0.3576 0.2184 0.0544 0.0651 
391      391   (3)      2 :  0.0242 0.0325 0.0271 0.0327 0.8441 0.0394 
392      392   (2)      2 :  0.1935 0.1877 0.1780 0.1763 0.0268 0.2378 
393      393   (4)      2 :  0.0752 0.0545 0.0463 0.0620 0.0631 0.6989 
394      394   (3)      2 :  0.0507 0.0517 0.0567 0.1047 0.7172 0.0190 
395      395   (7)      2 :  0.0871 0.2333 0.0728 0.1238 0.1650 0.3181 
396      396   (4)      2 :  0.0782 0.0455 0.0676 0.1102 0.5323 0.1662 
397      397   (1)      2 :  0.2207 0.2221 0.1597 0.2778 0.0395 0.0803 
398      398   (3)      2 :  0.3364 0.1451 0.1249 0.1371 0.1638 0.0928 
399      399   (2)      2 :  0.0969 0.2756 0.0649 0.1115 0.2617 0.1894 
400      400   (0)      2 :  0.3748 0.0962 0.2037 0.2127 0.0399 0.0728 
401      401   (6)      2 :  0.1081 0.0881 0.0542 0.0676 0.0499 0.6321 
402      402   (5)      2 :  0.1666 0.2064 0.0612 0.0790 0.1843 0.3024 
403      403   (1)      2 :  0.1570 0.3170 0.1488 0.0941 0.1058 0.1773 
404      404   (2)      2 :  0.1317 0.4314 0.1701 0.1498 0.0874 0.0295 
405      405   (3)      2 :  0.1738 0.0913 0.3951 0.2473 0.0259 0.0667 
406      406   (2)      2 :  0.2401 0.2550 0.3015 0.1392 0.0293 0.0348 
407      407   (2)      2 :  0.0731 0.0484 0.3799 0.2043 0.0831 0.2111 
408      408   (2)      2 :  0.1277 0.0547 0.2350 0.2703 0.0815 0.2307 
409      409   (1)      2 :  0.2899 0.1519 0.1374 0.1812 0.0270 0.2126 
410      410   (1)      2 :  0.3851 0.0744 0.1385 0.3449 0.0194 0.0378 
411      411   (1)      2 :  0.3396 0.3569 0.0568 0.1789 0.0252 0.0426 
412      412   (0)      2 :  0.1421 0.1273 0.4198 0.2638 0.0167 0.0302 
413      413   (1)      2 :  0.5257 0.0790 0.1278 0.2161 0.0295 0.0218 
414      414   (2)      2 :  0.1488 0.3145 0.3111 0.1616 0.0201 0.0439 
415      415   (2)      2 :  0.4329 0.2772 0.0529 0.1210 0.0146 0.1014 
416      416   (3)      2 :  0.2847 0.3106 0.1513 0.1582 0.0525 0.0427 
417      417   (1)      2 :  0.3267 0.0586 0.2004 0.0953 0.0341 0.2849 
418      418   (0)      2 :  0.1296 0.0654 0.0327 0.0906 0.0333 0.6484 
419      419   (1)      2 :  0.2269 0.1863 0.1262 0.2247 0.0212 0.2146 
420      420   (0)      2 :  0.5860 0.1694 0.0617 0.1300 0.0248 0.0282 
421      421   (1)      2 :  0.1567 0.1345 0.4037 0.2100 0.0443 0.0508 
422      422   (6)      2 :  0.0549 0.7342 0.0391 0.1056 0.0274 0.0388 
423      423   (2)      2 :  0.5182 0.1244 0.0704 0.1688 0.0376 0.0805 
424      424   (1)      2 :  0.4422 0.0472 0.0895 0.1321 0.1695 0.1196 
425      425   (1)      2 :  0.1692 0.1741 0.1016 0.2926 0.2253 0.0373 
426      426   (3)      2 :  0.3507 0.1327 0.2133 0.1618 0.0268 0.1147 
427      427   (2)      2 :  0.0554 0.1089 0.1638 0.0956 0.5609 0.0154 
428      428   (6)      2 :  0.7692 0.0436 0.0647 0.0845 0.0140 0.0240 
429      429   (1)      2 :  0.1907 0.2793 0.2547 0.1098 0.1455 0.0200 
430      430   (1)      2 :  0.0645 0.5518 0.0750 0.1312 0.0890 0.0885 
431      431   (0)      2 :  0.5612 0.1285 0.1148 0.1236 0.0353 0.0365 
432      432   (2)      2 :  0.0378 0.0667 0.0552 0.0548 0.7480 0.0375 
433      433   (2)      2 :  0.0588 0.1556 0.1016 0.0732 0.0610 0.5499 
434      434   (2)      2 :  0.2089 0.3981 0.1042 0.1775 0.0756 0.0357 
435      435   (8)      2 :  0.4295 0.0522 0.1596 0.1905 0.0580 0.1103 
436      436   (2)      2 :  0.4603 0.1448 0.1064 0.1718 0.0268 0.0899 
437      437   (4)      2 :  0.2388 0.1822 0.2186 0.1663 0.0247 0.1694 
438      438   (1)      2 :  0.0717 0.0620 0.0282 0.0446 0.0501 0.7434 
439      439   (2)      2 :  0.0620 0.2395 0.1086 0.0856 0.4484 0.0559 
440      440   (0)      2 :  0.0442 0.0541 0.0310 0.0387 0.0972 0.7347 
441      441   (1)      2 :  0.0545 0.0732 0.6395 0.1819 0.0211 0.0298 
442      442   (6)      2 :  0.0578 0.3612 0.1632 0.2472 0.0736 0.0970 
443      443   (1)      2 :  0.1350 0.1181 0.4756 0.2202 0.0155 0.0356 
444      444   (6)      2 :  0.2739 0.0985 0.0900 0.2405 0.0361 0.2610 
445      445   (2)      2 :  0.2638 0.1867 0.1166 0.2195 0.0574 0.1561 
446      446   (3)      2 :  0.1672 0.0677 0.1084 0.2441 0.2322 0.1803 
447      447   (2)      2 :  0.1039 0.2268 0.2584 0.2608 0.0786 0.0715 
448      448   (3)      2 :  0.0845 0.4655 0.1486 0.2290 0.0371 0.0352 
449      449   (1)      2 :  0.1474 0.0942 0.3668 0.2923 0.0249 0.0744 
450      450   (4)      2 :  0.4432 0.0482 0.0522 0.1283 0.1624 0.1657 
451      451   (3)      2 :  0.1502 0.2559 0.2138 0.2787 0.0316 0.0698 
452      452   (1)      2 :  0.1989 0.2898 0.3054 0.1186 0.0586 0.0287 
453      453   (1)      2 :  0.2678 0.0845 0.3424 0.2667 0.0177 0.0209 
454      454   (4)      2 :  0.1135 0.0959 0.2620 0.1724 0.0435 0.3128 
455      455   (4)      2 :  0.0841 0.0801 0.2255 0.1104 0.3884 0.1116 
456      456   (5)      2 :  0.5320 0.1119 0.0753 0.1239 0.1030 0.0540 
457      457   (3)      2 :  0.1165 0.4279 0.0665 0.1220 0.0216 0.2454 
458      458   (1)      2 :  0.3850 0.0552 0.1256 0.2929 0.0343 0.1070 
459      459   (1)      2 :  0.0382 0.0329 0.0326 0.0335 0.8441 0.0187 
460      460   (2)      2 :  0.3639 0.0777 0.2494 0.2488 0.0293 0.0308 
461      461   (1)      2 :  0.0373 0.1040 0.0544 0.0506 0.6883 0.0653 
462      462   (1)      2 :  0.1400 0.2125 0.1612 0.2955 0.0130 0.1778 
463      463   (4)      2 :  0.1157 0.1816 0.3733 0.2406 0.0408 0.0480 
464      464   (6)      2 :  0.2561 0.1656 0.2210 0.1582 0.0191 0.1799 
465      465   (3)      2 :  0.2617 0.0494 0.0750 0.1444 0.0292 0.4403 
466      466   (3)      2 :  0.1557 0.0712 0.2337 0.2092 0.0663 0.2639 
467      467   (2)      2 :  0.0632 0.6988 0.0991 0.0731 0.0391 0.0267 
468      468   (2)      2 :  0.5210 0.0813 0.1408 0.1684 0.0144 0.0741 
469      469   (1)      2 :  0.0242 0.0171 0.0167 0.0196 0.9054 0.0170 
470      470   (0)      2 :  0.0653 0.0955 0.1303 0.0745 0.1927 0.4417 
471      471   (2)      2 :  0.3563 0.2777 0.0544 0.2041 0.0579 0.0496 
472      472   (2)      2 :  0.7226 0.0627 0.0827 0.1063 0.0077 0.0179 
473      473   (1)      2 :  0.2570 0.1970 0.2751 0.1543 0.0559 0.0608 
474      474   (3)      2 :  0.5778 0.0712 0.0954 0.1736 0.0405 0.0414 
475      475   (1)      2 :  0.1136 0.2564 0.1406 0.1558 0.0685 0.2652 
476      476   (2)      2 :  0.1775 0.2638 0.2998 0.1608 0.0276 0.0705 
477      477   (0)      2 :  0.1093 0.4362 0.0587 0.1844 0.0517 0.1596 
478      478   (1)      2 :  0.2621 0.1141 0.2511 0.2639 0.0558 0.0529 
479      479   (1)      2 :  0.2203 0.3623 0.0765 0.1551 0.0382 0.1477 
480      480   (1)      2 :  0.2448 0.2189 0.2048 0.2317 0.0625 0.0372 
481      481   (1)      2 :  0.2002 0.1685 0.1601 0.3939 0.0311 0.0462 
482      482   (1)      2 :  0.0912 0.3053 0.1019 0.2422 0.0284 0.2311 
483      483   (0)      2 :  0.1032 0.1109 0.1766 0.4764 0.0236 0.1092 
484      484   (0)      2 :  0.0424 0.1951 0.3613 0.3121 0.0544 0.0347 
485      485   (0)      2 :  0.1091 0.3923 0.0958 0.1381 0.0208 0.2440 
486      486   (0)      2 :  0.2778 0.0824 0.2216 0.2774 0.0369 0.1039 
487      487   (1)      2 :  0.0406 0.3538 0.0568 0.0755 0.0230 0.4502 
488      488   (1)      2 :  0.1814 0.2319 0.1108 0.2117 0.0517 0.2125 
489      489   (1)      2 :  0.1140 0.1115 0.5675 0.1414 0.0320 0.0336 
490      490   (0)      2 :  0.3179 0.1086 0.3046 0.2295 0.0152 0.0241 
491      491   (0)      2 :  0.0719 0.0665 0.1251 0.1978 0.0452 0.4936 
492      492   (5)      2 :  0.0369 0.0547 0.0319 0.0370 0.7637 0.0758 
493      493   (1)      2 :  0.0532 0.5284 0.0743 0.0733 0.1527 0.1182 
494      494   (3)      2 :  0.4941 0.1018 0.1430 0.1584 0.0277 0.0750 
495      495   (1)      2 :  0.2083 0.3325 0.0923 0.1834 0.0685 0.1150 
496      496   (1)      2 :  0.5342 0.1032 0.0802 0.1731 0.0849 0.0244 
497      497   (1)      2 :  0.3302 0.2778 0.0969 0.1274 0.0145 0.1532 
498      498   (1)      2 :  0.0813 0.1117 0.2130 0.3614 0.0433 0.1893 
499      499   (1)      2 :  0.1968 0.1012 0.2215 0.3107 0.0289 0.1409 
500      500   (1)      2 :  0.3956 0.1317 0.1589 0.2094 0.0779 0.0265 
501      501   (2)      2 :  0.2101 0.1287 0.0925 0.2728 0.0201 0.2758 
502      502   (1)      2 :  0.0528 0.1289 0.1132 0.2217 0.1687 0.3148 
503      503   (2)      2 :  0.1292 0.0740 0.1909 0.4038 0.0706 0.1315 
504      504   (2)      2 :  0.0921 0.1923 0.0744 0.0857 0.0527 0.5027 
505      505   (2)      2 :  0.5698 0.0310 0.1930 0.0971 0.0504 0.0587 
506      506   (3)      2 :  0.5158 0.0788 0.0713 0.2013 0.0489 0.0839 
507      507   (1)      2 :  0.2889 0.2838 0.0837 0.2369 0.0726 0.0343 
508      508   (7)      2 :  0.4331 0.2502 0.0765 0.1488 0.0254 0.0660 
509      509   (1)      2 :  0.0954 0.3869 0.0809 0.1841 0.1157 0.1371 
510      510   (1)      2 :  0.0123 0.0153 0.0163 0.0157 0.9270 0.0134 
511      511   (2)      2 :  0.1132 0.0474 0.0859 0.1237 0.1193 0.5105 
512      512   (1)      2 :  0.2089 0.0643 0.1180 0.2117 0.0186 0.3784 
513      513   (3)      2 :  0.1854 0.5172 0.1273 0.1223 0.0204 0.0274 
514      514   (1)      2 :  0.0402 0.0247 0.0390 0.0554 0.0217 0.8190 
515      515   (5)      2 :  0.2134 0.3362 0.1544 0.2167 0.0253 0.0539 
516      516   (3)      2 :  0.0997 0.0742 0.0556 0.1332 0.2818 0.3555 
517      517   (1)      2 :  0.0789 0.0852 0.2268 0.3089 0.0150 0.2852 
518      518   (1)      2 :  0.0728 0.1072 0.1084 0.1009 0.4604 0.1504 
519      519   (0)      2 :  0.4060 0.1696 0.0563 0.1179 0.0752 0.1751 
520      520   (0)      2 :  0.0542 0.1125 0.5270 0.1659 0.0253 0.1150 
521      521   (2)      2 :  0.2707 0.3360 0.1136 0.1565 0.0569 0.0663 
522      522   (2)      2 :  0.2943 0.1059 0.1208 0.1254 0.2912 0.0624 
523      523   (1)      2 :  0.0939 0.1642 0.1869 0.0843 0.2195 0.2512 
524      524   (3)      2 :  0.3827 0.0876 0.1665 0.1774 0.1008 0.0852 
525      525   (1)      2 :  0.0368 0.6544 0.1048 0.0904 0.0281 0.0855 
526      526   (7)      2 :  0.2453 0.1291 0.3839 0.1850 0.0134 0.0433 
527      527   (4)      2 :  0.3530 0.0618 0.3213 0.1441 0.0684 0.0515 
528      528   (1)      2 :  0.1385 0.0774 0.2833 0.3393 0.0171 0.1444 
529      529   (2)      2 :  0.3313 0.0720 0.2027 0.3278 0.0240 0.0423 
530      530   (1)      2 :  0.2633 0.1969 0.0735 0.1316 0.0443 0.2904 
531      531   (2)      2 :  0.1370 0.0897 0.4741 0.2107 0.0271 0.0615 
532      532   (2)      2 :  0.3883 0.2240 0.1035 0.1875 0.0141 0.0827 
533      533   (5)      2 :  0.0173 0.0396 0.0277 0.0251 0.8601 0.0302 
534      534   (2)      2 :  0.3549 0.0689 0.1211 0.3015 0.0740 0.0794 
535      535   (3)      2 :  0.1240 0.1107 0.2910 0.1654 0.0431 0.2659 
536      536   (0)      2 :  0.2919 0.2104 0.2030 0.1658 0.0885 0.0405 
537      537   (3)      2 :  0.1330 0.2389 0.2396 0.1694 0.1698 0.0494 
538      538   (1)      2 :  0.2591 0.3661 0.1105 0.1364 0.0240 0.1038 
539      539   (1)      2 :  0.2466 0.1436 0.1310 0.1747 0.0409 0.2632 
540      540   (1)      2 :  0.2035 0.1658 0.2615 0.2603 0.0393 0.0695 
541      541   (5)      2 :  0.1958 0.1175 0.2820 0.1811 0.0110 0.2127 
542      542   (4)      2 :  0.1459 0.2404 0.2924 0.1965 0.0696 0.0553 
543      543   (2)      2 :  0.2116 0.1525 0.1235 0.2478 0.0132 0.2515 
544      544   (2)      2 :  0.1547 0.5448 0.0469 0.0671 0.0322 0.1543 
545      545   (2)      2 :  0.0822 0.1601 0.2339 0.1879 0.2087 0.1272 
546      546   (1)      2 :  0.2151 0.0859 0.2020 0.2477 0.0321 0.2172 
547      547   (1)      2 :  0.2322 0.1763 0.1509 0.2353 0.0444 0.1610 
548      548   (1)      2 :  0.0804 0.0665 0.0537 0.0679 0.7004 0.0310 
549      549   (1)      2 :  0.0435 0.1121 0.2840 0.2629 0.2037 0.0939 
550      550   (2)      2 :  0.1661 0.1179 0.2890 0.1667 0.2101 0.0502 
551      551   (4)      2 :  0.1858 0.0981 0.2934 0.2832 0.0956 0.0439 
552      552   (6)      2 :  0.2134 0.1599 0.4815 0.1050 0.0258 0.0143 
553      553   (3)      2 :  0.0597 0.0612 0.0418 0.0303 0.0201 0.7869 
554      554   (1)      2 :  0.0806 0.2663 0.1062 0.1117 0.0145 0.4208 
555      555   (4)      2 :  0.0882 0.0625 0.1568 0.4544 0.0190 0.2190 
556      556   (2)      2 :  0.1529 0.1720 0.2689 0.2183 0.0556 0.1323 
557      557   (0)      2 :  0.1655 0.4600 0.1639 0.1249 0.0228 0.0629 
558      558   (2)      2 :  0.1206 0.3985 0.1212 0.1472 0.0465 0.1660 
559      559   (3)      2 :  0.0658 0.1415 0.4173 0.1376 0.1926 0.0453 
560      560   (6)      2 :  0.0813 0.1132 0.2295 0.2284 0.0256 0.3220 
561      561   (1)      2 :  0.1140 0.3263 0.2484 0.1623 0.1292 0.0198 
562      562   (2)      2 :  0.0994 0.1430 0.0678 0.0940 0.0420 0.5539 
563      563   (2)      2 :  0.0373 0.2210 0.2427 0.1285 0.2335 0.1370 
564      564   (1)      2 :  0.2194 0.0630 0.1246 0.2351 0.2800 0.0780 
565      565   (1)      2 :  0.2709 0.3795 0.1966 0.0976 0.0355 0.0200 
566      566   (1)      2 :  0.4586 0.2156 0.1122 0.0958 0.0196 0.0981 
567      567   (1)      2 :  0.1476 0.0533 0.5496 0.1828 0.0279 0.0388 
568      568   (1)      2 :  0.0656 0.0716 0.3739 0.4278 0.0156 0.0455 
569      569   (3)      2 :  0.2230 0.0754 0.2321 0.3578 0.0310 0.0806 
570      570   (1)      2 :  0.2053 0.1493 0.1186 0.1535 0.2093 0.1639 
571      571   (2)      2 :  0.0513 0.1937 0.0533 0.0888 0.5297 0.0832 
572      572   (5)      2 :  0.0649 0.4315 0.0465 0.0814 0.0952 0.2806 
573      573   (5)      2 :  0.0426 0.0562 0.5182 0.2078 0.1012 0.0739 
574      574   (1)      2 :  0.0816 0.0472 0.5988 0.1416 0.0996 0.0312 
575      575   (2)      2 :  0.1046 0.1128 0.1887 0.3818 0.0220 0.1901 
576      576   (0)      2 :  0.0510 0.0715 0.1537 0.2625 0.0142 0.4471 
577      577   (1)      2 :  0.0862 0.1321 0.4011 0.1300 0.2060 0.0447 
578      578   (1)      2 :  0.0376 0.1229 0.6667 0.1412 0.0165 0.0151 
579      579   (2)      2 :  0.0506 0.5503 0.1086 0.1467 0.0348 0.1089 
580      580   (1)      2 :  0.1515 0.3417 0.1673 0.1279 0.0120 0.1995 
581      581   (1)      2 :  0.0793 0.2490 0.1123 0.0963 0.0826 0.3805 
582      582   (0)      2 :  0.4726 0.1664 0.1150 0.1517 0.0628 0.0314 
583      583   (1)      2 :  0.0748 0.1509 0.2226 0.3396 0.0393 0.1729 
584      584   (2)      2 :  0.0416 0.0440 0.3463 0.1542 0.2419 0.1720 
585      585   (1)      2 :  0.1435 0.0363 0.4232 0.2123 0.1645 0.0203 
586      586   (0)      2 :  0.0500 0.0676 0.1720 0.1053 0.5348 0.0703 
587      587   (1)      2 :  0.4356 0.1265 0.0761 0.2079 0.0207 0.1331 
588      588   (0)      2 :  0.0478 0.1581 0.1920 0.1743 0.3501 0.0776 
589      589   (2)      2 :  0.0557 0.0431 0.0401 0.0536 0.0259 0.7816 
590      590   (2)      2 :  0.1452 0.4552 0.0632 0.1582 0.0869 0.0913 
591      591   (1)      2 :  0.0656 0.1033 0.1747 0.2130 0.3366 0.1068 
592      592   (1)      2 :  0.1736 0.2905 0.2246 0.1791 0.0263 0.1060 
593      593   (1)      2 :  0.3564 0.1137 0.1266 0.1515 0.2139 0.0378 
594      594   (3)      2 :  0.3371 0.1455 0.2582 0.1627 0.0274 0.0692 
595      595   (1)      2 :  0.0454 0.0352 0.4022 0.4000 0.0650 0.0523 
596      596   (1)      2 :  0.3427 0.1621 0.1160 0.2768 0.0572 0.0452 
597      597   (1)      2 :  0.3065 0.0550 0.3839 0.1647 0.0550 0.0348 
598      598   (1)      2 :  0.0766 0.1066 0.1301 0.0869 0.5440 0.0559 
599      599   (1)      2 :  0.1125 0.0813 0.2588 0.2696 0.0572 0.2206 
600      600   (2)      2 :  0.1026 0.2444 0.1613 0.2094 0.0306 0.2517 
601      601   (7)      2 :  0.0333 0.1505 0.0807 0.0680 0.0122 0.6552 
602      602   (3)      2 :  0.7411 0.0480 0.0452 0.0942 0.0452 0.0262 
603      603   (1)      2 :  0.1696 0.1312 0.1849 0.2487 0.0327 0.2328 
604      604   (1)      2 :  0.0844 0.0498 0.2560 0.4585 0.0279 0.1234 
605      605   (1)      2 :  0.1832 0.0447 0.0923 0.1273 0.0261 0.5264 
606      606   (1)      2 :  0.0969 0.0481 0.3474 0.1469 0.3302 0.0304 
607      607   (1)      2 :  0.5405 0.0669 0.1082 0.1624 0.0326 0.0895 
608      608   (1)      2 :  0.3588 0.1227 0.1548 0.1596 0.0332 0.1710 
609      609   (1)      2 :  0.0333 0.0699 0.0448 0.0731 0.0366 0.7423 
610      610   (1)      2 :  0.3564 0.0816 0.0720 0.1457 0.1330 0.2114 
611      611   (1)      2 :  0.2608 0.2150 0.1556 0.2055 0.0393 0.1238 
612      612   (1)      2 :  0.1560 0.0651 0.3321 0.2906 0.0947 0.0616 
613      613   (2)      2 :  0.0951 0.0803 0.0684 0.1096 0.5499 0.0966 
614      614   (1)      2 :  0.0489 0.1407 0.0520 0.0847 0.2145 0.4593 
615      615   (1)      2 :  0.1801 0.2320 0.1610 0.3613 0.0233 0.0423 
616      616   (1)      2 :  0.6078 0.1019 0.1110 0.1196 0.0245 0.0351 
617      617   (1)      2 :  0.3343 0.1723 0.1038 0.1408 0.0195 0.2292 
618      618   (0)      2 :  0.1767 0.1491 0.3560 0.2007 0.0935 0.0240 
619      619   (1)      2 :  0.0931 0.0878 0.4940 0.2309 0.0592 0.0350 
620      620   (1)      2 :  0.1748 0.0424 0.1528 0.3590 0.1936 0.0775 
621      621   (1)      2 :  0.1695 0.1419 0.1338 0.1990 0.1338 0.2220 
622      622   (1)      2 :  0.1905 0.4942 0.0578 0.1086 0.0097 0.1393 
623      623   (1)      2 :  0.0578 0.1173 0.3363 0.2538 0.2031 0.0317 
624      624   (0)      2 :  0.0654 0.3552 0.3092 0.1177 0.0521 0.1005 
625      625   (0)      2 :  0.0588 0.0519 0.6615 0.1876 0.0231 0.0171 
626      626   (1)      2 :  0.7363 0.0556 0.0614 0.0747 0.0135 0.0585 
627      627   (1)      2 :  0.3053 0.3419 0.1368 0.1491 0.0216 0.0452 
628      628   (1)      2 :  0.1152 0.1340 0.0992 0.1569 0.4564 0.0383 
629      629   (1)      2 :  0.0317 0.0204 0.0218 0.0234 0.8902 0.0125 
630      630   (2)      2 :  0.0317 0.0538 0.5846 0.2565 0.0520 0.0213 
631      631   (5)      2 :  0.0533 0.0640 0.2051 0.1902 0.2023 0.2851 
632      632   (2)      2 :  0.2704 0.0693 0.1403 0.3888 0.0418 0.0894 
633      633   (1)      2 :  0.2322 0.1362 0.2259 0.1308 0.2545 0.0205 
634      634   (4)      2 :  0.1318 0.0776 0.1876 0.4189 0.0139 0.1702 
635      635   (1)      2 :  0.0717 0.0808 0.6810 0.1405 0.0124 0.0136 
636      636   (0)      2 :  0.1128 0.1287 0.3872 0.2825 0.0352 0.0536 
637      637   (1)      2 :  0.0332 0.0502 0.0391 0.0560 0.0261 0.7953 
638      638   (0)      2 :  0.1410 0.1197 0.3093 0.3195 0.0850 0.0255 
639      639   (0)      2 :  0.0480 0.4749 0.1298 0.1286 0.0350 0.1835 
640      640   (1)      2 :  0.6214 0.0518 0.0530 0.1598 0.0721 0.0419 
641      641   (1)      2 :  0.1707 0.0945 0.1978 0.3460 0.0711 0.1198 
642      642   (1)      2 :  0.1974 0.1193 0.1648 0.1462 0.2869 0.0854 
643      643   (1)      2 :  0.0971 0.1281 0.5271 0.2133 0.0121 0.0224 
644      644   (1)      2 :  0.1307 0.0731 0.2358 0.5182 0.0177 0.0245 
645      645   (0)      2 :  0.0908 0.0610 0.2560 0.3877 0.1641 0.0405 
646      646   (1)      3 :  0.2950 0.1838 0.1061 0.2819 0.0445 0.0886 
647      647   (1)      2 :  0.1014 0.1175 0.3729 0.2687 0.0620 0.0774 
648      648   (0)      3 :  0.5362 0.1047 0.1299 0.1484 0.0145 0.0663 
649      649   (1)      3 :  0.0889 0.0446 0.7024 0.1368 0.0108 0.0166 
650      650   (1)      3 :  0.0888 0.0848 0.5734 0.1723 0.0546 0.0261 
651      651   (1)      2 :  0.0798 0.1548 0.2979 0.3101 0.0272 0.1302 
652      652   (0)      3 :  0.0917 0.1415 0.2722 0.4072 0.0302 0.0572 
653      653   (2)      4 :  0.0635 0.1029 0.3264 0.1592 0.0292 0.3187 
654      654   (0)      2 :  0.0782 0.0559 0.4363 0.3634 0.0174 0.0488 
655      655   (1)      4 :  0.1657 0.0900 0.0766 0.2544 0.1132 0.3002 
656      656   (1)      4 :  0.0679 0.0835 0.0551 0.0772 0.0250 0.6912 
657      657   (1)      4 :  0.0246 0.0288 0.0162 0.0234 0.0129 0.8941 
658      658   (0)      4 :  0.0196 0.0267 0.0202 0.0267 0.0326 0.8742 
659      659   (0)      4 :  0.0313 0.0241 0.0280 0.0283 0.0186 0.8697 
660      660   (3)      3 :  0.3955 0.1960 0.1398 0.1598 0.0917 0.0172 
661      661   (1)      2 :  0.3167 0.0818 0.1657 0.2777 0.0424 0.1158 
662      662   (1)      3 :  0.1138 0.5785 0.1164 0.1252 0.0288 0.0372 
663      663   (1)      3 :  0.0967 0.2677 0.3949 0.1789 0.0274 0.0345 
664      664   (1)      3 :  0.4324 0.1958 0.0738 0.1918 0.0434 0.0627 
665      665   (1)      3 :  0.1668 0.0601 0.4854 0.1878 0.0757 0.0241 
666      666   (0)      2 :  0.0521 0.1081 0.0714 0.0744 0.5854 0.1087 
667      667   (1)      3 :  0.0598 0.0920 0.5307 0.2677 0.0284 0.0214 
668      668   (1)      4 :  0.2010 0.1408 0.1072 0.1351 0.2382 0.1776 
669      669   (0)      4 :  0.0199 0.0221 0.0331 0.0307 0.0203 0.8738 
670      670   (1)      4 :  0.0767 0.1330 0.0556 0.0556 0.0143 0.6648 
671      671   (1)      4 :  0.0451 0.0539 0.3135 0.0921 0.0344 0.4610 
672      672   (1)      4 :  0.0518 0.1249 0.0517 0.1028 0.0294 0.6393 
673      673   (0)      4 :  0.2490 0.1480 0.1014 0.1358 0.0297 0.3362 
674      674   (2)      3 :  0.1313 0.2022 0.1809 0.3945 0.0208 0.0704 
675      675   (5)      3 :  0.3027 0.0681 0.2128 0.3186 0.0362 0.0616 
676      676   (0)      3 :  0.0780 0.1191 0.3846 0.3048 0.0136 0.0999 
677      677   (3)      3 :  0.2389 0.1144 0.2027 0.2694 0.1374 0.0371 
678      678   (0)      3 :  0.1784 0.1915 0.3481 0.1746 0.0385 0.0688 
679      679   (2)      2 :  0.1736 0.0686 0.1473 0.3602 0.1793 0.0710 
680      680   (0)      3 :  0.0897 0.4753 0.1478 0.1145 0.0987 0.0740 
681      681   (2)      4 :  0.0450 0.1679 0.1151 0.1163 0.0838 0.4718 
682      682   (0)      2 :  0.2311 0.0785 0.0589 0.1161 0.0969 0.4184 
683      683   (2)      4 :  0.0661 0.3717 0.1400 0.1447 0.0224 0.2551 
684      684   (1)      4 :  0.0164 0.0306 0.0250 0.0353 0.0751 0.8176 
685      685   (1)      4 :  0.0281 0.0944 0.0347 0.0369 0.0258 0.7801 
686      686   (0)      4 :  0.0226 0.0262 0.0201 0.0236 0.0157 0.8918 
687      687   (1)      3 :  0.5603 0.0705 0.0697 0.2112 0.0366 0.0517 
688      688   (2)      3 :  0.1340 0.1204 0.4660 0.2285 0.0153 0.0359 
689      689   (1)      3 :  0.3633 0.3347 0.0887 0.1093 0.0357 0.0684 
690      690   (1)      3 :  0.4762 0.0955 0.1510 0.2141 0.0335 0.0296 
691      691   (1)      2 :  0.0794 0.0640 0.0807 0.1030 0.0604 0.6126 
692      692   (0)      3 :  0.1013 0.4763 0.1550 0.1888 0.0339 0.0448 
693      693   (0)      2 :  0.1909 0.4865 0.0673 0.1456 0.0403 0.0695 
694      694   (1)      4 :  0.0659 0.6051 0.0943 0.1330 0.0204 0.0814 
695      695   (0)      4 :  0.0501 0.0396 0.0405 0.1213 0.0100 0.7384 
696      696   (1)      4 :  0.2247 0.0988 0.0445 0.0711 0.1201 0.4409 
697      697   (0)      4 :  0.0383 0.0383 0.0196 0.0323 0.0268 0.8446 
698      698   (1)      4 :  0.0416 0.0757 0.0356 0.0338 0.0287 0.7847 
699      699   (6)      3 :  0.2678 0.1073 0.1173 0.3658 0.0556 0.0862 
700      700   (1)      2 :  0.1514 0.1365 0.2101 0.2089 0.2281 0.0651 
701      701   (3)      3 :  0.1768 0.1018 0.2386 0.3740 0.0286 0.0802 
702      702   (1)      3 :  0.1660 0.0767 0.2108 0.4769 0.0220 0.0476 
703      703   (3)      3 :  0.2509 0.1016 0.3453 0.1861 0.0765 0.0395 
704      704   (1)      3 :  0.1790 0.1617 0.2874 0.3107 0.0333 0.0280 
705      705   (1)      2 :  0.0859 0.1548 0.4248 0.2099 0.0971 0.0275 
706      706   (0)      3 :  0.1199 0.1861 0.2858 0.3471 0.0308 0.0304 
707      707   (1)      2 :  0.0494 0.0202 0.0552 0.0622 0.7923 0.0207 
708      708   (2)      4 :  0.0221 0.0423 0.0288 0.0291 0.0116 0.8661 
709      709   (1)      2 :  0.0430 0.0555 0.0298 0.0378 0.7850 0.0490 
710      710   (1)      4 :  0.1157 0.1531 0.2548 0.1248 0.0253 0.3264 
711      711   (2)      4 :  0.0624 0.1374 0.0593 0.0512 0.0367 0.6530 
712      712   (1)      4 :  0.0519 0.0602 0.0543 0.0826 0.0514 0.6996 
713      713   (0)      4 :  0.0240 0.0229 0.0273 0.0287 0.0142 0.8829 
714      714   (1)      3 :  0.2438 0.2027 0.1002 0.1930 0.0577 0.2025 
715      715   (1)      2 :  0.0451 0.1183 0.5456 0.1975 0.0168 0.0767 
716      716   (3)      3 :  0.6669 0.1138 0.0874 0.0861 0.0198 0.0259 
717      717   (0)      3 :  0.1223 0.1672 0.2196 0.3744 0.0402 0.0764 
718      718   (4)      3 :  0.2220 0.4467 0.1368 0.1410 0.0253 0.0282 
719      719   (1)      3 :  0.2278 0.2050 0.1800 0.2179 0.0624 0.1068 
720      720   (1)      2 :  0.2565 0.1283 0.2603 0.1862 0.0945 0.0742 
721      721   (1)      2 :  0.3656 0.0643 0.1504 0.1874 0.0782 0.1541 
722      722   (1)      4 :  0.0512 0.1740 0.0545 0.0842 0.0519 0.5842 
723      723   (0)      4 :  0.0219 0.0239 0.0253 0.0350 0.0369 0.8571 
724      724   (0)      4 :  0.0242 0.0190 0.0305 0.1105 0.0063 0.8095 
725      725   (2)      4 :  0.0238 0.0346 0.0365 0.0384 0.0137 0.8530 
726      726   (1)      4 :  0.0279 0.0219 0.0151 0.0228 0.0120 0.9003 
727      727   (2)      2 :  0.0368 0.3364 0.4720 0.1036 0.0152 0.0359 
728      728   (3)      3 :  0.6600 0.0813 0.0718 0.1339 0.0271 0.0258 
729      729   (1)      3 :  0.1559 0.1954 0.3138 0.2047 0.0608 0.0694 
730      730   (2)      3 :  0.2541 0.1929 0.0750 0.1475 0.0504 0.2801 
731      731   (1)      3 :  0.0596 0.0363 0.5211 0.3112 0.0440 0.0278 
732      732   (1)      4 :  0.1149 0.0631 0.1222 0.1006 0.1305 0.4689 
733      733   (1)      4 :  0.0224 0.0285 0.0706 0.0571 0.0203 0.8011 
734      734   (1)      4 :  0.0279 0.0259 0.0261 0.0335 0.0151 0.8715 
735      735   (2)      4 :  0.0243 0.0466 0.1057 0.0550 0.0236 0.7448 
736      736   (1)      4 :  0.0191 0.0330 0.0227 0.1032 0.0086 0.8134 
737      737   (0)      2 :  0.0949 0.1360 0.0685 0.0958 0.4346 0.1701 
738      738   (0)      3 :  0.6054 0.0459 0.2006 0.0963 0.0200 0.0319 
739      739   (1)      3 :  0.2891 0.3051 0.1244 0.1508 0.0232 0.1073 
740      740   (1)      3 :  0.1879 0.3260 0.1595 0.2007 0.0376 0.0882 
741      741   (1)      2 :  0.0663 0.0375 0.2541 0.3689 0.1014 0.1718 
742      742   (1)      2 :  0.1761 0.1707 0.2732 0.2741 0.0235 0.0824 
743      743   (0)      4 :  0.1329 0.1380 0.0724 0.1359 0.0239 0.4969 
744      744   (0)      4 :  0.0317 0.0278 0.0213 0.0281 0.0268 0.8643 
745      745   (0)      4 :  0.0245 0.0189 0.0198 0.1084 0.0070 0.8214 
746      746   (0)      4 :  0.0442 0.0706 0.4191 0.1119 0.0112 0.3431 
747      747   (1)      4 :  0.0364 0.0384 0.0530 0.0423 0.0174 0.8125 
748      748   (1)      2 :  0.0897 0.0507 0.1132 0.1476 0.5411 0.0577 
749      749   (1)      2 :  0.0627 0.0822 0.2215 0.1877 0.3933 0.0525 
750      750   (0)      2 :  0.0365 0.1989 0.0855 0.0732 0.0430 0.5630 
751      751   (1)      2 :  0.0437 0.0199 0.0223 0.0259 0.8416 0.0467 
752      752   (1)      2 :  0.0519 0.5277 0.0448 0.0965 0.0257 0.2534 
753      753   (1)      2 :  0.1130 0.0849 0.3628 0.3521 0.0578 0.0294 
754      754   (0)      2 :  0.1713 0.2741 0.0642 0.0913 0.0638 0.3354 
755      755   (1)      2 :  0.3732 0.0575 0.2489 0.2133 0.0819 0.0251 
756      756   (0)      2 :  0.0240 0.0264 0.0238 0.0296 0.8664 0.0298 
757      757   (1)      2 :  0.0405 0.0561 0.0435 0.0558 0.6749 0.1292 
758      758   (2)      2 :  0.0478 0.0395 0.0410 0.0477 0.8083 0.0157 
759      759   (0)      2 :  0.1654 0.1329 0.2771 0.3487 0.0444 0.0315 
760      760   (1)      2 :  0.4390 0.1156 0.1380 0.1843 0.0407 0.0823 
761      761   (2)      2 :  0.2955 0.1417 0.1726 0.1680 0.0258 0.1965 
762      762   (0)      2 :  0.1995 0.1169 0.3131 0.2651 0.0690 0.0363 
763      763   (1)      2 :  0.0898 0.1782 0.0756 0.1131 0.4280 0.1152 
764      764   (1)      2 :  0.1600 0.1637 0.0995 0.0938 0.3366 0.1464 
765      765   (1)      2 :  0.1330 0.1653 0.2552 0.2254 0.0871 0.1339 
766      766   (3)      2 :  0.0393 0.1177 0.0999 0.1406 0.4315 0.1711 
767      767   (1)      2 :  0.0764 0.2852 0.3654 0.1850 0.0249 0.0631 
768      768   (1)      2 :  0.0200 0.0308 0.0250 0.0291 0.8758 0.0193 
769      769   (1)      2 :  0.0806 0.5136 0.1596 0.1971 0.0281 0.0211 
770      770   (1)      2 :  0.0246 0.5102 0.3845 0.0477 0.0220 0.0110 
771      771   (0)      2 :  0.3519 0.0885 0.1194 0.3152 0.0798 0.0451 
772      772   (0)      2 :  0.1844 0.0670 0.1928 0.4455 0.0468 0.0635 
773      773   (1)      2 :  0.0657 0.0617 0.1489 0.1341 0.0666 0.5231 
774      774   (1)      2 :  0.0819 0.1119 0.2833 0.3446 0.1153 0.0630 
775      775   (1)      2 :  0.1703 0.2364 0.0949 0.2759 0.1794 0.0432 
776      776   (0)      2 :  0.2932 0.0469 0.2320 0.3657 0.0115 0.0506 
777      777   (1)      2 :  0.0839 0.2710 0.1142 0.2182 0.0228 0.2899 
778      778   (1)      2 :  0.1569 0.1256 0.1968 0.3396 0.0266 0.1546 
779      779   (6)      2 :  0.0414 0.0197 0.0207 0.0235 0.8765 0.0181 
780      780   (2)      2 :  0.7286 0.0544 0.0459 0.0903 0.0229 0.0580 
781      781   (1)      2 :  0.0627 0.3161 0.2972 0.1643 0.0644 0.0953 
782      782   (1)      2 :  0.0601 0.0723 0.0831 0.1404 0.0187 0.6253 
783      783   (1)      2 :  0.0956 0.0583 0.5210 0.1979 0.0834 0.0438 
784      784   (1)      2 :  0.1589 0.1174 0.1520 0.1634 0.3051 0.1031 
785      785   (1)      2 :  0.1190 0.2421 0.0519 0.0813 0.3829 0.1227 
786      786   (2)      2 :  0.0632 0.1677 0.3808 0.3404 0.0204 0.0275 
787      787   (0)      2 :  0.2200 0.1220 0.3463 0.2088 0.0831 0.0198 
788      788   (1)      2 :  0.1952 0.3878 0.1437 0.1707 0.0185 0.0840 
789      789   (1)      2 :  0.0650 0.0861 0.1683 0.1700 0.0352 0.4752 
790      790   (1)      2 :  0.1757 0.0879 0.2218 0.1235 0.3650 0.0260 
791      791   (1)      2 :  0.0224 0.0140 0.0182 0.0203 0.9113 0.0138 
792      792   (2)      2 :  0.0716 0.0759 0.6152 0.1620 0.0147 0.0606 
793      793   (1)      2 :  0.0844 0.0555 0.0479 0.0738 0.0206 0.7178 
794      794   (0)      2 :  0.0445 0.1014 0.0330 0.0770 0.0248 0.7193 
795      795   (1)      2 :  0.0351 0.0374 0.0298 0.0337 0.8309 0.0331 
796      796   (0)      2 :  0.0747 0.3583 0.1530 0.3010 0.0388 0.0742 
797      797   (0)      2 :  0.5477 0.0387 0.0996 0.1655 0.0843 0.0642 
798      798   (0)      2 :  0.0360 0.0712 0.0865 0.2144 0.0632 0.5287 
799      799   (1)      2 :  0.0778 0.0709 0.0531 0.0966 0.5435 0.1581 
800      800   (1)      2 :  0.2079 0.0626 0.1253 0.1424 0.4395 0.0224 
801      801   (1)      2 :  0.0431 0.0501 0.0362 0.0317 0.8104 0.0285 
802      802   (1)      2 :  0.1721 0.1682 0.0520 0.0998 0.0320 0.4759 
803      803   (2)      2 :  0.0460 0.0392 0.0308 0.0566 0.0199 0.8075 
804      804   (1)      2 :  0.3176 0.1470 0.2358 0.2211 0.0207 0.0578 
805      805   (1)      2 :  0.1668 0.1292 0.2868 0.3589 0.0377 0.0207 
806      806   (0)      2 :  0.1919 0.1681 0.2825 0.2965 0.0341 0.0268 
807      807   (1)      2 :  0.1234 0.2776 0.1896 0.1125 0.2465 0.0504 
808      808   (1)      2 :  0.0390 0.0458 0.0569 0.0638 0.7657 0.0288 
809      809   (2)      2 :  0.0531 0.0918 0.4371 0.1543 0.2463 0.0174 
810      810   (1)      2 :  0.0264 0.0333 0.0296 0.0359 0.8383 0.0365 
811      811   (1)      2 :  0.0274 0.0165 0.0193 0.0214 0.8958 0.0196 
812      812   (0)      2 :  0.1021 0.1923 0.3005 0.2776 0.0618 0.0658 
813      813   (1)      2 :  0.0493 0.0446 0.0352 0.0319 0.7896 0.0494 
814      814   (1)      2 :  0.0204 0.0319 0.0188 0.0248 0.8601 0.0439 
815      815   (0)      2 :  0.2291 0.2001 0.2020 0.2095 0.0416 0.1177 
816      816   (0)      2 :  0.0557 0.1444 0.0369 0.1089 0.1614 0.4926 
817      817   (1)      2 :  0.6122 0.1046 0.0579 0.1001 0.0896 0.0356 
818      818   (2)      2 :  0.0486 0.0366 0.0268 0.0339 0.7921 0.0621 
819      819   (1)      2 :  0.0333 0.0427 0.0243 0.0357 0.2852 0.5788 
820      820   (0)      2 :  0.4689 0.2137 0.0763 0.0865 0.1214 0.0333 
821      821   (1)      2 :  0.0306 0.0249 0.0187 0.0217 0.8902 0.0139 
822      822   (2)      2 :  0.3145 0.1563 0.1658 0.2174 0.1089 0.0370 
823      823   (1)      2 :  0.1320 0.1066 0.1051 0.1062 0.5116 0.0384 
824      824   (1)      2 :  0.1046 0.0402 0.0472 0.0487 0.7045 0.0548 
825      825   (1)      2 :  0.2492 0.2115 0.2379 0.2501 0.0085 0.0429 
826      826   (1)      2 :  0.0484 0.0495 0.0631 0.0563 0.7590 0.0238 
827      827   (0)      2 :  0.1330 0.3589 0.1276 0.1751 0.0772 0.1283 
828      828   (1)      2 :  0.2594 0.2971 0.1953 0.1341 0.0233 0.0907 
829      829   (1)      2 :  0.2369 0.0393 0.0692 0.1452 0.4117 0.0978 
830      830   (1)      2 :  0.0656 0.0923 0.4572 0.3279 0.0222 0.0348 
831      831   (1)      2 :  0.0338 0.0255 0.0325 0.0312 0.7780 0.0990 
832      832   (1)      2 :  0.2878 0.2394 0.1038 0.2238 0.0312 0.1140 
833      833   (1)      2 :  0.0856 0.0854 0.2289 0.5250 0.0149 0.0602 
834      834   (0)      2 :  0.1003 0.0560 0.3121 0.4277 0.0350 0.0689 
835      835   (1)      2 :  0.2166 0.0686 0.0648 0.1532 0.3354 0.1613 
836      836   (0)      2 :  0.0392 0.2199 0.0421 0.0534 0.5497 0.0957 
837      837   (1)      2 :  0.1347 0.1473 0.2122 0.2833 0.1551 0.0675 
838      838   (1)      2 :  0.0328 0.1135 0.0249 0.0349 0.0272 0.7667 
839      839   (1)      2 :  0.0471 0.5560 0.1614 0.1499 0.0187 0.0668 
840      840   (0)      2 :  0.1750 0.2091 0.2739 0.2307 0.0731 0.0382 
841      841   (5)      2 :  0.0171 0.6856 0.0164 0.0277 0.2336 0.0196 
842      842   (1)      2 :  0.0305 0.0256 0.0284 0.0329 0.8648 0.0178 
843      843   (2)      2 :  0.0208 0.0201 0.0225 0.0246 0.8912 0.0208 
844      844   (1)      2 :  0.2089 0.0779 0.0782 0.2023 0.3659 0.0668 
845      845   (1)      2 :  0.0928 0.2725 0.3971 0.1310 0.0454 0.0612 
846      846   (0)      2 :  0.0551 0.5342 0.1297 0.1559 0.0516 0.0735 
847      847   (0)      2 :  0.7528 0.0522 0.0397 0.0994 0.0210 0.0349 
848      848   (1)      2 :  0.0292 0.0258 0.0207 0.0240 0.8873 0.0130 
849      849   (1)      2 :  0.0936 0.0931 0.2099 0.1311 0.0260 0.4462 
850      850   (1)      2 :  0.1418 0.0842 0.2531 0.4249 0.0342 0.0618 
851      851   (1)      2 :  0.1383 0.3782 0.2223 0.1504 0.0481 0.0627 
852      852   (1)      2 :  0.1088 0.0578 0.0890 0.2050 0.3497 0.1897 
853      853   (1)      2 :  0.0560 0.1329 0.0832 0.0731 0.5101 0.1447 
854      854   (0)      2 :  0.1633 0.0734 0.0788 0.0942 0.4622 0.1282 
855      855   (1)      2 :  0.1693 0.1111 0.3542 0.2829 0.0366 0.0459 
856      856   (5)      2 :  0.0858 0.6710 0.0570 0.0827 0.0605 0.0430 
857      857   (1)      2 :  0.2305 0.4878 0.0762 0.1520 0.0222 0.0314 
858      858   (0)      2 :  0.0384 0.6465 0.0616 0.0724 0.0329 0.1481 
859      859   (0)      2 :  0.0458 0.0385 0.0770 0.0649 0.7335 0.0403 
860      860   (1)      2 :  0.0250 0.0156 0.0282 0.0229 0.8938 0.0145 
861      861   (1)      2 :  0.0255 0.0330 0.0284 0.0279 0.8542 0.0310 
862      862   (1)      2 :  0.1315 0.1506 0.0727 0.1186 0.0753 0.4512 
863      863   (0)      2 :  0.0264 0.0324 0.0203 0.0299 0.8525 0.0385 
864      864   (4)      2 :  0.0562 0.0533 0.1001 0.0526 0.6744 0.0634 
865      865   (1)      2 :  0.0281 0.0522 0.0279 0.0485 0.0359 0.8074 
866      866   (1)      2 :  0.0568 0.0928 0.5928 0.1308 0.1124 0.0144 
867      867   (1)      2 :  0.0646 0.1860 0.1346 0.2343 0.0273 0.3532 
868      868   (0)      2 :  0.3574 0.1733 0.1768 0.1909 0.0285 0.0731 
869      869   (1)      2 :  0.1123 0.0868 0.1121 0.2524 0.0372 0.3991 
870      870   (1)      2 :  0.0511 0.0349 0.0491 0.0471 0.7576 0.0603 
871      871   (1)      2 :  0.0328 0.0431 0.0238 0.0328 0.0637 0.8038 
872      872   (1)      2 :  0.2314 0.1286 0.0477 0.1042 0.0976 0.3906 
873      873   (1)      2 :  0.0309 0.0347 0.0256 0.0244 0.8663 0.0182 
874      874   (1)      2 :  0.1390 0.1006 0.4967 0.2023 0.0316 0.0298 
875      875   (1)      2 :  0.0832 0.2170 0.0952 0.2995 0.0755 0.2296 
876      876   (1)      2 :  0.1537 0.0896 0.0720 0.1262 0.0566 0.5020 
877      877   (1)      2 :  0.3386 0.0968 0.0524 0.0892 0.3919 0.0311 
878      878   (0)      2 :  0.3142 0.1505 0.1316 0.1932 0.1534 0.0572 
879      879   (2)      2 :  0.0177 0.0151 0.0153 0.0183 0.9213 0.0123 
880      880   (1)      2 :  0.1465 0.0803 0.1462 0.1827 0.2234 0.2208 
881      881   (2)      2 :  0.0617 0.1275 0.0432 0.0586 0.6672 0.0417 
882      882   (1)      2 :  0.4220 0.1166 0.1209 0.1561 0.0469 0.1373 
